This file contains any messages produced by compilers while
running configure, to aid debugging if configure makes a mistake.

It was created by atk configure 1.22.0, which was
generated by GNU Autoconf 2.61.  Invocation command line was

  $ ./configure --prefix=/opt/mipsel-linux-uclibc/usr --host=mipsel-linux

## --------- ##
## Platform. ##
## --------- ##

hostname = Gforce
uname -m = i686
uname -r = 2.6.31-16-generic
uname -s = Linux
uname -v = #52-Ubuntu SMP Thu Dec 3 22:00:22 UTC 2009

/usr/bin/uname -p = unknown
/bin/uname -X     = unknown

/bin/arch              = unknown
/usr/bin/arch -k       = unknown
/usr/convex/getsysinfo = unknown
/usr/bin/hostinfo      = unknown
/bin/machine           = unknown
/usr/bin/oslevel       = unknown
/bin/universe          = unknown

PATH: /usr/local/sbin
PATH: /usr/local/bin
PATH: /usr/sbin
PATH: /usr/bin
PATH: /sbin
PATH: /bin
PATH: /usr/games
PATH: /opt/mipsel-linux-uclibc/usr/bin


## ----------- ##
## Core tests. ##
## ----------- ##

configure:2047: checking for a BSD-compatible install
configure:2103: result: /usr/bin/install -c
configure:2114: checking whether build environment is sane
configure:2157: result: yes
configure:2222: checking for gawk
configure:2238: found /usr/bin/gawk
configure:2249: result: gawk
configure:2260: checking whether make sets $(MAKE)
configure:2281: result: yes
configure:2357: checking for mipsel-linux-strip
configure:2373: found /opt/mipsel-linux-uclibc/usr/bin/mipsel-linux-strip
configure:2384: result: mipsel-linux-strip
configure:2505: checking for mipsel-linux-gcc
configure:2521: found /opt/mipsel-linux-uclibc/usr/bin/mipsel-linux-gcc
configure:2532: result: mipsel-linux-gcc
configure:2810: checking for C compiler version
configure:2817: mipsel-linux-gcc --version >&5
mipsel-linux-gcc (GCC) 4.3.3
Copyright (C) 2008 Free Software Foundation, Inc.
This is free software; see the source for copying conditions.  There is NO
warranty; not even for MERCHANTABILITY or FITNESS FOR A PARTICULAR PURPOSE.

configure:2820: $? = 0
configure:2827: mipsel-linux-gcc -v >&5
Using built-in specs.
Target: mipsel-linux-uclibc
Configured with: /home/iggarpe/A320/dev/dingoo-linux/buildroot-2009.05/toolchain_build_mipsel/gcc-4.3.3/configure --prefix=/usr --build=i386-pc-linux-gnu --host=i386-pc-linux-gnu --target=mipsel-linux-uclibc --enable-languages=c,c++ --with-sysroot=/opt/mipsel-linux-uclibc --with-build-time-tools=/opt/mipsel-linux-uclibc/usr/mipsel-linux-uclibc/bin --disable-__cxa_atexit --enable-target-optspace --with-gnu-ld --disable-libssp --disable-tls --enable-shared --with-gmp=/home/iggarpe/A320/dev/dingoo-linux/buildroot-2009.05/toolchain_build_mipsel/gmp --with-mpfr=/home/iggarpe/A320/dev/dingoo-linux/buildroot-2009.05/toolchain_build_mipsel/mpfr --disable-nls --enable-threads --disable-multilib --disable-decimal-float --with-float=soft --with-abi=32 --with-tune=mips1
Thread model: posix
gcc version 4.3.3 (GCC) 
configure:2830: $? = 0
configure:2837: mipsel-linux-gcc -V >&5
mipsel-linux-gcc: '-V' option must have argument
configure:2840: $? = 1
configure:2863: checking for C compiler default output file name
configure:2890: mipsel-linux-gcc    conftest.c  >&5
configure:2893: $? = 0
configure:2931: result: a.out
configure:2948: checking whether the C compiler works
configure:2958: ./a.out
./configure: line 2959: ./a.out: cannot execute binary file
configure:2961: $? = 126
configure:2978: result: yes
configure:2985: checking whether we are cross compiling
configure:2987: result: yes
configure:2990: checking for suffix of executables
configure:2997: mipsel-linux-gcc -o conftest    conftest.c  >&5
configure:3000: $? = 0
configure:3024: result: 
configure:3030: checking for suffix of object files
configure:3056: mipsel-linux-gcc -c   conftest.c >&5
configure:3059: $? = 0
configure:3082: result: o
configure:3086: checking whether we are using the GNU C compiler
configure:3115: mipsel-linux-gcc -c   conftest.c >&5
configure:3121: $? = 0
configure:3138: result: yes
configure:3143: checking whether mipsel-linux-gcc accepts -g
configure:3173: mipsel-linux-gcc -c -g  conftest.c >&5
configure:3179: $? = 0
configure:3278: result: yes
configure:3295: checking for mipsel-linux-gcc option to accept ISO C89
configure:3369: mipsel-linux-gcc  -c -g -O2  conftest.c >&5
configure:3375: $? = 0
configure:3398: result: none needed
configure:3427: checking for style of include used by make
configure:3455: result: GNU
configure:3483: checking dependency style of mipsel-linux-gcc
configure:3573: result: gcc3
configure:3671: checking build system type
configure:3689: result: i686-pc-linux-gnu
configure:3711: checking host system type
configure:3726: result: mipsel-unknown-linux-gnu
configure:3748: checking for a sed that does not truncate output
configure:3804: result: /bin/sed
configure:3807: checking for grep that handles long lines and -e
configure:3881: result: /bin/grep
configure:3886: checking for egrep
configure:3964: result: /bin/grep -E
configure:3980: checking for ld used by mipsel-linux-gcc
configure:4047: result: /opt/mipsel-linux-uclibc/usr/mipsel-linux-uclibc/bin/ld
configure:4056: checking if the linker (/opt/mipsel-linux-uclibc/usr/mipsel-linux-uclibc/bin/ld) is GNU ld
configure:4071: result: yes
configure:4076: checking for /opt/mipsel-linux-uclibc/usr/mipsel-linux-uclibc/bin/ld option to reload object files
configure:4083: result: -r
configure:4101: checking for BSD-compatible nm
configure:4150: result: /opt/mipsel-linux-uclibc/usr/bin/mipsel-linux-nm -B
configure:4154: checking whether ln -s works
configure:4158: result: yes
configure:4165: checking how to recognize dependent libraries
configure:4351: result: pass_all
configure:4882: checking how to run the C preprocessor
configure:4922: mipsel-linux-gcc -E  conftest.c
configure:4928: $? = 0
configure:4959: mipsel-linux-gcc -E  conftest.c
conftest.c:11:28: error: ac_nonexistent.h: No such file or directory
configure:4965: $? = 1
configure: failed program was:
| /* confdefs.h.  */
| #define PACKAGE_NAME "atk"
| #define PACKAGE_TARNAME "atk"
| #define PACKAGE_VERSION "1.22.0"
| #define PACKAGE_STRING "atk 1.22.0"
| #define PACKAGE_BUGREPORT "http://bugzilla.gnome.org/enter_bug.cgi?product=atk"
| #define PACKAGE "atk"
| #define VERSION "1.22.0"
| #define GETTEXT_PACKAGE "atk10"
| /* end confdefs.h.  */
| #include <ac_nonexistent.h>
configure:4998: result: mipsel-linux-gcc -E
configure:5027: mipsel-linux-gcc -E  conftest.c
configure:5033: $? = 0
configure:5064: mipsel-linux-gcc -E  conftest.c
conftest.c:11:28: error: ac_nonexistent.h: No such file or directory
configure:5070: $? = 1
configure: failed program was:
| /* confdefs.h.  */
| #define PACKAGE_NAME "atk"
| #define PACKAGE_TARNAME "atk"
| #define PACKAGE_VERSION "1.22.0"
| #define PACKAGE_STRING "atk 1.22.0"
| #define PACKAGE_BUGREPORT "http://bugzilla.gnome.org/enter_bug.cgi?product=atk"
| #define PACKAGE "atk"
| #define VERSION "1.22.0"
| #define GETTEXT_PACKAGE "atk10"
| /* end confdefs.h.  */
| #include <ac_nonexistent.h>
configure:5108: checking for ANSI C header files
configure:5138: mipsel-linux-gcc -c -g -O2  conftest.c >&5
configure:5144: $? = 0
configure:5272: result: yes
configure:5296: checking for sys/types.h
configure:5317: mipsel-linux-gcc -c -g -O2  conftest.c >&5
configure:5323: $? = 0
configure:5339: result: yes
configure:5296: checking for sys/stat.h
configure:5317: mipsel-linux-gcc -c -g -O2  conftest.c >&5
configure:5323: $? = 0
configure:5339: result: yes
configure:5296: checking for stdlib.h
configure:5317: mipsel-linux-gcc -c -g -O2  conftest.c >&5
configure:5323: $? = 0
configure:5339: result: yes
configure:5296: checking for string.h
configure:5317: mipsel-linux-gcc -c -g -O2  conftest.c >&5
configure:5323: $? = 0
configure:5339: result: yes
configure:5296: checking for memory.h
configure:5317: mipsel-linux-gcc -c -g -O2  conftest.c >&5
configure:5323: $? = 0
configure:5339: result: yes
configure:5296: checking for strings.h
configure:5317: mipsel-linux-gcc -c -g -O2  conftest.c >&5
configure:5323: $? = 0
configure:5339: result: yes
configure:5296: checking for inttypes.h
configure:5317: mipsel-linux-gcc -c -g -O2  conftest.c >&5
configure:5323: $? = 0
configure:5339: result: yes
configure:5296: checking for stdint.h
configure:5317: mipsel-linux-gcc -c -g -O2  conftest.c >&5
configure:5323: $? = 0
configure:5339: result: yes
configure:5296: checking for unistd.h
configure:5317: mipsel-linux-gcc -c -g -O2  conftest.c >&5
configure:5323: $? = 0
configure:5339: result: yes
configure:5366: checking dlfcn.h usability
configure:5383: mipsel-linux-gcc -c -g -O2  conftest.c >&5
configure:5389: $? = 0
configure:5403: result: yes
configure:5407: checking dlfcn.h presence
configure:5422: mipsel-linux-gcc -E  conftest.c
configure:5428: $? = 0
configure:5442: result: yes
configure:5475: checking for dlfcn.h
configure:5483: result: yes
configure:5510: checking for mipsel-linux-g++
configure:5526: found /opt/mipsel-linux-uclibc/usr/bin/mipsel-linux-g++
configure:5537: result: mipsel-linux-g++
configure:5612: checking for C++ compiler version
configure:5619: mipsel-linux-g++ --version >&5
mipsel-linux-g++ (GCC) 4.3.3
Copyright (C) 2008 Free Software Foundation, Inc.
This is free software; see the source for copying conditions.  There is NO
warranty; not even for MERCHANTABILITY or FITNESS FOR A PARTICULAR PURPOSE.

configure:5622: $? = 0
configure:5629: mipsel-linux-g++ -v >&5
Using built-in specs.
Target: mipsel-linux-uclibc
Configured with: /home/iggarpe/A320/dev/dingoo-linux/buildroot-2009.05/toolchain_build_mipsel/gcc-4.3.3/configure --prefix=/usr --build=i386-pc-linux-gnu --host=i386-pc-linux-gnu --target=mipsel-linux-uclibc --enable-languages=c,c++ --with-sysroot=/opt/mipsel-linux-uclibc --with-build-time-tools=/opt/mipsel-linux-uclibc/usr/mipsel-linux-uclibc/bin --disable-__cxa_atexit --enable-target-optspace --with-gnu-ld --disable-libssp --disable-tls --enable-shared --with-gmp=/home/iggarpe/A320/dev/dingoo-linux/buildroot-2009.05/toolchain_build_mipsel/gmp --with-mpfr=/home/iggarpe/A320/dev/dingoo-linux/buildroot-2009.05/toolchain_build_mipsel/mpfr --disable-nls --enable-threads --disable-multilib --disable-decimal-float --with-float=soft --with-abi=32 --with-tune=mips1
Thread model: posix
gcc version 4.3.3 (GCC) 
configure:5632: $? = 0
configure:5639: mipsel-linux-g++ -V >&5
mipsel-linux-g++: '-V' option must have argument
configure:5642: $? = 1
configure:5645: checking whether we are using the GNU C++ compiler
configure:5674: mipsel-linux-g++ -c   conftest.cpp >&5
configure:5680: $? = 0
configure:5697: result: yes
configure:5702: checking whether mipsel-linux-g++ accepts -g
configure:5732: mipsel-linux-g++ -c -g  conftest.cpp >&5
configure:5738: $? = 0
configure:5837: result: yes
configure:5862: checking dependency style of mipsel-linux-g++
configure:5952: result: gcc3
configure:5979: checking how to run the C++ preprocessor
configure:6015: mipsel-linux-g++ -E  conftest.cpp
configure:6021: $? = 0
configure:6052: mipsel-linux-g++ -E  conftest.cpp
conftest.cpp:22:28: error: ac_nonexistent.h: No such file or directory
configure:6058: $? = 1
configure: failed program was:
| /* confdefs.h.  */
| #define PACKAGE_NAME "atk"
| #define PACKAGE_TARNAME "atk"
| #define PACKAGE_VERSION "1.22.0"
| #define PACKAGE_STRING "atk 1.22.0"
| #define PACKAGE_BUGREPORT "http://bugzilla.gnome.org/enter_bug.cgi?product=atk"
| #define PACKAGE "atk"
| #define VERSION "1.22.0"
| #define GETTEXT_PACKAGE "atk10"
| #define STDC_HEADERS 1
| #define HAVE_SYS_TYPES_H 1
| #define HAVE_SYS_STAT_H 1
| #define HAVE_STDLIB_H 1
| #define HAVE_STRING_H 1
| #define HAVE_MEMORY_H 1
| #define HAVE_STRINGS_H 1
| #define HAVE_INTTYPES_H 1
| #define HAVE_STDINT_H 1
| #define HAVE_UNISTD_H 1
| #define HAVE_DLFCN_H 1
| /* end confdefs.h.  */
| #include <ac_nonexistent.h>
configure:6091: result: mipsel-linux-g++ -E
configure:6120: mipsel-linux-g++ -E  conftest.cpp
configure:6126: $? = 0
configure:6157: mipsel-linux-g++ -E  conftest.cpp
conftest.cpp:22:28: error: ac_nonexistent.h: No such file or directory
configure:6163: $? = 1
configure: failed program was:
| /* confdefs.h.  */
| #define PACKAGE_NAME "atk"
| #define PACKAGE_TARNAME "atk"
| #define PACKAGE_VERSION "1.22.0"
| #define PACKAGE_STRING "atk 1.22.0"
| #define PACKAGE_BUGREPORT "http://bugzilla.gnome.org/enter_bug.cgi?product=atk"
| #define PACKAGE "atk"
| #define VERSION "1.22.0"
| #define GETTEXT_PACKAGE "atk10"
| #define STDC_HEADERS 1
| #define HAVE_SYS_TYPES_H 1
| #define HAVE_SYS_STAT_H 1
| #define HAVE_STDLIB_H 1
| #define HAVE_STRING_H 1
| #define HAVE_MEMORY_H 1
| #define HAVE_STRINGS_H 1
| #define HAVE_INTTYPES_H 1
| #define HAVE_STDINT_H 1
| #define HAVE_UNISTD_H 1
| #define HAVE_DLFCN_H 1
| /* end confdefs.h.  */
| #include <ac_nonexistent.h>
configure:6212: checking for mipsel-linux-g77
configure:6242: result: no
configure:6212: checking for mipsel-linux-xlf
configure:6242: result: no
configure:6212: checking for mipsel-linux-f77
configure:6242: result: no
configure:6212: checking for mipsel-linux-frt
configure:6242: result: no
configure:6212: checking for mipsel-linux-pgf77
configure:6242: result: no
configure:6212: checking for mipsel-linux-cf77
configure:6242: result: no
configure:6212: checking for mipsel-linux-fort77
configure:6242: result: no
configure:6212: checking for mipsel-linux-fl32
configure:6242: result: no
configure:6212: checking for mipsel-linux-af77
configure:6242: result: no
configure:6212: checking for mipsel-linux-xlf90
configure:6242: result: no
configure:6212: checking for mipsel-linux-f90
configure:6242: result: no
configure:6212: checking for mipsel-linux-pgf90
configure:6242: result: no
configure:6212: checking for mipsel-linux-pghpf
configure:6242: result: no
configure:6212: checking for mipsel-linux-epcf90
configure:6242: result: no
configure:6212: checking for mipsel-linux-gfortran
configure:6242: result: no
configure:6212: checking for mipsel-linux-g95
configure:6242: result: no
configure:6212: checking for mipsel-linux-xlf95
configure:6242: result: no
configure:6212: checking for mipsel-linux-f95
configure:6242: result: no
configure:6212: checking for mipsel-linux-fort
configure:6242: result: no
configure:6212: checking for mipsel-linux-ifort
configure:6242: result: no
configure:6212: checking for mipsel-linux-ifc
configure:6242: result: no
configure:6212: checking for mipsel-linux-efc
configure:6242: result: no
configure:6212: checking for mipsel-linux-pgf95
configure:6242: result: no
configure:6212: checking for mipsel-linux-lf95
configure:6242: result: no
configure:6212: checking for mipsel-linux-ftn
configure:6242: result: no
configure:6256: checking for g77
configure:6286: result: no
configure:6256: checking for xlf
configure:6286: result: no
configure:6256: checking for f77
configure:6286: result: no
configure:6256: checking for frt
configure:6286: result: no
configure:6256: checking for pgf77
configure:6286: result: no
configure:6256: checking for cf77
configure:6286: result: no
configure:6256: checking for fort77
configure:6286: result: no
configure:6256: checking for fl32
configure:6286: result: no
configure:6256: checking for af77
configure:6286: result: no
configure:6256: checking for xlf90
configure:6286: result: no
configure:6256: checking for f90
configure:6286: result: no
configure:6256: checking for pgf90
configure:6286: result: no
configure:6256: checking for pghpf
configure:6286: result: no
configure:6256: checking for epcf90
configure:6286: result: no
configure:6256: checking for gfortran
configure:6272: found /usr/bin/gfortran
configure:6283: result: gfortran
configure:6301: WARNING: In the future, Autoconf will not detect cross-tools
whose name does not start with the host triplet.  If you think this
configuration is useful to you, please write to autoconf@gnu.org.
configure:6313: checking for Fortran 77 compiler version
configure:6320: gfortran --version >&5
GNU Fortran (Ubuntu 4.4.1-4ubuntu8) 4.4.1
Copyright (C) 2009 Free Software Foundation, Inc.

GNU Fortran comes with NO WARRANTY, to the extent permitted by law.
You may redistribute copies of GNU Fortran
under the terms of the GNU General Public License.
For more information about these matters, see the file named COPYING

configure:6323: $? = 0
configure:6330: gfortran -v >&5
Using built-in specs.
Target: i486-linux-gnu
Configured with: ../src/configure -v --with-pkgversion='Ubuntu 4.4.1-4ubuntu8' --with-bugurl=file:///usr/share/doc/gcc-4.4/README.Bugs --enable-languages=c,c++,fortran,objc,obj-c++ --prefix=/usr --enable-shared --enable-multiarch --enable-linker-build-id --with-system-zlib --libexecdir=/usr/lib --without-included-gettext --enable-threads=posix --with-gxx-include-dir=/usr/include/c++/4.4 --program-suffix=-4.4 --enable-nls --enable-clocale=gnu --enable-libstdcxx-debug --enable-objc-gc --enable-targets=all --disable-werror --with-arch-32=i486 --with-tune=generic --enable-checking=release --build=i486-linux-gnu --host=i486-linux-gnu --target=i486-linux-gnu
Thread model: posix
gcc version 4.4.1 (Ubuntu 4.4.1-4ubuntu8) 
configure:6333: $? = 0
configure:6340: gfortran -V >&5
gfortran: '-V' option must have argument
configure:6343: $? = 1
configure:6351: checking whether we are using the GNU Fortran 77 compiler
configure:6370: gfortran -c  conftest.F >&5
configure:6376: $? = 0
configure:6393: result: yes
configure:6399: checking whether gfortran accepts -g
configure:6416: gfortran -c -g conftest.f >&5
configure:6422: $? = 0
configure:6438: result: yes
configure:6468: checking the maximum length of command line arguments
configure:6580: result: 1572864
configure:6592: checking command to parse /opt/mipsel-linux-uclibc/usr/bin/mipsel-linux-nm -B output from mipsel-linux-gcc object
configure:6697: mipsel-linux-gcc -c -g -O2  conftest.c >&5
configure:6700: $? = 0
configure:6704: /opt/mipsel-linux-uclibc/usr/bin/mipsel-linux-nm -B conftest.o \| sed -n -e 's/^.*[ 	]\([ABCDGIRSTW][ABCDGIRSTW]*\)[ 	][ 	]*\([_A-Za-z][_A-Za-z0-9]*\)$/\1 \2 \2/p' \> conftest.nm
configure:6707: $? = 0
configure:6759: mipsel-linux-gcc -o conftest -g -O2   conftest.c conftstm.o >&5
configure:6762: $? = 0
configure:6800: result: ok
configure:6804: checking for objdir
configure:6819: result: .libs
configure:6871: checking for mipsel-linux-ar
configure:6887: found /opt/mipsel-linux-uclibc/usr/bin/mipsel-linux-ar
configure:6898: result: mipsel-linux-ar
configure:6967: checking for mipsel-linux-ranlib
configure:6983: found /opt/mipsel-linux-uclibc/usr/bin/mipsel-linux-ranlib
configure:6994: result: mipsel-linux-ranlib
configure:7063: checking for mipsel-linux-strip
configure:7090: result: mipsel-linux-strip
configure:7416: checking if mipsel-linux-gcc supports -fno-rtti -fno-exceptions
configure:7434: mipsel-linux-gcc -c -g -O2  -fno-rtti -fno-exceptions conftest.c >&5
cc1: warning: command line option "-fno-rtti" is valid for C++/ObjC++ but not for C
configure:7438: $? = 0
configure:7451: result: no
configure:7466: checking for mipsel-linux-gcc option to produce PIC
configure:7698: result: -fPIC
configure:7706: checking if mipsel-linux-gcc PIC flag -fPIC works
configure:7724: mipsel-linux-gcc -c -g -O2  -fPIC -DPIC conftest.c >&5
configure:7728: $? = 0
configure:7741: result: yes
configure:7769: checking if mipsel-linux-gcc static flag -static works
configure:7797: result: yes
configure:7807: checking if mipsel-linux-gcc supports -c -o file.o
configure:7828: mipsel-linux-gcc -c -g -O2  -o out/conftest2.o conftest.c >&5
configure:7832: $? = 0
configure:7854: result: yes
configure:7880: checking whether the mipsel-linux-gcc linker (/opt/mipsel-linux-uclibc/usr/mipsel-linux-uclibc/bin/ld) supports shared libraries
configure:8861: result: yes
configure:8882: checking whether -lc should be explicitly linked in
configure:8887: mipsel-linux-gcc -c -g -O2  conftest.c >&5
configure:8890: $? = 0
configure:8905: mipsel-linux-gcc -shared conftest.o  -v -Wl,-soname -Wl,conftest -o conftest 2\>\&1 \| grep  -lc  \>/dev/null 2\>\&1
configure:8908: $? = 0
configure:8920: result: no
configure:8928: checking dynamic linker characteristics
configure:9542: result: GNU/Linux ld.so
configure:9551: checking how to hardcode library paths into programs
configure:9576: result: immediate
configure:9590: checking whether stripping libraries is possible
configure:9595: result: yes
configure:10397: checking if libtool supports shared libraries
configure:10399: result: yes
configure:10402: checking whether to build shared libraries
configure:10423: result: yes
configure:10426: checking whether to build static libraries
configure:10430: result: no
configure:10523: creating libtool
configure:11111: checking for ld used by mipsel-linux-g++
configure:11178: result: /opt/mipsel-linux-uclibc/usr/mipsel-linux-uclibc/bin/ld
configure:11187: checking if the linker (/opt/mipsel-linux-uclibc/usr/mipsel-linux-uclibc/bin/ld) is GNU ld
configure:11202: result: yes
configure:11253: checking whether the mipsel-linux-g++ linker (/opt/mipsel-linux-uclibc/usr/mipsel-linux-uclibc/bin/ld) supports shared libraries
configure:12227: result: yes
configure:12245: mipsel-linux-g++ -c -g -O2  conftest.cpp >&5
configure:12248: $? = 0
configure:12400: checking for mipsel-linux-g++ option to produce PIC
configure:12684: result: -fPIC
configure:12692: checking if mipsel-linux-g++ PIC flag -fPIC works
configure:12710: mipsel-linux-g++ -c -g -O2  -fPIC -DPIC conftest.cpp >&5
configure:12714: $? = 0
configure:12727: result: yes
configure:12755: checking if mipsel-linux-g++ static flag -static works
configure:12783: result: yes
configure:12793: checking if mipsel-linux-g++ supports -c -o file.o
configure:12814: mipsel-linux-g++ -c -g -O2  -o out/conftest2.o conftest.cpp >&5
configure:12818: $? = 0
configure:12840: result: yes
configure:12866: checking whether the mipsel-linux-g++ linker (/opt/mipsel-linux-uclibc/usr/mipsel-linux-uclibc/bin/ld) supports shared libraries
configure:12894: result: yes
configure:12961: checking dynamic linker characteristics
configure:13523: result: GNU/Linux ld.so
configure:13532: checking how to hardcode library paths into programs
configure:13557: result: immediate
configure:14091: checking if libtool supports shared libraries
configure:14093: result: yes
configure:14096: checking whether to build shared libraries
configure:14116: result: yes
configure:14119: checking whether to build static libraries
configure:14123: result: no
configure:14133: checking for gfortran option to produce PIC
configure:14365: result: -fPIC
configure:14373: checking if gfortran PIC flag -fPIC works
configure:14391: gfortran -c -g -O2 -fPIC conftest.f >&5
configure:14395: $? = 0
configure:14408: result: yes
configure:14436: checking if gfortran static flag -static works
configure:14464: result: yes
configure:14474: checking if gfortran supports -c -o file.o
configure:14495: gfortran -c -g -O2 -o out/conftest2.o conftest.f >&5
configure:14499: $? = 0
configure:14521: result: yes
configure:14547: checking whether the gfortran linker (/opt/mipsel-linux-uclibc/usr/mipsel-linux-uclibc/bin/ld) supports shared libraries
configure:15508: result: yes
configure:15575: checking dynamic linker characteristics
configure:16137: result: GNU/Linux ld.so
configure:16146: checking how to hardcode library paths into programs
configure:16171: result: immediate
configure:19755: checking for some Win32 platform
configure:19765: result: no
configure:19778: checking for native Win32 platform
configure:19788: result: no
configure:19954: checking for aclocal flags
configure:19963: result: 
configure:20018: checking for mipsel-linux-pkg-config
configure:20051: result: no
configure:20061: checking for pkg-config
configure:20079: found /usr/bin/pkg-config
configure:20091: result: /usr/bin/pkg-config
configure:20120: checking pkg-config is at least version 0.16
configure:20123: result: yes
configure:20141: checking for GLIB - version >= 2.5.7
configure:20297: result: yes (version 2.22.2)
configure:20435: checking for mipsel-linux-pkg-config
configure:20465: result: /usr/bin/pkg-config
configure:20537: checking pkg-config is at least version 0.16
configure:20540: result: yes
configure:20558: checking for GLIB - version >= 2.5.7
configure:20714: result: yes (version 2.22.2)
configure:20818: checking for DEP
configure:20826: $PKG_CONFIG --exists --print-errors "glib-2.0 >= $GLIB_REQUIRED_VERSION $GLIB_PACKAGES"
configure:20829: $? = 0
configure:20844: $PKG_CONFIG --exists --print-errors "glib-2.0 >= $GLIB_REQUIRED_VERSION $GLIB_PACKAGES"
configure:20847: $? = 0
configure:20899: result: yes
configure:20924: checking locale.h usability
configure:20941: mipsel-linux-gcc -c -g -O2 -Wall  conftest.c >&5
configure:20947: $? = 0
configure:20961: result: yes
configure:20965: checking locale.h presence
configure:20980: mipsel-linux-gcc -E  conftest.c
configure:20986: $? = 0
configure:21000: result: yes
configure:21033: checking for locale.h
configure:21041: result: yes
configure:21055: checking for LC_MESSAGES
configure:21081: mipsel-linux-gcc -o conftest -g -O2 -Wall   conftest.c  >&5
configure:21087: $? = 0
configure:21104: result: yes
configure:21133: checking libintl.h usability
configure:21150: mipsel-linux-gcc -c -g -O2 -Wall  conftest.c >&5
configure:21156: $? = 0
configure:21170: result: yes
configure:21174: checking libintl.h presence
configure:21189: mipsel-linux-gcc -E  conftest.c
configure:21195: $? = 0
configure:21209: result: yes
configure:21242: checking for libintl.h
configure:21249: result: yes
configure:21260: checking for ngettext in libc
configure:21288: mipsel-linux-gcc -o conftest -g -O2 -Wall   conftest.c  >&5
/tmp/ccoNYeZ8.o: In function `main':
/media/Data/dingoo/dingux/dev/openwrt/trunk/build_dir/target-_-/atk-1.22.0/conftest.c:30: undefined reference to `libintl_ngettext'
collect2: ld returned 1 exit status
configure:21294: $? = 1
configure: failed program was:
| /* confdefs.h.  */
| #define PACKAGE_NAME "atk"
| #define PACKAGE_TARNAME "atk"
| #define PACKAGE_VERSION "1.22.0"
| #define PACKAGE_STRING "atk 1.22.0"
| #define PACKAGE_BUGREPORT "http://bugzilla.gnome.org/enter_bug.cgi?product=atk"
| #define PACKAGE "atk"
| #define VERSION "1.22.0"
| #define GETTEXT_PACKAGE "atk10"
| #define STDC_HEADERS 1
| #define HAVE_SYS_TYPES_H 1
| #define HAVE_SYS_STAT_H 1
| #define HAVE_STDLIB_H 1
| #define HAVE_STRING_H 1
| #define HAVE_MEMORY_H 1
| #define HAVE_STRINGS_H 1
| #define HAVE_INTTYPES_H 1
| #define HAVE_STDINT_H 1
| #define HAVE_UNISTD_H 1
| #define HAVE_DLFCN_H 1
| #define HAVE_LOCALE_H 1
| #define HAVE_LC_MESSAGES 1
| /* end confdefs.h.  */
| 
| #include <libintl.h>
| 
| int
| main ()
| {
| return !ngettext ("","", 1)
|   ;
|   return 0;
| }
configure:21312: result: no
configure:21476: checking for bindtextdomain in -lintl
configure:21511: mipsel-linux-gcc -o conftest -g -O2 -Wall   conftest.c -lintl   >&5
configure:21517: $? = 0
configure:21535: result: yes
configure:21538: checking for ngettext in -lintl
configure:21573: mipsel-linux-gcc -o conftest -g -O2 -Wall   conftest.c -lintl   >&5
configure:21579: $? = 0
configure:21597: result: yes
configure:21600: checking for dgettext in -lintl
configure:21635: mipsel-linux-gcc -o conftest -g -O2 -Wall   conftest.c -lintl   >&5
conftest.c:31: warning: conflicting types for built-in function 'dgettext'
configure:21641: $? = 0
configure:21659: result: yes
configure:21824: checking for bind_textdomain_codeset
configure:21880: mipsel-linux-gcc -o conftest -g -O2 -Wall   conftest.c  -lintl  >&5
configure:21886: $? = 0
configure:21904: result: yes
configure:21944: checking for msgfmt
configure:21971: result: /usr/bin/msgfmt
configure:21984: checking for dcgettext
configure:22040: mipsel-linux-gcc -o conftest -g -O2 -Wall   conftest.c  -lintl  >&5
conftest.c:49: warning: conflicting types for built-in function 'dcgettext'
configure:22046: $? = 0
configure:22064: result: yes
configure:22075: checking if msgfmt accepts -c
configure:22090: $MSGFMT -c -o /dev/null conftest.foo
configure:22093: $? = 0
configure:22095: result: yes
configure:22105: checking for gmsgfmt
configure:22136: result: /usr/bin/msgfmt
configure:22146: checking for xgettext
configure:22173: result: /usr/bin/xgettext
configure:22202: mipsel-linux-gcc -o conftest -g -O2 -Wall   conftest.c  -lintl  >&5
configure:22208: $? = 0
configure:22377: checking for catalogs to be installed
configure:22402: result:  af am ar as az be be@latin bg bn bn_IN bs ca cs cy da de dz el en_CA en_GB eo es et eu fa fi fr ga gl gu he hi hr hu id is it ja ka kn ko ku li lt lv mk ml mn mr ms nb ne nl nn oc or pa pl pt pt_BR ro ru rw si sk sl sq sr sr@Latn sr@ije sv ta te th tk tr tt ug uk vi wa xh yi zh_CN zh_HK zh_TW
configure:22439: checking for bind_textdomain_codeset
configure:22519: result: yes
configure:22565: checking whether to build gtk-doc documentation
configure:22567: result: no
configure:22574: checking for gtkdoc-check
configure:22607: result: no
configure:22645: checking for gawk
configure:22672: result: gawk
configure:22687: checking for perl5
configure:22717: result: no
configure:22687: checking for perl
configure:22703: found /usr/bin/perl
configure:22714: result: perl
configure:22894: creating ./config.status

## ---------------------- ##
## Running config.status. ##
## ---------------------- ##

This file was extended by atk config.status 1.22.0, which was
generated by GNU Autoconf 2.61.  Invocation command line was

  CONFIG_FILES    = 
  CONFIG_HEADERS  = 
  CONFIG_LINKS    = 
  CONFIG_COMMANDS = 
  $ ./config.status 

on Gforce

config.status:727: creating Makefile
config.status:727: creating po/Makefile.in
config.status:727: creating atk.pc
config.status:727: creating atk-uninstalled.pc
config.status:727: creating atk/Makefile
config.status:727: creating atk/atk.rc
config.status:727: creating tests/Makefile
config.status:727: creating docs/Makefile
config.status:727: creating docs/version.xml
config.status:727: creating atk.spec
config.status:727: creating atk-zip.sh
config.status:727: creating config.h
config.status:956: config.h is unchanged
config.status:1002: executing depfiles commands
config.status:1002: executing default-1 commands

## ---------------- ##
## Cache variables. ##
## ---------------- ##

ac_cv_atk_aclocal_flags=
ac_cv_build=i686-pc-linux-gnu
ac_cv_c_compiler_gnu=yes
ac_cv_cxx_compiler_gnu=yes
ac_cv_env_CCC_set=
ac_cv_env_CCC_value=
ac_cv_env_CC_set=
ac_cv_env_CC_value=
ac_cv_env_CFLAGS_set=
ac_cv_env_CFLAGS_value=
ac_cv_env_CPPFLAGS_set=
ac_cv_env_CPPFLAGS_value=
ac_cv_env_CPP_set=
ac_cv_env_CPP_value=
ac_cv_env_CXXCPP_set=
ac_cv_env_CXXCPP_value=
ac_cv_env_CXXFLAGS_set=
ac_cv_env_CXXFLAGS_value=
ac_cv_env_CXX_set=
ac_cv_env_CXX_value=
ac_cv_env_DEP_CFLAGS_set=
ac_cv_env_DEP_CFLAGS_value=
ac_cv_env_DEP_LIBS_set=
ac_cv_env_DEP_LIBS_value=
ac_cv_env_F77_set=
ac_cv_env_F77_value=
ac_cv_env_FFLAGS_set=
ac_cv_env_FFLAGS_value=
ac_cv_env_LDFLAGS_set=
ac_cv_env_LDFLAGS_value=
ac_cv_env_LIBS_set=
ac_cv_env_LIBS_value=
ac_cv_env_PKG_CONFIG_set=
ac_cv_env_PKG_CONFIG_value=
ac_cv_env_build_alias_set=
ac_cv_env_build_alias_value=
ac_cv_env_host_alias_set=set
ac_cv_env_host_alias_value=mipsel-linux
ac_cv_env_target_alias_set=
ac_cv_env_target_alias_value=
ac_cv_f77_compiler_gnu=yes
ac_cv_func_bind_textdomain_codeset=yes
ac_cv_func_dcgettext=yes
ac_cv_header_dlfcn_h=yes
ac_cv_header_inttypes_h=yes
ac_cv_header_libintl_h=yes
ac_cv_header_locale_h=yes
ac_cv_header_memory_h=yes
ac_cv_header_stdc=yes
ac_cv_header_stdint_h=yes
ac_cv_header_stdlib_h=yes
ac_cv_header_string_h=yes
ac_cv_header_strings_h=yes
ac_cv_header_sys_stat_h=yes
ac_cv_header_sys_types_h=yes
ac_cv_header_unistd_h=yes
ac_cv_host=mipsel-unknown-linux-gnu
ac_cv_lib_intl_bindtextdomain=yes
ac_cv_lib_intl_dgettext=yes
ac_cv_lib_intl_ngettext=yes
ac_cv_objext=o
ac_cv_path_EGREP='/bin/grep -E'
ac_cv_path_GMSGFMT=/usr/bin/msgfmt
ac_cv_path_GREP=/bin/grep
ac_cv_path_MSGFMT=/usr/bin/msgfmt
ac_cv_path_PKG_CONFIG=/usr/bin/pkg-config
ac_cv_path_XGETTEXT=/usr/bin/xgettext
ac_cv_path_ac_pt_PKG_CONFIG=/usr/bin/pkg-config
ac_cv_path_install='/usr/bin/install -c'
ac_cv_prog_AR=mipsel-linux-ar
ac_cv_prog_AWK=gawk
ac_cv_prog_CC=mipsel-linux-gcc
ac_cv_prog_CPP='mipsel-linux-gcc -E'
ac_cv_prog_CXX=mipsel-linux-g++
ac_cv_prog_CXXCPP='mipsel-linux-g++ -E'
ac_cv_prog_PERL=perl
ac_cv_prog_RANLIB=mipsel-linux-ranlib
ac_cv_prog_STRIP=mipsel-linux-strip
ac_cv_prog_ac_ct_F77=gfortran
ac_cv_prog_cc_c89=
ac_cv_prog_cc_g=yes
ac_cv_prog_cxx_g=yes
ac_cv_prog_f77_g=yes
ac_cv_prog_make_make_set=yes
am_cv_CC_dependencies_compiler_type=gcc3
am_cv_CXX_dependencies_compiler_type=gcc3
am_cv_val_LC_MESSAGES=yes
gt_cv_func_dgettext_libc=no
gt_cv_func_dgettext_libintl=yes
gt_cv_func_ngettext_libc=no
gt_cv_have_gettext=yes
lt_cv_deplibs_check_method=pass_all
lt_cv_file_magic_cmd='$MAGIC_CMD'
lt_cv_file_magic_test_file=
lt_cv_ld_reload_flag=-r
lt_cv_objdir=.libs
lt_cv_path_LD=/opt/mipsel-linux-uclibc/usr/mipsel-linux-uclibc/bin/ld
lt_cv_path_LDCXX=/opt/mipsel-linux-uclibc/usr/mipsel-linux-uclibc/bin/ld
lt_cv_path_NM='/opt/mipsel-linux-uclibc/usr/bin/mipsel-linux-nm -B'
lt_cv_path_SED=/bin/sed
lt_cv_prog_compiler_c_o=yes
lt_cv_prog_compiler_c_o_CXX=yes
lt_cv_prog_compiler_c_o_F77=yes
lt_cv_prog_compiler_rtti_exceptions=no
lt_cv_prog_gnu_ld=yes
lt_cv_prog_gnu_ldcxx=yes
lt_cv_sys_global_symbol_pipe='sed -n -e '\''s/^.*[ 	]\([ABCDGIRSTW][ABCDGIRSTW]*\)[ 	][ 	]*\([_A-Za-z][_A-Za-z0-9]*\)$/\1 \2 \2/p'\'''
lt_cv_sys_global_symbol_to_c_name_address='sed -n -e '\''s/^: \([^ ]*\) $/  {\"\1\", (lt_ptr) 0},/p'\'' -e '\''s/^[BCDEGRST] \([^ ]*\) \([^ ]*\)$/  {"\2", (lt_ptr) \&\2},/p'\'''
lt_cv_sys_global_symbol_to_cdecl='sed -n -e '\''s/^. .* \(.*\)$/extern int \1;/p'\'''
lt_cv_sys_max_cmd_len=1572864
lt_lt_cv_prog_compiler_c_o='"yes"'
lt_lt_cv_prog_compiler_c_o_CXX='"yes"'
lt_lt_cv_prog_compiler_c_o_F77='"yes"'
lt_lt_cv_sys_global_symbol_pipe='"sed -n -e '\''s/^.*[ 	]\\([ABCDGIRSTW][ABCDGIRSTW]*\\)[ 	][ 	]*\\([_A-Za-z][_A-Za-z0-9]*\\)\$/\\1 \\2 \\2/p'\''"'
lt_lt_cv_sys_global_symbol_to_c_name_address='"sed -n -e '\''s/^: \\([^ ]*\\) \$/  {\\\"\\1\\\", (lt_ptr) 0},/p'\'' -e '\''s/^[BCDEGRST] \\([^ ]*\\) \\([^ ]*\\)\$/  {\"\\2\", (lt_ptr) \\&\\2},/p'\''"'
lt_lt_cv_sys_global_symbol_to_cdecl='"sed -n -e '\''s/^. .* \\(.*\\)\$/extern int \\1;/p'\''"'
pkg_cv_DEP_CFLAGS='-I/opt/mipsel-linux-uclibc/usr/include/glib-2.0 -I/opt/mipsel-linux-uclibc/usr/lib/glib-2.0/include  '
pkg_cv_DEP_LIBS='-L/opt/mipsel-linux-uclibc/usr/lib -lgobject-2.0 -lgmodule-2.0 -lglib-2.0 -lintl -liconv  '

## ----------------- ##
## Output variables. ##
## ----------------- ##

ACLOCAL='${SHELL} /media/Data/dingoo/dingux/dev/openwrt/trunk/build_dir/target-_-/atk-1.22.0/missing --run aclocal-1.9 '
AMDEPBACKSLASH='\'
AMDEP_FALSE='#'
AMDEP_TRUE=''
AMTAR='${SHELL} /media/Data/dingoo/dingux/dev/openwrt/trunk/build_dir/target-_-/atk-1.22.0/missing --run tar'
AR='mipsel-linux-ar'
AS='as'
ATK_API_VERSION='1.0'
ATK_BINARY_AGE='2210'
ATK_INTERFACE_AGE='1'
ATK_MAJOR_VERSION='1'
ATK_MICRO_VERSION='0'
ATK_MINOR_VERSION='22'
ATK_VERSION='1.22.0'
AUTOCONF='${SHELL} /media/Data/dingoo/dingux/dev/openwrt/trunk/build_dir/target-_-/atk-1.22.0/missing --run autoconf'
AUTOHEADER='${SHELL} /media/Data/dingoo/dingux/dev/openwrt/trunk/build_dir/target-_-/atk-1.22.0/missing --run autoheader'
AUTOMAKE='${SHELL} /media/Data/dingoo/dingux/dev/openwrt/trunk/build_dir/target-_-/atk-1.22.0/missing --run automake-1.9'
AWK='gawk'
CATALOGS=' af.gmo am.gmo ar.gmo as.gmo az.gmo be.gmo be@latin.gmo bg.gmo bn.gmo bn_IN.gmo bs.gmo ca.gmo cs.gmo cy.gmo da.gmo de.gmo dz.gmo el.gmo en_CA.gmo en_GB.gmo eo.gmo es.gmo et.gmo eu.gmo fa.gmo fi.gmo fr.gmo ga.gmo gl.gmo gu.gmo he.gmo hi.gmo hr.gmo hu.gmo id.gmo is.gmo it.gmo ja.gmo ka.gmo kn.gmo ko.gmo ku.gmo li.gmo lt.gmo lv.gmo mk.gmo ml.gmo mn.gmo mr.gmo ms.gmo nb.gmo ne.gmo nl.gmo nn.gmo oc.gmo or.gmo pa.gmo pl.gmo pt.gmo pt_BR.gmo ro.gmo ru.gmo rw.gmo si.gmo sk.gmo sl.gmo sq.gmo sr.gmo sr@Latn.gmo sr@ije.gmo sv.gmo ta.gmo te.gmo th.gmo tk.gmo tr.gmo tt.gmo ug.gmo uk.gmo vi.gmo wa.gmo xh.gmo yi.gmo zh_CN.gmo zh_HK.gmo zh_TW.gmo'
CATOBJEXT='.gmo'
CC='mipsel-linux-gcc'
CCDEPMODE='depmode=gcc3'
CFLAGS='-g -O2 -Wall'
CPP='mipsel-linux-gcc -E'
CPPFLAGS=''
CXX='mipsel-linux-g++'
CXXCPP='mipsel-linux-g++ -E'
CXXDEPMODE='depmode=gcc3'
CXXFLAGS='-g -O2'
CYGPATH_W='echo'
DATADIRNAME='share'
DEFS='-DHAVE_CONFIG_H'
DEPDIR='.deps'
DEP_CFLAGS='-pthread -I/opt/mipsel-linux-uclibc/usr/include/glib-2.0 -I/opt/mipsel-linux-uclibc/usr/lib/glib-2.0/include  '
DEP_LIBS='-L/opt/mipsel-linux-uclibc/usr/lib -lgobject-2.0 -lgmodule-2.0 -lglib-2.0 -lintl -liconv  '
DLLTOOL='dlltool'
ECHO='echo'
ECHO_C=''
ECHO_N='-n'
ECHO_T=''
EGREP='/bin/grep -E'
ENABLE_GTK_DOC_FALSE=''
ENABLE_GTK_DOC_TRUE='#'
EXEEXT=''
F77='gfortran'
FFLAGS='-g -O2'
GETTEXT_PACKAGE='atk10'
GLIB_CFLAGS='-I/opt/mipsel-linux-uclibc/usr/include/glib-2.0 -I/opt/mipsel-linux-uclibc/usr/lib/glib-2.0/include  '
GLIB_GENMARSHAL='glib-genmarshal'
GLIB_LIBS='-L/opt/mipsel-linux-uclibc/usr/lib -lgobject-2.0 -lgmodule-2.0 -lglib-2.0 -lintl -liconv  '
GLIB_MKENUMS='glib-mkenums'
GLIB_PACKAGES='gobject-2.0 gmodule-no-export-2.0'
GLIB_REQUIRED_VERSION='2.5.7'
GMOFILES=' af.gmo am.gmo ar.gmo as.gmo az.gmo be.gmo be@latin.gmo bg.gmo bn.gmo bn_IN.gmo bs.gmo ca.gmo cs.gmo cy.gmo da.gmo de.gmo dz.gmo el.gmo en_CA.gmo en_GB.gmo eo.gmo es.gmo et.gmo eu.gmo fa.gmo fi.gmo fr.gmo ga.gmo gl.gmo gu.gmo he.gmo hi.gmo hr.gmo hu.gmo id.gmo is.gmo it.gmo ja.gmo ka.gmo kn.gmo ko.gmo ku.gmo li.gmo lt.gmo lv.gmo mk.gmo ml.gmo mn.gmo mr.gmo ms.gmo nb.gmo ne.gmo nl.gmo nn.gmo oc.gmo or.gmo pa.gmo pl.gmo pt.gmo pt_BR.gmo ro.gmo ru.gmo rw.gmo si.gmo sk.gmo sl.gmo sq.gmo sr.gmo sr@Latn.gmo sr@ije.gmo sv.gmo ta.gmo te.gmo th.gmo tk.gmo tr.gmo tt.gmo ug.gmo uk.gmo vi.gmo wa.gmo xh.gmo yi.gmo zh_CN.gmo zh_HK.gmo zh_TW.gmo'
GMSGFMT='/usr/bin/msgfmt'
GOBJECT_QUERY='gobject-query'
GREP='/bin/grep'
GTKDOC_CHECK=''
GTK_DOC_USE_LIBTOOL_FALSE='#'
GTK_DOC_USE_LIBTOOL_TRUE=''
HTML_DIR='${datadir}/gtk-doc/html'
INSTALL_DATA='${INSTALL} -m 644'
INSTALL_PROGRAM='${INSTALL}'
INSTALL_SCRIPT='${INSTALL}'
INSTALL_STRIP_PROGRAM='${SHELL} $(install_sh) -c -s'
INSTOBJEXT='.mo'
INTLLIBS='-lintl '
LDFLAGS=''
LIBOBJS=''
LIBS=''
LIBTOOL='$(SHELL) $(top_builddir)/libtool'
LN_S='ln -s'
LTLIBOBJS=''
LT_CURRENT_MINUS_AGE='0'
LT_VERSION_INFO='2209:1:2209'
MAKEINFO='${SHELL} /media/Data/dingoo/dingux/dev/openwrt/trunk/build_dir/target-_-/atk-1.22.0/missing --run makeinfo'
MKINSTALLDIRS='./mkinstalldirs'
MSGFMT='/usr/bin/msgfmt'
MSGFMT_OPTS='-c'
MS_LIB_AVAILABLE_FALSE=''
MS_LIB_AVAILABLE_TRUE='#'
OBJDUMP='objdump'
OBJEXT='o'
OS_WIN32_FALSE=''
OS_WIN32_TRUE='#'
PACKAGE='atk'
PACKAGE_BUGREPORT='http://bugzilla.gnome.org/enter_bug.cgi?product=atk'
PACKAGE_NAME='atk'
PACKAGE_STRING='atk 1.22.0'
PACKAGE_TARNAME='atk'
PACKAGE_VERSION='1.22.0'
PATH_SEPARATOR=':'
PERL='perl'
PKG_CONFIG='/usr/bin/pkg-config'
PLATFORM_WIN32_FALSE=''
PLATFORM_WIN32_TRUE='#'
POFILES=' af.po am.po ar.po as.po az.po be.po be@latin.po bg.po bn.po bn_IN.po bs.po ca.po cs.po cy.po da.po de.po dz.po el.po en_CA.po en_GB.po eo.po es.po et.po eu.po fa.po fi.po fr.po ga.po gl.po gu.po he.po hi.po hr.po hu.po id.po is.po it.po ja.po ka.po kn.po ko.po ku.po li.po lt.po lv.po mk.po ml.po mn.po mr.po ms.po nb.po ne.po nl.po nn.po oc.po or.po pa.po pl.po pt.po pt_BR.po ro.po ru.po rw.po si.po sk.po sl.po sq.po sr.po sr@Latn.po sr@ije.po sv.po ta.po te.po th.po tk.po tr.po tt.po ug.po uk.po vi.po wa.po xh.po yi.po zh_CN.po zh_HK.po zh_TW.po'
POSUB='po'
PO_IN_DATADIR_FALSE=''
PO_IN_DATADIR_TRUE=''
RANLIB='mipsel-linux-ranlib'
REBUILD=''
SED='/bin/sed'
SET_MAKE=''
SHELL='/bin/bash'
STRIP='mipsel-linux-strip'
USE_NLS='yes'
VERSION='1.22.0'
WINDRES=''
XGETTEXT='/usr/bin/xgettext'
ac_ct_CC=''
ac_ct_CXX=''
ac_ct_F77='gfortran'
am__fastdepCC_FALSE='#'
am__fastdepCC_TRUE=''
am__fastdepCXX_FALSE='#'
am__fastdepCXX_TRUE=''
am__include='include'
am__leading_dot='.'
am__quote=''
am__tar='${AMTAR} chof - "$$tardir"'
am__untar='${AMTAR} xf -'
bindir='${exec_prefix}/bin'
build='i686-pc-linux-gnu'
build_alias=''
build_cpu='i686'
build_os='linux-gnu'
build_vendor='pc'
datadir='${datarootdir}'
datarootdir='${prefix}/share'
docdir='${datarootdir}/doc/${PACKAGE_TARNAME}'
dvidir='${docdir}'
exec_prefix='${prefix}'
host='mipsel-unknown-linux-gnu'
host_alias='mipsel-linux'
host_cpu='mipsel'
host_os='linux-gnu'
host_vendor='unknown'
htmldir='${docdir}'
includedir='${prefix}/include'
infodir='${datarootdir}/info'
install_sh='/media/Data/dingoo/dingux/dev/openwrt/trunk/build_dir/target-_-/atk-1.22.0/install-sh'
libdir='${exec_prefix}/lib'
libexecdir='${exec_prefix}/libexec'
localedir='${datarootdir}/locale'
localstatedir='${prefix}/var'
mandir='${datarootdir}/man'
mkdir_p='mkdir -p --'
ms_librarian=''
oldincludedir='/usr/include'
pdfdir='${docdir}'
prefix='/opt/mipsel-linux-uclibc/usr'
program_transform_name='s,x,x,'
psdir='${docdir}'
sbindir='${exec_prefix}/sbin'
sharedstatedir='${prefix}/com'
sysconfdir='${prefix}/etc'
target_alias=''

## ----------- ##
## confdefs.h. ##
## ----------- ##

#define PACKAGE_NAME "atk"
#define PACKAGE_TARNAME "atk"
#define PACKAGE_VERSION "1.22.0"
#define PACKAGE_STRING "atk 1.22.0"
#define PACKAGE_BUGREPORT "http://bugzilla.gnome.org/enter_bug.cgi?product=atk"
#define PACKAGE "atk"
#define VERSION "1.22.0"
#define GETTEXT_PACKAGE "atk10"
#define STDC_HEADERS 1
#define HAVE_SYS_TYPES_H 1
#define HAVE_SYS_STAT_H 1
#define HAVE_STDLIB_H 1
#define HAVE_STRING_H 1
#define HAVE_MEMORY_H 1
#define HAVE_STRINGS_H 1
#define HAVE_INTTYPES_H 1
#define HAVE_STDINT_H 1
#define HAVE_UNISTD_H 1
#define HAVE_DLFCN_H 1
#define HAVE_LOCALE_H 1
#define HAVE_LC_MESSAGES 1
#define HAVE_BIND_TEXTDOMAIN_CODESET 1
#define HAVE_GETTEXT 1
#define HAVE_DCGETTEXT 1
#define ENABLE_NLS 1
#define HAVE_BIND_TEXTDOMAIN_CODESET 1

configure: exit 0
