This file contains any messages produced by compilers while
running configure, to aid debugging if configure makes a mistake.

It was created by configure, which was
generated by GNU Autoconf 2.61.  Invocation command line was

  $ ./configure --prefix=/opt/mipsel-linux-uclibc/usr --host=mipsel-linux --target=mipsel-linux host_alias=mipsel-linux target_alias=mipsel-linux --cache-file=/dev/null --srcdir=.

## --------- ##
## Platform. ##
## --------- ##

hostname = Gforce
uname -m = i686
uname -r = 2.6.31-16-generic
uname -s = Linux
uname -v = #52-Ubuntu SMP Thu Dec 3 22:00:22 UTC 2009

/usr/bin/uname -p = unknown
/bin/uname -X     = unknown

/bin/arch              = unknown
/usr/bin/arch -k       = unknown
/usr/convex/getsysinfo = unknown
/usr/bin/hostinfo      = unknown
/bin/machine           = unknown
/usr/bin/oslevel       = unknown
/bin/universe          = unknown

PATH: /usr/local/sbin
PATH: /usr/local/bin
PATH: /usr/sbin
PATH: /usr/bin
PATH: /sbin
PATH: /bin
PATH: /usr/games
PATH: /opt/mipsel-linux-uclibc/usr/bin


## ----------- ##
## Core tests. ##
## ----------- ##

configure:1975: checking for a BSD-compatible install
configure:2031: result: /usr/bin/install -c
configure:2042: checking whether build environment is sane
configure:2085: result: yes
configure:2113: checking for a thread-safe mkdir -p
configure:2152: result: /bin/mkdir -p
configure:2165: checking for gawk
configure:2181: found /usr/bin/gawk
configure:2192: result: gawk
configure:2203: checking whether make sets $(MAKE)
configure:2224: result: yes
configure:2304: checking for mipsel-linux-strip
configure:2320: found /opt/mipsel-linux-uclibc/usr/bin/mipsel-linux-strip
configure:2331: result: mipsel-linux-strip
configure:2421: checking for mipsel-linux-gcc
configure:2437: found /opt/mipsel-linux-uclibc/usr/bin/mipsel-linux-gcc
configure:2448: result: mipsel-linux-gcc
configure:2726: checking for C compiler version
configure:2733: mipsel-linux-gcc --version >&5
mipsel-linux-gcc (GCC) 4.3.3
Copyright (C) 2008 Free Software Foundation, Inc.
This is free software; see the source for copying conditions.  There is NO
warranty; not even for MERCHANTABILITY or FITNESS FOR A PARTICULAR PURPOSE.

configure:2736: $? = 0
configure:2743: mipsel-linux-gcc -v >&5
Using built-in specs.
Target: mipsel-linux-uclibc
Configured with: /home/iggarpe/A320/dev/dingoo-linux/buildroot-2009.05/toolchain_build_mipsel/gcc-4.3.3/configure --prefix=/usr --build=i386-pc-linux-gnu --host=i386-pc-linux-gnu --target=mipsel-linux-uclibc --enable-languages=c,c++ --with-sysroot=/opt/mipsel-linux-uclibc --with-build-time-tools=/opt/mipsel-linux-uclibc/usr/mipsel-linux-uclibc/bin --disable-__cxa_atexit --enable-target-optspace --with-gnu-ld --disable-libssp --disable-tls --enable-shared --with-gmp=/home/iggarpe/A320/dev/dingoo-linux/buildroot-2009.05/toolchain_build_mipsel/gmp --with-mpfr=/home/iggarpe/A320/dev/dingoo-linux/buildroot-2009.05/toolchain_build_mipsel/mpfr --disable-nls --enable-threads --disable-multilib --disable-decimal-float --with-float=soft --with-abi=32 --with-tune=mips1
Thread model: posix
gcc version 4.3.3 (GCC) 
configure:2746: $? = 0
configure:2753: mipsel-linux-gcc -V >&5
mipsel-linux-gcc: '-V' option must have argument
configure:2756: $? = 1
configure:2779: checking for C compiler default output file name
configure:2806: mipsel-linux-gcc    conftest.c  >&5
configure:2809: $? = 0
configure:2847: result: a.out
configure:2864: checking whether the C compiler works
configure:2874: ./a.out
./configure: line 2875: ./a.out: cannot execute binary file
configure:2877: $? = 126
configure:2894: result: yes
configure:2901: checking whether we are cross compiling
configure:2903: result: yes
configure:2906: checking for suffix of executables
configure:2913: mipsel-linux-gcc -o conftest    conftest.c  >&5
configure:2916: $? = 0
configure:2940: result: 
configure:2946: checking for suffix of object files
configure:2972: mipsel-linux-gcc -c   conftest.c >&5
configure:2975: $? = 0
configure:2998: result: o
configure:3002: checking whether we are using the GNU C compiler
configure:3031: mipsel-linux-gcc -c   conftest.c >&5
configure:3037: $? = 0
configure:3054: result: yes
configure:3059: checking whether mipsel-linux-gcc accepts -g
configure:3089: mipsel-linux-gcc -c -g  conftest.c >&5
configure:3095: $? = 0
configure:3194: result: yes
configure:3211: checking for mipsel-linux-gcc option to accept ISO C89
configure:3285: mipsel-linux-gcc  -c -g -O2  conftest.c >&5
configure:3291: $? = 0
configure:3314: result: none needed
configure:3343: checking for style of include used by make
configure:3371: result: GNU
configure:3396: checking dependency style of mipsel-linux-gcc
configure:3487: result: none
configure:3515: checking for a BSD-compatible install
configure:3571: result: /usr/bin/install -c
configure:3589: checking build system type
configure:3607: result: i686-pc-linux-gnu
configure:3629: checking host system type
configure:3644: result: mipsel-unknown-linux-gnu
configure:3812: checking for a sed that does not truncate output
configure:3866: result: /bin/sed
configure:3869: checking for grep that handles long lines and -e
configure:3943: result: /bin/grep
configure:3948: checking for egrep
configure:4026: result: /bin/grep -E
configure:4042: checking for ld used by mipsel-linux-gcc
configure:4109: result: /opt/mipsel-linux-uclibc/usr/mipsel-linux-uclibc/bin/ld
configure:4118: checking if the linker (/opt/mipsel-linux-uclibc/usr/mipsel-linux-uclibc/bin/ld) is GNU ld
configure:4133: result: yes
configure:4138: checking for /opt/mipsel-linux-uclibc/usr/mipsel-linux-uclibc/bin/ld option to reload object files
configure:4145: result: -r
configure:4163: checking for BSD-compatible nm
configure:4212: result: /opt/mipsel-linux-uclibc/usr/bin/mipsel-linux-nm -B
configure:4216: checking whether ln -s works
configure:4220: result: yes
configure:4227: checking how to recognise dependent libraries
configure:4403: result: pass_all
configure:4924: checking how to run the C preprocessor
configure:4964: mipsel-linux-gcc -E  conftest.c
configure:4970: $? = 0
configure:5001: mipsel-linux-gcc -E  conftest.c
conftest.c:10:28: error: ac_nonexistent.h: No such file or directory
configure:5007: $? = 1
configure: failed program was:
| /* confdefs.h.  */
| #define PACKAGE_NAME ""
| #define PACKAGE_TARNAME ""
| #define PACKAGE_VERSION ""
| #define PACKAGE_STRING ""
| #define PACKAGE_BUGREPORT ""
| #define PACKAGE "autoconf-lib-link"
| #define VERSION "0.16.1"
| /* end confdefs.h.  */
| #include <ac_nonexistent.h>
configure:5040: result: mipsel-linux-gcc -E
configure:5069: mipsel-linux-gcc -E  conftest.c
configure:5075: $? = 0
configure:5106: mipsel-linux-gcc -E  conftest.c
conftest.c:10:28: error: ac_nonexistent.h: No such file or directory
configure:5112: $? = 1
configure: failed program was:
| /* confdefs.h.  */
| #define PACKAGE_NAME ""
| #define PACKAGE_TARNAME ""
| #define PACKAGE_VERSION ""
| #define PACKAGE_STRING ""
| #define PACKAGE_BUGREPORT ""
| #define PACKAGE "autoconf-lib-link"
| #define VERSION "0.16.1"
| /* end confdefs.h.  */
| #include <ac_nonexistent.h>
configure:5150: checking for ANSI C header files
configure:5180: mipsel-linux-gcc -c -g -O2  conftest.c >&5
configure:5186: $? = 0
configure:5314: result: yes
configure:5338: checking for sys/types.h
configure:5359: mipsel-linux-gcc -c -g -O2  conftest.c >&5
configure:5365: $? = 0
configure:5381: result: yes
configure:5338: checking for sys/stat.h
configure:5359: mipsel-linux-gcc -c -g -O2  conftest.c >&5
configure:5365: $? = 0
configure:5381: result: yes
configure:5338: checking for stdlib.h
configure:5359: mipsel-linux-gcc -c -g -O2  conftest.c >&5
configure:5365: $? = 0
configure:5381: result: yes
configure:5338: checking for string.h
configure:5359: mipsel-linux-gcc -c -g -O2  conftest.c >&5
configure:5365: $? = 0
configure:5381: result: yes
configure:5338: checking for memory.h
configure:5359: mipsel-linux-gcc -c -g -O2  conftest.c >&5
configure:5365: $? = 0
configure:5381: result: yes
configure:5338: checking for strings.h
configure:5359: mipsel-linux-gcc -c -g -O2  conftest.c >&5
configure:5365: $? = 0
configure:5381: result: yes
configure:5338: checking for inttypes.h
configure:5359: mipsel-linux-gcc -c -g -O2  conftest.c >&5
configure:5365: $? = 0
configure:5381: result: yes
configure:5338: checking for stdint.h
configure:5359: mipsel-linux-gcc -c -g -O2  conftest.c >&5
configure:5365: $? = 0
configure:5381: result: yes
configure:5338: checking for unistd.h
configure:5359: mipsel-linux-gcc -c -g -O2  conftest.c >&5
configure:5365: $? = 0
configure:5381: result: yes
configure:5408: checking dlfcn.h usability
configure:5425: mipsel-linux-gcc -c -g -O2  conftest.c >&5
configure:5431: $? = 0
configure:5445: result: yes
configure:5449: checking dlfcn.h presence
configure:5464: mipsel-linux-gcc -E  conftest.c
configure:5470: $? = 0
configure:5484: result: yes
configure:5512: checking for dlfcn.h
configure:5520: result: yes
configure:5547: checking for mipsel-linux-g++
configure:5563: found /opt/mipsel-linux-uclibc/usr/bin/mipsel-linux-g++
configure:5574: result: mipsel-linux-g++
configure:5649: checking for C++ compiler version
configure:5656: mipsel-linux-g++ --version >&5
mipsel-linux-g++ (GCC) 4.3.3
Copyright (C) 2008 Free Software Foundation, Inc.
This is free software; see the source for copying conditions.  There is NO
warranty; not even for MERCHANTABILITY or FITNESS FOR A PARTICULAR PURPOSE.

configure:5659: $? = 0
configure:5666: mipsel-linux-g++ -v >&5
Using built-in specs.
Target: mipsel-linux-uclibc
Configured with: /home/iggarpe/A320/dev/dingoo-linux/buildroot-2009.05/toolchain_build_mipsel/gcc-4.3.3/configure --prefix=/usr --build=i386-pc-linux-gnu --host=i386-pc-linux-gnu --target=mipsel-linux-uclibc --enable-languages=c,c++ --with-sysroot=/opt/mipsel-linux-uclibc --with-build-time-tools=/opt/mipsel-linux-uclibc/usr/mipsel-linux-uclibc/bin --disable-__cxa_atexit --enable-target-optspace --with-gnu-ld --disable-libssp --disable-tls --enable-shared --with-gmp=/home/iggarpe/A320/dev/dingoo-linux/buildroot-2009.05/toolchain_build_mipsel/gmp --with-mpfr=/home/iggarpe/A320/dev/dingoo-linux/buildroot-2009.05/toolchain_build_mipsel/mpfr --disable-nls --enable-threads --disable-multilib --disable-decimal-float --with-float=soft --with-abi=32 --with-tune=mips1
Thread model: posix
gcc version 4.3.3 (GCC) 
configure:5669: $? = 0
configure:5676: mipsel-linux-g++ -V >&5
mipsel-linux-g++: '-V' option must have argument
configure:5679: $? = 1
configure:5682: checking whether we are using the GNU C++ compiler
configure:5711: mipsel-linux-g++ -c   conftest.cpp >&5
configure:5717: $? = 0
configure:5734: result: yes
configure:5739: checking whether mipsel-linux-g++ accepts -g
configure:5769: mipsel-linux-g++ -c -g  conftest.cpp >&5
configure:5775: $? = 0
configure:5874: result: yes
configure:5899: checking dependency style of mipsel-linux-g++
configure:5990: result: none
configure:6015: checking how to run the C++ preprocessor
configure:6051: mipsel-linux-g++ -E  conftest.cpp
configure:6057: $? = 0
configure:6088: mipsel-linux-g++ -E  conftest.cpp
conftest.cpp:21:28: error: ac_nonexistent.h: No such file or directory
configure:6094: $? = 1
configure: failed program was:
| /* confdefs.h.  */
| #define PACKAGE_NAME ""
| #define PACKAGE_TARNAME ""
| #define PACKAGE_VERSION ""
| #define PACKAGE_STRING ""
| #define PACKAGE_BUGREPORT ""
| #define PACKAGE "autoconf-lib-link"
| #define VERSION "0.16.1"
| #define STDC_HEADERS 1
| #define HAVE_SYS_TYPES_H 1
| #define HAVE_SYS_STAT_H 1
| #define HAVE_STDLIB_H 1
| #define HAVE_STRING_H 1
| #define HAVE_MEMORY_H 1
| #define HAVE_STRINGS_H 1
| #define HAVE_INTTYPES_H 1
| #define HAVE_STDINT_H 1
| #define HAVE_UNISTD_H 1
| #define HAVE_DLFCN_H 1
| /* end confdefs.h.  */
| #include <ac_nonexistent.h>
configure:6127: result: mipsel-linux-g++ -E
configure:6156: mipsel-linux-g++ -E  conftest.cpp
configure:6162: $? = 0
configure:6193: mipsel-linux-g++ -E  conftest.cpp
conftest.cpp:21:28: error: ac_nonexistent.h: No such file or directory
configure:6199: $? = 1
configure: failed program was:
| /* confdefs.h.  */
| #define PACKAGE_NAME ""
| #define PACKAGE_TARNAME ""
| #define PACKAGE_VERSION ""
| #define PACKAGE_STRING ""
| #define PACKAGE_BUGREPORT ""
| #define PACKAGE "autoconf-lib-link"
| #define VERSION "0.16.1"
| #define STDC_HEADERS 1
| #define HAVE_SYS_TYPES_H 1
| #define HAVE_SYS_STAT_H 1
| #define HAVE_STDLIB_H 1
| #define HAVE_STRING_H 1
| #define HAVE_MEMORY_H 1
| #define HAVE_STRINGS_H 1
| #define HAVE_INTTYPES_H 1
| #define HAVE_STDINT_H 1
| #define HAVE_UNISTD_H 1
| #define HAVE_DLFCN_H 1
| /* end confdefs.h.  */
| #include <ac_nonexistent.h>
configure:6248: checking for mipsel-linux-g77
configure:6278: result: no
configure:6248: checking for mipsel-linux-xlf
configure:6278: result: no
configure:6248: checking for mipsel-linux-f77
configure:6278: result: no
configure:6248: checking for mipsel-linux-frt
configure:6278: result: no
configure:6248: checking for mipsel-linux-pgf77
configure:6278: result: no
configure:6248: checking for mipsel-linux-cf77
configure:6278: result: no
configure:6248: checking for mipsel-linux-fort77
configure:6278: result: no
configure:6248: checking for mipsel-linux-fl32
configure:6278: result: no
configure:6248: checking for mipsel-linux-af77
configure:6278: result: no
configure:6248: checking for mipsel-linux-xlf90
configure:6278: result: no
configure:6248: checking for mipsel-linux-f90
configure:6278: result: no
configure:6248: checking for mipsel-linux-pgf90
configure:6278: result: no
configure:6248: checking for mipsel-linux-pghpf
configure:6278: result: no
configure:6248: checking for mipsel-linux-epcf90
configure:6278: result: no
configure:6248: checking for mipsel-linux-gfortran
configure:6278: result: no
configure:6248: checking for mipsel-linux-g95
configure:6278: result: no
configure:6248: checking for mipsel-linux-xlf95
configure:6278: result: no
configure:6248: checking for mipsel-linux-f95
configure:6278: result: no
configure:6248: checking for mipsel-linux-fort
configure:6278: result: no
configure:6248: checking for mipsel-linux-ifort
configure:6278: result: no
configure:6248: checking for mipsel-linux-ifc
configure:6278: result: no
configure:6248: checking for mipsel-linux-efc
configure:6278: result: no
configure:6248: checking for mipsel-linux-pgf95
configure:6278: result: no
configure:6248: checking for mipsel-linux-lf95
configure:6278: result: no
configure:6248: checking for mipsel-linux-ftn
configure:6278: result: no
configure:6292: checking for g77
configure:6322: result: no
configure:6292: checking for xlf
configure:6322: result: no
configure:6292: checking for f77
configure:6322: result: no
configure:6292: checking for frt
configure:6322: result: no
configure:6292: checking for pgf77
configure:6322: result: no
configure:6292: checking for cf77
configure:6322: result: no
configure:6292: checking for fort77
configure:6322: result: no
configure:6292: checking for fl32
configure:6322: result: no
configure:6292: checking for af77
configure:6322: result: no
configure:6292: checking for xlf90
configure:6322: result: no
configure:6292: checking for f90
configure:6322: result: no
configure:6292: checking for pgf90
configure:6322: result: no
configure:6292: checking for pghpf
configure:6322: result: no
configure:6292: checking for epcf90
configure:6322: result: no
configure:6292: checking for gfortran
configure:6308: found /usr/bin/gfortran
configure:6319: result: gfortran
configure:6337: WARNING: In the future, Autoconf will not detect cross-tools
whose name does not start with the host triplet.  If you think this
configuration is useful to you, please write to autoconf@gnu.org.
configure:6349: checking for Fortran 77 compiler version
configure:6356: gfortran --version >&5
GNU Fortran (Ubuntu 4.4.1-4ubuntu8) 4.4.1
Copyright (C) 2009 Free Software Foundation, Inc.

GNU Fortran comes with NO WARRANTY, to the extent permitted by law.
You may redistribute copies of GNU Fortran
under the terms of the GNU General Public License.
For more information about these matters, see the file named COPYING

configure:6359: $? = 0
configure:6366: gfortran -v >&5
Using built-in specs.
Target: i486-linux-gnu
Configured with: ../src/configure -v --with-pkgversion='Ubuntu 4.4.1-4ubuntu8' --with-bugurl=file:///usr/share/doc/gcc-4.4/README.Bugs --enable-languages=c,c++,fortran,objc,obj-c++ --prefix=/usr --enable-shared --enable-multiarch --enable-linker-build-id --with-system-zlib --libexecdir=/usr/lib --without-included-gettext --enable-threads=posix --with-gxx-include-dir=/usr/include/c++/4.4 --program-suffix=-4.4 --enable-nls --enable-clocale=gnu --enable-libstdcxx-debug --enable-objc-gc --enable-targets=all --disable-werror --with-arch-32=i486 --with-tune=generic --enable-checking=release --build=i486-linux-gnu --host=i486-linux-gnu --target=i486-linux-gnu
Thread model: posix
gcc version 4.4.1 (Ubuntu 4.4.1-4ubuntu8) 
configure:6369: $? = 0
configure:6376: gfortran -V >&5
gfortran: '-V' option must have argument
configure:6379: $? = 1
configure:6387: checking whether we are using the GNU Fortran 77 compiler
configure:6406: gfortran -c  conftest.F >&5
configure:6412: $? = 0
configure:6429: result: yes
configure:6435: checking whether gfortran accepts -g
configure:6452: gfortran -c -g conftest.f >&5
configure:6458: $? = 0
configure:6474: result: yes
configure:6504: checking the maximum length of command line arguments
configure:6613: result: 32768
configure:6624: checking command to parse /opt/mipsel-linux-uclibc/usr/bin/mipsel-linux-nm -B output from mipsel-linux-gcc object
configure:6729: mipsel-linux-gcc -c -g -O2  conftest.c >&5
configure:6732: $? = 0
configure:6736: /opt/mipsel-linux-uclibc/usr/bin/mipsel-linux-nm -B conftest.o \| sed -n -e 's/^.*[ 	]\([ABCDGIRSTW][ABCDGIRSTW]*\)[ 	][ 	]*\([_A-Za-z][_A-Za-z0-9]*\)$/\1 \2 \2/p' \> conftest.nm
configure:6739: $? = 0
configure:6791: mipsel-linux-gcc -o conftest -g -O2   conftest.c conftstm.o >&5
configure:6794: $? = 0
configure:6832: result: ok
configure:6836: checking for objdir
configure:6851: result: .libs
configure:6903: checking for mipsel-linux-ar
configure:6919: found /opt/mipsel-linux-uclibc/usr/bin/mipsel-linux-ar
configure:6930: result: mipsel-linux-ar
configure:6999: checking for mipsel-linux-ranlib
configure:7015: found /opt/mipsel-linux-uclibc/usr/bin/mipsel-linux-ranlib
configure:7026: result: mipsel-linux-ranlib
configure:7095: checking for mipsel-linux-strip
configure:7122: result: mipsel-linux-strip
configure:7452: checking if mipsel-linux-gcc supports -fno-rtti -fno-exceptions
configure:7470: mipsel-linux-gcc -c -g -O2  -fno-rtti -fno-exceptions conftest.c >&5
cc1: warning: command line option "-fno-rtti" is valid for C++/ObjC++ but not for C
configure:7474: $? = 0
configure:7487: result: no
configure:7502: checking for mipsel-linux-gcc option to produce PIC
configure:7735: result: -fPIC
configure:7743: checking if mipsel-linux-gcc PIC flag -fPIC works
configure:7761: mipsel-linux-gcc -c -g -O2  -fPIC -DPIC conftest.c >&5
configure:7765: $? = 0
configure:7778: result: yes
configure:7806: checking if mipsel-linux-gcc static flag -static works
configure:7834: result: yes
configure:7844: checking if mipsel-linux-gcc supports -c -o file.o
configure:7865: mipsel-linux-gcc -c -g -O2  -o out/conftest2.o conftest.c >&5
configure:7869: $? = 0
configure:7891: result: yes
configure:7917: checking whether the mipsel-linux-gcc linker (/opt/mipsel-linux-uclibc/usr/mipsel-linux-uclibc/bin/ld) supports shared libraries
configure:8880: result: yes
configure:8901: checking whether -lc should be explicitly linked in
configure:8906: mipsel-linux-gcc -c -g -O2  conftest.c >&5
configure:8909: $? = 0
configure:8924: mipsel-linux-gcc -shared conftest.o  -v -Wl,-soname -Wl,conftest -o conftest 2\>\&1 \| grep  -lc  \>/dev/null 2\>\&1
configure:8927: $? = 0
configure:8939: result: no
configure:8947: checking dynamic linker characteristics
configure:9535: result: GNU/Linux ld.so
configure:9544: checking how to hardcode library paths into programs
configure:9569: result: immediate
configure:9583: checking whether stripping libraries is possible
configure:9588: result: yes
configure:10389: checking if libtool supports shared libraries
configure:10391: result: yes
configure:10394: checking whether to build shared libraries
configure:10415: result: yes
configure:10418: checking whether to build static libraries
configure:10422: result: yes
configure:10514: creating libtool
configure:11102: checking for ld used by mipsel-linux-g++
configure:11169: result: /opt/mipsel-linux-uclibc/usr/mipsel-linux-uclibc/bin/ld
configure:11178: checking if the linker (/opt/mipsel-linux-uclibc/usr/mipsel-linux-uclibc/bin/ld) is GNU ld
configure:11193: result: yes
configure:11244: checking whether the mipsel-linux-g++ linker (/opt/mipsel-linux-uclibc/usr/mipsel-linux-uclibc/bin/ld) supports shared libraries
configure:12201: result: yes
configure:12223: mipsel-linux-g++ -c -g -O2  conftest.cpp >&5
configure:12226: $? = 0
configure:12354: checking for mipsel-linux-g++ option to produce PIC
configure:12638: result: -fPIC
configure:12646: checking if mipsel-linux-g++ PIC flag -fPIC works
configure:12664: mipsel-linux-g++ -c -g -O2  -fPIC -DPIC conftest.cpp >&5
configure:12668: $? = 0
configure:12681: result: yes
configure:12709: checking if mipsel-linux-g++ static flag -static works
configure:12737: result: yes
configure:12747: checking if mipsel-linux-g++ supports -c -o file.o
configure:12768: mipsel-linux-g++ -c -g -O2  -o out/conftest2.o conftest.cpp >&5
configure:12772: $? = 0
configure:12794: result: yes
configure:12820: checking whether the mipsel-linux-g++ linker (/opt/mipsel-linux-uclibc/usr/mipsel-linux-uclibc/bin/ld) supports shared libraries
configure:12845: result: yes
configure:12912: checking dynamic linker characteristics
configure:13500: result: GNU/Linux ld.so
configure:13509: checking how to hardcode library paths into programs
configure:13534: result: immediate
configure:14060: checking if libtool supports shared libraries
configure:14062: result: yes
configure:14065: checking whether to build shared libraries
configure:14085: result: yes
configure:14088: checking whether to build static libraries
configure:14092: result: yes
configure:14102: checking for gfortran option to produce PIC
configure:14335: result: -fPIC
configure:14343: checking if gfortran PIC flag -fPIC works
configure:14361: gfortran -c -g -O2 -fPIC conftest.f >&5
configure:14365: $? = 0
configure:14378: result: yes
configure:14406: checking if gfortran static flag -static works
configure:14434: result: yes
configure:14444: checking if gfortran supports -c -o file.o
configure:14465: gfortran -c -g -O2 -o out/conftest2.o conftest.f >&5
configure:14469: $? = 0
configure:14491: result: yes
configure:14517: checking whether the gfortran linker (/opt/mipsel-linux-uclibc/usr/mipsel-linux-uclibc/bin/ld) supports shared libraries
configure:15460: result: yes
configure:15527: checking dynamic linker characteristics
configure:16115: result: GNU/Linux ld.so
configure:16124: checking how to hardcode library paths into programs
configure:16149: result: immediate
configure:19936: creating ./config.status

## ---------------------- ##
## Running config.status. ##
## ---------------------- ##

This file was extended by config.status, which was
generated by GNU Autoconf 2.61.  Invocation command line was

  CONFIG_FILES    = 
  CONFIG_HEADERS  = 
  CONFIG_LINKS    = 
  CONFIG_COMMANDS = 
  $ ./config.status 

on Gforce

config.status:654: creating Makefile
config.status:654: creating m4/Makefile
config.status:654: creating tests/Makefile
config.status:845: executing depfiles commands

## ---------------- ##
## Cache variables. ##
## ---------------- ##

ac_cv_build=i686-pc-linux-gnu
ac_cv_c_compiler_gnu=yes
ac_cv_cxx_compiler_gnu=yes
ac_cv_env_CCC_set=
ac_cv_env_CCC_value=
ac_cv_env_CC_set=
ac_cv_env_CC_value=
ac_cv_env_CFLAGS_set=
ac_cv_env_CFLAGS_value=
ac_cv_env_CPPFLAGS_set=
ac_cv_env_CPPFLAGS_value=
ac_cv_env_CPP_set=
ac_cv_env_CPP_value=
ac_cv_env_CXXCPP_set=
ac_cv_env_CXXCPP_value=
ac_cv_env_CXXFLAGS_set=
ac_cv_env_CXXFLAGS_value=
ac_cv_env_CXX_set=
ac_cv_env_CXX_value=
ac_cv_env_F77_set=
ac_cv_env_F77_value=
ac_cv_env_FFLAGS_set=
ac_cv_env_FFLAGS_value=
ac_cv_env_LDFLAGS_set=
ac_cv_env_LDFLAGS_value=
ac_cv_env_LIBS_set=
ac_cv_env_LIBS_value=
ac_cv_env_build_alias_set=
ac_cv_env_build_alias_value=
ac_cv_env_host_alias_set=set
ac_cv_env_host_alias_value=mipsel-linux
ac_cv_env_target_alias_set=set
ac_cv_env_target_alias_value=mipsel-linux
ac_cv_f77_compiler_gnu=yes
ac_cv_header_dlfcn_h=yes
ac_cv_header_inttypes_h=yes
ac_cv_header_memory_h=yes
ac_cv_header_stdc=yes
ac_cv_header_stdint_h=yes
ac_cv_header_stdlib_h=yes
ac_cv_header_string_h=yes
ac_cv_header_strings_h=yes
ac_cv_header_sys_stat_h=yes
ac_cv_header_sys_types_h=yes
ac_cv_header_unistd_h=yes
ac_cv_host=mipsel-unknown-linux-gnu
ac_cv_objext=o
ac_cv_path_EGREP='/bin/grep -E'
ac_cv_path_GREP=/bin/grep
ac_cv_path_install='/usr/bin/install -c'
ac_cv_path_mkdir=/bin/mkdir
ac_cv_prog_AR=mipsel-linux-ar
ac_cv_prog_AWK=gawk
ac_cv_prog_CC=mipsel-linux-gcc
ac_cv_prog_CPP='mipsel-linux-gcc -E'
ac_cv_prog_CXX=mipsel-linux-g++
ac_cv_prog_CXXCPP='mipsel-linux-g++ -E'
ac_cv_prog_RANLIB=mipsel-linux-ranlib
ac_cv_prog_STRIP=mipsel-linux-strip
ac_cv_prog_ac_ct_F77=gfortran
ac_cv_prog_cc_c89=
ac_cv_prog_cc_g=yes
ac_cv_prog_cxx_g=yes
ac_cv_prog_f77_g=yes
ac_cv_prog_make_make_set=yes
am_cv_CC_dependencies_compiler_type=none
am_cv_CXX_dependencies_compiler_type=none
lt_cv_deplibs_check_method=pass_all
lt_cv_file_magic_cmd='$MAGIC_CMD'
lt_cv_file_magic_test_file=
lt_cv_ld_reload_flag=-r
lt_cv_objdir=.libs
lt_cv_path_LD=/opt/mipsel-linux-uclibc/usr/mipsel-linux-uclibc/bin/ld
lt_cv_path_LDCXX=/opt/mipsel-linux-uclibc/usr/mipsel-linux-uclibc/bin/ld
lt_cv_path_NM='/opt/mipsel-linux-uclibc/usr/bin/mipsel-linux-nm -B'
lt_cv_path_SED=/bin/sed
lt_cv_prog_compiler_c_o=yes
lt_cv_prog_compiler_c_o_CXX=yes
lt_cv_prog_compiler_c_o_F77=yes
lt_cv_prog_compiler_rtti_exceptions=no
lt_cv_prog_gnu_ld=yes
lt_cv_prog_gnu_ldcxx=yes
lt_cv_sys_global_symbol_pipe='sed -n -e '\''s/^.*[ 	]\([ABCDGIRSTW][ABCDGIRSTW]*\)[ 	][ 	]*\([_A-Za-z][_A-Za-z0-9]*\)$/\1 \2 \2/p'\'''
lt_cv_sys_global_symbol_to_c_name_address='sed -n -e '\''s/^: \([^ ]*\) $/  {\"\1\", (lt_ptr) 0},/p'\'' -e '\''s/^[BCDEGRST] \([^ ]*\) \([^ ]*\)$/  {"\2", (lt_ptr) \&\2},/p'\'''
lt_cv_sys_global_symbol_to_cdecl='sed -n -e '\''s/^. .* \(.*\)$/extern int \1;/p'\'''
lt_cv_sys_max_cmd_len=32768
lt_lt_cv_prog_compiler_c_o='"yes"'
lt_lt_cv_prog_compiler_c_o_CXX='"yes"'
lt_lt_cv_prog_compiler_c_o_F77='"yes"'
lt_lt_cv_sys_global_symbol_pipe='"sed -n -e '\''s/^.*[ 	]\\([ABCDGIRSTW][ABCDGIRSTW]*\\)[ 	][ 	]*\\([_A-Za-z][_A-Za-z0-9]*\\)\$/\\1 \\2 \\2/p'\''"'
lt_lt_cv_sys_global_symbol_to_c_name_address='"sed -n -e '\''s/^: \\([^ ]*\\) \$/  {\\\"\\1\\\", (lt_ptr) 0},/p'\'' -e '\''s/^[BCDEGRST] \\([^ ]*\\) \\([^ ]*\\)\$/  {\"\\2\", (lt_ptr) \\&\\2},/p'\''"'
lt_lt_cv_sys_global_symbol_to_cdecl='"sed -n -e '\''s/^. .* \\(.*\\)\$/extern int \\1;/p'\''"'

## ----------------- ##
## Output variables. ##
## ----------------- ##

ACLOCAL='${SHELL} /media/Data/dingoo/dingux/dev/openwrt/trunk/build_dir/target-_-/gettext-0.16.1/build-aux/missing --run aclocal-1.10'
AMDEPBACKSLASH='\'
AMDEP_FALSE='#'
AMDEP_TRUE=''
AMTAR='${SHELL} /media/Data/dingoo/dingux/dev/openwrt/trunk/build_dir/target-_-/gettext-0.16.1/build-aux/missing --run tar'
AR='mipsel-linux-ar'
AS='as'
AUTOCONF='${SHELL} /media/Data/dingoo/dingux/dev/openwrt/trunk/build_dir/target-_-/gettext-0.16.1/build-aux/missing --run autoconf'
AUTOHEADER='${SHELL} /media/Data/dingoo/dingux/dev/openwrt/trunk/build_dir/target-_-/gettext-0.16.1/build-aux/missing --run autoheader'
AUTOMAKE='${SHELL} /media/Data/dingoo/dingux/dev/openwrt/trunk/build_dir/target-_-/gettext-0.16.1/build-aux/missing --run automake-1.10'
AWK='gawk'
CC='mipsel-linux-gcc'
CCDEPMODE='depmode=none'
CFLAGS='-g -O2'
CPP='mipsel-linux-gcc -E'
CPPFLAGS=''
CXX='mipsel-linux-g++'
CXXCPP='mipsel-linux-g++ -E'
CXXDEPMODE='depmode=none'
CXXFLAGS='-g -O2'
CYGPATH_W='echo'
DEFS='-DPACKAGE_NAME=\"\" -DPACKAGE_TARNAME=\"\" -DPACKAGE_VERSION=\"\" -DPACKAGE_STRING=\"\" -DPACKAGE_BUGREPORT=\"\" -DPACKAGE=\"autoconf-lib-link\" -DVERSION=\"0.16.1\" -DSTDC_HEADERS=1 -DHAVE_SYS_TYPES_H=1 -DHAVE_SYS_STAT_H=1 -DHAVE_STDLIB_H=1 -DHAVE_STRING_H=1 -DHAVE_MEMORY_H=1 -DHAVE_STRINGS_H=1 -DHAVE_INTTYPES_H=1 -DHAVE_STDINT_H=1 -DHAVE_UNISTD_H=1 -DHAVE_DLFCN_H=1'
DEPDIR='.deps'
DLLTOOL='dlltool'
ECHO='echo'
ECHO_C=''
ECHO_N='-n'
ECHO_T=''
EGREP='/bin/grep -E'
EXEEXT=''
F77='gfortran'
FFLAGS='-g -O2'
GCC='yes'
GREP='/bin/grep'
INSTALL_DATA='${INSTALL} -m 644'
INSTALL_PROGRAM='${INSTALL}'
INSTALL_SCRIPT='${INSTALL}'
INSTALL_STRIP_PROGRAM='$(install_sh) -c -s'
LD='/opt/mipsel-linux-uclibc/usr/mipsel-linux-uclibc/bin/ld'
LDFLAGS=''
LIBDIRSTEM='lib'
LIBOBJS=''
LIBS=''
LIBTOOL='$(SHELL) $(top_builddir)/libtool'
LN_S='ln -s'
LTLIBOBJS=''
MAKEINFO='${SHELL} /media/Data/dingoo/dingux/dev/openwrt/trunk/build_dir/target-_-/gettext-0.16.1/build-aux/missing --run makeinfo'
OBJDUMP='objdump'
OBJEXT='o'
PACKAGE='autoconf-lib-link'
PACKAGE_BUGREPORT=''
PACKAGE_NAME=''
PACKAGE_STRING=''
PACKAGE_TARNAME=''
PACKAGE_VERSION=''
PATH_SEPARATOR=':'
RANLIB='mipsel-linux-ranlib'
SET_MAKE=''
SHELL='/bin/bash'
STRIP='mipsel-linux-strip'
VERSION='0.16.1'
ac_ct_CC=''
ac_ct_CXX=''
ac_ct_F77='gfortran'
aclocaldir='${datadir}/aclocal'
am__fastdepCC_FALSE=''
am__fastdepCC_TRUE='#'
am__fastdepCXX_FALSE=''
am__fastdepCXX_TRUE='#'
am__include='include'
am__isrc=''
am__leading_dot='.'
am__quote=''
am__tar='${AMTAR} chof - "$$tardir"'
am__untar='${AMTAR} xf -'
bindir='${exec_prefix}/bin'
build='i686-pc-linux-gnu'
build_alias=''
build_cpu='i686'
build_os='linux-gnu'
build_vendor='pc'
datadir='${datarootdir}'
datarootdir='${prefix}/share'
docdir='${datarootdir}/doc/${PACKAGE}'
dvidir='${docdir}'
exec_prefix='${prefix}'
host='mipsel-unknown-linux-gnu'
host_alias='mipsel-linux'
host_cpu='mipsel'
host_os='linux-gnu'
host_vendor='unknown'
htmldir='${docdir}'
includedir='${prefix}/include'
infodir='${datarootdir}/info'
install_sh='$(SHELL) /media/Data/dingoo/dingux/dev/openwrt/trunk/build_dir/target-_-/gettext-0.16.1/build-aux/install-sh'
libdir='${exec_prefix}/lib'
libexecdir='${exec_prefix}/libexec'
localedir='${datarootdir}/locale'
localstatedir='${prefix}/var'
mandir='${datarootdir}/man'
mkdir_p='/bin/mkdir -p'
oldincludedir='/usr/include'
pdfdir='${docdir}'
prefix='/opt/mipsel-linux-uclibc/usr'
program_transform_name='s,x,x,'
psdir='${docdir}'
sbindir='${exec_prefix}/sbin'
sharedstatedir='${prefix}/com'
sysconfdir='${prefix}/etc'
target_alias='mipsel-linux'
with_gnu_ld='yes'

## ----------- ##
## confdefs.h. ##
## ----------- ##

#define PACKAGE_NAME ""
#define PACKAGE_TARNAME ""
#define PACKAGE_VERSION ""
#define PACKAGE_STRING ""
#define PACKAGE_BUGREPORT ""
#define PACKAGE "autoconf-lib-link"
#define VERSION "0.16.1"
#define STDC_HEADERS 1
#define HAVE_SYS_TYPES_H 1
#define HAVE_SYS_STAT_H 1
#define HAVE_STDLIB_H 1
#define HAVE_STRING_H 1
#define HAVE_MEMORY_H 1
#define HAVE_STRINGS_H 1
#define HAVE_INTTYPES_H 1
#define HAVE_STDINT_H 1
#define HAVE_UNISTD_H 1
#define HAVE_DLFCN_H 1

configure: exit 0
