This file contains any messages produced by compilers while
running configure, to aid debugging if configure makes a mistake.

It was created by MPEG Audio Decoder configure 0.15.1b, which was
generated by GNU Autoconf 2.59.  Invocation command line was

  $ ./configure --host=x86-redhat-linux --build=i386-redhat-linux --target=mipsel-linux --enable-fpm=mips --disable-shared

## --------- ##
## Platform. ##
## --------- ##

hostname = lucky-po
uname -m = i686
uname -r = 2.6.27-14-generic
uname -s = Linux
uname -v = #1 SMP Tue Jun 30 19:57:39 UTC 2009

/usr/bin/uname -p = unknown
/bin/uname -X     = unknown

/bin/arch              = unknown
/usr/bin/arch -k       = unknown
/usr/convex/getsysinfo = unknown
hostinfo               = unknown
/bin/machine           = unknown
/usr/bin/oslevel       = unknown
/bin/universe          = unknown

PATH: /home/po/bin
PATH: /usr/local/sbin
PATH: /usr/local/bin
PATH: /usr/sbin
PATH: /usr/bin
PATH: /sbin
PATH: /bin
PATH: /usr/games
PATH: /opt/mipsel-linux-uclibc/usr/bin/
PATH: /opt/x-tools/mipsel-dingoo-elf/bin
PATH: /opt/slickedit/bin/


## ----------- ##
## Core tests. ##
## ----------- ##

configure:1577: checking for a BSD-compatible install
configure:1632: result: /usr/bin/install -c
configure:1643: checking whether build environment is sane
configure:1686: result: yes
configure:1743: checking for gawk
configure:1759: found /usr/bin/gawk
configure:1769: result: gawk
configure:1779: checking whether make sets $(MAKE)
configure:1799: result: yes
configure:1878: checking for x86-redhat-linux-strip
configure:1907: result: no
configure:1916: checking for strip
configure:1932: found /usr/bin/strip
configure:1943: result: strip
configure:1974: checking build system type
configure:1992: result: i386-redhat-linux-gnu
configure:2000: checking host system type
configure:2014: result: x86-redhat-linux-gnu
configure:2032: checking for x86-redhat-linux-gcc
configure:2058: result: mipsel-linux-gcc -mips32
configure:2340: checking for C compiler version
configure:2343: mipsel-linux-gcc -mips32 --version </dev/null >&5
mipsel-linux-gcc (GCC) 4.3.3
Copyright (C) 2008 Free Software Foundation, Inc.
This is free software; see the source for copying conditions.  There is NO
warranty; not even for MERCHANTABILITY or FITNESS FOR A PARTICULAR PURPOSE.

configure:2346: $? = 0
configure:2348: mipsel-linux-gcc -mips32 -v </dev/null >&5
Using built-in specs.
Target: mipsel-linux-uclibc
Configured with: /home/iggarpe/A320/dev/dingoo-linux/buildroot-2009.05-dingux/toolchain_build_mipsel/gcc-4.3.3/configure --prefix=/usr --build=i386-pc-linux-gnu --host=i386-pc-linux-gnu --target=mipsel-linux-uclibc --enable-languages=c,c++ --with-sysroot=/opt/mipsel-linux-uclibc --with-build-time-tools=/opt/mipsel-linux-uclibc/usr/mipsel-linux-uclibc/bin --disable-__cxa_atexit --enable-target-optspace --with-gnu-ld --disable-libssp --disable-tls --enable-shared --with-gmp=/home/iggarpe/A320/dev/dingoo-linux/buildroot-2009.05-dingux/toolchain_build_mipsel/gmp --with-mpfr=/home/iggarpe/A320/dev/dingoo-linux/buildroot-2009.05-dingux/toolchain_build_mipsel/mpfr --disable-nls --enable-threads --disable-multilib --disable-decimal-float --with-float=soft --with-abi=32 --with-tune=mips32
Thread model: posix
gcc version 4.3.3 (GCC) 
configure:2351: $? = 0
configure:2353: mipsel-linux-gcc -mips32 -V </dev/null >&5
mipsel-linux-gcc: '-V' must come at the start of the command line
configure:2356: $? = 1
configure:2379: checking for C compiler default output file name
configure:2382: mipsel-linux-gcc -mips32 -O4   conftest.c  >&5
configure:2385: $? = 0
configure:2431: result: a.out
configure:2436: checking whether the C compiler works
configure:2462: result: yes
configure:2469: checking whether we are cross compiling
configure:2471: result: yes
configure:2474: checking for suffix of executables
configure:2476: mipsel-linux-gcc -mips32 -o conftest -O4   conftest.c  >&5
configure:2479: $? = 0
configure:2504: result: 
configure:2510: checking for suffix of object files
configure:2531: mipsel-linux-gcc -mips32 -c -O4  conftest.c >&5
configure:2534: $? = 0
configure:2556: result: o
configure:2560: checking whether we are using the GNU C compiler
configure:2584: mipsel-linux-gcc -mips32 -c -O4  conftest.c >&5
configure:2590: $? = 0
configure:2594: test -z 
			 || test ! -s conftest.err
configure:2597: $? = 0
configure:2600: test -s conftest.o
configure:2603: $? = 0
configure:2616: result: yes
configure:2622: checking whether mipsel-linux-gcc -mips32 accepts -g
configure:2643: mipsel-linux-gcc -mips32 -c -g  conftest.c >&5
configure:2649: $? = 0
configure:2653: test -z 
			 || test ! -s conftest.err
configure:2656: $? = 0
configure:2659: test -s conftest.o
configure:2662: $? = 0
configure:2673: result: yes
configure:2690: checking for mipsel-linux-gcc -mips32 option to accept ANSI C
configure:2760: mipsel-linux-gcc -mips32  -c -O4  conftest.c >&5
configure:2766: $? = 0
configure:2770: test -z 
			 || test ! -s conftest.err
configure:2773: $? = 0
configure:2776: test -s conftest.o
configure:2779: $? = 0
configure:2797: result: none needed
configure:2815: mipsel-linux-gcc -mips32 -c -O4  conftest.c >&5
conftest.c:2: error: expected '=', ',', ';', 'asm' or '__attribute__' before 'me'
configure:2821: $? = 1
configure: failed program was:
| #ifndef __cplusplus
|   choke me
| #endif
configure:2965: checking for style of include used by make
configure:2993: result: GNU
configure:3021: checking dependency style of mipsel-linux-gcc -mips32
configure:3104: result: gcc3
configure:3216: checking for a sed that does not truncate output
configure:3270: result: /bin/sed
configure:3273: checking for egrep
configure:3283: result: grep -E
configure:3299: checking for ld used by mipsel-linux-gcc -mips32
configure:3366: result: /opt/mipsel-linux-uclibc/usr/mipsel-linux-uclibc/bin/ld
configure:3375: checking if the linker (/opt/mipsel-linux-uclibc/usr/mipsel-linux-uclibc/bin/ld) is GNU ld
configure:3390: result: yes
configure:3395: checking for /opt/mipsel-linux-uclibc/usr/mipsel-linux-uclibc/bin/ld option to reload object files
configure:3402: result: -r
configure:3411: checking for BSD-compatible nm
configure:3453: result: nm
configure:3457: checking whether ln -s works
configure:3461: result: yes
configure:3468: checking how to recognise dependent libraries
configure:3642: result: pass_all
configure:3856: checking how to run the C preprocessor
configure:3891: mipsel-linux-gcc -mips32 -E  conftest.c
configure:3897: $? = 0
configure:3929: mipsel-linux-gcc -mips32 -E  conftest.c
conftest.c:11:28: error: ac_nonexistent.h: No such file or directory
configure:3935: $? = 1
configure: failed program was:
| /* confdefs.h.  */
| 
| #define PACKAGE_NAME "MPEG Audio Decoder"
| #define PACKAGE_TARNAME "libmad"
| #define PACKAGE_VERSION "0.15.1b"
| #define PACKAGE_STRING "MPEG Audio Decoder 0.15.1b"
| #define PACKAGE_BUGREPORT "support@underbit.com"
| #define PACKAGE "libmad"
| #define VERSION "0.15.1b"
| /* end confdefs.h.  */
| #include <ac_nonexistent.h>
configure:3974: result: mipsel-linux-gcc -mips32 -E
configure:3998: mipsel-linux-gcc -mips32 -E  conftest.c
configure:4004: $? = 0
configure:4036: mipsel-linux-gcc -mips32 -E  conftest.c
conftest.c:11:28: error: ac_nonexistent.h: No such file or directory
configure:4042: $? = 1
configure: failed program was:
| /* confdefs.h.  */
| 
| #define PACKAGE_NAME "MPEG Audio Decoder"
| #define PACKAGE_TARNAME "libmad"
| #define PACKAGE_VERSION "0.15.1b"
| #define PACKAGE_STRING "MPEG Audio Decoder 0.15.1b"
| #define PACKAGE_BUGREPORT "support@underbit.com"
| #define PACKAGE "libmad"
| #define VERSION "0.15.1b"
| /* end confdefs.h.  */
| #include <ac_nonexistent.h>
configure:4086: checking for ANSI C header files
configure:4111: mipsel-linux-gcc -mips32 -c -O4  conftest.c >&5
configure:4117: $? = 0
configure:4121: test -z 
			 || test ! -s conftest.err
configure:4124: $? = 0
configure:4127: test -s conftest.o
configure:4130: $? = 0
configure:4242: result: yes
configure:4266: checking for sys/types.h
configure:4282: mipsel-linux-gcc -mips32 -c -O4  conftest.c >&5
configure:4288: $? = 0
configure:4292: test -z 
			 || test ! -s conftest.err
configure:4295: $? = 0
configure:4298: test -s conftest.o
configure:4301: $? = 0
configure:4312: result: yes
configure:4266: checking for sys/stat.h
configure:4282: mipsel-linux-gcc -mips32 -c -O4  conftest.c >&5
configure:4288: $? = 0
configure:4292: test -z 
			 || test ! -s conftest.err
configure:4295: $? = 0
configure:4298: test -s conftest.o
configure:4301: $? = 0
configure:4312: result: yes
configure:4266: checking for stdlib.h
configure:4282: mipsel-linux-gcc -mips32 -c -O4  conftest.c >&5
configure:4288: $? = 0
configure:4292: test -z 
			 || test ! -s conftest.err
configure:4295: $? = 0
configure:4298: test -s conftest.o
configure:4301: $? = 0
configure:4312: result: yes
configure:4266: checking for string.h
configure:4282: mipsel-linux-gcc -mips32 -c -O4  conftest.c >&5
configure:4288: $? = 0
configure:4292: test -z 
			 || test ! -s conftest.err
configure:4295: $? = 0
configure:4298: test -s conftest.o
configure:4301: $? = 0
configure:4312: result: yes
configure:4266: checking for memory.h
configure:4282: mipsel-linux-gcc -mips32 -c -O4  conftest.c >&5
configure:4288: $? = 0
configure:4292: test -z 
			 || test ! -s conftest.err
configure:4295: $? = 0
configure:4298: test -s conftest.o
configure:4301: $? = 0
configure:4312: result: yes
configure:4266: checking for strings.h
configure:4282: mipsel-linux-gcc -mips32 -c -O4  conftest.c >&5
configure:4288: $? = 0
configure:4292: test -z 
			 || test ! -s conftest.err
configure:4295: $? = 0
configure:4298: test -s conftest.o
configure:4301: $? = 0
configure:4312: result: yes
configure:4266: checking for inttypes.h
configure:4282: mipsel-linux-gcc -mips32 -c -O4  conftest.c >&5
configure:4288: $? = 0
configure:4292: test -z 
			 || test ! -s conftest.err
configure:4295: $? = 0
configure:4298: test -s conftest.o
configure:4301: $? = 0
configure:4312: result: yes
configure:4266: checking for stdint.h
configure:4282: mipsel-linux-gcc -mips32 -c -O4  conftest.c >&5
configure:4288: $? = 0
configure:4292: test -z 
			 || test ! -s conftest.err
configure:4295: $? = 0
configure:4298: test -s conftest.o
configure:4301: $? = 0
configure:4312: result: yes
configure:4266: checking for unistd.h
configure:4282: mipsel-linux-gcc -mips32 -c -O4  conftest.c >&5
configure:4288: $? = 0
configure:4292: test -z 
			 || test ! -s conftest.err
configure:4295: $? = 0
configure:4298: test -s conftest.o
configure:4301: $? = 0
configure:4312: result: yes
configure:4338: checking dlfcn.h usability
configure:4350: mipsel-linux-gcc -mips32 -c -O4  conftest.c >&5
configure:4356: $? = 0
configure:4360: test -z 
			 || test ! -s conftest.err
configure:4363: $? = 0
configure:4366: test -s conftest.o
configure:4369: $? = 0
configure:4379: result: yes
configure:4383: checking dlfcn.h presence
configure:4393: mipsel-linux-gcc -mips32 -E  conftest.c
configure:4399: $? = 0
configure:4419: result: yes
configure:4454: checking for dlfcn.h
configure:4461: result: yes
configure:4484: checking for x86-redhat-linux-g++
configure:4513: result: no
configure:4484: checking for x86-redhat-linux-c++
configure:4513: result: no
configure:4484: checking for x86-redhat-linux-gpp
configure:4513: result: no
configure:4484: checking for x86-redhat-linux-aCC
configure:4513: result: no
configure:4484: checking for x86-redhat-linux-CC
configure:4513: result: no
configure:4484: checking for x86-redhat-linux-cxx
configure:4513: result: no
configure:4484: checking for x86-redhat-linux-cc++
configure:4513: result: no
configure:4484: checking for x86-redhat-linux-cl
configure:4513: result: no
configure:4484: checking for x86-redhat-linux-FCC
configure:4513: result: no
configure:4484: checking for x86-redhat-linux-KCC
configure:4513: result: no
configure:4484: checking for x86-redhat-linux-RCC
configure:4513: result: no
configure:4484: checking for x86-redhat-linux-xlC_r
configure:4513: result: no
configure:4484: checking for x86-redhat-linux-xlC
configure:4513: result: no
configure:4526: checking for g++
configure:4542: found /usr/bin/g++
configure:4552: result: g++
configure:4568: checking for C++ compiler version
configure:4571: g++ --version </dev/null >&5
g++ (Ubuntu 4.3.2-1ubuntu12) 4.3.2
Copyright (C) 2008 Free Software Foundation, Inc.
This is free software; see the source for copying conditions.  There is NO
warranty; not even for MERCHANTABILITY or FITNESS FOR A PARTICULAR PURPOSE.

configure:4574: $? = 0
configure:4576: g++ -v </dev/null >&5
Using built-in specs.
Target: i486-linux-gnu
Configured with: ../src/configure -v --with-pkgversion='Ubuntu 4.3.2-1ubuntu12' --with-bugurl=file:///usr/share/doc/gcc-4.3/README.Bugs --enable-languages=c,c++,fortran,objc,obj-c++ --prefix=/usr --enable-shared --with-system-zlib --libexecdir=/usr/lib --without-included-gettext --enable-threads=posix --enable-nls --with-gxx-include-dir=/usr/include/c++/4.3 --program-suffix=-4.3 --enable-clocale=gnu --enable-libstdcxx-debug --enable-objc-gc --enable-mpfr --enable-targets=all --enable-checking=release --build=i486-linux-gnu --host=i486-linux-gnu --target=i486-linux-gnu
Thread model: posix
gcc version 4.3.2 (Ubuntu 4.3.2-1ubuntu12) 
configure:4579: $? = 0
configure:4581: g++ -V </dev/null >&5
g++: '-V' option must have argument
configure:4584: $? = 1
configure:4587: checking whether we are using the GNU C++ compiler
configure:4611: g++ -c   conftest.cc >&5
configure:4617: $? = 0
configure:4621: test -z 
			 || test ! -s conftest.err
configure:4624: $? = 0
configure:4627: test -s conftest.o
configure:4630: $? = 0
configure:4643: result: yes
configure:4649: checking whether g++ accepts -g
configure:4670: g++ -c -g  conftest.cc >&5
configure:4676: $? = 0
configure:4680: test -z 
			 || test ! -s conftest.err
configure:4683: $? = 0
configure:4686: test -s conftest.o
configure:4689: $? = 0
configure:4700: result: yes
configure:4742: g++ -c -g -O2  conftest.cc >&5
configure:4748: $? = 0
configure:4752: test -z 
			 || test ! -s conftest.err
configure:4755: $? = 0
configure:4758: test -s conftest.o
configure:4761: $? = 0
configure:4787: g++ -c -g -O2  conftest.cc >&5
conftest.cc: In function 'int main()':
conftest.cc:26: error: 'exit' was not declared in this scope
configure:4793: $? = 1
configure: failed program was:
| /* confdefs.h.  */
| 
| #define PACKAGE_NAME "MPEG Audio Decoder"
| #define PACKAGE_TARNAME "libmad"
| #define PACKAGE_VERSION "0.15.1b"
| #define PACKAGE_STRING "MPEG Audio Decoder 0.15.1b"
| #define PACKAGE_BUGREPORT "support@underbit.com"
| #define PACKAGE "libmad"
| #define VERSION "0.15.1b"
| #define STDC_HEADERS 1
| #define HAVE_SYS_TYPES_H 1
| #define HAVE_SYS_STAT_H 1
| #define HAVE_STDLIB_H 1
| #define HAVE_STRING_H 1
| #define HAVE_MEMORY_H 1
| #define HAVE_STRINGS_H 1
| #define HAVE_INTTYPES_H 1
| #define HAVE_STDINT_H 1
| #define HAVE_UNISTD_H 1
| #define HAVE_DLFCN_H 1
| /* end confdefs.h.  */
| 
| int
| main ()
| {
| exit (42);
|   ;
|   return 0;
| }
configure:4742: g++ -c -g -O2  conftest.cc >&5
conftest.cc:22: error: 'void std::exit(int)' should have been declared inside 'std'
configure:4748: $? = 1
configure: failed program was:
| /* confdefs.h.  */
| 
| #define PACKAGE_NAME "MPEG Audio Decoder"
| #define PACKAGE_TARNAME "libmad"
| #define PACKAGE_VERSION "0.15.1b"
| #define PACKAGE_STRING "MPEG Audio Decoder 0.15.1b"
| #define PACKAGE_BUGREPORT "support@underbit.com"
| #define PACKAGE "libmad"
| #define VERSION "0.15.1b"
| #define STDC_HEADERS 1
| #define HAVE_SYS_TYPES_H 1
| #define HAVE_SYS_STAT_H 1
| #define HAVE_STDLIB_H 1
| #define HAVE_STRING_H 1
| #define HAVE_MEMORY_H 1
| #define HAVE_STRINGS_H 1
| #define HAVE_INTTYPES_H 1
| #define HAVE_STDINT_H 1
| #define HAVE_UNISTD_H 1
| #define HAVE_DLFCN_H 1
| /* end confdefs.h.  */
| extern "C" void std::exit (int) throw (); using std::exit;
| #include <stdlib.h>
| int
| main ()
| {
| exit (42);
|   ;
|   return 0;
| }
configure:4742: g++ -c -g -O2  conftest.cc >&5
conftest.cc:22: error: 'void std::exit(int)' should have been declared inside 'std'
In file included from conftest.cc:23:
/usr/include/stdlib.h:531: error: declaration of 'void std::exit(int) throw ()' throws different exceptions
conftest.cc:22: error: from previous declaration 'void std::exit(int)'
configure:4748: $? = 1
configure: failed program was:
| /* confdefs.h.  */
| 
| #define PACKAGE_NAME "MPEG Audio Decoder"
| #define PACKAGE_TARNAME "libmad"
| #define PACKAGE_VERSION "0.15.1b"
| #define PACKAGE_STRING "MPEG Audio Decoder 0.15.1b"
| #define PACKAGE_BUGREPORT "support@underbit.com"
| #define PACKAGE "libmad"
| #define VERSION "0.15.1b"
| #define STDC_HEADERS 1
| #define HAVE_SYS_TYPES_H 1
| #define HAVE_SYS_STAT_H 1
| #define HAVE_STDLIB_H 1
| #define HAVE_STRING_H 1
| #define HAVE_MEMORY_H 1
| #define HAVE_STRINGS_H 1
| #define HAVE_INTTYPES_H 1
| #define HAVE_STDINT_H 1
| #define HAVE_UNISTD_H 1
| #define HAVE_DLFCN_H 1
| /* end confdefs.h.  */
| extern "C" void std::exit (int); using std::exit;
| #include <stdlib.h>
| int
| main ()
| {
| exit (42);
|   ;
|   return 0;
| }
configure:4742: g++ -c -g -O2  conftest.cc >&5
configure:4748: $? = 0
configure:4752: test -z 
			 || test ! -s conftest.err
configure:4755: $? = 0
configure:4758: test -s conftest.o
configure:4761: $? = 0
configure:4787: g++ -c -g -O2  conftest.cc >&5
configure:4793: $? = 0
configure:4797: test -z 
			 || test ! -s conftest.err
configure:4800: $? = 0
configure:4803: test -s conftest.o
configure:4806: $? = 0
configure:4831: checking dependency style of g++
configure:4914: result: gcc3
configure:4936: checking how to run the C++ preprocessor
configure:4967: g++ -E  conftest.cc
configure:4973: $? = 0
configure:5005: g++ -E  conftest.cc
conftest.cc:25:28: error: ac_nonexistent.h: No such file or directory
configure:5011: $? = 1
configure: failed program was:
| /* confdefs.h.  */
| 
| #define PACKAGE_NAME "MPEG Audio Decoder"
| #define PACKAGE_TARNAME "libmad"
| #define PACKAGE_VERSION "0.15.1b"
| #define PACKAGE_STRING "MPEG Audio Decoder 0.15.1b"
| #define PACKAGE_BUGREPORT "support@underbit.com"
| #define PACKAGE "libmad"
| #define VERSION "0.15.1b"
| #define STDC_HEADERS 1
| #define HAVE_SYS_TYPES_H 1
| #define HAVE_SYS_STAT_H 1
| #define HAVE_STDLIB_H 1
| #define HAVE_STRING_H 1
| #define HAVE_MEMORY_H 1
| #define HAVE_STRINGS_H 1
| #define HAVE_INTTYPES_H 1
| #define HAVE_STDINT_H 1
| #define HAVE_UNISTD_H 1
| #define HAVE_DLFCN_H 1
| #ifdef __cplusplus
| extern "C" void exit (int) throw ();
| #endif
| /* end confdefs.h.  */
| #include <ac_nonexistent.h>
configure:5050: result: g++ -E
configure:5074: g++ -E  conftest.cc
configure:5080: $? = 0
configure:5112: g++ -E  conftest.cc
conftest.cc:25:28: error: ac_nonexistent.h: No such file or directory
configure:5118: $? = 1
configure: failed program was:
| /* confdefs.h.  */
| 
| #define PACKAGE_NAME "MPEG Audio Decoder"
| #define PACKAGE_TARNAME "libmad"
| #define PACKAGE_VERSION "0.15.1b"
| #define PACKAGE_STRING "MPEG Audio Decoder 0.15.1b"
| #define PACKAGE_BUGREPORT "support@underbit.com"
| #define PACKAGE "libmad"
| #define VERSION "0.15.1b"
| #define STDC_HEADERS 1
| #define HAVE_SYS_TYPES_H 1
| #define HAVE_SYS_STAT_H 1
| #define HAVE_STDLIB_H 1
| #define HAVE_STRING_H 1
| #define HAVE_MEMORY_H 1
| #define HAVE_STRINGS_H 1
| #define HAVE_INTTYPES_H 1
| #define HAVE_STDINT_H 1
| #define HAVE_UNISTD_H 1
| #define HAVE_DLFCN_H 1
| #ifdef __cplusplus
| extern "C" void exit (int) throw ();
| #endif
| /* end confdefs.h.  */
| #include <ac_nonexistent.h>
configure:5171: checking for x86-redhat-linux-g77
configure:5200: result: no
configure:5171: checking for x86-redhat-linux-f77
configure:5200: result: no
configure:5171: checking for x86-redhat-linux-xlf
configure:5200: result: no
configure:5171: checking for x86-redhat-linux-frt
configure:5200: result: no
configure:5171: checking for x86-redhat-linux-pgf77
configure:5200: result: no
configure:5171: checking for x86-redhat-linux-fort77
configure:5200: result: no
configure:5171: checking for x86-redhat-linux-fl32
configure:5200: result: no
configure:5171: checking for x86-redhat-linux-af77
configure:5200: result: no
configure:5171: checking for x86-redhat-linux-f90
configure:5200: result: no
configure:5171: checking for x86-redhat-linux-xlf90
configure:5200: result: no
configure:5171: checking for x86-redhat-linux-pgf90
configure:5200: result: no
configure:5171: checking for x86-redhat-linux-epcf90
configure:5200: result: no
configure:5171: checking for x86-redhat-linux-f95
configure:5200: result: no
configure:5171: checking for x86-redhat-linux-fort
configure:5200: result: no
configure:5171: checking for x86-redhat-linux-xlf95
configure:5200: result: no
configure:5171: checking for x86-redhat-linux-ifc
configure:5200: result: no
configure:5171: checking for x86-redhat-linux-efc
configure:5200: result: no
configure:5171: checking for x86-redhat-linux-pgf95
configure:5200: result: no
configure:5171: checking for x86-redhat-linux-lf95
configure:5200: result: no
configure:5171: checking for x86-redhat-linux-gfortran
configure:5200: result: no
configure:5213: checking for g77
configure:5242: result: no
configure:5213: checking for f77
configure:5242: result: no
configure:5213: checking for xlf
configure:5242: result: no
configure:5213: checking for frt
configure:5242: result: no
configure:5213: checking for pgf77
configure:5242: result: no
configure:5213: checking for fort77
configure:5242: result: no
configure:5213: checking for fl32
configure:5242: result: no
configure:5213: checking for af77
configure:5242: result: no
configure:5213: checking for f90
configure:5242: result: no
configure:5213: checking for xlf90
configure:5242: result: no
configure:5213: checking for pgf90
configure:5242: result: no
configure:5213: checking for epcf90
configure:5242: result: no
configure:5213: checking for f95
configure:5242: result: no
configure:5213: checking for fort
configure:5242: result: no
configure:5213: checking for xlf95
configure:5242: result: no
configure:5213: checking for ifc
configure:5242: result: no
configure:5213: checking for efc
configure:5242: result: no
configure:5213: checking for pgf95
configure:5242: result: no
configure:5213: checking for lf95
configure:5242: result: no
configure:5213: checking for gfortran
configure:5242: result: no
configure:5254: checking for Fortran 77 compiler version
configure:5257:  --version </dev/null >&5
./configure: line 5258: --version: command not found
configure:5260: $? = 127
configure:5262:  -v </dev/null >&5
./configure: line 5263: -v: command not found
configure:5265: $? = 127
configure:5267:  -V </dev/null >&5
./configure: line 5268: -V: command not found
configure:5270: $? = 127
configure:5278: checking whether we are using the GNU Fortran 77 compiler
configure:5292:  -c  conftest.F >&5
./configure: line 5293: -c: command not found
configure:5298: $? = 127
configure: failed program was:
|       program main
| #ifndef __GNUC__
|        choke me
| #endif
| 
|       end
configure:5324: result: no
configure:5330: checking whether  accepts -g
configure:5342:  -c -g conftest.f >&5
./configure: line 5343: -c: command not found
configure:5348: $? = 127
configure: failed program was:
|       program main
| 
|       end
configure:5373: result: no
configure:5403: checking the maximum length of command line arguments
configure:5468: result: 32768
configure:5479: checking command to parse nm output from mipsel-linux-gcc -mips32 object
configure:5568: mipsel-linux-gcc -mips32 -c -O4  conftest.c >&5
configure:5571: $? = 0
configure:5575: nm conftest.o \| sed -n -e 's/^.*[ 	]\([ABCDGIRSTW][ABCDGIRSTW]*\)[ 	][ 	]*\(\)\([_A-Za-z][_A-Za-z0-9]*\)$/\1 \2\3 \3/p' \> conftest.nm
configure:5578: $? = 0
configure:5630: mipsel-linux-gcc -mips32 -o conftest -O4   conftest.c conftstm.o >&5
configure:5633: $? = 0
configure:5671: result: ok
configure:5675: checking for objdir
configure:5690: result: .libs
configure:5742: checking for x86-redhat-linux-ar
configure:5771: result: no
configure:5780: checking for ar
configure:5796: found /usr/bin/ar
configure:5807: result: ar
configure:5822: checking for x86-redhat-linux-ranlib
configure:5851: result: no
configure:5860: checking for ranlib
configure:5876: found /usr/bin/ranlib
configure:5887: result: ranlib
configure:5902: checking for x86-redhat-linux-strip
configure:5928: result: strip
configure:6229: checking if mipsel-linux-gcc -mips32 static flag  works
configure:6252: result: yes
configure:6270: checking if mipsel-linux-gcc -mips32 supports -fno-rtti -fno-exceptions
configure:6288: mipsel-linux-gcc -mips32 -c -O4  -fno-rtti -fno-exceptions conftest.c >&5
cc1: warning: command line option "-fno-rtti" is valid for C++/ObjC++ but not for C
configure:6292: $? = 0
configure:6303: result: no
configure:6318: checking for mipsel-linux-gcc -mips32 option to produce PIC
configure:6495: result: -fPIC
configure:6503: checking if mipsel-linux-gcc -mips32 PIC flag -fPIC works
configure:6521: mipsel-linux-gcc -mips32 -c -O4  -fPIC -DPIC conftest.c >&5
configure:6525: $? = 0
configure:6536: result: yes
configure:6560: checking if mipsel-linux-gcc -mips32 supports -c -o file.o
configure:6581: mipsel-linux-gcc -mips32 -c -O4  -o out/conftest2.o conftest.c >&5
configure:6585: $? = 0
configure:6605: result: yes
configure:6631: checking whether the mipsel-linux-gcc -mips32 linker (/opt/mipsel-linux-uclibc/usr/mipsel-linux-uclibc/bin/ld) supports shared libraries
configure:7479: result: yes
configure:7550: checking dynamic linker characteristics
configure:8090: result: GNU/Linux ld.so
configure:8094: checking how to hardcode library paths into programs
configure:8119: result: immediate
configure:8133: checking whether stripping libraries is possible
configure:8138: result: yes
configure:8968: checking if libtool supports shared libraries
configure:8970: result: yes
configure:8973: checking whether to build shared libraries
configure:9031: result: no
configure:9034: checking whether to build static libraries
configure:9038: result: yes
configure:9130: creating libtool
configure:9677: checking for ld used by g++
configure:9744: result: /opt/mipsel-linux-uclibc/usr/mipsel-linux-uclibc/bin/ld
configure:9753: checking if the linker (/opt/mipsel-linux-uclibc/usr/mipsel-linux-uclibc/bin/ld) is GNU ld
configure:9768: result: yes
configure:9819: checking whether the g++ linker (/opt/mipsel-linux-uclibc/usr/mipsel-linux-uclibc/bin/ld) supports shared libraries
configure:10647: result: yes
configure:10665: g++ -c -g -O2  conftest.cc >&5
configure:10668: $? = 0
configure:10764: checking for g++ option to produce PIC
configure:11016: result: -fPIC
configure:11024: checking if g++ PIC flag -fPIC works
configure:11042: g++ -c -g -O2  -fPIC -DPIC conftest.cc >&5
configure:11046: $? = 0
configure:11057: result: yes
configure:11081: checking if g++ supports -c -o file.o
configure:11102: g++ -c -g -O2  -o out/conftest2.o conftest.cc >&5
configure:11106: $? = 0
configure:11126: result: yes
configure:11152: checking whether the g++ linker (/opt/mipsel-linux-uclibc/usr/mipsel-linux-uclibc/bin/ld) supports shared libraries
configure:11177: result: yes
configure:11248: checking dynamic linker characteristics
configure:11788: result: GNU/Linux ld.so
configure:11792: checking how to hardcode library paths into programs
configure:11817: result: immediate
configure:11831: checking whether stripping libraries is possible
configure:11836: result: yes
configure:19216: checking for ANSI C header files
configure:19372: result: yes
configure:19382: checking for sys/wait.h that is POSIX.1 compatible
configure:19413: mipsel-linux-gcc -mips32 -c -Wall  conftest.c >&5
configure:19419: $? = 0
configure:19423: test -z 
			 || test ! -s conftest.err
configure:19426: $? = 0
configure:19429: test -s conftest.o
configure:19432: $? = 0
configure:19443: result: yes
configure:19472: checking assert.h usability
configure:19484: mipsel-linux-gcc -mips32 -c -Wall  conftest.c >&5
configure:19490: $? = 0
configure:19494: test -z 
			 || test ! -s conftest.err
configure:19497: $? = 0
configure:19500: test -s conftest.o
configure:19503: $? = 0
configure:19513: result: yes
configure:19517: checking assert.h presence
configure:19527: mipsel-linux-gcc -mips32 -E  conftest.c
configure:19533: $? = 0
configure:19553: result: yes
configure:19588: checking for assert.h
configure:19595: result: yes
configure:19472: checking limits.h usability
configure:19484: mipsel-linux-gcc -mips32 -c -Wall  conftest.c >&5
configure:19490: $? = 0
configure:19494: test -z 
			 || test ! -s conftest.err
configure:19497: $? = 0
configure:19500: test -s conftest.o
configure:19503: $? = 0
configure:19513: result: yes
configure:19517: checking limits.h presence
configure:19527: mipsel-linux-gcc -mips32 -E  conftest.c
configure:19533: $? = 0
configure:19553: result: yes
configure:19588: checking for limits.h
configure:19595: result: yes
configure:19463: checking for unistd.h
configure:19468: result: yes
configure:19463: checking for sys/types.h
configure:19468: result: yes
configure:19472: checking fcntl.h usability
configure:19484: mipsel-linux-gcc -mips32 -c -Wall  conftest.c >&5
configure:19490: $? = 0
configure:19494: test -z 
			 || test ! -s conftest.err
configure:19497: $? = 0
configure:19500: test -s conftest.o
configure:19503: $? = 0
configure:19513: result: yes
configure:19517: checking fcntl.h presence
configure:19527: mipsel-linux-gcc -mips32 -E  conftest.c
configure:19533: $? = 0
configure:19553: result: yes
configure:19588: checking for fcntl.h
configure:19595: result: yes
configure:19472: checking errno.h usability
configure:19484: mipsel-linux-gcc -mips32 -c -Wall  conftest.c >&5
configure:19490: $? = 0
configure:19494: test -z 
			 || test ! -s conftest.err
configure:19497: $? = 0
configure:19500: test -s conftest.o
configure:19503: $? = 0
configure:19513: result: yes
configure:19517: checking errno.h presence
configure:19527: mipsel-linux-gcc -mips32 -E  conftest.c
configure:19533: $? = 0
configure:19553: result: yes
configure:19588: checking for errno.h
configure:19595: result: yes
configure:19610: checking for an ANSI C-conforming const
configure:19677: mipsel-linux-gcc -mips32 -c -Wall  conftest.c >&5
conftest.c: In function 'main':
conftest.c:60: warning: unused variable 's'
conftest.c:80: warning: unused variable 'foo'
conftest.c:47: warning: unused variable 'zero'
conftest.c:41: warning: unused variable 'x'
configure:19683: $? = 0
configure:19687: test -z 
			 || test ! -s conftest.err
configure:19690: $? = 0
configure:19693: test -s conftest.o
configure:19696: $? = 0
configure:19707: result: yes
configure:19717: checking for inline
configure:19738: mipsel-linux-gcc -mips32 -c -Wall  conftest.c >&5
configure:19744: $? = 0
configure:19748: test -z 
			 || test ! -s conftest.err
configure:19751: $? = 0
configure:19754: test -s conftest.o
configure:19757: $? = 0
configure:19769: result: inline
configure:19788: checking whether byte ordering is bigendian
configure:19815: mipsel-linux-gcc -mips32 -c -Wall  conftest.c >&5
configure:19821: $? = 0
configure:19825: test -z 
			 || test ! -s conftest.err
configure:19828: $? = 0
configure:19831: test -s conftest.o
configure:19834: $? = 0
configure:19858: mipsel-linux-gcc -mips32 -c -Wall  conftest.c >&5
conftest.c: In function 'main':
conftest.c:40: error: 'not' undeclared (first use in this function)
conftest.c:40: error: (Each undeclared identifier is reported only once
conftest.c:40: error: for each function it appears in.)
conftest.c:40: error: expected ';' before 'big'
configure:19864: $? = 1
configure: failed program was:
| /* confdefs.h.  */
| 
| #define PACKAGE_NAME "MPEG Audio Decoder"
| #define PACKAGE_TARNAME "libmad"
| #define PACKAGE_VERSION "0.15.1b"
| #define PACKAGE_STRING "MPEG Audio Decoder 0.15.1b"
| #define PACKAGE_BUGREPORT "support@underbit.com"
| #define PACKAGE "libmad"
| #define VERSION "0.15.1b"
| #define STDC_HEADERS 1
| #define HAVE_SYS_TYPES_H 1
| #define HAVE_SYS_STAT_H 1
| #define HAVE_STDLIB_H 1
| #define HAVE_STRING_H 1
| #define HAVE_MEMORY_H 1
| #define HAVE_STRINGS_H 1
| #define HAVE_INTTYPES_H 1
| #define HAVE_STDINT_H 1
| #define HAVE_UNISTD_H 1
| #define HAVE_DLFCN_H 1
| #ifdef __cplusplus
| extern "C" void exit (int) throw ();
| #endif
| #define STDC_HEADERS 1
| #define HAVE_SYS_WAIT_H 1
| #define HAVE_ASSERT_H 1
| #define HAVE_LIMITS_H 1
| #define HAVE_UNISTD_H 1
| #define HAVE_SYS_TYPES_H 1
| #define HAVE_FCNTL_H 1
| #define HAVE_ERRNO_H 1
| /* end confdefs.h.  */
| #include <sys/types.h>
| #include <sys/param.h>
| 
| int
| main ()
| {
| #if BYTE_ORDER != BIG_ENDIAN
|  not big endian
| #endif
| 
|   ;
|   return 0;
| }
configure:19999: result: no
configure:20018: checking for pid_t
configure:20042: mipsel-linux-gcc -mips32 -c -Wall  conftest.c >&5
configure:20048: $? = 0
configure:20052: test -z 
			 || test ! -s conftest.err
configure:20055: $? = 0
configure:20058: test -s conftest.o
configure:20061: $? = 0
configure:20072: result: yes
configure:20085: checking for int
configure:20109: mipsel-linux-gcc -mips32 -c -Wall  conftest.c >&5
configure:20115: $? = 0
configure:20119: test -z 
			 || test ! -s conftest.err
configure:20122: $? = 0
configure:20125: test -s conftest.o
configure:20128: $? = 0
configure:20139: result: yes
configure:20142: checking size of int
configure:20172: mipsel-linux-gcc -mips32 -c -Wall  conftest.c >&5
configure:20178: $? = 0
configure:20182: test -z 
			 || test ! -s conftest.err
configure:20185: $? = 0
configure:20188: test -s conftest.o
configure:20191: $? = 0
configure:20213: mipsel-linux-gcc -mips32 -c -Wall  conftest.c >&5
conftest.c: In function 'main':
conftest.c:70: error: size of array 'test_array' is negative
configure:20219: $? = 1
configure: failed program was:
| /* confdefs.h.  */
| 
| #define PACKAGE_NAME "MPEG Audio Decoder"
| #define PACKAGE_TARNAME "libmad"
| #define PACKAGE_VERSION "0.15.1b"
| #define PACKAGE_STRING "MPEG Audio Decoder 0.15.1b"
| #define PACKAGE_BUGREPORT "support@underbit.com"
| #define PACKAGE "libmad"
| #define VERSION "0.15.1b"
| #define STDC_HEADERS 1
| #define HAVE_SYS_TYPES_H 1
| #define HAVE_SYS_STAT_H 1
| #define HAVE_STDLIB_H 1
| #define HAVE_STRING_H 1
| #define HAVE_MEMORY_H 1
| #define HAVE_STRINGS_H 1
| #define HAVE_INTTYPES_H 1
| #define HAVE_STDINT_H 1
| #define HAVE_UNISTD_H 1
| #define HAVE_DLFCN_H 1
| #ifdef __cplusplus
| extern "C" void exit (int) throw ();
| #endif
| #define STDC_HEADERS 1
| #define HAVE_SYS_WAIT_H 1
| #define HAVE_ASSERT_H 1
| #define HAVE_LIMITS_H 1
| #define HAVE_UNISTD_H 1
| #define HAVE_SYS_TYPES_H 1
| #define HAVE_FCNTL_H 1
| #define HAVE_ERRNO_H 1
| /* end confdefs.h.  */
| #include <stdio.h>
| #if HAVE_SYS_TYPES_H
| # include <sys/types.h>
| #endif
| #if HAVE_SYS_STAT_H
| # include <sys/stat.h>
| #endif
| #if STDC_HEADERS
| # include <stdlib.h>
| # include <stddef.h>
| #else
| # if HAVE_STDLIB_H
| #  include <stdlib.h>
| # endif
| #endif
| #if HAVE_STRING_H
| # if !STDC_HEADERS && HAVE_MEMORY_H
| #  include <memory.h>
| # endif
| # include <string.h>
| #endif
| #if HAVE_STRINGS_H
| # include <strings.h>
| #endif
| #if HAVE_INTTYPES_H
| # include <inttypes.h>
| #else
| # if HAVE_STDINT_H
| #  include <stdint.h>
| # endif
| #endif
| #if HAVE_UNISTD_H
| # include <unistd.h>
| #endif
| int
| main ()
| {
| static int test_array [1 - 2 * !(((long) (sizeof (int))) <= 0)];
| test_array [0] = 0
| 
|   ;
|   return 0;
| }
configure:20213: mipsel-linux-gcc -mips32 -c -Wall  conftest.c >&5
conftest.c: In function 'main':
conftest.c:70: error: size of array 'test_array' is negative
configure:20219: $? = 1
configure: failed program was:
| /* confdefs.h.  */
| 
| #define PACKAGE_NAME "MPEG Audio Decoder"
| #define PACKAGE_TARNAME "libmad"
| #define PACKAGE_VERSION "0.15.1b"
| #define PACKAGE_STRING "MPEG Audio Decoder 0.15.1b"
| #define PACKAGE_BUGREPORT "support@underbit.com"
| #define PACKAGE "libmad"
| #define VERSION "0.15.1b"
| #define STDC_HEADERS 1
| #define HAVE_SYS_TYPES_H 1
| #define HAVE_SYS_STAT_H 1
| #define HAVE_STDLIB_H 1
| #define HAVE_STRING_H 1
| #define HAVE_MEMORY_H 1
| #define HAVE_STRINGS_H 1
| #define HAVE_INTTYPES_H 1
| #define HAVE_STDINT_H 1
| #define HAVE_UNISTD_H 1
| #define HAVE_DLFCN_H 1
| #ifdef __cplusplus
| extern "C" void exit (int) throw ();
| #endif
| #define STDC_HEADERS 1
| #define HAVE_SYS_WAIT_H 1
| #define HAVE_ASSERT_H 1
| #define HAVE_LIMITS_H 1
| #define HAVE_UNISTD_H 1
| #define HAVE_SYS_TYPES_H 1
| #define HAVE_FCNTL_H 1
| #define HAVE_ERRNO_H 1
| /* end confdefs.h.  */
| #include <stdio.h>
| #if HAVE_SYS_TYPES_H
| # include <sys/types.h>
| #endif
| #if HAVE_SYS_STAT_H
| # include <sys/stat.h>
| #endif
| #if STDC_HEADERS
| # include <stdlib.h>
| # include <stddef.h>
| #else
| # if HAVE_STDLIB_H
| #  include <stdlib.h>
| # endif
| #endif
| #if HAVE_STRING_H
| # if !STDC_HEADERS && HAVE_MEMORY_H
| #  include <memory.h>
| # endif
| # include <string.h>
| #endif
| #if HAVE_STRINGS_H
| # include <strings.h>
| #endif
| #if HAVE_INTTYPES_H
| # include <inttypes.h>
| #else
| # if HAVE_STDINT_H
| #  include <stdint.h>
| # endif
| #endif
| #if HAVE_UNISTD_H
| # include <unistd.h>
| #endif
| int
| main ()
| {
| static int test_array [1 - 2 * !(((long) (sizeof (int))) <= 1)];
| test_array [0] = 0
| 
|   ;
|   return 0;
| }
configure:20213: mipsel-linux-gcc -mips32 -c -Wall  conftest.c >&5
conftest.c: In function 'main':
conftest.c:70: error: size of array 'test_array' is negative
configure:20219: $? = 1
configure: failed program was:
| /* confdefs.h.  */
| 
| #define PACKAGE_NAME "MPEG Audio Decoder"
| #define PACKAGE_TARNAME "libmad"
| #define PACKAGE_VERSION "0.15.1b"
| #define PACKAGE_STRING "MPEG Audio Decoder 0.15.1b"
| #define PACKAGE_BUGREPORT "support@underbit.com"
| #define PACKAGE "libmad"
| #define VERSION "0.15.1b"
| #define STDC_HEADERS 1
| #define HAVE_SYS_TYPES_H 1
| #define HAVE_SYS_STAT_H 1
| #define HAVE_STDLIB_H 1
| #define HAVE_STRING_H 1
| #define HAVE_MEMORY_H 1
| #define HAVE_STRINGS_H 1
| #define HAVE_INTTYPES_H 1
| #define HAVE_STDINT_H 1
| #define HAVE_UNISTD_H 1
| #define HAVE_DLFCN_H 1
| #ifdef __cplusplus
| extern "C" void exit (int) throw ();
| #endif
| #define STDC_HEADERS 1
| #define HAVE_SYS_WAIT_H 1
| #define HAVE_ASSERT_H 1
| #define HAVE_LIMITS_H 1
| #define HAVE_UNISTD_H 1
| #define HAVE_SYS_TYPES_H 1
| #define HAVE_FCNTL_H 1
| #define HAVE_ERRNO_H 1
| /* end confdefs.h.  */
| #include <stdio.h>
| #if HAVE_SYS_TYPES_H
| # include <sys/types.h>
| #endif
| #if HAVE_SYS_STAT_H
| # include <sys/stat.h>
| #endif
| #if STDC_HEADERS
| # include <stdlib.h>
| # include <stddef.h>
| #else
| # if HAVE_STDLIB_H
| #  include <stdlib.h>
| # endif
| #endif
| #if HAVE_STRING_H
| # if !STDC_HEADERS && HAVE_MEMORY_H
| #  include <memory.h>
| # endif
| # include <string.h>
| #endif
| #if HAVE_STRINGS_H
| # include <strings.h>
| #endif
| #if HAVE_INTTYPES_H
| # include <inttypes.h>
| #else
| # if HAVE_STDINT_H
| #  include <stdint.h>
| # endif
| #endif
| #if HAVE_UNISTD_H
| # include <unistd.h>
| #endif
| int
| main ()
| {
| static int test_array [1 - 2 * !(((long) (sizeof (int))) <= 3)];
| test_array [0] = 0
| 
|   ;
|   return 0;
| }
configure:20213: mipsel-linux-gcc -mips32 -c -Wall  conftest.c >&5
configure:20219: $? = 0
configure:20223: test -z 
			 || test ! -s conftest.err
configure:20226: $? = 0
configure:20229: test -s conftest.o
configure:20232: $? = 0
configure:20376: mipsel-linux-gcc -mips32 -c -Wall  conftest.c >&5
configure:20382: $? = 0
configure:20386: test -z 
			 || test ! -s conftest.err
configure:20389: $? = 0
configure:20392: test -s conftest.o
configure:20395: $? = 0
configure:20376: mipsel-linux-gcc -mips32 -c -Wall  conftest.c >&5
configure:20382: $? = 0
configure:20386: test -z 
			 || test ! -s conftest.err
configure:20389: $? = 0
configure:20392: test -s conftest.o
configure:20395: $? = 0
configure:20492: result: 4
configure:20499: checking for long
configure:20523: mipsel-linux-gcc -mips32 -c -Wall  conftest.c >&5
configure:20529: $? = 0
configure:20533: test -z 
			 || test ! -s conftest.err
configure:20536: $? = 0
configure:20539: test -s conftest.o
configure:20542: $? = 0
configure:20553: result: yes
configure:20556: checking size of long
configure:20586: mipsel-linux-gcc -mips32 -c -Wall  conftest.c >&5
configure:20592: $? = 0
configure:20596: test -z 
			 || test ! -s conftest.err
configure:20599: $? = 0
configure:20602: test -s conftest.o
configure:20605: $? = 0
configure:20627: mipsel-linux-gcc -mips32 -c -Wall  conftest.c >&5
conftest.c: In function 'main':
conftest.c:71: error: size of array 'test_array' is negative
configure:20633: $? = 1
configure: failed program was:
| /* confdefs.h.  */
| 
| #define PACKAGE_NAME "MPEG Audio Decoder"
| #define PACKAGE_TARNAME "libmad"
| #define PACKAGE_VERSION "0.15.1b"
| #define PACKAGE_STRING "MPEG Audio Decoder 0.15.1b"
| #define PACKAGE_BUGREPORT "support@underbit.com"
| #define PACKAGE "libmad"
| #define VERSION "0.15.1b"
| #define STDC_HEADERS 1
| #define HAVE_SYS_TYPES_H 1
| #define HAVE_SYS_STAT_H 1
| #define HAVE_STDLIB_H 1
| #define HAVE_STRING_H 1
| #define HAVE_MEMORY_H 1
| #define HAVE_STRINGS_H 1
| #define HAVE_INTTYPES_H 1
| #define HAVE_STDINT_H 1
| #define HAVE_UNISTD_H 1
| #define HAVE_DLFCN_H 1
| #ifdef __cplusplus
| extern "C" void exit (int) throw ();
| #endif
| #define STDC_HEADERS 1
| #define HAVE_SYS_WAIT_H 1
| #define HAVE_ASSERT_H 1
| #define HAVE_LIMITS_H 1
| #define HAVE_UNISTD_H 1
| #define HAVE_SYS_TYPES_H 1
| #define HAVE_FCNTL_H 1
| #define HAVE_ERRNO_H 1
| #define SIZEOF_INT 4
| /* end confdefs.h.  */
| #include <stdio.h>
| #if HAVE_SYS_TYPES_H
| # include <sys/types.h>
| #endif
| #if HAVE_SYS_STAT_H
| # include <sys/stat.h>
| #endif
| #if STDC_HEADERS
| # include <stdlib.h>
| # include <stddef.h>
| #else
| # if HAVE_STDLIB_H
| #  include <stdlib.h>
| # endif
| #endif
| #if HAVE_STRING_H
| # if !STDC_HEADERS && HAVE_MEMORY_H
| #  include <memory.h>
| # endif
| # include <string.h>
| #endif
| #if HAVE_STRINGS_H
| # include <strings.h>
| #endif
| #if HAVE_INTTYPES_H
| # include <inttypes.h>
| #else
| # if HAVE_STDINT_H
| #  include <stdint.h>
| # endif
| #endif
| #if HAVE_UNISTD_H
| # include <unistd.h>
| #endif
| int
| main ()
| {
| static int test_array [1 - 2 * !(((long) (sizeof (long))) <= 0)];
| test_array [0] = 0
| 
|   ;
|   return 0;
| }
configure:20627: mipsel-linux-gcc -mips32 -c -Wall  conftest.c >&5
conftest.c: In function 'main':
conftest.c:71: error: size of array 'test_array' is negative
configure:20633: $? = 1
configure: failed program was:
| /* confdefs.h.  */
| 
| #define PACKAGE_NAME "MPEG Audio Decoder"
| #define PACKAGE_TARNAME "libmad"
| #define PACKAGE_VERSION "0.15.1b"
| #define PACKAGE_STRING "MPEG Audio Decoder 0.15.1b"
| #define PACKAGE_BUGREPORT "support@underbit.com"
| #define PACKAGE "libmad"
| #define VERSION "0.15.1b"
| #define STDC_HEADERS 1
| #define HAVE_SYS_TYPES_H 1
| #define HAVE_SYS_STAT_H 1
| #define HAVE_STDLIB_H 1
| #define HAVE_STRING_H 1
| #define HAVE_MEMORY_H 1
| #define HAVE_STRINGS_H 1
| #define HAVE_INTTYPES_H 1
| #define HAVE_STDINT_H 1
| #define HAVE_UNISTD_H 1
| #define HAVE_DLFCN_H 1
| #ifdef __cplusplus
| extern "C" void exit (int) throw ();
| #endif
| #define STDC_HEADERS 1
| #define HAVE_SYS_WAIT_H 1
| #define HAVE_ASSERT_H 1
| #define HAVE_LIMITS_H 1
| #define HAVE_UNISTD_H 1
| #define HAVE_SYS_TYPES_H 1
| #define HAVE_FCNTL_H 1
| #define HAVE_ERRNO_H 1
| #define SIZEOF_INT 4
| /* end confdefs.h.  */
| #include <stdio.h>
| #if HAVE_SYS_TYPES_H
| # include <sys/types.h>
| #endif
| #if HAVE_SYS_STAT_H
| # include <sys/stat.h>
| #endif
| #if STDC_HEADERS
| # include <stdlib.h>
| # include <stddef.h>
| #else
| # if HAVE_STDLIB_H
| #  include <stdlib.h>
| # endif
| #endif
| #if HAVE_STRING_H
| # if !STDC_HEADERS && HAVE_MEMORY_H
| #  include <memory.h>
| # endif
| # include <string.h>
| #endif
| #if HAVE_STRINGS_H
| # include <strings.h>
| #endif
| #if HAVE_INTTYPES_H
| # include <inttypes.h>
| #else
| # if HAVE_STDINT_H
| #  include <stdint.h>
| # endif
| #endif
| #if HAVE_UNISTD_H
| # include <unistd.h>
| #endif
| int
| main ()
| {
| static int test_array [1 - 2 * !(((long) (sizeof (long))) <= 1)];
| test_array [0] = 0
| 
|   ;
|   return 0;
| }
configure:20627: mipsel-linux-gcc -mips32 -c -Wall  conftest.c >&5
conftest.c: In function 'main':
conftest.c:71: error: size of array 'test_array' is negative
configure:20633: $? = 1
configure: failed program was:
| /* confdefs.h.  */
| 
| #define PACKAGE_NAME "MPEG Audio Decoder"
| #define PACKAGE_TARNAME "libmad"
| #define PACKAGE_VERSION "0.15.1b"
| #define PACKAGE_STRING "MPEG Audio Decoder 0.15.1b"
| #define PACKAGE_BUGREPORT "support@underbit.com"
| #define PACKAGE "libmad"
| #define VERSION "0.15.1b"
| #define STDC_HEADERS 1
| #define HAVE_SYS_TYPES_H 1
| #define HAVE_SYS_STAT_H 1
| #define HAVE_STDLIB_H 1
| #define HAVE_STRING_H 1
| #define HAVE_MEMORY_H 1
| #define HAVE_STRINGS_H 1
| #define HAVE_INTTYPES_H 1
| #define HAVE_STDINT_H 1
| #define HAVE_UNISTD_H 1
| #define HAVE_DLFCN_H 1
| #ifdef __cplusplus
| extern "C" void exit (int) throw ();
| #endif
| #define STDC_HEADERS 1
| #define HAVE_SYS_WAIT_H 1
| #define HAVE_ASSERT_H 1
| #define HAVE_LIMITS_H 1
| #define HAVE_UNISTD_H 1
| #define HAVE_SYS_TYPES_H 1
| #define HAVE_FCNTL_H 1
| #define HAVE_ERRNO_H 1
| #define SIZEOF_INT 4
| /* end confdefs.h.  */
| #include <stdio.h>
| #if HAVE_SYS_TYPES_H
| # include <sys/types.h>
| #endif
| #if HAVE_SYS_STAT_H
| # include <sys/stat.h>
| #endif
| #if STDC_HEADERS
| # include <stdlib.h>
| # include <stddef.h>
| #else
| # if HAVE_STDLIB_H
| #  include <stdlib.h>
| # endif
| #endif
| #if HAVE_STRING_H
| # if !STDC_HEADERS && HAVE_MEMORY_H
| #  include <memory.h>
| # endif
| # include <string.h>
| #endif
| #if HAVE_STRINGS_H
| # include <strings.h>
| #endif
| #if HAVE_INTTYPES_H
| # include <inttypes.h>
| #else
| # if HAVE_STDINT_H
| #  include <stdint.h>
| # endif
| #endif
| #if HAVE_UNISTD_H
| # include <unistd.h>
| #endif
| int
| main ()
| {
| static int test_array [1 - 2 * !(((long) (sizeof (long))) <= 3)];
| test_array [0] = 0
| 
|   ;
|   return 0;
| }
configure:20627: mipsel-linux-gcc -mips32 -c -Wall  conftest.c >&5
configure:20633: $? = 0
configure:20637: test -z 
			 || test ! -s conftest.err
configure:20640: $? = 0
configure:20643: test -s conftest.o
configure:20646: $? = 0
configure:20790: mipsel-linux-gcc -mips32 -c -Wall  conftest.c >&5
configure:20796: $? = 0
configure:20800: test -z 
			 || test ! -s conftest.err
configure:20803: $? = 0
configure:20806: test -s conftest.o
configure:20809: $? = 0
configure:20790: mipsel-linux-gcc -mips32 -c -Wall  conftest.c >&5
configure:20796: $? = 0
configure:20800: test -z 
			 || test ! -s conftest.err
configure:20803: $? = 0
configure:20806: test -s conftest.o
configure:20809: $? = 0
configure:20906: result: 4
configure:20913: checking for long long
configure:20937: mipsel-linux-gcc -mips32 -c -Wall  conftest.c >&5
configure:20943: $? = 0
configure:20947: test -z 
			 || test ! -s conftest.err
configure:20950: $? = 0
configure:20953: test -s conftest.o
configure:20956: $? = 0
configure:20967: result: yes
configure:20970: checking size of long long
configure:21000: mipsel-linux-gcc -mips32 -c -Wall  conftest.c >&5
configure:21006: $? = 0
configure:21010: test -z 
			 || test ! -s conftest.err
configure:21013: $? = 0
configure:21016: test -s conftest.o
configure:21019: $? = 0
configure:21041: mipsel-linux-gcc -mips32 -c -Wall  conftest.c >&5
conftest.c: In function 'main':
conftest.c:72: error: size of array 'test_array' is negative
configure:21047: $? = 1
configure: failed program was:
| /* confdefs.h.  */
| 
| #define PACKAGE_NAME "MPEG Audio Decoder"
| #define PACKAGE_TARNAME "libmad"
| #define PACKAGE_VERSION "0.15.1b"
| #define PACKAGE_STRING "MPEG Audio Decoder 0.15.1b"
| #define PACKAGE_BUGREPORT "support@underbit.com"
| #define PACKAGE "libmad"
| #define VERSION "0.15.1b"
| #define STDC_HEADERS 1
| #define HAVE_SYS_TYPES_H 1
| #define HAVE_SYS_STAT_H 1
| #define HAVE_STDLIB_H 1
| #define HAVE_STRING_H 1
| #define HAVE_MEMORY_H 1
| #define HAVE_STRINGS_H 1
| #define HAVE_INTTYPES_H 1
| #define HAVE_STDINT_H 1
| #define HAVE_UNISTD_H 1
| #define HAVE_DLFCN_H 1
| #ifdef __cplusplus
| extern "C" void exit (int) throw ();
| #endif
| #define STDC_HEADERS 1
| #define HAVE_SYS_WAIT_H 1
| #define HAVE_ASSERT_H 1
| #define HAVE_LIMITS_H 1
| #define HAVE_UNISTD_H 1
| #define HAVE_SYS_TYPES_H 1
| #define HAVE_FCNTL_H 1
| #define HAVE_ERRNO_H 1
| #define SIZEOF_INT 4
| #define SIZEOF_LONG 4
| /* end confdefs.h.  */
| #include <stdio.h>
| #if HAVE_SYS_TYPES_H
| # include <sys/types.h>
| #endif
| #if HAVE_SYS_STAT_H
| # include <sys/stat.h>
| #endif
| #if STDC_HEADERS
| # include <stdlib.h>
| # include <stddef.h>
| #else
| # if HAVE_STDLIB_H
| #  include <stdlib.h>
| # endif
| #endif
| #if HAVE_STRING_H
| # if !STDC_HEADERS && HAVE_MEMORY_H
| #  include <memory.h>
| # endif
| # include <string.h>
| #endif
| #if HAVE_STRINGS_H
| # include <strings.h>
| #endif
| #if HAVE_INTTYPES_H
| # include <inttypes.h>
| #else
| # if HAVE_STDINT_H
| #  include <stdint.h>
| # endif
| #endif
| #if HAVE_UNISTD_H
| # include <unistd.h>
| #endif
| int
| main ()
| {
| static int test_array [1 - 2 * !(((long) (sizeof (long long))) <= 0)];
| test_array [0] = 0
| 
|   ;
|   return 0;
| }
configure:21041: mipsel-linux-gcc -mips32 -c -Wall  conftest.c >&5
conftest.c: In function 'main':
conftest.c:72: error: size of array 'test_array' is negative
configure:21047: $? = 1
configure: failed program was:
| /* confdefs.h.  */
| 
| #define PACKAGE_NAME "MPEG Audio Decoder"
| #define PACKAGE_TARNAME "libmad"
| #define PACKAGE_VERSION "0.15.1b"
| #define PACKAGE_STRING "MPEG Audio Decoder 0.15.1b"
| #define PACKAGE_BUGREPORT "support@underbit.com"
| #define PACKAGE "libmad"
| #define VERSION "0.15.1b"
| #define STDC_HEADERS 1
| #define HAVE_SYS_TYPES_H 1
| #define HAVE_SYS_STAT_H 1
| #define HAVE_STDLIB_H 1
| #define HAVE_STRING_H 1
| #define HAVE_MEMORY_H 1
| #define HAVE_STRINGS_H 1
| #define HAVE_INTTYPES_H 1
| #define HAVE_STDINT_H 1
| #define HAVE_UNISTD_H 1
| #define HAVE_DLFCN_H 1
| #ifdef __cplusplus
| extern "C" void exit (int) throw ();
| #endif
| #define STDC_HEADERS 1
| #define HAVE_SYS_WAIT_H 1
| #define HAVE_ASSERT_H 1
| #define HAVE_LIMITS_H 1
| #define HAVE_UNISTD_H 1
| #define HAVE_SYS_TYPES_H 1
| #define HAVE_FCNTL_H 1
| #define HAVE_ERRNO_H 1
| #define SIZEOF_INT 4
| #define SIZEOF_LONG 4
| /* end confdefs.h.  */
| #include <stdio.h>
| #if HAVE_SYS_TYPES_H
| # include <sys/types.h>
| #endif
| #if HAVE_SYS_STAT_H
| # include <sys/stat.h>
| #endif
| #if STDC_HEADERS
| # include <stdlib.h>
| # include <stddef.h>
| #else
| # if HAVE_STDLIB_H
| #  include <stdlib.h>
| # endif
| #endif
| #if HAVE_STRING_H
| # if !STDC_HEADERS && HAVE_MEMORY_H
| #  include <memory.h>
| # endif
| # include <string.h>
| #endif
| #if HAVE_STRINGS_H
| # include <strings.h>
| #endif
| #if HAVE_INTTYPES_H
| # include <inttypes.h>
| #else
| # if HAVE_STDINT_H
| #  include <stdint.h>
| # endif
| #endif
| #if HAVE_UNISTD_H
| # include <unistd.h>
| #endif
| int
| main ()
| {
| static int test_array [1 - 2 * !(((long) (sizeof (long long))) <= 1)];
| test_array [0] = 0
| 
|   ;
|   return 0;
| }
configure:21041: mipsel-linux-gcc -mips32 -c -Wall  conftest.c >&5
conftest.c: In function 'main':
conftest.c:72: error: size of array 'test_array' is negative
configure:21047: $? = 1
configure: failed program was:
| /* confdefs.h.  */
| 
| #define PACKAGE_NAME "MPEG Audio Decoder"
| #define PACKAGE_TARNAME "libmad"
| #define PACKAGE_VERSION "0.15.1b"
| #define PACKAGE_STRING "MPEG Audio Decoder 0.15.1b"
| #define PACKAGE_BUGREPORT "support@underbit.com"
| #define PACKAGE "libmad"
| #define VERSION "0.15.1b"
| #define STDC_HEADERS 1
| #define HAVE_SYS_TYPES_H 1
| #define HAVE_SYS_STAT_H 1
| #define HAVE_STDLIB_H 1
| #define HAVE_STRING_H 1
| #define HAVE_MEMORY_H 1
| #define HAVE_STRINGS_H 1
| #define HAVE_INTTYPES_H 1
| #define HAVE_STDINT_H 1
| #define HAVE_UNISTD_H 1
| #define HAVE_DLFCN_H 1
| #ifdef __cplusplus
| extern "C" void exit (int) throw ();
| #endif
| #define STDC_HEADERS 1
| #define HAVE_SYS_WAIT_H 1
| #define HAVE_ASSERT_H 1
| #define HAVE_LIMITS_H 1
| #define HAVE_UNISTD_H 1
| #define HAVE_SYS_TYPES_H 1
| #define HAVE_FCNTL_H 1
| #define HAVE_ERRNO_H 1
| #define SIZEOF_INT 4
| #define SIZEOF_LONG 4
| /* end confdefs.h.  */
| #include <stdio.h>
| #if HAVE_SYS_TYPES_H
| # include <sys/types.h>
| #endif
| #if HAVE_SYS_STAT_H
| # include <sys/stat.h>
| #endif
| #if STDC_HEADERS
| # include <stdlib.h>
| # include <stddef.h>
| #else
| # if HAVE_STDLIB_H
| #  include <stdlib.h>
| # endif
| #endif
| #if HAVE_STRING_H
| # if !STDC_HEADERS && HAVE_MEMORY_H
| #  include <memory.h>
| # endif
| # include <string.h>
| #endif
| #if HAVE_STRINGS_H
| # include <strings.h>
| #endif
| #if HAVE_INTTYPES_H
| # include <inttypes.h>
| #else
| # if HAVE_STDINT_H
| #  include <stdint.h>
| # endif
| #endif
| #if HAVE_UNISTD_H
| # include <unistd.h>
| #endif
| int
| main ()
| {
| static int test_array [1 - 2 * !(((long) (sizeof (long long))) <= 3)];
| test_array [0] = 0
| 
|   ;
|   return 0;
| }
configure:21041: mipsel-linux-gcc -mips32 -c -Wall  conftest.c >&5
conftest.c: In function 'main':
conftest.c:72: error: size of array 'test_array' is negative
configure:21047: $? = 1
configure: failed program was:
| /* confdefs.h.  */
| 
| #define PACKAGE_NAME "MPEG Audio Decoder"
| #define PACKAGE_TARNAME "libmad"
| #define PACKAGE_VERSION "0.15.1b"
| #define PACKAGE_STRING "MPEG Audio Decoder 0.15.1b"
| #define PACKAGE_BUGREPORT "support@underbit.com"
| #define PACKAGE "libmad"
| #define VERSION "0.15.1b"
| #define STDC_HEADERS 1
| #define HAVE_SYS_TYPES_H 1
| #define HAVE_SYS_STAT_H 1
| #define HAVE_STDLIB_H 1
| #define HAVE_STRING_H 1
| #define HAVE_MEMORY_H 1
| #define HAVE_STRINGS_H 1
| #define HAVE_INTTYPES_H 1
| #define HAVE_STDINT_H 1
| #define HAVE_UNISTD_H 1
| #define HAVE_DLFCN_H 1
| #ifdef __cplusplus
| extern "C" void exit (int) throw ();
| #endif
| #define STDC_HEADERS 1
| #define HAVE_SYS_WAIT_H 1
| #define HAVE_ASSERT_H 1
| #define HAVE_LIMITS_H 1
| #define HAVE_UNISTD_H 1
| #define HAVE_SYS_TYPES_H 1
| #define HAVE_FCNTL_H 1
| #define HAVE_ERRNO_H 1
| #define SIZEOF_INT 4
| #define SIZEOF_LONG 4
| /* end confdefs.h.  */
| #include <stdio.h>
| #if HAVE_SYS_TYPES_H
| # include <sys/types.h>
| #endif
| #if HAVE_SYS_STAT_H
| # include <sys/stat.h>
| #endif
| #if STDC_HEADERS
| # include <stdlib.h>
| # include <stddef.h>
| #else
| # if HAVE_STDLIB_H
| #  include <stdlib.h>
| # endif
| #endif
| #if HAVE_STRING_H
| # if !STDC_HEADERS && HAVE_MEMORY_H
| #  include <memory.h>
| # endif
| # include <string.h>
| #endif
| #if HAVE_STRINGS_H
| # include <strings.h>
| #endif
| #if HAVE_INTTYPES_H
| # include <inttypes.h>
| #else
| # if HAVE_STDINT_H
| #  include <stdint.h>
| # endif
| #endif
| #if HAVE_UNISTD_H
| # include <unistd.h>
| #endif
| int
| main ()
| {
| static int test_array [1 - 2 * !(((long) (sizeof (long long))) <= 7)];
| test_array [0] = 0
| 
|   ;
|   return 0;
| }
configure:21041: mipsel-linux-gcc -mips32 -c -Wall  conftest.c >&5
configure:21047: $? = 0
configure:21051: test -z 
			 || test ! -s conftest.err
configure:21054: $? = 0
configure:21057: test -s conftest.o
configure:21060: $? = 0
configure:21204: mipsel-linux-gcc -mips32 -c -Wall  conftest.c >&5
configure:21210: $? = 0
configure:21214: test -z 
			 || test ! -s conftest.err
configure:21217: $? = 0
configure:21220: test -s conftest.o
configure:21223: $? = 0
configure:21204: mipsel-linux-gcc -mips32 -c -Wall  conftest.c >&5
configure:21210: $? = 0
configure:21214: test -z 
			 || test ! -s conftest.err
configure:21217: $? = 0
configure:21220: test -s conftest.o
configure:21223: $? = 0
configure:21204: mipsel-linux-gcc -mips32 -c -Wall  conftest.c >&5
configure:21210: $? = 0
configure:21214: test -z 
			 || test ! -s conftest.err
configure:21217: $? = 0
configure:21220: test -s conftest.o
configure:21223: $? = 0
configure:21320: result: 8
configure:21336: checking for waitpid
configure:21393: mipsel-linux-gcc -mips32 -o conftest -Wall   conftest.c  >&5
configure:21399: $? = 0
configure:21403: test -z 
			 || test ! -s conftest.err
configure:21406: $? = 0
configure:21409: test -s conftest
configure:21412: $? = 0
configure:21424: result: yes
configure:21336: checking for fcntl
configure:21393: mipsel-linux-gcc -mips32 -o conftest -Wall   conftest.c  >&5
configure:21399: $? = 0
configure:21403: test -z 
			 || test ! -s conftest.err
configure:21406: $? = 0
configure:21409: test -s conftest
configure:21412: $? = 0
configure:21424: result: yes
configure:21336: checking for pipe
configure:21393: mipsel-linux-gcc -mips32 -o conftest -Wall   conftest.c  >&5
configure:21399: $? = 0
configure:21403: test -z 
			 || test ! -s conftest.err
configure:21406: $? = 0
configure:21409: test -s conftest
configure:21412: $? = 0
configure:21424: result: yes
configure:21336: checking for fork
configure:21393: mipsel-linux-gcc -mips32 -o conftest -Wall   conftest.c  >&5
conftest.c:63: warning: conflicting types for built-in function 'fork'
configure:21399: $? = 0
configure:21403: test -z 
			 || test ! -s conftest.err
configure:21406: $? = 0
configure:21409: test -s conftest
configure:21412: $? = 0
configure:21424: result: yes
configure:21496: checking whether to optimize for speed or for accuracy
configure:21538: result: default
configure:21548: checking for architecture-specific fixed-point math routines
configure:21587: result: MIPS
configure:21643: checking for ISO/IEC interpretation
configure:21661: result: best accepted practices
configure:21664: checking whether to enable profiling
configure:21675: result: no
configure:21678: checking whether to enable debugging
configure:21715: result: default
configure:21718: checking whether to enable experimental code
configure:21735: result: no
configure:21863: creating ./config.status

## ---------------------- ##
## Running config.status. ##
## ---------------------- ##

This file was extended by MPEG Audio Decoder config.status 0.15.1b, which was
generated by GNU Autoconf 2.59.  Invocation command line was

  CONFIG_FILES    = 
  CONFIG_HEADERS  = 
  CONFIG_LINKS    = 
  CONFIG_COMMANDS = 
  $ ./config.status 

on lucky-po

config.status:720: creating Makefile
config.status:720: creating msvc++/Makefile
config.status:720: creating libmad.list
config.status:824: creating config.h
config.status:962: config.h is unchanged
config.status:1142: executing depfiles commands

## ---------------- ##
## Cache variables. ##
## ---------------- ##

ac_cv_build=i386-redhat-linux-gnu
ac_cv_build_alias=i386-redhat-linux
ac_cv_c_bigendian=no
ac_cv_c_compiler_gnu=yes
ac_cv_c_const=yes
ac_cv_c_inline=inline
ac_cv_cxx_compiler_gnu=yes
ac_cv_env_CCASFLAGS_set=
ac_cv_env_CCASFLAGS_value=
ac_cv_env_CCAS_set=
ac_cv_env_CCAS_value=
ac_cv_env_CC_set=set
ac_cv_env_CC_value='mipsel-linux-gcc -mips32'
ac_cv_env_CFLAGS_set=set
ac_cv_env_CFLAGS_value=-O4
ac_cv_env_CPPFLAGS_set=
ac_cv_env_CPPFLAGS_value=
ac_cv_env_CPP_set=
ac_cv_env_CPP_value=
ac_cv_env_CXXCPP_set=
ac_cv_env_CXXCPP_value=
ac_cv_env_CXXFLAGS_set=
ac_cv_env_CXXFLAGS_value=
ac_cv_env_CXX_set=
ac_cv_env_CXX_value=
ac_cv_env_F77_set=
ac_cv_env_F77_value=
ac_cv_env_FFLAGS_set=
ac_cv_env_FFLAGS_value=
ac_cv_env_LDFLAGS_set=
ac_cv_env_LDFLAGS_value=
ac_cv_env_build_alias_set=set
ac_cv_env_build_alias_value=i386-redhat-linux
ac_cv_env_host_alias_set=set
ac_cv_env_host_alias_value=x86-redhat-linux
ac_cv_env_target_alias_set=set
ac_cv_env_target_alias_value=mipsel-linux
ac_cv_exeext=
ac_cv_f77_compiler_gnu=no
ac_cv_func_fcntl=yes
ac_cv_func_fork=yes
ac_cv_func_pipe=yes
ac_cv_func_waitpid=yes
ac_cv_header_assert_h=yes
ac_cv_header_dlfcn_h=yes
ac_cv_header_errno_h=yes
ac_cv_header_fcntl_h=yes
ac_cv_header_inttypes_h=yes
ac_cv_header_limits_h=yes
ac_cv_header_memory_h=yes
ac_cv_header_stdc=yes
ac_cv_header_stdint_h=yes
ac_cv_header_stdlib_h=yes
ac_cv_header_string_h=yes
ac_cv_header_strings_h=yes
ac_cv_header_sys_stat_h=yes
ac_cv_header_sys_types_h=yes
ac_cv_header_sys_wait_h=yes
ac_cv_header_unistd_h=yes
ac_cv_host=x86-redhat-linux-gnu
ac_cv_host_alias=x86-redhat-linux
ac_cv_objext=o
ac_cv_path_install='/usr/bin/install -c'
ac_cv_prog_AWK=gawk
ac_cv_prog_CC='mipsel-linux-gcc -mips32'
ac_cv_prog_CPP='mipsel-linux-gcc -mips32 -E'
ac_cv_prog_CXXCPP='g++ -E'
ac_cv_prog_STRIP=strip
ac_cv_prog_ac_ct_AR=ar
ac_cv_prog_ac_ct_CXX=g++
ac_cv_prog_ac_ct_RANLIB=ranlib
ac_cv_prog_ac_ct_STRIP=strip
ac_cv_prog_cc_g=yes
ac_cv_prog_cc_stdc=
ac_cv_prog_cxx_g=yes
ac_cv_prog_egrep='grep -E'
ac_cv_prog_f77_g=no
ac_cv_prog_make_make_set=yes
ac_cv_sizeof_int=4
ac_cv_sizeof_long=4
ac_cv_sizeof_long_long=8
ac_cv_type_int=yes
ac_cv_type_long=yes
ac_cv_type_long_long=yes
ac_cv_type_pid_t=yes
am_cv_CC_dependencies_compiler_type=gcc3
am_cv_CXX_dependencies_compiler_type=gcc3
lt_cv_deplibs_check_method=pass_all
lt_cv_file_magic_cmd='$MAGIC_CMD'
lt_cv_file_magic_test_file=
lt_cv_ld_reload_flag=-r
lt_cv_objdir=.libs
lt_cv_path_LD=/opt/mipsel-linux-uclibc/usr/mipsel-linux-uclibc/bin/ld
lt_cv_path_LDCXX=/opt/mipsel-linux-uclibc/usr/mipsel-linux-uclibc/bin/ld
lt_cv_path_NM=nm
lt_cv_path_SED=/bin/sed
lt_cv_prog_compiler_c_o=yes
lt_cv_prog_compiler_c_o_CXX=yes
lt_cv_prog_compiler_rtti_exceptions=no
lt_cv_prog_gnu_ld=yes
lt_cv_prog_gnu_ldcxx=yes
lt_cv_sys_global_symbol_pipe='sed -n -e '\''s/^.*[ 	]\([ABCDGIRSTW][ABCDGIRSTW]*\)[ 	][ 	]*\(\)\([_A-Za-z][_A-Za-z0-9]*\)$/\1 \2\3 \3/p'\'''
lt_cv_sys_global_symbol_to_c_name_address='sed -n -e '\''s/^: \([^ ]*\) $/  {\"\1\", (lt_ptr) 0},/p'\'' -e '\''s/^[BCDEGRST] \([^ ]*\) \([^ ]*\)$/  {"\2", (lt_ptr) \&\2},/p'\'''
lt_cv_sys_global_symbol_to_cdecl='sed -n -e '\''s/^. .* \(.*\)$/extern int \1;/p'\'''
lt_cv_sys_max_cmd_len=32768
lt_lt_cv_prog_compiler_c_o='"yes"'
lt_lt_cv_prog_compiler_c_o_CXX='"yes"'
lt_lt_cv_sys_global_symbol_pipe='"sed -n -e '\''s/^.*[ 	]\\([ABCDGIRSTW][ABCDGIRSTW]*\\)[ 	][ 	]*\\(\\)\\([_A-Za-z][_A-Za-z0-9]*\\)\$/\\1 \\2\\3 \\3/p'\''"'
lt_lt_cv_sys_global_symbol_to_c_name_address='"sed -n -e '\''s/^: \\([^ ]*\\) \$/  {\\\"\\1\\\", (lt_ptr) 0},/p'\'' -e '\''s/^[BCDEGRST] \\([^ ]*\\) \\([^ ]*\\)\$/  {\"\\2\", (lt_ptr) \\&\\2},/p'\''"'
lt_lt_cv_sys_global_symbol_to_cdecl='"sed -n -e '\''s/^. .* \\(.*\\)\$/extern int \\1;/p'\''"'

## ----------------- ##
## Output variables. ##
## ----------------- ##

ACLOCAL='${SHELL} /home/po/Dingux_Pro/Mplayer_free/jz4740-mplayer_jz-master/madlib/libmad-0.15.1b/missing --run aclocal-1.8'
AMDEPBACKSLASH='\'
AMDEP_FALSE='#'
AMDEP_TRUE=''
AMTAR='${SHELL} /home/po/Dingux_Pro/Mplayer_free/jz4740-mplayer_jz-master/madlib/libmad-0.15.1b/missing --run tar'
AR='ar'
ASO=''
ASO_OBJS=''
AUTOCONF='${SHELL} /home/po/Dingux_Pro/Mplayer_free/jz4740-mplayer_jz-master/madlib/libmad-0.15.1b/missing --run autoconf'
AUTOHEADER='${SHELL} /home/po/Dingux_Pro/Mplayer_free/jz4740-mplayer_jz-master/madlib/libmad-0.15.1b/missing --run autoheader'
AUTOMAKE='${SHELL} /home/po/Dingux_Pro/Mplayer_free/jz4740-mplayer_jz-master/madlib/libmad-0.15.1b/missing --run automake-1.8'
AWK='gawk'
CC='mipsel-linux-gcc -mips32'
CCAS='mipsel-linux-gcc -mips32'
CCASFLAGS='-O4'
CCDEPMODE='depmode=gcc3'
CFLAGS='-Wall  -O4'
CPP='mipsel-linux-gcc -mips32 -E'
CPPFLAGS=''
CXX='g++'
CXXCPP='g++ -E'
CXXDEPMODE='depmode=gcc3'
CXXFLAGS='-g -O2'
CYGPATH_W='echo'
DEFS='-DHAVE_CONFIG_H'
DEPDIR='.deps'
ECHO='echo'
ECHO_C=''
ECHO_N='-n'
ECHO_T=''
EGREP='grep -E'
EXEEXT=''
F77=''
FFLAGS=''
FPM='-DFPM_MIPS'
INSTALL_DATA='${INSTALL} -m 644'
INSTALL_PROGRAM='${INSTALL}'
INSTALL_SCRIPT='${INSTALL}'
INSTALL_STRIP_PROGRAM='${SHELL} $(install_sh) -c -s'
LDFLAGS=''
LIBOBJS=''
LIBS=''
LIBTOOL='$(SHELL) $(top_builddir)/libtool'
LIBTOOL_DEPS='./ltmain.sh'
LN_S='ln -s'
LTLIBOBJS=''
MAKEINFO='${SHELL} /home/po/Dingux_Pro/Mplayer_free/jz4740-mplayer_jz-master/madlib/libmad-0.15.1b/missing --run makeinfo'
OBJEXT='o'
PACKAGE='libmad'
PACKAGE_BUGREPORT='support@underbit.com'
PACKAGE_NAME='MPEG Audio Decoder'
PACKAGE_STRING='MPEG Audio Decoder 0.15.1b'
PACKAGE_TARNAME='libmad'
PACKAGE_VERSION='0.15.1b'
PATH_SEPARATOR=':'
RANLIB='ranlib'
SET_MAKE=''
SHELL='/bin/bash'
STRIP='strip'
VERSION='0.15.1b'
ac_ct_AR='ar'
ac_ct_CC=''
ac_ct_CXX='g++'
ac_ct_F77=''
ac_ct_RANLIB='ranlib'
ac_ct_STRIP='strip'
am__fastdepCC_FALSE='#'
am__fastdepCC_TRUE=''
am__fastdepCXX_FALSE='#'
am__fastdepCXX_TRUE=''
am__include='include'
am__leading_dot='.'
am__quote=''
bindir='${exec_prefix}/bin'
build='i386-redhat-linux-gnu'
build_alias='i386-redhat-linux'
build_cpu='i386'
build_os='linux-gnu'
build_vendor='redhat'
datadir='${prefix}/share'
exec_prefix='${prefix}'
host='x86-redhat-linux-gnu'
host_alias='x86-redhat-linux'
host_cpu='x86'
host_os='linux-gnu'
host_vendor='redhat'
includedir='${prefix}/include'
infodir='${prefix}/info'
install_sh='/home/po/Dingux_Pro/Mplayer_free/jz4740-mplayer_jz-master/madlib/libmad-0.15.1b/install-sh'
libdir='${exec_prefix}/lib'
libexecdir='${exec_prefix}/libexec'
localstatedir='${prefix}/var'
mandir='${prefix}/man'
mkdir_p='mkdir -p -- .'
oldincludedir='/usr/include'
prefix='/usr/local'
program_transform_name='s,x,x,'
sbindir='${exec_prefix}/sbin'
sharedstatedir='${prefix}/com'
sysconfdir='${prefix}/etc'
target_alias='mipsel-linux'

## ----------- ##
## confdefs.h. ##
## ----------- ##

#define HAVE_ASSERT_H 1
#define HAVE_DLFCN_H 1
#define HAVE_ERRNO_H 1
#define HAVE_FCNTL 1
#define HAVE_FCNTL_H 1
#define HAVE_FORK 1
#define HAVE_INTTYPES_H 1
#define HAVE_LIMITS_H 1
#define HAVE_MEMORY_H 1
#define HAVE_PIPE 1
#define HAVE_STDINT_H 1
#define HAVE_STDLIB_H 1
#define HAVE_STRINGS_H 1
#define HAVE_STRING_H 1
#define HAVE_SYS_STAT_H 1
#define HAVE_SYS_TYPES_H 1
#define HAVE_SYS_TYPES_H 1
#define HAVE_SYS_WAIT_H 1
#define HAVE_UNISTD_H 1
#define HAVE_UNISTD_H 1
#define HAVE_WAITPID 1
#define PACKAGE "libmad"
#define PACKAGE_BUGREPORT "support@underbit.com"
#define PACKAGE_NAME "MPEG Audio Decoder"
#define PACKAGE_STRING "MPEG Audio Decoder 0.15.1b"
#define PACKAGE_TARNAME "libmad"
#define PACKAGE_VERSION "0.15.1b"
#define SIZEOF_INT 4
#define SIZEOF_LONG 4
#define SIZEOF_LONG_LONG 8
#define STDC_HEADERS 1
#define STDC_HEADERS 1
#define VERSION "0.15.1b"
#endif
#ifdef __cplusplus
extern "C" void exit (int) throw ();

configure: exit 0
