This file contains any messages produced by compilers while
running configure, to aid debugging if configure makes a mistake.

It was created by pixman configure 0.16.2, which was
generated by GNU Autoconf 2.63.  Invocation command line was

  $ ./configure --prefix=/opt/mipsel-linux-uclibc/usr --host=mipsel-linux --target=mipsel-linux

## --------- ##
## Platform. ##
## --------- ##

hostname = Gforce
uname -m = i686
uname -r = 2.6.31-16-generic
uname -s = Linux
uname -v = #52-Ubuntu SMP Thu Dec 3 22:00:22 UTC 2009

/usr/bin/uname -p = unknown
/bin/uname -X     = unknown

/bin/arch              = unknown
/usr/bin/arch -k       = unknown
/usr/convex/getsysinfo = unknown
/usr/bin/hostinfo      = unknown
/bin/machine           = unknown
/usr/bin/oslevel       = unknown
/bin/universe          = unknown

PATH: /usr/local/sbin
PATH: /usr/local/bin
PATH: /usr/sbin
PATH: /usr/bin
PATH: /sbin
PATH: /bin
PATH: /usr/games
PATH: /opt/mipsel-linux-uclibc/usr/bin


## ----------- ##
## Core tests. ##
## ----------- ##

configure:2119: checking for a BSD-compatible install
configure:2187: result: /usr/bin/install -c
configure:2198: checking whether build environment is sane
configure:2241: result: yes
configure:2266: checking for a thread-safe mkdir -p
configure:2305: result: /bin/mkdir -p
configure:2318: checking for gawk
configure:2334: found /usr/bin/gawk
configure:2345: result: gawk
configure:2356: checking whether make sets $(MAKE)
configure:2378: result: yes
configure:2458: checking for mipsel-linux-strip
configure:2474: found /opt/mipsel-linux-uclibc/usr/bin/mipsel-linux-strip
configure:2485: result: mipsel-linux-strip
configure:2572: checking build system type
configure:2590: result: i686-pc-linux-gnu
configure:2612: checking host system type
configure:2627: result: mipsel-unknown-linux-gnu
configure:2660: checking for mipsel-linux-gcc
configure:2676: found /opt/mipsel-linux-uclibc/usr/bin/mipsel-linux-gcc
configure:2687: result: mipsel-linux-gcc
configure:2959: checking for C compiler version
configure:2967: mipsel-linux-gcc --version >&5
mipsel-linux-gcc (GCC) 4.3.3
Copyright (C) 2008 Free Software Foundation, Inc.
This is free software; see the source for copying conditions.  There is NO
warranty; not even for MERCHANTABILITY or FITNESS FOR A PARTICULAR PURPOSE.

configure:2971: $? = 0
configure:2978: mipsel-linux-gcc -v >&5
Using built-in specs.
Target: mipsel-linux-uclibc
Configured with: /home/iggarpe/A320/dev/dingoo-linux/buildroot-2009.05/toolchain_build_mipsel/gcc-4.3.3/configure --prefix=/usr --build=i386-pc-linux-gnu --host=i386-pc-linux-gnu --target=mipsel-linux-uclibc --enable-languages=c,c++ --with-sysroot=/opt/mipsel-linux-uclibc --with-build-time-tools=/opt/mipsel-linux-uclibc/usr/mipsel-linux-uclibc/bin --disable-__cxa_atexit --enable-target-optspace --with-gnu-ld --disable-libssp --disable-tls --enable-shared --with-gmp=/home/iggarpe/A320/dev/dingoo-linux/buildroot-2009.05/toolchain_build_mipsel/gmp --with-mpfr=/home/iggarpe/A320/dev/dingoo-linux/buildroot-2009.05/toolchain_build_mipsel/mpfr --disable-nls --enable-threads --disable-multilib --disable-decimal-float --with-float=soft --with-abi=32 --with-tune=mips1
Thread model: posix
gcc version 4.3.3 (GCC) 
configure:2982: $? = 0
configure:2989: mipsel-linux-gcc -V >&5
mipsel-linux-gcc: '-V' option must have argument
configure:2993: $? = 1
configure:3016: checking for C compiler default output file name
configure:3038: mipsel-linux-gcc    conftest.c  >&5
configure:3042: $? = 0
configure:3080: result: a.out
configure:3099: checking whether the C compiler works
configure:3109: ./a.out
./configure: line 3111: ./a.out: cannot execute binary file
configure:3113: $? = 126
configure:3132: result: yes
configure:3139: checking whether we are cross compiling
configure:3141: result: yes
configure:3144: checking for suffix of executables
configure:3151: mipsel-linux-gcc -o conftest    conftest.c  >&5
configure:3155: $? = 0
configure:3181: result: 
configure:3187: checking for suffix of object files
configure:3213: mipsel-linux-gcc -c   conftest.c >&5
configure:3217: $? = 0
configure:3242: result: o
configure:3246: checking whether we are using the GNU C compiler
configure:3275: mipsel-linux-gcc -c   conftest.c >&5
configure:3282: $? = 0
configure:3299: result: yes
configure:3308: checking whether mipsel-linux-gcc accepts -g
configure:3338: mipsel-linux-gcc -c -g  conftest.c >&5
configure:3345: $? = 0
configure:3446: result: yes
configure:3463: checking for mipsel-linux-gcc option to accept ISO C89
configure:3537: mipsel-linux-gcc  -c -g -O2  conftest.c >&5
configure:3544: $? = 0
configure:3567: result: none needed
configure:3596: checking for style of include used by make
configure:3624: result: GNU
configure:3649: checking dependency style of mipsel-linux-gcc
configure:3740: result: gcc3
configure:3780: checking for a sed that does not truncate output
configure:3846: result: /bin/sed
configure:3864: checking for grep that handles long lines and -e
configure:3924: result: /bin/grep
configure:3929: checking for egrep
configure:3993: result: /bin/grep -E
configure:3998: checking for fgrep
configure:4062: result: /bin/grep -F
configure:4097: checking for ld used by mipsel-linux-gcc
configure:4164: result: /opt/mipsel-linux-uclibc/usr/mipsel-linux-uclibc/bin/ld
configure:4173: checking if the linker (/opt/mipsel-linux-uclibc/usr/mipsel-linux-uclibc/bin/ld) is GNU ld
configure:4188: result: yes
configure:4200: checking for BSD- or MS-compatible name lister (nm)
configure:4249: result: /opt/mipsel-linux-uclibc/usr/bin/mipsel-linux-nm -B
configure:4367: checking the name lister (/opt/mipsel-linux-uclibc/usr/bin/mipsel-linux-nm -B) interface
configure:4374: mipsel-linux-gcc -c -g -O2  conftest.c >&5
configure:4377: /opt/mipsel-linux-uclibc/usr/bin/mipsel-linux-nm -B "conftest.o"
configure:4380: output
00000000 B some_variable
configure:4387: result: BSD nm
configure:4390: checking whether ln -s works
configure:4394: result: yes
configure:4402: checking the maximum length of command line arguments
configure:4522: result: 1572864
configure:4539: checking whether the shell understands some XSI constructs
configure:4549: result: yes
configure:4553: checking whether the shell understands "+="
configure:4559: result: yes
configure:4594: checking for /opt/mipsel-linux-uclibc/usr/mipsel-linux-uclibc/bin/ld option to reload object files
configure:4601: result: -r
configure:4630: checking for mipsel-linux-objdump
configure:4646: found /opt/mipsel-linux-uclibc/usr/bin/mipsel-linux-objdump
configure:4657: result: mipsel-linux-objdump
configure:4729: checking how to recognize dependent libraries
configure:4925: result: pass_all
configure:4945: checking for mipsel-linux-ar
configure:4961: found /opt/mipsel-linux-uclibc/usr/bin/mipsel-linux-ar
configure:4972: result: mipsel-linux-ar
configure:5050: checking for mipsel-linux-strip
configure:5077: result: mipsel-linux-strip
configure:5149: checking for mipsel-linux-ranlib
configure:5165: found /opt/mipsel-linux-uclibc/usr/bin/mipsel-linux-ranlib
configure:5176: result: mipsel-linux-ranlib
configure:5306: checking command to parse /opt/mipsel-linux-uclibc/usr/bin/mipsel-linux-nm -B output from mipsel-linux-gcc object
configure:5424: mipsel-linux-gcc -c -g -O2  conftest.c >&5
configure:5427: $? = 0
configure:5431: /opt/mipsel-linux-uclibc/usr/bin/mipsel-linux-nm -B conftest.o \| sed -n -e 's/^.*[	 ]\([ABCDGIRSTW][ABCDGIRSTW]*\)[	 ][	 ]*\([_A-Za-z][_A-Za-z0-9]*\)$/\1 \2 \2/p' \> conftest.nm
configure:5434: $? = 0
configure:5488: mipsel-linux-gcc -o conftest -g -O2   conftest.c conftstm.o >&5
configure:5491: $? = 0
configure:5529: result: ok
configure:6396: checking how to run the C preprocessor
configure:6436: mipsel-linux-gcc -E  conftest.c
configure:6443: $? = 0
configure:6474: mipsel-linux-gcc -E  conftest.c
conftest.c:10:28: error: ac_nonexistent.h: No such file or directory
configure:6481: $? = 1
configure: failed program was:
| /* confdefs.h.  */
| #define PACKAGE_NAME "pixman"
| #define PACKAGE_TARNAME "pixman"
| #define PACKAGE_VERSION "0.16.2"
| #define PACKAGE_STRING "pixman 0.16.2"
| #define PACKAGE_BUGREPORT ""sandmann@daimi.au.dk""
| #define PACKAGE "pixman"
| #define VERSION "0.16.2"
| /* end confdefs.h.  */
| #include <ac_nonexistent.h>
configure:6514: result: mipsel-linux-gcc -E
configure:6543: mipsel-linux-gcc -E  conftest.c
configure:6550: $? = 0
configure:6581: mipsel-linux-gcc -E  conftest.c
conftest.c:10:28: error: ac_nonexistent.h: No such file or directory
configure:6588: $? = 1
configure: failed program was:
| /* confdefs.h.  */
| #define PACKAGE_NAME "pixman"
| #define PACKAGE_TARNAME "pixman"
| #define PACKAGE_VERSION "0.16.2"
| #define PACKAGE_STRING "pixman 0.16.2"
| #define PACKAGE_BUGREPORT ""sandmann@daimi.au.dk""
| #define PACKAGE "pixman"
| #define VERSION "0.16.2"
| /* end confdefs.h.  */
| #include <ac_nonexistent.h>
configure:6628: checking for ANSI C header files
configure:6658: mipsel-linux-gcc -c -g -O2  conftest.c >&5
configure:6665: $? = 0
configure:6796: result: yes
configure:6820: checking for sys/types.h
configure:6841: mipsel-linux-gcc -c -g -O2  conftest.c >&5
configure:6848: $? = 0
configure:6865: result: yes
configure:6820: checking for sys/stat.h
configure:6841: mipsel-linux-gcc -c -g -O2  conftest.c >&5
configure:6848: $? = 0
configure:6865: result: yes
configure:6820: checking for stdlib.h
configure:6841: mipsel-linux-gcc -c -g -O2  conftest.c >&5
configure:6848: $? = 0
configure:6865: result: yes
configure:6820: checking for string.h
configure:6841: mipsel-linux-gcc -c -g -O2  conftest.c >&5
configure:6848: $? = 0
configure:6865: result: yes
configure:6820: checking for memory.h
configure:6841: mipsel-linux-gcc -c -g -O2  conftest.c >&5
configure:6848: $? = 0
configure:6865: result: yes
configure:6820: checking for strings.h
configure:6841: mipsel-linux-gcc -c -g -O2  conftest.c >&5
configure:6848: $? = 0
configure:6865: result: yes
configure:6820: checking for inttypes.h
configure:6841: mipsel-linux-gcc -c -g -O2  conftest.c >&5
configure:6848: $? = 0
configure:6865: result: yes
configure:6820: checking for stdint.h
configure:6841: mipsel-linux-gcc -c -g -O2  conftest.c >&5
configure:6848: $? = 0
configure:6865: result: yes
configure:6820: checking for unistd.h
configure:6841: mipsel-linux-gcc -c -g -O2  conftest.c >&5
configure:6848: $? = 0
configure:6865: result: yes
configure:6883: checking for dlfcn.h
configure:6904: mipsel-linux-gcc -c -g -O2  conftest.c >&5
configure:6911: $? = 0
configure:6928: result: yes
configure:7114: checking for objdir
configure:7129: result: .libs
configure:7421: checking if mipsel-linux-gcc supports -fno-rtti -fno-exceptions
configure:7439: mipsel-linux-gcc -c -g -O2  -fno-rtti -fno-exceptions conftest.c >&5
cc1: warning: command line option "-fno-rtti" is valid for C++/ObjC++ but not for C
configure:7443: $? = 0
configure:7456: result: no
configure:7476: checking for mipsel-linux-gcc option to produce PIC
configure:7748: result: -fPIC -DPIC
configure:7760: checking if mipsel-linux-gcc PIC flag -fPIC -DPIC works
configure:7778: mipsel-linux-gcc -c -g -O2  -fPIC -DPIC -DPIC conftest.c >&5
configure:7782: $? = 0
configure:7795: result: yes
configure:7819: checking if mipsel-linux-gcc static flag -static works
configure:7847: result: yes
configure:7862: checking if mipsel-linux-gcc supports -c -o file.o
configure:7883: mipsel-linux-gcc -c -g -O2  -o out/conftest2.o conftest.c >&5
configure:7887: $? = 0
configure:7909: result: yes
configure:7917: checking if mipsel-linux-gcc supports -c -o file.o
configure:7964: result: yes
configure:7997: checking whether the mipsel-linux-gcc linker (/opt/mipsel-linux-uclibc/usr/mipsel-linux-uclibc/bin/ld) supports shared libraries
configure:9071: result: yes
configure:9108: checking whether -lc should be explicitly linked in
configure:9113: mipsel-linux-gcc -c -g -O2  conftest.c >&5
configure:9116: $? = 0
configure:9131: mipsel-linux-gcc -shared conftest.o  -v -Wl,-soname -Wl,conftest -o conftest 2\>\&1 \| /bin/grep  -lc  \>/dev/null 2\>\&1
configure:9134: $? = 0
configure:9146: result: no
configure:9310: checking dynamic linker characteristics
configure:9753: mipsel-linux-gcc -o conftest -g -O2   -Wl,-rpath -Wl,/foo conftest.c  >&5
configure:9760: $? = 0
configure:9996: result: GNU/Linux ld.so
configure:10098: checking how to hardcode library paths into programs
configure:10123: result: immediate
configure:10956: checking whether stripping libraries is possible
configure:10961: result: yes
configure:10996: checking if libtool supports shared libraries
configure:10998: result: yes
configure:11001: checking whether to build shared libraries
configure:11022: result: yes
configure:11025: checking whether to build static libraries
configure:11029: result: yes
configure:11068: checking for getisax
configure:11124: mipsel-linux-gcc -o conftest -g -O2   conftest.c  >&5
/tmp/ccQxP1B1.o: In function `main':
/media/Data/dingoo/dingux/dev/openwrt/trunk/build_dir/target-_-/pixman-0.16.2/conftest.c:56: undefined reference to `getisax'
collect2: ld returned 1 exit status
configure:11131: $? = 1
configure: failed program was:
| /* confdefs.h.  */
| #define PACKAGE_NAME "pixman"
| #define PACKAGE_TARNAME "pixman"
| #define PACKAGE_VERSION "0.16.2"
| #define PACKAGE_STRING "pixman 0.16.2"
| #define PACKAGE_BUGREPORT ""sandmann@daimi.au.dk""
| #define PACKAGE "pixman"
| #define VERSION "0.16.2"
| #define STDC_HEADERS 1
| #define HAVE_SYS_TYPES_H 1
| #define HAVE_SYS_STAT_H 1
| #define HAVE_STDLIB_H 1
| #define HAVE_STRING_H 1
| #define HAVE_MEMORY_H 1
| #define HAVE_STRINGS_H 1
| #define HAVE_INTTYPES_H 1
| #define HAVE_STDINT_H 1
| #define HAVE_UNISTD_H 1
| #define HAVE_DLFCN_H 1
| #define LT_OBJDIR ".libs/"
| /* end confdefs.h.  */
| /* Define getisax to an innocuous variant, in case <limits.h> declares getisax.
|    For example, HP-UX 11i <limits.h> declares gettimeofday.  */
| #define getisax innocuous_getisax
| 
| /* System header to define __stub macros and hopefully few prototypes,
|     which can conflict with char getisax (); below.
|     Prefer <limits.h> to <assert.h> if __STDC__ is defined, since
|     <limits.h> exists even on freestanding compilers.  */
| 
| #ifdef __STDC__
| # include <limits.h>
| #else
| # include <assert.h>
| #endif
| 
| #undef getisax
| 
| /* Override any GCC internal prototype to avoid an error.
|    Use char because int might match the return type of a GCC
|    builtin and then its argument prototype would still apply.  */
| #ifdef __cplusplus
| extern "C"
| #endif
| char getisax ();
| /* The GNU C library defines this for functions which it implements
|     to always fail with ENOSYS.  Some functions are actually named
|     something starting with __ and the normal name is an alias.  */
| #if defined __stub_getisax || defined __stub___getisax
| choke me
| #endif
| 
| int
| main ()
| {
| return getisax ();
|   ;
|   return 0;
| }
configure:11153: result: no
configure:11166: checking whether byte ordering is bigendian
configure:11191: mipsel-linux-gcc -c -g -O2  conftest.c >&5
conftest.c:23: error: expected '=', ',', ';', 'asm' or '__attribute__' before 'a'
configure:11198: $? = 1
configure: failed program was:
| /* confdefs.h.  */
| #define PACKAGE_NAME "pixman"
| #define PACKAGE_TARNAME "pixman"
| #define PACKAGE_VERSION "0.16.2"
| #define PACKAGE_STRING "pixman 0.16.2"
| #define PACKAGE_BUGREPORT ""sandmann@daimi.au.dk""
| #define PACKAGE "pixman"
| #define VERSION "0.16.2"
| #define STDC_HEADERS 1
| #define HAVE_SYS_TYPES_H 1
| #define HAVE_SYS_STAT_H 1
| #define HAVE_STDLIB_H 1
| #define HAVE_STRING_H 1
| #define HAVE_MEMORY_H 1
| #define HAVE_STRINGS_H 1
| #define HAVE_INTTYPES_H 1
| #define HAVE_STDINT_H 1
| #define HAVE_UNISTD_H 1
| #define HAVE_DLFCN_H 1
| #define LT_OBJDIR ".libs/"
| /* end confdefs.h.  */
| #ifndef __APPLE_CC__
| 	       not a universal capable compiler
| 	     #endif
| 	     typedef int dummy;
| 
configure:11248: mipsel-linux-gcc -c -g -O2  conftest.c >&5
configure:11255: $? = 0
configure:11287: mipsel-linux-gcc -c -g -O2  conftest.c >&5
conftest.c: In function 'main':
conftest.c:29: error: 'not' undeclared (first use in this function)
conftest.c:29: error: (Each undeclared identifier is reported only once
conftest.c:29: error: for each function it appears in.)
conftest.c:29: error: expected ';' before 'big'
configure:11294: $? = 1
configure: failed program was:
| /* confdefs.h.  */
| #define PACKAGE_NAME "pixman"
| #define PACKAGE_TARNAME "pixman"
| #define PACKAGE_VERSION "0.16.2"
| #define PACKAGE_STRING "pixman 0.16.2"
| #define PACKAGE_BUGREPORT ""sandmann@daimi.au.dk""
| #define PACKAGE "pixman"
| #define VERSION "0.16.2"
| #define STDC_HEADERS 1
| #define HAVE_SYS_TYPES_H 1
| #define HAVE_SYS_STAT_H 1
| #define HAVE_STDLIB_H 1
| #define HAVE_STRING_H 1
| #define HAVE_MEMORY_H 1
| #define HAVE_STRINGS_H 1
| #define HAVE_INTTYPES_H 1
| #define HAVE_STDINT_H 1
| #define HAVE_UNISTD_H 1
| #define HAVE_DLFCN_H 1
| #define LT_OBJDIR ".libs/"
| /* end confdefs.h.  */
| #include <sys/types.h>
| 		#include <sys/param.h>
| 
| int
| main ()
| {
| #if BYTE_ORDER != BIG_ENDIAN
| 		 not big endian
| 		#endif
| 
|   ;
|   return 0;
| }
configure:11546: result: no
configure:11571: checking for inline
configure:11597: mipsel-linux-gcc -c -g -O2  conftest.c >&5
configure:11604: $? = 0
configure:11622: result: inline
configure:11643: checking whether __SUNPRO_C is declared
configure:11672: mipsel-linux-gcc -c -g -O2  conftest.c >&5
conftest.c: In function 'main':
conftest.c:59: error: '__SUNPRO_C' undeclared (first use in this function)
conftest.c:59: error: (Each undeclared identifier is reported only once
conftest.c:59: error: for each function it appears in.)
configure:11679: $? = 1
configure: failed program was:
| /* confdefs.h.  */
| #define PACKAGE_NAME "pixman"
| #define PACKAGE_TARNAME "pixman"
| #define PACKAGE_VERSION "0.16.2"
| #define PACKAGE_STRING "pixman 0.16.2"
| #define PACKAGE_BUGREPORT ""sandmann@daimi.au.dk""
| #define PACKAGE "pixman"
| #define VERSION "0.16.2"
| #define STDC_HEADERS 1
| #define HAVE_SYS_TYPES_H 1
| #define HAVE_SYS_STAT_H 1
| #define HAVE_STDLIB_H 1
| #define HAVE_STRING_H 1
| #define HAVE_MEMORY_H 1
| #define HAVE_STRINGS_H 1
| #define HAVE_INTTYPES_H 1
| #define HAVE_STDINT_H 1
| #define HAVE_UNISTD_H 1
| #define HAVE_DLFCN_H 1
| #define LT_OBJDIR ".libs/"
| /* end confdefs.h.  */
| #include <stdio.h>
| #ifdef HAVE_SYS_TYPES_H
| # include <sys/types.h>
| #endif
| #ifdef HAVE_SYS_STAT_H
| # include <sys/stat.h>
| #endif
| #ifdef STDC_HEADERS
| # include <stdlib.h>
| # include <stddef.h>
| #else
| # ifdef HAVE_STDLIB_H
| #  include <stdlib.h>
| # endif
| #endif
| #ifdef HAVE_STRING_H
| # if !defined STDC_HEADERS && defined HAVE_MEMORY_H
| #  include <memory.h>
| # endif
| # include <string.h>
| #endif
| #ifdef HAVE_STRINGS_H
| # include <strings.h>
| #endif
| #ifdef HAVE_INTTYPES_H
| # include <inttypes.h>
| #endif
| #ifdef HAVE_STDINT_H
| # include <stdint.h>
| #endif
| #ifdef HAVE_UNISTD_H
| # include <unistd.h>
| #endif
| int
| main ()
| {
| #ifndef __SUNPRO_C
|   (void) __SUNPRO_C;
| #endif
| 
|   ;
|   return 0;
| }
configure:11694: result: no
configure:11702: checking whether __amd64 is declared
configure:11731: mipsel-linux-gcc -c -g -O2  conftest.c >&5
conftest.c: In function 'main':
conftest.c:59: error: '__amd64' undeclared (first use in this function)
conftest.c:59: error: (Each undeclared identifier is reported only once
conftest.c:59: error: for each function it appears in.)
configure:11738: $? = 1
configure: failed program was:
| /* confdefs.h.  */
| #define PACKAGE_NAME "pixman"
| #define PACKAGE_TARNAME "pixman"
| #define PACKAGE_VERSION "0.16.2"
| #define PACKAGE_STRING "pixman 0.16.2"
| #define PACKAGE_BUGREPORT ""sandmann@daimi.au.dk""
| #define PACKAGE "pixman"
| #define VERSION "0.16.2"
| #define STDC_HEADERS 1
| #define HAVE_SYS_TYPES_H 1
| #define HAVE_SYS_STAT_H 1
| #define HAVE_STDLIB_H 1
| #define HAVE_STRING_H 1
| #define HAVE_MEMORY_H 1
| #define HAVE_STRINGS_H 1
| #define HAVE_INTTYPES_H 1
| #define HAVE_STDINT_H 1
| #define HAVE_UNISTD_H 1
| #define HAVE_DLFCN_H 1
| #define LT_OBJDIR ".libs/"
| /* end confdefs.h.  */
| #include <stdio.h>
| #ifdef HAVE_SYS_TYPES_H
| # include <sys/types.h>
| #endif
| #ifdef HAVE_SYS_STAT_H
| # include <sys/stat.h>
| #endif
| #ifdef STDC_HEADERS
| # include <stdlib.h>
| # include <stddef.h>
| #else
| # ifdef HAVE_STDLIB_H
| #  include <stdlib.h>
| # endif
| #endif
| #ifdef HAVE_STRING_H
| # if !defined STDC_HEADERS && defined HAVE_MEMORY_H
| #  include <memory.h>
| # endif
| # include <string.h>
| #endif
| #ifdef HAVE_STRINGS_H
| # include <strings.h>
| #endif
| #ifdef HAVE_INTTYPES_H
| # include <inttypes.h>
| #endif
| #ifdef HAVE_STDINT_H
| # include <stdint.h>
| #endif
| #ifdef HAVE_UNISTD_H
| # include <unistd.h>
| #endif
| int
| main ()
| {
| #ifndef __amd64
|   (void) __amd64;
| #endif
| 
|   ;
|   return 0;
| }
configure:11753: result: no
configure:11811: checking for perl
configure:11829: found /usr/bin/perl
configure:11842: result: /usr/bin/perl
configure:11859: checking for -fvisibility
configure:11876: mipsel-linux-gcc -c -g -O2 -Wall -fno-strict-aliasing  conftest.c >&5
configure:11883: $? = 0
configure:11901: result: yes
configure:11905: checking for -xldscope (Sun compilers)
configure:11922: mipsel-linux-gcc -c -g -O2 -Wall -fno-strict-aliasing -fvisibility=hidden  conftest.c >&5
conftest.c:4: error: expected '=', ',', ';', 'asm' or '__attribute__' before 'Need'
configure:11929: $? = 1
configure: failed program was:
| 
| #if defined(__SUNPRO_C) && (__SUNPRO_C >= 0x550)
| #else
| error Need Sun Studio 8 for visibility
| #endif
| int main () { return 0; }
| 
configure:11947: result: no
configure:11965: checking whether to use MMX intrinsics
configure:11986: mipsel-linux-gcc -c -mmmx -Winline -g -O2 -Wall -fno-strict-aliasing -fvisibility=hidden  conftest.c >&5
cc1: error: unrecognized command line option "-mmmx"
configure:11993: $? = 1
configure: failed program was:
| 
| #if defined(__GNUC__) && (__GNUC__ < 3 || (__GNUC__ == 3 && __GNUC_MINOR__ < 4))
| error "Need GCC >= 3.4 for MMX intrinsics"
| #endif
| #include <mmintrin.h>
| int main () {
|     __m64 v = _mm_cvtsi32_si64 (1);
|     return _mm_cvtsi64_si32 (v);
| }
configure:12031: result: no
configure:12061: checking whether to use SSE2 intrinsics
configure:12088: mipsel-linux-gcc -c -mmmx -msse2 -Winline -g -O2 -Wall -fno-strict-aliasing -fvisibility=hidden  conftest.c >&5
cc1: error: unrecognized command line option "-mmmx"
cc1: error: unrecognized command line option "-msse2"
configure:12095: $? = 1
configure: failed program was:
| 
| #if defined(__GNUC__) && (__GNUC__ < 4 || (__GNUC__ == 4 && __GNUC_MINOR__ < 2))
| #   if !defined(__amd64__) && !defined(__x86_64__)
| #      error "Need GCC >= 4.2 for SSE2 intrinsics on x86"
| #   endif
| #endif
| #include <mmintrin.h>
| #include <xmmintrin.h>
| #include <emmintrin.h>
| int main () {
|     __m128i a, b, c;
| 	c = _mm_xor_si128 (a, b);
|     return 0;
| }
configure:12131: result: no
configure:12221: checking whether to use VMX/Altivec intrinsics
configure:12243: mipsel-linux-gcc -c -maltivec -mabi=altivec -g -O2 -Wall -fno-strict-aliasing -fvisibility=hidden  conftest.c >&5
cc1: error: unrecognized command line option "-maltivec"
cc1: error: unrecognized command line option "-mabi=altivec"
configure:12250: $? = 1
configure: failed program was:
| 
| #if defined(__GNUC__) && (__GNUC__ < 3 || (__GNUC__ == 3 && __GNUC_MINOR__ < 4))
| error "Need GCC >= 3.4 for sane altivec support"
| #endif
| #include <altivec.h>
| int main () {
|     vector unsigned int v = vec_splat_u32 (1);
|     v = vec_sub (v, v);
|     return 0;
| }
configure:12288: result: no
configure:12310: checking whether to use ARM SIMD assembler
configure:12327: mipsel-linux-gcc -c -mcpu=arm1136j-s -g -O2 -Wall -fno-strict-aliasing -fvisibility=hidden  conftest.c >&5
cc1: error: unrecognized command line option "-mcpu=arm1136j-s"
configure:12334: $? = 1
configure: failed program was:
| 
| int main () {
|     asm("uqadd8 r1, r1, r2");
|     return 0;
| }
configure:12372: result: no
configure:12394: checking whether to use ARM NEON
configure:12412: mipsel-linux-gcc -c -mfpu=neon -mcpu=cortex-a8 -g -O2 -Wall -fno-strict-aliasing -fvisibility=hidden  conftest.c >&5
cc1: error: unrecognized command line option "-mfpu=neon"
cc1: error: unrecognized command line option "-mcpu=cortex-a8"
configure:12419: $? = 1
configure: failed program was:
| 
| #include <arm_neon.h>
| int main () {
|     uint8x8_t neon_test=vmov_n_u8(0);
|     return 0;
| }
configure:12468: result: no
configure:12478: checking whether to use GNU-style inline assembler
configure:12494: mipsel-linux-gcc -c -g -O2 -Wall -fno-strict-aliasing -fvisibility=hidden  conftest.c >&5
configure:12501: $? = 0
configure:12536: result: yes
configure:12586: checking for mipsel-linux-pkg-config
configure:12619: result: no
configure:12629: checking for pkg-config
configure:12647: found /usr/bin/pkg-config
configure:12659: result: /usr/bin/pkg-config
configure:12671: WARNING: using cross tools not prefixed with host triplet
configure:12684: checking pkg-config is at least version 0.9.0
configure:12687: result: yes
configure:12698: $PKG_CONFIG --exists --print-errors "gtk+-2.0"
Package gtk+-2.0 was not found in the pkg-config search path.
Perhaps you should add the directory containing `gtk+-2.0.pc'
to the PKG_CONFIG_PATH environment variable
No package 'gtk+-2.0' found
configure:12701: $? = 1
configure:12835: checking for posix_memalign
configure:12891: mipsel-linux-gcc -o conftest -g -O2 -Wall -fno-strict-aliasing -fvisibility=hidden   conftest.c  >&5
configure:12898: $? = 0
configure:12918: result: yes
configure:13102: creating ./config.status

## ---------------------- ##
## Running config.status. ##
## ---------------------- ##

This file was extended by pixman config.status 0.16.2, which was
generated by GNU Autoconf 2.63.  Invocation command line was

  CONFIG_FILES    = 
  CONFIG_HEADERS  = 
  CONFIG_LINKS    = 
  CONFIG_COMMANDS = 
  $ ./config.status 

on Gforce

config.status:1020: creating pixman-1.pc
config.status:1020: creating pixman-1-uninstalled.pc
config.status:1020: creating Makefile
config.status:1020: creating pixman/Makefile
config.status:1020: creating pixman/pixman-version.h
config.status:1020: creating test/Makefile
config.status:1020: creating config.h
config.status:1242: config.h is unchanged
config.status:1294: executing depfiles commands
config.status:1294: executing libtool commands

## ---------------- ##
## Cache variables. ##
## ---------------- ##

ac_cv_build=i686-pc-linux-gnu
ac_cv_c_bigendian=no
ac_cv_c_compiler_gnu=yes
ac_cv_c_inline=inline
ac_cv_env_CC_set=
ac_cv_env_CC_value=
ac_cv_env_CFLAGS_set=
ac_cv_env_CFLAGS_value=
ac_cv_env_CPPFLAGS_set=
ac_cv_env_CPPFLAGS_value=
ac_cv_env_CPP_set=
ac_cv_env_CPP_value=
ac_cv_env_GTK_CFLAGS_set=
ac_cv_env_GTK_CFLAGS_value=
ac_cv_env_GTK_LIBS_set=
ac_cv_env_GTK_LIBS_value=
ac_cv_env_LDFLAGS_set=
ac_cv_env_LDFLAGS_value=
ac_cv_env_LIBS_set=
ac_cv_env_LIBS_value=
ac_cv_env_PKG_CONFIG_set=
ac_cv_env_PKG_CONFIG_value=
ac_cv_env_build_alias_set=
ac_cv_env_build_alias_value=
ac_cv_env_host_alias_set=set
ac_cv_env_host_alias_value=mipsel-linux
ac_cv_env_target_alias_set=set
ac_cv_env_target_alias_value=mipsel-linux
ac_cv_func_getisax=no
ac_cv_func_posix_memalign=yes
ac_cv_have_decl___SUNPRO_C=no
ac_cv_have_decl___amd64=no
ac_cv_header_dlfcn_h=yes
ac_cv_header_inttypes_h=yes
ac_cv_header_memory_h=yes
ac_cv_header_stdc=yes
ac_cv_header_stdint_h=yes
ac_cv_header_stdlib_h=yes
ac_cv_header_string_h=yes
ac_cv_header_strings_h=yes
ac_cv_header_sys_stat_h=yes
ac_cv_header_sys_types_h=yes
ac_cv_header_unistd_h=yes
ac_cv_host=mipsel-unknown-linux-gnu
ac_cv_objext=o
ac_cv_path_EGREP='/bin/grep -E'
ac_cv_path_FGREP='/bin/grep -F'
ac_cv_path_GREP=/bin/grep
ac_cv_path_PERL=/usr/bin/perl
ac_cv_path_SED=/bin/sed
ac_cv_path_ac_pt_PKG_CONFIG=/usr/bin/pkg-config
ac_cv_path_install='/usr/bin/install -c'
ac_cv_path_mkdir=/bin/mkdir
ac_cv_prog_AR=mipsel-linux-ar
ac_cv_prog_AWK=gawk
ac_cv_prog_CC=mipsel-linux-gcc
ac_cv_prog_CPP='mipsel-linux-gcc -E'
ac_cv_prog_OBJDUMP=mipsel-linux-objdump
ac_cv_prog_RANLIB=mipsel-linux-ranlib
ac_cv_prog_STRIP=mipsel-linux-strip
ac_cv_prog_cc_c89=
ac_cv_prog_cc_g=yes
ac_cv_prog_make_make_set=yes
am_cv_CC_dependencies_compiler_type=gcc3
lt_cv_deplibs_check_method=pass_all
lt_cv_file_magic_cmd='$MAGIC_CMD'
lt_cv_file_magic_test_file=
lt_cv_ld_reload_flag=-r
lt_cv_nm_interface='BSD nm'
lt_cv_objdir=.libs
lt_cv_path_LD=/opt/mipsel-linux-uclibc/usr/mipsel-linux-uclibc/bin/ld
lt_cv_path_NM='/opt/mipsel-linux-uclibc/usr/bin/mipsel-linux-nm -B'
lt_cv_prog_compiler_c_o=yes
lt_cv_prog_compiler_pic_works=yes
lt_cv_prog_compiler_rtti_exceptions=no
lt_cv_prog_compiler_static_works=yes
lt_cv_prog_gnu_ld=yes
lt_cv_sys_global_symbol_pipe='sed -n -e '\''s/^.*[	 ]\([ABCDGIRSTW][ABCDGIRSTW]*\)[	 ][	 ]*\([_A-Za-z][_A-Za-z0-9]*\)$/\1 \2 \2/p'\'''
lt_cv_sys_global_symbol_to_c_name_address='sed -n -e '\''s/^: \([^ ]*\) $/  {\"\1\", (void *) 0},/p'\'' -e '\''s/^[ABCDGIRSTW]* \([^ ]*\) \([^ ]*\)$/  {"\2", (void *) \&\2},/p'\'''
lt_cv_sys_global_symbol_to_c_name_address_lib_prefix='sed -n -e '\''s/^: \([^ ]*\) $/  {\"\1\", (void *) 0},/p'\'' -e '\''s/^[ABCDGIRSTW]* \([^ ]*\) \(lib[^ ]*\)$/  {"\2", (void *) \&\2},/p'\'' -e '\''s/^[ABCDGIRSTW]* \([^ ]*\) \([^ ]*\)$/  {"lib\2", (void *) \&\2},/p'\'''
lt_cv_sys_global_symbol_to_cdecl='sed -n -e '\''s/^T .* \(.*\)$/extern int \1();/p'\'' -e '\''s/^[ABCDGIRSTW]* .* \(.*\)$/extern char \1;/p'\'''
lt_cv_sys_max_cmd_len=1572864

## ----------------- ##
## Output variables. ##
## ----------------- ##

ACLOCAL='${SHELL} /media/Data/dingoo/dingux/dev/openwrt/trunk/build_dir/target-_-/pixman-0.16.2/missing --run aclocal-1.10'
AMDEPBACKSLASH='\'
AMDEP_FALSE='#'
AMDEP_TRUE=''
AMTAR='${SHELL} /media/Data/dingoo/dingux/dev/openwrt/trunk/build_dir/target-_-/pixman-0.16.2/missing --run tar'
AR='mipsel-linux-ar'
ARM_NEON_CFLAGS=''
ARM_SIMD_CFLAGS=''
AUTOCONF='${SHELL} /media/Data/dingoo/dingux/dev/openwrt/trunk/build_dir/target-_-/pixman-0.16.2/missing --run autoconf'
AUTOHEADER='${SHELL} /media/Data/dingoo/dingux/dev/openwrt/trunk/build_dir/target-_-/pixman-0.16.2/missing --run autoheader'
AUTOMAKE='${SHELL} /media/Data/dingoo/dingux/dev/openwrt/trunk/build_dir/target-_-/pixman-0.16.2/missing --run automake-1.10'
AWK='gawk'
CC='mipsel-linux-gcc'
CCDEPMODE='depmode=gcc3'
CFLAGS='-g -O2 -Wall -fno-strict-aliasing -fvisibility=hidden'
CPP='mipsel-linux-gcc -E'
CPPFLAGS=''
CYGPATH_W='echo'
DEFS='-DHAVE_CONFIG_H'
DEPDIR='.deps'
DEP_CFLAGS=''
DEP_LIBS=''
DSYMUTIL=''
DUMPBIN=''
ECHO_C=''
ECHO_N='-n'
ECHO_T=''
EGREP='/bin/grep -E'
EXEEXT=''
FGREP='/bin/grep -F'
GREP='/bin/grep'
GTK_CFLAGS=''
GTK_LIBS=''
HAVE_GTK_FALSE=''
HAVE_GTK_TRUE='#'
INSTALL_DATA='${INSTALL} -m 644'
INSTALL_PROGRAM='${INSTALL}'
INSTALL_SCRIPT='${INSTALL}'
INSTALL_STRIP_PROGRAM='$(install_sh) -c -s'
LD='/opt/mipsel-linux-uclibc/usr/mipsel-linux-uclibc/bin/ld'
LDFLAGS=''
LIBOBJS=''
LIBS=''
LIBTOOL='$(SHELL) $(top_builddir)/libtool'
LIPO=''
LN_S='ln -s'
LTLIBOBJS=''
LT_VERSION_INFO='16:2:16'
MAKEINFO='${SHELL} /media/Data/dingoo/dingux/dev/openwrt/trunk/build_dir/target-_-/pixman-0.16.2/missing --run makeinfo'
MKDIR_P='/bin/mkdir -p'
MMX_CFLAGS=''
MMX_LDFLAGS=''
NM='/opt/mipsel-linux-uclibc/usr/bin/mipsel-linux-nm -B'
NMEDIT=''
OBJDUMP='mipsel-linux-objdump'
OBJEXT='o'
OTOOL64=''
OTOOL=''
PACKAGE='pixman'
PACKAGE_BUGREPORT='"sandmann@daimi.au.dk"'
PACKAGE_NAME='pixman'
PACKAGE_STRING='pixman 0.16.2'
PACKAGE_TARNAME='pixman'
PACKAGE_VERSION='0.16.2'
PATH_SEPARATOR=':'
PERL='/usr/bin/perl'
PIXMAN_TIMERS=''
PIXMAN_VERSION_MAJOR='0'
PIXMAN_VERSION_MICRO='2'
PIXMAN_VERSION_MINOR='16'
PKG_CONFIG='/usr/bin/pkg-config'
RANLIB='mipsel-linux-ranlib'
SED='/bin/sed'
SET_MAKE=''
SHELL='/bin/bash'
SSE2_CFLAGS='-mmmx -msse2 -Winline'
SSE2_LDFLAGS=''
STRIP='mipsel-linux-strip'
USE_ARM_NEON_FALSE=''
USE_ARM_NEON_TRUE='#'
USE_ARM_SIMD_FALSE=''
USE_ARM_SIMD_TRUE='#'
USE_GCC_INLINE_ASM_FALSE='#'
USE_GCC_INLINE_ASM_TRUE=''
USE_MMX_FALSE=''
USE_MMX_TRUE='#'
USE_SSE2_FALSE=''
USE_SSE2_TRUE='#'
USE_VMX_FALSE=''
USE_VMX_TRUE='#'
VERSION='0.16.2'
VMX_CFLAGS=''
ac_ct_CC=''
ac_ct_DUMPBIN=''
am__fastdepCC_FALSE='#'
am__fastdepCC_TRUE=''
am__include='include'
am__isrc=''
am__leading_dot='.'
am__quote=''
am__tar='${AMTAR} chof - "$$tardir"'
am__untar='${AMTAR} xf -'
bindir='${exec_prefix}/bin'
build='i686-pc-linux-gnu'
build_alias=''
build_cpu='i686'
build_os='linux-gnu'
build_vendor='pc'
datadir='${datarootdir}'
datarootdir='${prefix}/share'
docdir='${datarootdir}/doc/${PACKAGE_TARNAME}'
dvidir='${docdir}'
exec_prefix='${prefix}'
host='mipsel-unknown-linux-gnu'
host_alias='mipsel-linux'
host_cpu='mipsel'
host_os='linux-gnu'
host_vendor='unknown'
htmldir='${docdir}'
includedir='${prefix}/include'
infodir='${datarootdir}/info'
install_sh='$(SHELL) /media/Data/dingoo/dingux/dev/openwrt/trunk/build_dir/target-_-/pixman-0.16.2/install-sh'
libdir='${exec_prefix}/lib'
libexecdir='${exec_prefix}/libexec'
localedir='${datarootdir}/locale'
localstatedir='${prefix}/var'
lt_ECHO='echo'
mandir='${datarootdir}/man'
mkdir_p='/bin/mkdir -p'
oldincludedir='/usr/include'
pdfdir='${docdir}'
prefix='/opt/mipsel-linux-uclibc/usr'
program_transform_name='s,x,x,'
psdir='${docdir}'
sbindir='${exec_prefix}/sbin'
sharedstatedir='${prefix}/com'
sysconfdir='${prefix}/etc'
target_alias='mipsel-linux'

## ----------- ##
## confdefs.h. ##
## ----------- ##

#define PACKAGE_NAME "pixman"
#define PACKAGE_TARNAME "pixman"
#define PACKAGE_VERSION "0.16.2"
#define PACKAGE_STRING "pixman 0.16.2"
#define PACKAGE_BUGREPORT ""sandmann@daimi.au.dk""
#define PACKAGE "pixman"
#define VERSION "0.16.2"
#define STDC_HEADERS 1
#define HAVE_SYS_TYPES_H 1
#define HAVE_SYS_STAT_H 1
#define HAVE_STDLIB_H 1
#define HAVE_STRING_H 1
#define HAVE_MEMORY_H 1
#define HAVE_STRINGS_H 1
#define HAVE_INTTYPES_H 1
#define HAVE_STDINT_H 1
#define HAVE_UNISTD_H 1
#define HAVE_DLFCN_H 1
#define LT_OBJDIR ".libs/"
#define USE_GCC_INLINE_ASM 1
#define HAVE_POSIX_MEMALIGN 1

configure: exit 0
