This file contains any messages produced by compilers while
running configure, to aid debugging if configure makes a mistake.

It was created by glib configure 2.22.2, which was
generated by GNU Autoconf 2.63.  Invocation command line was

  $ ./configure --prefix=/opt/mipsel-linux-uclibc/usr --host=mipsel-linux --target=mipsel-linux --cache-file=config.cache

## --------- ##
## Platform. ##
## --------- ##

hostname = Gforce
uname -m = i686
uname -r = 2.6.31-16-generic
uname -s = Linux
uname -v = #52-Ubuntu SMP Thu Dec 3 22:00:22 UTC 2009

/usr/bin/uname -p = unknown
/bin/uname -X     = unknown

/bin/arch              = unknown
/usr/bin/arch -k       = unknown
/usr/convex/getsysinfo = unknown
/usr/bin/hostinfo      = unknown
/bin/machine           = unknown
/usr/bin/oslevel       = unknown
/bin/universe          = unknown

PATH: /usr/local/sbin
PATH: /usr/local/bin
PATH: /usr/sbin
PATH: /usr/bin
PATH: /sbin
PATH: /bin
PATH: /usr/games
PATH: /opt/mipsel-linux-uclibc/usr/bin


## ----------- ##
## Core tests. ##
## ----------- ##

configure:2140: loading cache config.cache
configure:2297: checking for a BSD-compatible install
configure:2365: result: /usr/bin/install -c
configure:2376: checking whether build environment is sane
configure:2436: result: yes
configure:2485: checking for mipsel-linux-strip
configure:2512: result: mipsel-linux-strip
configure:2577: checking for a thread-safe mkdir -p
configure:2616: result: /bin/mkdir -p
configure:2629: checking for gawk
configure:2656: result: gawk
configure:2667: checking whether make sets $(MAKE)
configure:2689: result: yes
configure:2836: checking whether to enable maintainer-specific portions of Makefiles
configure:2845: result: no
configure:2865: checking build system type
configure:2883: result: i686-pc-linux-gnu
configure:2905: checking host system type
configure:2920: result: mipsel-unknown-linux-gnu
configure:2943: checking for the BeOS
configure:2953: result: no
configure:2957: checking for Win32
configure:2991: result: no
configure:2997: checking for Mac OS X Carbon support
configure:3011: checking for style of include used by make
configure:3039: result: GNU
configure:3069: checking for mipsel-linux-gcc
configure:3096: result: mipsel-linux-gcc
configure:3368: checking for C compiler version
configure:3376: mipsel-linux-gcc --version >&5
mipsel-linux-gcc (GCC) 4.3.3
Copyright (C) 2008 Free Software Foundation, Inc.
This is free software; see the source for copying conditions.  There is NO
warranty; not even for MERCHANTABILITY or FITNESS FOR A PARTICULAR PURPOSE.

configure:3380: $? = 0
configure:3387: mipsel-linux-gcc -v >&5
Using built-in specs.
Target: mipsel-linux-uclibc
Configured with: /home/iggarpe/A320/dev/dingoo-linux/buildroot-2009.05/toolchain_build_mipsel/gcc-4.3.3/configure --prefix=/usr --build=i386-pc-linux-gnu --host=i386-pc-linux-gnu --target=mipsel-linux-uclibc --enable-languages=c,c++ --with-sysroot=/opt/mipsel-linux-uclibc --with-build-time-tools=/opt/mipsel-linux-uclibc/usr/mipsel-linux-uclibc/bin --disable-__cxa_atexit --enable-target-optspace --with-gnu-ld --disable-libssp --disable-tls --enable-shared --with-gmp=/home/iggarpe/A320/dev/dingoo-linux/buildroot-2009.05/toolchain_build_mipsel/gmp --with-mpfr=/home/iggarpe/A320/dev/dingoo-linux/buildroot-2009.05/toolchain_build_mipsel/mpfr --disable-nls --enable-threads --disable-multilib --disable-decimal-float --with-float=soft --with-abi=32 --with-tune=mips1
Thread model: posix
gcc version 4.3.3 (GCC) 
configure:3391: $? = 0
configure:3398: mipsel-linux-gcc -V >&5
mipsel-linux-gcc: '-V' option must have argument
configure:3402: $? = 1
configure:3425: checking for C compiler default output file name
configure:3447: mipsel-linux-gcc    conftest.c  >&5
configure:3451: $? = 0
configure:3489: result: a.out
configure:3508: checking whether the C compiler works
configure:3518: ./a.out
./configure: line 3520: ./a.out: cannot execute binary file
configure:3522: $? = 126
configure:3541: result: yes
configure:3548: checking whether we are cross compiling
configure:3550: result: yes
configure:3553: checking for suffix of executables
configure:3560: mipsel-linux-gcc -o conftest    conftest.c  >&5
configure:3564: $? = 0
configure:3590: result: 
configure:3596: checking for suffix of object files
configure:3651: result: o
configure:3655: checking whether we are using the GNU C compiler
configure:3708: result: yes
configure:3717: checking whether mipsel-linux-gcc accepts -g
configure:3855: result: yes
configure:3872: checking for mipsel-linux-gcc option to accept ISO C89
configure:3976: result: none needed
configure:3996: checking dependency style of mipsel-linux-gcc
configure:4106: result: gcc3
configure:4127: checking how to run the C preprocessor
configure:4245: result: mipsel-linux-gcc -E
configure:4274: mipsel-linux-gcc -E  conftest.c
configure:4281: $? = 0
configure:4312: mipsel-linux-gcc -E  conftest.c
conftest.c:13:28: error: ac_nonexistent.h: No such file or directory
configure:4319: $? = 1
configure: failed program was:
| /* confdefs.h.  */
| #define PACKAGE_NAME "glib"
| #define PACKAGE_TARNAME "glib"
| #define PACKAGE_VERSION "2.22.2"
| #define PACKAGE_STRING "glib 2.22.2"
| #define PACKAGE_BUGREPORT "http://bugzilla.gnome.org/enter_bug.cgi?product=glib"
| #define GLIB_MAJOR_VERSION 2
| #define GLIB_MINOR_VERSION 22
| #define GLIB_MICRO_VERSION 2
| #define GLIB_INTERFACE_AGE 2
| #define GLIB_BINARY_AGE 2202
| /* end confdefs.h.  */
| #include <ac_nonexistent.h>
configure:4375: mipsel-linux-gcc -E  conftest.c
conftest.c:14:27: error: Carbon/Carbon.h: No such file or directory
conftest.c:15:39: error: CoreServices/CoreServices.h: No such file or directory
configure:4382: $? = 1
configure: failed program was:
| /* confdefs.h.  */
| #define PACKAGE_NAME "glib"
| #define PACKAGE_TARNAME "glib"
| #define PACKAGE_VERSION "2.22.2"
| #define PACKAGE_STRING "glib 2.22.2"
| #define PACKAGE_BUGREPORT "http://bugzilla.gnome.org/enter_bug.cgi?product=glib"
| #define GLIB_MAJOR_VERSION 2
| #define GLIB_MINOR_VERSION 22
| #define GLIB_MICRO_VERSION 2
| #define GLIB_INTERFACE_AGE 2
| #define GLIB_BINARY_AGE 2202
| /* end confdefs.h.  */
| 
| #include <Carbon/Carbon.h>
| #include <CoreServices/CoreServices.h>
| 
configure:4397: result: no
configure:4844: checking whether to enable garbage collector friendliness
configure:4855: result: no
configure:4859: checking whether to disable memory pools
configure:4862: result: no
configure:4904: checking for mipsel-linux-gcc
configure:4931: result: mipsel-linux-gcc
configure:5203: checking for C compiler version
configure:5211: mipsel-linux-gcc --version >&5
mipsel-linux-gcc (GCC) 4.3.3
Copyright (C) 2008 Free Software Foundation, Inc.
This is free software; see the source for copying conditions.  There is NO
warranty; not even for MERCHANTABILITY or FITNESS FOR A PARTICULAR PURPOSE.

configure:5215: $? = 0
configure:5222: mipsel-linux-gcc -v >&5
Using built-in specs.
Target: mipsel-linux-uclibc
Configured with: /home/iggarpe/A320/dev/dingoo-linux/buildroot-2009.05/toolchain_build_mipsel/gcc-4.3.3/configure --prefix=/usr --build=i386-pc-linux-gnu --host=i386-pc-linux-gnu --target=mipsel-linux-uclibc --enable-languages=c,c++ --with-sysroot=/opt/mipsel-linux-uclibc --with-build-time-tools=/opt/mipsel-linux-uclibc/usr/mipsel-linux-uclibc/bin --disable-__cxa_atexit --enable-target-optspace --with-gnu-ld --disable-libssp --disable-tls --enable-shared --with-gmp=/home/iggarpe/A320/dev/dingoo-linux/buildroot-2009.05/toolchain_build_mipsel/gmp --with-mpfr=/home/iggarpe/A320/dev/dingoo-linux/buildroot-2009.05/toolchain_build_mipsel/mpfr --disable-nls --enable-threads --disable-multilib --disable-decimal-float --with-float=soft --with-abi=32 --with-tune=mips1
Thread model: posix
gcc version 4.3.3 (GCC) 
configure:5226: $? = 0
configure:5233: mipsel-linux-gcc -V >&5
mipsel-linux-gcc: '-V' option must have argument
configure:5237: $? = 1
configure:5240: checking whether we are using the GNU C compiler
configure:5293: result: yes
configure:5302: checking whether mipsel-linux-gcc accepts -g
configure:5440: result: yes
configure:5457: checking for mipsel-linux-gcc option to accept ISO C89
configure:5561: result: none needed
configure:5581: checking dependency style of mipsel-linux-gcc
configure:5691: result: gcc3
configure:5711: checking how to run the C preprocessor
configure:5829: result: mipsel-linux-gcc -E
configure:5858: mipsel-linux-gcc -E  conftest.c
configure:5865: $? = 0
configure:5896: mipsel-linux-gcc -E  conftest.c
conftest.c:13:28: error: ac_nonexistent.h: No such file or directory
configure:5903: $? = 1
configure: failed program was:
| /* confdefs.h.  */
| #define PACKAGE_NAME "glib"
| #define PACKAGE_TARNAME "glib"
| #define PACKAGE_VERSION "2.22.2"
| #define PACKAGE_STRING "glib 2.22.2"
| #define PACKAGE_BUGREPORT "http://bugzilla.gnome.org/enter_bug.cgi?product=glib"
| #define GLIB_MAJOR_VERSION 2
| #define GLIB_MINOR_VERSION 22
| #define GLIB_MICRO_VERSION 2
| #define GLIB_INTERFACE_AGE 2
| #define GLIB_BINARY_AGE 2202
| /* end confdefs.h.  */
| #include <ac_nonexistent.h>
configure:5947: checking for c++
configure:5974: result: c++
configure:6105: checking for C++ compiler version
configure:6113: c++ --version >&5
c++ (Ubuntu 4.4.1-4ubuntu8) 4.4.1
Copyright (C) 2009 Free Software Foundation, Inc.
This is free software; see the source for copying conditions.  There is NO
warranty; not even for MERCHANTABILITY or FITNESS FOR A PARTICULAR PURPOSE.

configure:6117: $? = 0
configure:6124: c++ -v >&5
Using built-in specs.
Target: i486-linux-gnu
Configured with: ../src/configure -v --with-pkgversion='Ubuntu 4.4.1-4ubuntu8' --with-bugurl=file:///usr/share/doc/gcc-4.4/README.Bugs --enable-languages=c,c++,fortran,objc,obj-c++ --prefix=/usr --enable-shared --enable-multiarch --enable-linker-build-id --with-system-zlib --libexecdir=/usr/lib --without-included-gettext --enable-threads=posix --with-gxx-include-dir=/usr/include/c++/4.4 --program-suffix=-4.4 --enable-nls --enable-clocale=gnu --enable-libstdcxx-debug --enable-objc-gc --enable-targets=all --disable-werror --with-arch-32=i486 --with-tune=generic --enable-checking=release --build=i486-linux-gnu --host=i486-linux-gnu --target=i486-linux-gnu
Thread model: posix
gcc version 4.4.1 (Ubuntu 4.4.1-4ubuntu8) 
configure:6128: $? = 0
configure:6135: c++ -V >&5
c++: '-V' option must have argument
configure:6139: $? = 1
configure:6142: checking whether we are using the GNU C++ compiler
configure:6195: result: yes
configure:6204: checking whether c++ accepts -g
configure:6342: result: yes
configure:6367: checking dependency style of c++
configure:6477: result: gcc3
configure:6514: c++ -c -g -O2  conftest.cpp >&5
configure:6521: $? = 0
configure:6558: checking for mipsel-linux-gcc
configure:6585: result: mipsel-linux-gcc
configure:6857: checking for C compiler version
configure:6865: mipsel-linux-gcc --version >&5
mipsel-linux-gcc (GCC) 4.3.3
Copyright (C) 2008 Free Software Foundation, Inc.
This is free software; see the source for copying conditions.  There is NO
warranty; not even for MERCHANTABILITY or FITNESS FOR A PARTICULAR PURPOSE.

configure:6869: $? = 0
configure:6876: mipsel-linux-gcc -v >&5
Using built-in specs.
Target: mipsel-linux-uclibc
Configured with: /home/iggarpe/A320/dev/dingoo-linux/buildroot-2009.05/toolchain_build_mipsel/gcc-4.3.3/configure --prefix=/usr --build=i386-pc-linux-gnu --host=i386-pc-linux-gnu --target=mipsel-linux-uclibc --enable-languages=c,c++ --with-sysroot=/opt/mipsel-linux-uclibc --with-build-time-tools=/opt/mipsel-linux-uclibc/usr/mipsel-linux-uclibc/bin --disable-__cxa_atexit --enable-target-optspace --with-gnu-ld --disable-libssp --disable-tls --enable-shared --with-gmp=/home/iggarpe/A320/dev/dingoo-linux/buildroot-2009.05/toolchain_build_mipsel/gmp --with-mpfr=/home/iggarpe/A320/dev/dingoo-linux/buildroot-2009.05/toolchain_build_mipsel/mpfr --disable-nls --enable-threads --disable-multilib --disable-decimal-float --with-float=soft --with-abi=32 --with-tune=mips1
Thread model: posix
gcc version 4.3.3 (GCC) 
configure:6880: $? = 0
configure:6887: mipsel-linux-gcc -V >&5
mipsel-linux-gcc: '-V' option must have argument
configure:6891: $? = 1
configure:6894: checking whether we are using the GNU C compiler
configure:6947: result: yes
configure:6956: checking whether mipsel-linux-gcc accepts -g
configure:7094: result: yes
configure:7111: checking for mipsel-linux-gcc option to accept ISO C89
configure:7215: result: none needed
configure:7235: checking dependency style of mipsel-linux-gcc
configure:7345: result: gcc3
configure:7364: checking whether mipsel-linux-gcc and cc understand -c and -o together
configure:7468: result: yes
configure:7509: checking for a BSD-compatible install
configure:7577: result: /usr/bin/install -c
configure:7596: checking for special C compiler options needed for large files
configure:7691: result: no
configure:7697: checking for _FILE_OFFSET_BITS value needed for large files
configure:7808: result: 64
configure:7951: checking for pkg-config
configure:7982: result: /usr/bin/pkg-config
configure:8074: checking for gawk
configure:8101: result: gawk
configure:8116: checking for perl5
configure:8143: result: perl
configure:8157: checking for indent
configure:8187: result: no
configure:8206: checking for perl
configure:8236: result: /usr/bin/perl
configure:8285: checking for a Python interpreter with version >= 2.4
configure:8312: result: python
configure:8320: checking for python
configure:8350: result: /usr/bin/python
configure:8368: checking for python version
configure:8375: result: 2.5
configure:8387: checking for python platform
configure:8394: result: linux2
configure:8401: checking for python script directory
configure:8422: result: ${prefix}/lib/python2.5/site-packages
configure:8431: checking for python extension module directory
configure:8452: result: ${exec_prefix}/lib/python2.5/site-packages
configure:8485: checking for iconv_open
configure:8568: result: no
configure:8576: checking for libiconv_open in -liconv
configure:8639: result: yes
configure:8961: checking for grep that handles long lines and -e
configure:9021: result: /bin/grep
configure:9026: checking for egrep
configure:9090: result: /bin/grep -E
configure:9096: checking whether we are using the GNU C Library 2.1 or newer
configure:9127: result: yes
configure:9141: checking Whether to cache iconv descriptors
configure:9167: result: no
configure:9175: checking for ANSI C header files
configure:9343: result: yes
configure:9367: checking for sys/types.h
configure:9412: result: yes
configure:9367: checking for sys/stat.h
configure:9412: result: yes
configure:9367: checking for stdlib.h
configure:9412: result: yes
configure:9367: checking for string.h
configure:9412: result: yes
configure:9367: checking for memory.h
configure:9412: result: yes
configure:9367: checking for strings.h
configure:9412: result: yes
configure:9367: checking for inttypes.h
configure:9412: result: yes
configure:9367: checking for stdint.h
configure:9412: result: yes
configure:9367: checking for unistd.h
configure:9412: result: yes
configure:9432: checking for locale.h
configure:9439: result: yes
configure:9579: checking for LC_MESSAGES
configure:9632: result: yes
configure:9652: checking for libintl.h
configure:9657: result: yes
configure:9790: checking for ngettext in libc
configure:9846: result: no
configure:10021: checking for bindtextdomain in -lintl
configure:10084: result: yes
configure:10087: checking for ngettext in -lintl
configure:10150: result: yes
configure:10153: checking for dgettext in -lintl
configure:10216: result: yes
configure:10389: checking for bind_textdomain_codeset
configure:10445: mipsel-linux-gcc -o conftest -g -O2   conftest.c  -lintl  >&5
configure:10452: $? = 0
configure:10474: result: yes
configure:10516: checking for msgfmt
configure:10543: result: /usr/bin/msgfmt
configure:10556: checking for dcgettext
configure:10641: result: yes
configure:10654: checking if msgfmt accepts -c
configure:10669: $MSGFMT -c -o /dev/null conftest.foo
configure:10672: $? = 0
configure:10674: result: yes
configure:10684: checking for gmsgfmt
configure:10715: result: /usr/bin/msgfmt
configure:10725: checking for xgettext
configure:10752: result: /usr/bin/xgettext
configure:10781: mipsel-linux-gcc -o conftest -g -O2   conftest.c  -lintl  >&5
configure:10788: $? = 0
configure:10964: checking for catalogs to be installed
configure:10989: result:  am ar as az be be@latin bg bn bn_IN bs ca ca@valencia cs cy da de dz el en_CA en_GB eo es et eu fa fi fr ga gl gu he hi hr hu hy id is it ja ka kn ko ku lt lv mai mg mk ml mn mr ms nb ne nl nn oc or pa pl ps pt pt_BR ro ru rw si sk sl sq sr sr@latin sr@ije sv ta te th tl tr tt uk vi wa xh yi zh_CN zh_HK zh_TW
configure:11452: checking for a sed that does not truncate output
configure:11518: result: /bin/sed
configure:11536: checking for fgrep
configure:11600: result: /bin/grep -F
configure:11635: checking for ld used by mipsel-linux-gcc
configure:11702: result: /opt/mipsel-linux-uclibc/usr/mipsel-linux-uclibc/bin/ld
configure:11711: checking if the linker (/opt/mipsel-linux-uclibc/usr/mipsel-linux-uclibc/bin/ld) is GNU ld
configure:11726: result: yes
configure:11738: checking for BSD- or MS-compatible name lister (nm)
configure:11787: result: /opt/mipsel-linux-uclibc/usr/bin//mipsel-linux-nm -B
configure:11905: checking the name lister (/opt/mipsel-linux-uclibc/usr/bin//mipsel-linux-nm -B) interface
configure:11925: result: BSD nm
configure:11928: checking whether ln -s works
configure:11932: result: yes
configure:11940: checking the maximum length of command line arguments
configure:12060: result: 1572864
configure:12077: checking whether the shell understands some XSI constructs
configure:12087: result: yes
configure:12091: checking whether the shell understands "+="
configure:12097: result: yes
configure:12132: checking for /opt/mipsel-linux-uclibc/usr/mipsel-linux-uclibc/bin/ld option to reload object files
configure:12139: result: -r
configure:12168: checking for mipsel-linux-objdump
configure:12195: result: objdump
configure:12264: checking how to recognize dependent libraries
configure:12460: result: pass_all
configure:12480: checking for mipsel-linux-ar
configure:12507: result: mipsel-linux-ar
configure:12585: checking for mipsel-linux-strip
configure:12612: result: mipsel-linux-strip
configure:12684: checking for mipsel-linux-ranlib
configure:12711: result: mipsel-linux-ranlib
configure:12841: checking command to parse /opt/mipsel-linux-uclibc/usr/bin//mipsel-linux-nm -B output from mipsel-linux-gcc object
configure:13064: result: ok
configure:13929: checking for dlfcn.h
configure:13974: result: yes
configure:14101: checking for C++ compiler version
configure:14109: c++ --version >&5
c++ (Ubuntu 4.4.1-4ubuntu8) 4.4.1
Copyright (C) 2009 Free Software Foundation, Inc.
This is free software; see the source for copying conditions.  There is NO
warranty; not even for MERCHANTABILITY or FITNESS FOR A PARTICULAR PURPOSE.

configure:14113: $? = 0
configure:14120: c++ -v >&5
Using built-in specs.
Target: i486-linux-gnu
Configured with: ../src/configure -v --with-pkgversion='Ubuntu 4.4.1-4ubuntu8' --with-bugurl=file:///usr/share/doc/gcc-4.4/README.Bugs --enable-languages=c,c++,fortran,objc,obj-c++ --prefix=/usr --enable-shared --enable-multiarch --enable-linker-build-id --with-system-zlib --libexecdir=/usr/lib --without-included-gettext --enable-threads=posix --with-gxx-include-dir=/usr/include/c++/4.4 --program-suffix=-4.4 --enable-nls --enable-clocale=gnu --enable-libstdcxx-debug --enable-objc-gc --enable-targets=all --disable-werror --with-arch-32=i486 --with-tune=generic --enable-checking=release --build=i486-linux-gnu --host=i486-linux-gnu --target=i486-linux-gnu
Thread model: posix
gcc version 4.4.1 (Ubuntu 4.4.1-4ubuntu8) 
configure:14124: $? = 0
configure:14131: c++ -V >&5
c++: '-V' option must have argument
configure:14135: $? = 1
configure:14138: checking whether we are using the GNU C++ compiler
configure:14191: result: yes
configure:14200: checking whether c++ accepts -g
configure:14338: result: yes
configure:14363: checking dependency style of c++
configure:14473: result: gcc3
configure:14496: checking how to run the C++ preprocessor
configure:14610: result: c++ -E
configure:14639: c++ -E  conftest.cpp
configure:14646: $? = 0
configure:14677: c++ -E  conftest.cpp
conftest.cpp:34:28: error: ac_nonexistent.h: No such file or directory
configure:14684: $? = 1
configure: failed program was:
| /* confdefs.h.  */
| #define PACKAGE_NAME "glib"
| #define PACKAGE_TARNAME "glib"
| #define PACKAGE_VERSION "2.22.2"
| #define PACKAGE_STRING "glib 2.22.2"
| #define PACKAGE_BUGREPORT "http://bugzilla.gnome.org/enter_bug.cgi?product=glib"
| #define GLIB_MAJOR_VERSION 2
| #define GLIB_MINOR_VERSION 22
| #define GLIB_MICRO_VERSION 2
| #define GLIB_INTERFACE_AGE 2
| #define GLIB_BINARY_AGE 2202
| #define _FILE_OFFSET_BITS 64
| #define STDC_HEADERS 1
| #define HAVE_SYS_TYPES_H 1
| #define HAVE_SYS_STAT_H 1
| #define HAVE_STDLIB_H 1
| #define HAVE_STRING_H 1
| #define HAVE_MEMORY_H 1
| #define HAVE_STRINGS_H 1
| #define HAVE_INTTYPES_H 1
| #define HAVE_STDINT_H 1
| #define HAVE_UNISTD_H 1
| #define HAVE_LOCALE_H 1
| #define HAVE_LC_MESSAGES 1
| #define HAVE_BIND_TEXTDOMAIN_CODESET 1
| #define HAVE_GETTEXT 1
| #define HAVE_DCGETTEXT 1
| #define ENABLE_NLS 1
| #define GETTEXT_PACKAGE "glib20"
| #define GLIB_LOCALE_DIR "/opt/mipsel-linux-uclibc/usr/share/locale"
| #define USE_LIBICONV_GNU 1
| #define HAVE_DLFCN_H 1
| /* end confdefs.h.  */
| #include <ac_nonexistent.h>
configure:14865: checking for objdir
configure:14880: result: .libs
configure:15172: checking if mipsel-linux-gcc supports -fno-rtti -fno-exceptions
configure:15207: result: no
configure:15227: checking for mipsel-linux-gcc option to produce PIC
configure:15499: result: -fPIC -DPIC
configure:15511: checking if mipsel-linux-gcc PIC flag -fPIC -DPIC works
configure:15546: result: yes
configure:15570: checking if mipsel-linux-gcc static flag -static works
configure:15598: result: yes
configure:15613: checking if mipsel-linux-gcc supports -c -o file.o
configure:15660: result: yes
configure:15668: checking if mipsel-linux-gcc supports -c -o file.o
configure:15715: result: yes
configure:15748: checking whether the mipsel-linux-gcc linker (/opt/mipsel-linux-uclibc/usr/mipsel-linux-uclibc/bin/ld) supports shared libraries
configure:16822: result: yes
configure:16859: checking whether -lc should be explicitly linked in
configure:16864: mipsel-linux-gcc -c -g -O2  conftest.c >&5
configure:16867: $? = 0
configure:16882: mipsel-linux-gcc -shared conftest.o  -v -Wl,-soname -Wl,conftest -o conftest 2\>\&1 \| /bin/grep  -lc  \>/dev/null 2\>\&1
configure:16885: $? = 0
configure:16897: result: no
configure:17061: checking dynamic linker characteristics
configure:17504: mipsel-linux-gcc -o conftest -g -O2   -Wl,-rpath -Wl,/foo conftest.c -lintl   >&5
configure:17511: $? = 0
configure:17747: result: GNU/Linux ld.so
configure:17849: checking how to hardcode library paths into programs
configure:17874: result: immediate
configure:18707: checking whether stripping libraries is possible
configure:18712: result: yes
configure:18747: checking if libtool supports shared libraries
configure:18749: result: yes
configure:18752: checking whether to build shared libraries
configure:18773: result: yes
configure:18776: checking whether to build static libraries
configure:18780: result: no
configure:18930: checking for ld used by c++
configure:18997: result: /opt/mipsel-linux-uclibc/usr/mipsel-linux-uclibc/bin/ld
configure:19006: checking if the linker (/opt/mipsel-linux-uclibc/usr/mipsel-linux-uclibc/bin/ld) is GNU ld
configure:19021: result: yes
configure:19076: checking whether the c++ linker (/opt/mipsel-linux-uclibc/usr/mipsel-linux-uclibc/bin/ld) supports shared libraries
configure:20051: result: yes
configure:20079: c++ -c -g -O2  conftest.cpp >&5
configure:20082: $? = 0
configure:20264: checking for c++ option to produce PIC
configure:20581: result: -fPIC -DPIC
configure:20590: checking if c++ PIC flag -fPIC -DPIC works
configure:20625: result: yes
configure:20646: checking if c++ static flag -static works
configure:20674: result: no
configure:20686: checking if c++ supports -c -o file.o
configure:20733: result: yes
configure:20738: checking if c++ supports -c -o file.o
configure:20785: result: yes
configure:20815: checking whether the c++ linker (/opt/mipsel-linux-uclibc/usr/mipsel-linux-uclibc/bin/ld) supports shared libraries
configure:20841: result: yes
configure:20978: checking dynamic linker characteristics
configure:21369: c++ -o conftest -g -O2   -Wl,-rpath -Wl,/foo conftest.cpp -lintl   >&5
/usr/bin/ld: cannot find -lintl
collect2: ld returned 1 exit status
configure:21376: $? = 1
configure: failed program was:
| /* confdefs.h.  */
| #define PACKAGE_NAME "glib"
| #define PACKAGE_TARNAME "glib"
| #define PACKAGE_VERSION "2.22.2"
| #define PACKAGE_STRING "glib 2.22.2"
| #define PACKAGE_BUGREPORT "http://bugzilla.gnome.org/enter_bug.cgi?product=glib"
| #define GLIB_MAJOR_VERSION 2
| #define GLIB_MINOR_VERSION 22
| #define GLIB_MICRO_VERSION 2
| #define GLIB_INTERFACE_AGE 2
| #define GLIB_BINARY_AGE 2202
| #define _FILE_OFFSET_BITS 64
| #define STDC_HEADERS 1
| #define HAVE_SYS_TYPES_H 1
| #define HAVE_SYS_STAT_H 1
| #define HAVE_STDLIB_H 1
| #define HAVE_STRING_H 1
| #define HAVE_MEMORY_H 1
| #define HAVE_STRINGS_H 1
| #define HAVE_INTTYPES_H 1
| #define HAVE_STDINT_H 1
| #define HAVE_UNISTD_H 1
| #define HAVE_LOCALE_H 1
| #define HAVE_LC_MESSAGES 1
| #define HAVE_BIND_TEXTDOMAIN_CODESET 1
| #define HAVE_GETTEXT 1
| #define HAVE_DCGETTEXT 1
| #define ENABLE_NLS 1
| #define GETTEXT_PACKAGE "glib20"
| #define GLIB_LOCALE_DIR "/opt/mipsel-linux-uclibc/usr/share/locale"
| #define USE_LIBICONV_GNU 1
| #define HAVE_DLFCN_H 1
| #define LT_OBJDIR ".libs/"
| /* end confdefs.h.  */
| 
| int
| main ()
| {
| 
|   ;
|   return 0;
| }
configure:21612: result: GNU/Linux ld.so
configure:21663: checking how to hardcode library paths into programs
configure:21688: result: immediate
configure:21747: creating ./config.lt

## ------------------ ##
## Running config.lt. ##
## ------------------ ##
config.lt:606: creating libtool
configure:23461: checking for extra flags for POSIX compliance
configure:23484: mipsel-linux-gcc -c -g -O2 -Wall  -DG_DISABLE_SINGLE_INCLUDES conftest.c >&5
conftest.c: In function 'main':
conftest.c:39: warning: unused variable 'dir'
configure:23491: $? = 0
configure:23496: result: none needed
configure:23556: checking for ANSI C header files
configure:23724: result: yes
configure:23740: checking for vprintf
configure:23825: result: yes
configure:23834: checking for _doprnt
configure:23917: result: no
configure:23933: checking for working alloca.h
configure:23987: result: yes
configure:23997: checking for alloca
configure:24071: result: yes
configure:24317: checking for mmap
configure:24402: result: yes
configure:24317: checking for posix_memalign
configure:24402: result: yes
configure:24317: checking for memalign
configure:24402: result: yes
configure:24317: checking for valloc
configure:24402: result: yes
configure:24317: checking for fsync
configure:24402: result: yes
configure:24317: checking for pipe2
configure:24402: result: no
configure:24421: checking for atexit
configure:24506: result: yes
configure:24421: checking for on_exit
configure:24506: result: yes
configure:24421: checking for timegm
configure:24506: result: yes
configure:24421: checking for gmtime_r
configure:24506: result: yes
configure:24523: checking size of char
configure:24868: result: 1
configure:24882: checking size of short
configure:25227: result: 2
configure:25241: checking size of long
configure:25586: result: 4
configure:25600: checking size of int
configure:25945: result: 4
configure:25959: checking size of void *
configure:26304: result: 4
configure:26318: checking size of long long
configure:26663: result: 8
configure:26677: checking size of __int64
configure:27022: result: 0
configure:27049: checking for format to printf and scanf a guint64
configure:27115: result: %llu
configure:27153: checking for an ANSI C-conforming const
configure:27250: result: yes
configure:27262: checking if malloc() and friends prototypes are gmem.h compatible
configure:27297: mipsel-linux-gcc -c -g -O2 -Wall -Werror  -DG_DISABLE_SINGLE_INCLUDES conftest.c >&5
configure:27304: $? = 0
configure:27324: result: yes
configure:27328: checking for growing stack pointer
configure:27335: error: in `/media/Data/dingoo/dingux/dev/openwrt/trunk/build_dir/target-_-/glib-2.22.2':
configure:27338: error: cannot run test program while cross compiling
See `config.log' for more details.
configure:27396: result: 
configure:27399: checking for __inline
configure:27442: result: yes
configure:27451: checking for __inline__
configure:27494: result: yes
configure:27503: checking for inline
configure:27547: result: yes
configure:27558: checking if inline functions in headers work
configure:27592: mipsel-linux-gcc -o conftest -g -O2 -Wall  -DG_DISABLE_SINGLE_INCLUDES  conftest.c -lintl   >&5
conftest.c: In function 'main':
conftest.c:23: warning: unused variable 'i'
conftest.c:24: warning: control reaches end of non-void function
configure:27599: $? = 0
configure:27618: result: yes
configure:27621: checking for working do while(0) macros
configure:27675: result: yes
configure:27686: checking for ISO C99 varargs macros in C
configure:27713: mipsel-linux-gcc -c -g -O2 -Wall  -DG_DISABLE_SINGLE_INCLUDES conftest.c >&5
configure:27720: $? = 0
configure:27734: result: yes
configure:27737: checking for ISO C99 varargs macros in C++
configure:27773: c++ -c -g -O2  -DG_DISABLE_SINGLE_INCLUDES conftest.cpp >&5
configure:27780: $? = 0
configure:27801: result: yes
configure:27804: checking for GNUC varargs macros
configure:27831: mipsel-linux-gcc -c -g -O2 -Wall  -DG_DISABLE_SINGLE_INCLUDES conftest.c >&5
configure:27838: $? = 0
configure:27852: result: yes
configure:27856: checking for GNUC visibility attribute
configure:27893: mipsel-linux-gcc -c -g -O2 -Wall  -DG_DISABLE_SINGLE_INCLUDES conftest.c
configure:27899: $? = 0
configure:27902: (if test -s conftest.err; then false ; else true; fi)
configure:27905: $? = 0
configure:27916: result: yes
configure:27927: checking whether using Sun Studio C compiler
configure:27954: mipsel-linux-gcc -c -g -O2 -Wall  -DG_DISABLE_SINGLE_INCLUDES conftest.c >&5
conftest.c:63:43: error: error: this is not Sun Studio.: No such file or directory
configure:27961: $? = 1
configure: failed program was:
| /* confdefs.h.  */
| #define PACKAGE_NAME "glib"
| #define PACKAGE_TARNAME "glib"
| #define PACKAGE_VERSION "2.22.2"
| #define PACKAGE_STRING "glib 2.22.2"
| #define PACKAGE_BUGREPORT "http://bugzilla.gnome.org/enter_bug.cgi?product=glib"
| #define GLIB_MAJOR_VERSION 2
| #define GLIB_MINOR_VERSION 22
| #define GLIB_MICRO_VERSION 2
| #define GLIB_INTERFACE_AGE 2
| #define GLIB_BINARY_AGE 2202
| #define _FILE_OFFSET_BITS 64
| #define STDC_HEADERS 1
| #define HAVE_SYS_TYPES_H 1
| #define HAVE_SYS_STAT_H 1
| #define HAVE_STDLIB_H 1
| #define HAVE_STRING_H 1
| #define HAVE_MEMORY_H 1
| #define HAVE_STRINGS_H 1
| #define HAVE_INTTYPES_H 1
| #define HAVE_STDINT_H 1
| #define HAVE_UNISTD_H 1
| #define HAVE_LOCALE_H 1
| #define HAVE_LC_MESSAGES 1
| #define HAVE_BIND_TEXTDOMAIN_CODESET 1
| #define HAVE_GETTEXT 1
| #define HAVE_DCGETTEXT 1
| #define ENABLE_NLS 1
| #define GETTEXT_PACKAGE "glib20"
| #define GLIB_LOCALE_DIR "/opt/mipsel-linux-uclibc/usr/share/locale"
| #define USE_LIBICONV_GNU 1
| #define HAVE_DLFCN_H 1
| #define LT_OBJDIR ".libs/"
| #define STDC_HEADERS 1
| #define HAVE_VPRINTF 1
| #define HAVE_ALLOCA_H 1
| #define HAVE_ALLOCA 1
| #define HAVE_MMAP 1
| #define HAVE_POSIX_MEMALIGN 1
| #define HAVE_MEMALIGN 1
| #define HAVE_VALLOC 1
| #define HAVE_FSYNC 1
| #define HAVE_ATEXIT 1
| #define HAVE_ON_EXIT 1
| #define HAVE_TIMEGM 1
| #define HAVE_GMTIME_R 1
| #define SIZEOF_CHAR 1
| #define SIZEOF_SHORT 2
| #define SIZEOF_LONG 4
| #define SIZEOF_INT 4
| #define SIZEOF_VOID_P 4
| #define SIZEOF_LONG_LONG 8
| #define SIZEOF___INT64 0
| #define HAVE_LONG_LONG_FORMAT 1
| #define SANE_MALLOC_PROTOS 1
| #define G_HAVE___INLINE 1
| #define G_HAVE___INLINE__ 1
| #define G_HAVE_INLINE 1
| #define HAVE_DOWHILE_MACROS 1
| /* end confdefs.h.  */
| #if defined(__SUNPRO_C) || (__SUNPRO_C >= 0x550)
| #else
| # include "error: this is not Sun Studio."
| #endif
| 
| int
| main ()
| {
| 
|   ;
|   return 0;
| }
configure:27975: result: no
configure:27988: checking whether byte ordering is bigendian
configure:28368: result: no
configure:28502: checking for dirent.h
configure:28509: result: yes
configure:28502: checking for float.h
configure:28509: result: yes
configure:28502: checking for limits.h
configure:28509: result: yes
configure:28502: checking for pwd.h
configure:28509: result: yes
configure:28502: checking for grp.h
configure:28509: result: yes
configure:28502: checking for sys/param.h
configure:28509: result: yes
configure:28502: checking for sys/poll.h
configure:28509: result: yes
configure:28502: checking for sys/resource.h
configure:28509: result: yes
configure:28657: checking for sys/time.h
configure:28664: result: yes
configure:28657: checking for sys/times.h
configure:28664: result: yes
configure:28657: checking for sys/wait.h
configure:28664: result: yes
configure:28657: checking for unistd.h
configure:28664: result: yes
configure:28657: checking for values.h
configure:28664: result: yes
configure:28812: checking for sys/select.h
configure:28819: result: yes
configure:28812: checking for sys/types.h
configure:28819: result: yes
configure:28812: checking for stdint.h
configure:28819: result: yes
configure:28812: checking for sched.h
configure:28819: result: yes
configure:28812: checking for malloc.h
configure:28819: result: yes
configure:28967: checking for sys/vfs.h
configure:28974: result: yes
configure:28967: checking for sys/mount.h
configure:28974: result: yes
configure:28967: checking for sys/vmount.h
configure:28974: result: no
configure:28967: checking for sys/statfs.h
configure:28974: result: yes
configure:28967: checking for sys/statvfs.h
configure:28974: result: yes
configure:29123: checking for mntent.h
configure:29130: result: yes
configure:29123: checking for sys/mnttab.h
configure:29130: result: no
configure:29123: checking for sys/vfstab.h
configure:29130: result: no
configure:29123: checking for sys/mntctl.h
configure:29130: result: no
configure:29123: checking for sys/sysctl.h
configure:29130: result: yes
configure:29123: checking for fstab.h
configure:29130: result: no
configure:29274: checking for sys/uio.h
configure:29281: result: yes
configure:29422: checking for struct stat.st_mtimensec
configure:29515: result: yes
configure:29525: checking for struct stat.st_mtim.tv_nsec
configure:29618: result: no
configure:29628: checking for struct stat.st_atimensec
configure:29721: result: yes
configure:29731: checking for struct stat.st_atim.tv_nsec
configure:29824: result: no
configure:29834: checking for struct stat.st_ctimensec
configure:29927: result: yes
configure:29937: checking for struct stat.st_ctim.tv_nsec
configure:30030: result: no
configure:30041: checking for struct stat.st_blksize
configure:30158: result: yes
configure:30168: checking for struct stat.st_blocks
configure:30285: result: yes
configure:30295: checking for struct statfs.f_fstypename
configure:30412: result: no
configure:30422: checking for struct statfs.f_bavail
configure:30539: result: yes
configure:30551: checking for struct statvfs.f_basetype
configure:30646: result: no
configure:30660: checking for nl_langinfo and CODESET
configure:30714: result: yes
configure:30725: checking whether we are using the GNU C Library 2.1 or newer
configure:30756: result: yes
configure:30769: checking for stddef.h
configure:30776: result: yes
configure:30769: checking for stdlib.h
configure:30776: result: yes
configure:30769: checking for string.h
configure:30776: result: yes
configure:30919: checking for setlocale
configure:31004: result: yes
configure:31022: checking size of size_t
configure:31367: result: 4
configure:31378: checking for the appropriate definition for size_t
configure:31422: mipsel-linux-gcc -c -g -O2 -Wall  -DG_DISABLE_SINGLE_INCLUDES conftest.c
configure:31428: $? = 0
configure:31431: (if test -s conftest.err; then false ; else true; fi)
configure:31434: $? = 0
configure:31485: result: unsigned int
configure:31509: checking for lstat
configure:31594: result: yes
configure:31509: checking for strerror
configure:31594: result: yes
configure:31509: checking for strsignal
configure:31594: result: yes
configure:31509: checking for memmove
configure:31594: result: yes
configure:31509: checking for vsnprintf
configure:31594: result: yes
configure:31509: checking for stpcpy
configure:31594: result: yes
configure:31509: checking for strcasecmp
configure:31594: result: yes
configure:31509: checking for strncasecmp
configure:31594: result: yes
configure:31509: checking for poll
configure:31594: result: yes
configure:31509: checking for getcwd
configure:31594: result: yes
configure:31509: checking for vasprintf
configure:31594: result: yes
configure:31509: checking for setenv
configure:31594: result: yes
configure:31509: checking for unsetenv
configure:31594: result: yes
configure:31509: checking for getc_unlocked
configure:31594: result: yes
configure:31509: checking for readlink
configure:31594: result: yes
configure:31509: checking for symlink
configure:31594: result: yes
configure:31509: checking for fdwalk
configure:31594: result: no
configure:31620: checking for chown
configure:31705: result: yes
configure:31620: checking for lchmod
configure:31705: result: no
configure:31620: checking for lchown
configure:31705: result: yes
configure:31620: checking for fchmod
configure:31705: result: yes
configure:31620: checking for fchown
configure:31705: result: yes
configure:31620: checking for link
configure:31705: result: yes
configure:31620: checking for statvfs
configure:31705: result: yes
configure:31620: checking for statfs
configure:31705: result: yes
configure:31620: checking for utimes
configure:31705: result: yes
configure:31620: checking for getgrgid
configure:31705: result: yes
configure:31620: checking for getpwuid
configure:31705: result: yes
configure:31725: checking for getmntent_r
configure:31810: result: yes
configure:31725: checking for setmntent
configure:31810: result: yes
configure:31725: checking for endmntent
configure:31810: result: yes
configure:31725: checking for hasmntopt
configure:31810: result: yes
configure:31725: checking for getmntinfo
configure:31810: result: no
configure:31828: checking for nanosleep
configure:31913: result: yes
configure:31828: checking for nsleep
configure:31913: result: no
configure:31931: checking for crt_externs.h
configure:31938: result: no
configure:32081: checking for _NSGetEnviron
configure:32166: result: no
configure:32179: checking for C99 vsnprintf
configure:32267: result: no
configure:32277: checking whether printf supports positional parameters
configure:32341: result: no
configure:32365: checking value of AF_INET
configure:32691: result: 2
configure:32694: checking value of AF_INET6
configure:33020: result: 10
configure:33024: checking value of AF_UNIX
configure:33350: result: 1
configure:33360: checking value of MSG_PEEK
configure:33686: result: 2
configure:33689: checking value of MSG_OOB
configure:34015: result: 1
configure:34018: checking value of MSG_DONTROUTE
configure:34344: result: 4
configure:34358: checking for getprotobyname_r
configure:34443: result: yes
configure:34358: checking for endservent
configure:34443: result: yes
configure:34462: checking for netdb.h
configure:34469: result: yes
configure:34462: checking for winsock2.h
configure:34469: result: no
configure:34462: checking for mswsock.h
configure:34469: result: no
configure:34617: checking for strndup
configure:34702: result: yes
configure:34617: checking for setresuid
configure:34702: result: yes
configure:34617: checking for setreuid
configure:34702: result: yes
configure:34720: checking for sys/prctl.h
configure:34727: result: yes
configure:34720: checking for arpa/nameser_compat.h
configure:34727: result: yes
configure:34866: checking for res_query
configure:34949: result: no
configure:34954: checking for res_query in -lresolv
configure:35017: result: no
configure:35024: checking for res_query in -lresolv (alternate version)
configure:35047: mipsel-linux-gcc -o conftest -g -O2 -Wall  -DG_DISABLE_SINGLE_INCLUDES  conftest.c -lresolv -lintl   >&5
configure:35054: $? = 0
configure:35062: result: yes
configure:35181: checking number of arguments to statfs()
configure:35217: mipsel-linux-gcc -c -g -O2 -Wall  -DG_DISABLE_SINGLE_INCLUDES conftest.c >&5
conftest.c: In function 'main':
conftest.c:154: warning: null argument where non-null required (argument 1)
configure:35224: $? = 0
configure:35230: result: 2
configure:35378: checking for signed
configure:35426: result: yes
configure:35437: checking for long long
configure:35491: result: yes
configure:35502: checking for long double
configure:35559: result: yes
configure:35570: checking for wchar_t
configure:35619: result: yes
configure:35630: checking for wint_t
configure:35679: result: no
configure:35689: checking for size_t
configure:35781: result: yes
configure:35793: checking for ptrdiff_t
configure:35885: result: yes
configure:35897: checking for inttypes.h
configure:35946: result: yes
configure:35957: checking for stdint.h
configure:36006: result: yes
configure:36042: checking for snprintf
configure:36127: result: yes
configure:36042: checking for wcslen
configure:36127: result: no
configure:36139: checking for C99 snprintf
configure:36225: result: no
configure:36332: checking for sys_errlist
configure:36359: mipsel-linux-gcc -o conftest -g -O2 -Wall  -DG_DISABLE_SINGLE_INCLUDES  conftest.c -lintl   >&5
/tmp/ccA74yFr.o: In function `main':
/media/Data/dingoo/dingux/dev/openwrt/trunk/build_dir/target-_-/glib-2.22.2/conftest.c:154: undefined reference to `sys_nerr'
/media/Data/dingoo/dingux/dev/openwrt/trunk/build_dir/target-_-/glib-2.22.2/conftest.c:154: undefined reference to `sys_errlist'
collect2: ld returned 1 exit status
configure:36366: $? = 1
configure: failed program was:
| /* confdefs.h.  */
| #define PACKAGE_NAME "glib"
| #define PACKAGE_TARNAME "glib"
| #define PACKAGE_VERSION "2.22.2"
| #define PACKAGE_STRING "glib 2.22.2"
| #define PACKAGE_BUGREPORT "http://bugzilla.gnome.org/enter_bug.cgi?product=glib"
| #define GLIB_MAJOR_VERSION 2
| #define GLIB_MINOR_VERSION 22
| #define GLIB_MICRO_VERSION 2
| #define GLIB_INTERFACE_AGE 2
| #define GLIB_BINARY_AGE 2202
| #define _FILE_OFFSET_BITS 64
| #define STDC_HEADERS 1
| #define HAVE_SYS_TYPES_H 1
| #define HAVE_SYS_STAT_H 1
| #define HAVE_STDLIB_H 1
| #define HAVE_STRING_H 1
| #define HAVE_MEMORY_H 1
| #define HAVE_STRINGS_H 1
| #define HAVE_INTTYPES_H 1
| #define HAVE_STDINT_H 1
| #define HAVE_UNISTD_H 1
| #define HAVE_LOCALE_H 1
| #define HAVE_LC_MESSAGES 1
| #define HAVE_BIND_TEXTDOMAIN_CODESET 1
| #define HAVE_GETTEXT 1
| #define HAVE_DCGETTEXT 1
| #define ENABLE_NLS 1
| #define GETTEXT_PACKAGE "glib20"
| #define GLIB_LOCALE_DIR "/opt/mipsel-linux-uclibc/usr/share/locale"
| #define USE_LIBICONV_GNU 1
| #define HAVE_DLFCN_H 1
| #define LT_OBJDIR ".libs/"
| #define STDC_HEADERS 1
| #define HAVE_VPRINTF 1
| #define HAVE_ALLOCA_H 1
| #define HAVE_ALLOCA 1
| #define HAVE_MMAP 1
| #define HAVE_POSIX_MEMALIGN 1
| #define HAVE_MEMALIGN 1
| #define HAVE_VALLOC 1
| #define HAVE_FSYNC 1
| #define HAVE_ATEXIT 1
| #define HAVE_ON_EXIT 1
| #define HAVE_TIMEGM 1
| #define HAVE_GMTIME_R 1
| #define SIZEOF_CHAR 1
| #define SIZEOF_SHORT 2
| #define SIZEOF_LONG 4
| #define SIZEOF_INT 4
| #define SIZEOF_VOID_P 4
| #define SIZEOF_LONG_LONG 8
| #define SIZEOF___INT64 0
| #define HAVE_LONG_LONG_FORMAT 1
| #define SANE_MALLOC_PROTOS 1
| #define G_HAVE___INLINE 1
| #define G_HAVE___INLINE__ 1
| #define G_HAVE_INLINE 1
| #define HAVE_DOWHILE_MACROS 1
| #define HAVE_DIRENT_H 1
| #define HAVE_FLOAT_H 1
| #define HAVE_LIMITS_H 1
| #define HAVE_PWD_H 1
| #define HAVE_GRP_H 1
| #define HAVE_SYS_PARAM_H 1
| #define HAVE_SYS_POLL_H 1
| #define HAVE_SYS_RESOURCE_H 1
| #define HAVE_SYS_TIME_H 1
| #define HAVE_SYS_TIMES_H 1
| #define HAVE_SYS_WAIT_H 1
| #define HAVE_UNISTD_H 1
| #define HAVE_VALUES_H 1
| #define HAVE_SYS_SELECT_H 1
| #define HAVE_SYS_TYPES_H 1
| #define HAVE_STDINT_H 1
| #define HAVE_SCHED_H 1
| #define HAVE_MALLOC_H 1
| #define HAVE_SYS_VFS_H 1
| #define HAVE_SYS_MOUNT_H 1
| #define HAVE_SYS_STATFS_H 1
| #define HAVE_SYS_STATVFS_H 1
| #define HAVE_MNTENT_H 1
| #define HAVE_SYS_SYSCTL_H 1
| #define HAVE_SYS_UIO_H 1
| #define HAVE_STRUCT_STAT_ST_MTIMENSEC 1
| #define HAVE_STRUCT_STAT_ST_ATIMENSEC 1
| #define HAVE_STRUCT_STAT_ST_CTIMENSEC 1
| #define HAVE_STRUCT_STAT_ST_BLKSIZE 1
| #define HAVE_STRUCT_STAT_ST_BLOCKS 1
| #define HAVE_STRUCT_STATFS_F_BAVAIL 1
| #define HAVE_LANGINFO_CODESET 1
| #define HAVE_STDDEF_H 1
| #define HAVE_STDLIB_H 1
| #define HAVE_STRING_H 1
| #define HAVE_SETLOCALE 1
| #define SIZEOF_SIZE_T 4
| #define HAVE_LSTAT 1
| #define HAVE_STRERROR 1
| #define HAVE_STRSIGNAL 1
| #define HAVE_MEMMOVE 1
| #define HAVE_VSNPRINTF 1
| #define HAVE_STPCPY 1
| #define HAVE_STRCASECMP 1
| #define HAVE_STRNCASECMP 1
| #define HAVE_POLL 1
| #define HAVE_GETCWD 1
| #define HAVE_VASPRINTF 1
| #define HAVE_SETENV 1
| #define HAVE_UNSETENV 1
| #define HAVE_GETC_UNLOCKED 1
| #define HAVE_READLINK 1
| #define HAVE_SYMLINK 1
| #define HAVE_CHOWN 1
| #define HAVE_LCHOWN 1
| #define HAVE_FCHMOD 1
| #define HAVE_FCHOWN 1
| #define HAVE_LINK 1
| #define HAVE_STATVFS 1
| #define HAVE_STATFS 1
| #define HAVE_UTIMES 1
| #define HAVE_GETGRGID 1
| #define HAVE_GETPWUID 1
| #define HAVE_GETMNTENT_R 1
| #define HAVE_SETMNTENT 1
| #define HAVE_ENDMNTENT 1
| #define HAVE_HASMNTOPT 1
| #define HAVE_NANOSLEEP 1
| #define HAVE_GETPROTOBYNAME_R 1
| #define HAVE_ENDSERVENT 1
| #define HAVE_NETDB_H 1
| #define HAVE_STRNDUP 1
| #define HAVE_SETRESUID 1
| #define HAVE_SETREUID 1
| #define HAVE_SYS_PRCTL_H 1
| #define HAVE_ARPA_NAMESER_COMPAT_H 1
| #define STATFS_ARGS 2
| #define HAVE_VASPRINTF 1
| #define HAVE_LONG_LONG 1
| #define HAVE_LONG_DOUBLE 1
| #define HAVE_WCHAR_T 1
| #define HAVE_PTRDIFF_T 1
| #define HAVE_INTTYPES_H_WITH_UINTMAX 1
| #define HAVE_STDINT_H_WITH_UINTMAX 1
| #define HAVE_INTMAX_T 1
| #define HAVE_SNPRINTF 1
| /* end confdefs.h.  */
| 
| int
| main ()
| {
| 
| extern char *sys_errlist[];
| extern int sys_nerr;
| sys_errlist[sys_nerr-1][0] = 0;
| 
|   ;
|   return 0;
| }
configure:36385: result: no
configure:36396: checking for sys_siglist
configure:36422: mipsel-linux-gcc -o conftest -g -O2 -Wall  -DG_DISABLE_SINGLE_INCLUDES  conftest.c -lintl   >&5
conftest.c: In function 'main':
conftest.c:154: warning: implicit declaration of function 'exit'
conftest.c:154: warning: incompatible implicit declaration of built-in function 'exit'
conftest.c:154: warning: passing argument 1 of 'exit' makes integer from pointer without a cast
/tmp/ccgEC3FQ.o: In function `main':
/media/Data/dingoo/dingux/dev/openwrt/trunk/build_dir/target-_-/glib-2.22.2/conftest.c:154: undefined reference to `sys_siglist'
collect2: ld returned 1 exit status
configure:36429: $? = 1
configure: failed program was:
| /* confdefs.h.  */
| #define PACKAGE_NAME "glib"
| #define PACKAGE_TARNAME "glib"
| #define PACKAGE_VERSION "2.22.2"
| #define PACKAGE_STRING "glib 2.22.2"
| #define PACKAGE_BUGREPORT "http://bugzilla.gnome.org/enter_bug.cgi?product=glib"
| #define GLIB_MAJOR_VERSION 2
| #define GLIB_MINOR_VERSION 22
| #define GLIB_MICRO_VERSION 2
| #define GLIB_INTERFACE_AGE 2
| #define GLIB_BINARY_AGE 2202
| #define _FILE_OFFSET_BITS 64
| #define STDC_HEADERS 1
| #define HAVE_SYS_TYPES_H 1
| #define HAVE_SYS_STAT_H 1
| #define HAVE_STDLIB_H 1
| #define HAVE_STRING_H 1
| #define HAVE_MEMORY_H 1
| #define HAVE_STRINGS_H 1
| #define HAVE_INTTYPES_H 1
| #define HAVE_STDINT_H 1
| #define HAVE_UNISTD_H 1
| #define HAVE_LOCALE_H 1
| #define HAVE_LC_MESSAGES 1
| #define HAVE_BIND_TEXTDOMAIN_CODESET 1
| #define HAVE_GETTEXT 1
| #define HAVE_DCGETTEXT 1
| #define ENABLE_NLS 1
| #define GETTEXT_PACKAGE "glib20"
| #define GLIB_LOCALE_DIR "/opt/mipsel-linux-uclibc/usr/share/locale"
| #define USE_LIBICONV_GNU 1
| #define HAVE_DLFCN_H 1
| #define LT_OBJDIR ".libs/"
| #define STDC_HEADERS 1
| #define HAVE_VPRINTF 1
| #define HAVE_ALLOCA_H 1
| #define HAVE_ALLOCA 1
| #define HAVE_MMAP 1
| #define HAVE_POSIX_MEMALIGN 1
| #define HAVE_MEMALIGN 1
| #define HAVE_VALLOC 1
| #define HAVE_FSYNC 1
| #define HAVE_ATEXIT 1
| #define HAVE_ON_EXIT 1
| #define HAVE_TIMEGM 1
| #define HAVE_GMTIME_R 1
| #define SIZEOF_CHAR 1
| #define SIZEOF_SHORT 2
| #define SIZEOF_LONG 4
| #define SIZEOF_INT 4
| #define SIZEOF_VOID_P 4
| #define SIZEOF_LONG_LONG 8
| #define SIZEOF___INT64 0
| #define HAVE_LONG_LONG_FORMAT 1
| #define SANE_MALLOC_PROTOS 1
| #define G_HAVE___INLINE 1
| #define G_HAVE___INLINE__ 1
| #define G_HAVE_INLINE 1
| #define HAVE_DOWHILE_MACROS 1
| #define HAVE_DIRENT_H 1
| #define HAVE_FLOAT_H 1
| #define HAVE_LIMITS_H 1
| #define HAVE_PWD_H 1
| #define HAVE_GRP_H 1
| #define HAVE_SYS_PARAM_H 1
| #define HAVE_SYS_POLL_H 1
| #define HAVE_SYS_RESOURCE_H 1
| #define HAVE_SYS_TIME_H 1
| #define HAVE_SYS_TIMES_H 1
| #define HAVE_SYS_WAIT_H 1
| #define HAVE_UNISTD_H 1
| #define HAVE_VALUES_H 1
| #define HAVE_SYS_SELECT_H 1
| #define HAVE_SYS_TYPES_H 1
| #define HAVE_STDINT_H 1
| #define HAVE_SCHED_H 1
| #define HAVE_MALLOC_H 1
| #define HAVE_SYS_VFS_H 1
| #define HAVE_SYS_MOUNT_H 1
| #define HAVE_SYS_STATFS_H 1
| #define HAVE_SYS_STATVFS_H 1
| #define HAVE_MNTENT_H 1
| #define HAVE_SYS_SYSCTL_H 1
| #define HAVE_SYS_UIO_H 1
| #define HAVE_STRUCT_STAT_ST_MTIMENSEC 1
| #define HAVE_STRUCT_STAT_ST_ATIMENSEC 1
| #define HAVE_STRUCT_STAT_ST_CTIMENSEC 1
| #define HAVE_STRUCT_STAT_ST_BLKSIZE 1
| #define HAVE_STRUCT_STAT_ST_BLOCKS 1
| #define HAVE_STRUCT_STATFS_F_BAVAIL 1
| #define HAVE_LANGINFO_CODESET 1
| #define HAVE_STDDEF_H 1
| #define HAVE_STDLIB_H 1
| #define HAVE_STRING_H 1
| #define HAVE_SETLOCALE 1
| #define SIZEOF_SIZE_T 4
| #define HAVE_LSTAT 1
| #define HAVE_STRERROR 1
| #define HAVE_STRSIGNAL 1
| #define HAVE_MEMMOVE 1
| #define HAVE_VSNPRINTF 1
| #define HAVE_STPCPY 1
| #define HAVE_STRCASECMP 1
| #define HAVE_STRNCASECMP 1
| #define HAVE_POLL 1
| #define HAVE_GETCWD 1
| #define HAVE_VASPRINTF 1
| #define HAVE_SETENV 1
| #define HAVE_UNSETENV 1
| #define HAVE_GETC_UNLOCKED 1
| #define HAVE_READLINK 1
| #define HAVE_SYMLINK 1
| #define HAVE_CHOWN 1
| #define HAVE_LCHOWN 1
| #define HAVE_FCHMOD 1
| #define HAVE_FCHOWN 1
| #define HAVE_LINK 1
| #define HAVE_STATVFS 1
| #define HAVE_STATFS 1
| #define HAVE_UTIMES 1
| #define HAVE_GETGRGID 1
| #define HAVE_GETPWUID 1
| #define HAVE_GETMNTENT_R 1
| #define HAVE_SETMNTENT 1
| #define HAVE_ENDMNTENT 1
| #define HAVE_HASMNTOPT 1
| #define HAVE_NANOSLEEP 1
| #define HAVE_GETPROTOBYNAME_R 1
| #define HAVE_ENDSERVENT 1
| #define HAVE_NETDB_H 1
| #define HAVE_STRNDUP 1
| #define HAVE_SETRESUID 1
| #define HAVE_SETREUID 1
| #define HAVE_SYS_PRCTL_H 1
| #define HAVE_ARPA_NAMESER_COMPAT_H 1
| #define STATFS_ARGS 2
| #define HAVE_VASPRINTF 1
| #define HAVE_LONG_LONG 1
| #define HAVE_LONG_DOUBLE 1
| #define HAVE_WCHAR_T 1
| #define HAVE_PTRDIFF_T 1
| #define HAVE_INTTYPES_H_WITH_UINTMAX 1
| #define HAVE_STDINT_H_WITH_UINTMAX 1
| #define HAVE_INTMAX_T 1
| #define HAVE_SNPRINTF 1
| #define NO_SYS_ERRLIST 1
| /* end confdefs.h.  */
| 
| int
| main ()
| {
| 
| extern char *sys_siglist[];
| exit (sys_siglist[0]);
| 
|   ;
|   return 0;
| }
configure:36448: result: no
configure:36459: checking for sys_siglist declaration
configure:36484: mipsel-linux-gcc -c -g -O2 -Wall  -DG_DISABLE_SINGLE_INCLUDES conftest.c >&5
conftest.c: In function 'main':
conftest.c:154: warning: implicit declaration of function 'strlen'
conftest.c:154: warning: incompatible implicit declaration of built-in function 'strlen'
conftest.c:154: error: 'sys_siglist' undeclared (first use in this function)
conftest.c:154: error: (Each undeclared identifier is reported only once
conftest.c:154: error: for each function it appears in.)
conftest.c:154: warning: statement with no effect
configure:36491: $? = 1
configure: failed program was:
| /* confdefs.h.  */
| #define PACKAGE_NAME "glib"
| #define PACKAGE_TARNAME "glib"
| #define PACKAGE_VERSION "2.22.2"
| #define PACKAGE_STRING "glib 2.22.2"
| #define PACKAGE_BUGREPORT "http://bugzilla.gnome.org/enter_bug.cgi?product=glib"
| #define GLIB_MAJOR_VERSION 2
| #define GLIB_MINOR_VERSION 22
| #define GLIB_MICRO_VERSION 2
| #define GLIB_INTERFACE_AGE 2
| #define GLIB_BINARY_AGE 2202
| #define _FILE_OFFSET_BITS 64
| #define STDC_HEADERS 1
| #define HAVE_SYS_TYPES_H 1
| #define HAVE_SYS_STAT_H 1
| #define HAVE_STDLIB_H 1
| #define HAVE_STRING_H 1
| #define HAVE_MEMORY_H 1
| #define HAVE_STRINGS_H 1
| #define HAVE_INTTYPES_H 1
| #define HAVE_STDINT_H 1
| #define HAVE_UNISTD_H 1
| #define HAVE_LOCALE_H 1
| #define HAVE_LC_MESSAGES 1
| #define HAVE_BIND_TEXTDOMAIN_CODESET 1
| #define HAVE_GETTEXT 1
| #define HAVE_DCGETTEXT 1
| #define ENABLE_NLS 1
| #define GETTEXT_PACKAGE "glib20"
| #define GLIB_LOCALE_DIR "/opt/mipsel-linux-uclibc/usr/share/locale"
| #define USE_LIBICONV_GNU 1
| #define HAVE_DLFCN_H 1
| #define LT_OBJDIR ".libs/"
| #define STDC_HEADERS 1
| #define HAVE_VPRINTF 1
| #define HAVE_ALLOCA_H 1
| #define HAVE_ALLOCA 1
| #define HAVE_MMAP 1
| #define HAVE_POSIX_MEMALIGN 1
| #define HAVE_MEMALIGN 1
| #define HAVE_VALLOC 1
| #define HAVE_FSYNC 1
| #define HAVE_ATEXIT 1
| #define HAVE_ON_EXIT 1
| #define HAVE_TIMEGM 1
| #define HAVE_GMTIME_R 1
| #define SIZEOF_CHAR 1
| #define SIZEOF_SHORT 2
| #define SIZEOF_LONG 4
| #define SIZEOF_INT 4
| #define SIZEOF_VOID_P 4
| #define SIZEOF_LONG_LONG 8
| #define SIZEOF___INT64 0
| #define HAVE_LONG_LONG_FORMAT 1
| #define SANE_MALLOC_PROTOS 1
| #define G_HAVE___INLINE 1
| #define G_HAVE___INLINE__ 1
| #define G_HAVE_INLINE 1
| #define HAVE_DOWHILE_MACROS 1
| #define HAVE_DIRENT_H 1
| #define HAVE_FLOAT_H 1
| #define HAVE_LIMITS_H 1
| #define HAVE_PWD_H 1
| #define HAVE_GRP_H 1
| #define HAVE_SYS_PARAM_H 1
| #define HAVE_SYS_POLL_H 1
| #define HAVE_SYS_RESOURCE_H 1
| #define HAVE_SYS_TIME_H 1
| #define HAVE_SYS_TIMES_H 1
| #define HAVE_SYS_WAIT_H 1
| #define HAVE_UNISTD_H 1
| #define HAVE_VALUES_H 1
| #define HAVE_SYS_SELECT_H 1
| #define HAVE_SYS_TYPES_H 1
| #define HAVE_STDINT_H 1
| #define HAVE_SCHED_H 1
| #define HAVE_MALLOC_H 1
| #define HAVE_SYS_VFS_H 1
| #define HAVE_SYS_MOUNT_H 1
| #define HAVE_SYS_STATFS_H 1
| #define HAVE_SYS_STATVFS_H 1
| #define HAVE_MNTENT_H 1
| #define HAVE_SYS_SYSCTL_H 1
| #define HAVE_SYS_UIO_H 1
| #define HAVE_STRUCT_STAT_ST_MTIMENSEC 1
| #define HAVE_STRUCT_STAT_ST_ATIMENSEC 1
| #define HAVE_STRUCT_STAT_ST_CTIMENSEC 1
| #define HAVE_STRUCT_STAT_ST_BLKSIZE 1
| #define HAVE_STRUCT_STAT_ST_BLOCKS 1
| #define HAVE_STRUCT_STATFS_F_BAVAIL 1
| #define HAVE_LANGINFO_CODESET 1
| #define HAVE_STDDEF_H 1
| #define HAVE_STDLIB_H 1
| #define HAVE_STRING_H 1
| #define HAVE_SETLOCALE 1
| #define SIZEOF_SIZE_T 4
| #define HAVE_LSTAT 1
| #define HAVE_STRERROR 1
| #define HAVE_STRSIGNAL 1
| #define HAVE_MEMMOVE 1
| #define HAVE_VSNPRINTF 1
| #define HAVE_STPCPY 1
| #define HAVE_STRCASECMP 1
| #define HAVE_STRNCASECMP 1
| #define HAVE_POLL 1
| #define HAVE_GETCWD 1
| #define HAVE_VASPRINTF 1
| #define HAVE_SETENV 1
| #define HAVE_UNSETENV 1
| #define HAVE_GETC_UNLOCKED 1
| #define HAVE_READLINK 1
| #define HAVE_SYMLINK 1
| #define HAVE_CHOWN 1
| #define HAVE_LCHOWN 1
| #define HAVE_FCHMOD 1
| #define HAVE_FCHOWN 1
| #define HAVE_LINK 1
| #define HAVE_STATVFS 1
| #define HAVE_STATFS 1
| #define HAVE_UTIMES 1
| #define HAVE_GETGRGID 1
| #define HAVE_GETPWUID 1
| #define HAVE_GETMNTENT_R 1
| #define HAVE_SETMNTENT 1
| #define HAVE_ENDMNTENT 1
| #define HAVE_HASMNTOPT 1
| #define HAVE_NANOSLEEP 1
| #define HAVE_GETPROTOBYNAME_R 1
| #define HAVE_ENDSERVENT 1
| #define HAVE_NETDB_H 1
| #define HAVE_STRNDUP 1
| #define HAVE_SETRESUID 1
| #define HAVE_SETREUID 1
| #define HAVE_SYS_PRCTL_H 1
| #define HAVE_ARPA_NAMESER_COMPAT_H 1
| #define STATFS_ARGS 2
| #define HAVE_VASPRINTF 1
| #define HAVE_LONG_LONG 1
| #define HAVE_LONG_DOUBLE 1
| #define HAVE_WCHAR_T 1
| #define HAVE_PTRDIFF_T 1
| #define HAVE_INTTYPES_H_WITH_UINTMAX 1
| #define HAVE_STDINT_H_WITH_UINTMAX 1
| #define HAVE_INTMAX_T 1
| #define HAVE_SNPRINTF 1
| #define NO_SYS_ERRLIST 1
| #define NO_SYS_SIGLIST 1
| /* end confdefs.h.  */
| #include <signal.h>
| int
| main ()
| {
| 
| strlen (sys_siglist[0]);
| 
|   ;
|   return 0;
| }
configure:36505: result: no
configure:36516: checking for fd_set
configure:36539: mipsel-linux-gcc -c -g -O2 -Wall  -DG_DISABLE_SINGLE_INCLUDES conftest.c >&5
conftest.c: In function 'main':
conftest.c:154: warning: unused variable 'writeMask'
conftest.c:154: warning: unused variable 'readMask'
configure:36546: $? = 0
configure:36561: result: yes, found in sys/types.h
configure:36599: checking whether realloc (NULL,) will work
configure:36657: result: yes
configure:36667: checking for nl_langinfo (CODESET)
configure:36716: result: yes
configure:36726: checking for a compliant posix_memalign() implementation
configure:36816: result: no
configure:36822: checking for OpenBSD strlcpy/strlcat
configure:36884: result: no
configure:36895: checking for an implementation of va_copy()
configure:36951: result: yes
configure:36953: checking for an implementation of __va_copy()
configure:37009: result: yes
configure:37027: checking whether va_lists can be copied by value
configure:37095: result: yes
configure:37129: checking for dlopen
configure:37212: result: no
configure:37382: checking for NSLinkModule
configure:37465: result: no
configure:37474: checking for dlopen in -ldl
configure:37537: result: yes
configure:37540: checking for dlsym in -ldl
configure:37603: result: yes
configure:37693: checking for RTLD_GLOBAL brokenness
configure:37766: result: no
configure:37773: checking for preceeding underscore in symbols
configure:37844: result: no
configure:37859: checking for dlerror
configure:37942: result: yes
configure:37959: checking for the suffix of module shared libraries
configure:37967: result: .so
configure:37988: checking for gspawn implementation
configure:37998: result: gspawn.lo
configure:38003: checking for GIOChannel implementation
configure:38013: result: giounix.lo
configure:38038: checking for is_selinux_enabled in -lselinux
configure:38101: result: no
configure:38342: checking for sys/inotify.h
configure:38349: result: yes
configure:38489: checking for inotify_init1
configure:38574: result: no
configure:38616: mipsel-linux-gcc -c -g -O2 -Wall  -DG_DISABLE_SINGLE_INCLUDES conftest.c >&5
conftest.c:2:18: error: port.h: No such file or directory
conftest.c:4:2: error: #error "Please upgrade to Nevada 72 or above to suppoert FEN"
configure:38623: $? = 1
configure: failed program was:
| 
| #include <port.h>
| #ifndef PORT_SOURCE_FILE
| #error "Please upgrade to Nevada 72 or above to suppoert FEN"
| #endif
| int main() { return 0; }
configure:38666: checking for FAMOpen in -lfam
configure:38729: result: no
configure:38966: WARNING: *** FAM support will not be built (FAM library not found) ***
configure:38993: checking for getxattr in -lc
configure:39056: result: no
configure:39220: checking for getxattr in -lattr
configure:39283: result: no
configure:39519: checking for platform-dependent source
configure:39529: result: 
configure:39533: checking whether to compile timeloop
configure:39543: result: yes
configure:39554: checking if building for some Win32 platform
configure:39564: result: no
configure:39667: mipsel-linux-gcc -c -g -O2 -Wall  -DG_DISABLE_SINGLE_INCLUDES -D_POSIX4_DRAFT_SOURCE -D_POSIX4A_DRAFT10_SOURCE -U_OSF_SOURCE conftest.c >&5
conftest.c: In function 'main':
conftest.c:158: warning: unused variable 'm'
configure:39674: $? = 0
configure:39793: checking for thread implementation
configure:39802: result: posix
configure:39858: mipsel-linux-gcc -o conftest -g -O2 -Wall -pthread  -DG_DISABLE_SINGLE_INCLUDES  conftest.c -lintl   >&5
configure:39865: $? = 0
configure:40044: checking thread related cflags
configure:40046: result: -pthread
configure:40216: checking for sched_get_priority_min
configure:40235: mipsel-linux-gcc -o conftest -g -O2 -Wall  -DG_DISABLE_SINGLE_INCLUDES -pthread -D_POSIX4_DRAFT_SOURCE -D_POSIX4A_DRAFT10_SOURCE -U_OSF_SOURCE  conftest.c  -lintl   >&5
configure:40242: $? = 0
configure:40313: result: yes
configure:40364: checking thread related libraries
configure:40366: result: -pthread 
configure:40380: checking for localtime_r
configure:40465: result: yes
configure:40380: checking for gmtime_r
configure:40465: result: yes
configure:40478: checking for posix getpwuid_r
configure:40549: result: yes
configure:40638: checking for posix getgrgid_r
configure:40709: result: yes
configure:40801: checking size of pthread_t
configure:41142: result: 4
configure:41151: checking for pthread_attr_setstacksize
configure:41174: mipsel-linux-gcc -o conftest -g -O2 -Wall  -DG_DISABLE_SINGLE_INCLUDES -pthread -D_POSIX4_DRAFT_SOURCE -D_POSIX4A_DRAFT10_SOURCE -U_OSF_SOURCE  conftest.c -pthread  -lintl   >&5
configure:41181: $? = 0
configure:41189: result: yes
configure:41207: checking for minimal/maximal thread priority
configure:41281: result: sched_get_priority_min(SCHED_OTHER)/sched_get_priority_max(SCHED_OTHER)
configure:41283: checking for pthread_setschedparam
configure:41306: mipsel-linux-gcc -o conftest -g -O2 -Wall  -DG_DISABLE_SINGLE_INCLUDES -pthread -D_POSIX4_DRAFT_SOURCE -D_POSIX4A_DRAFT10_SOURCE -U_OSF_SOURCE  conftest.c -pthread  -lintl   >&5
conftest.c: In function 'main':
conftest.c:164: warning: 't' is used uninitialized in this function
configure:41313: $? = 0
configure:41321: result: yes
configure:41348: checking for posix yield function
configure:41373: mipsel-linux-gcc -o conftest -g -O2 -Wall  -DG_DISABLE_SINGLE_INCLUDES -pthread -D_POSIX4_DRAFT_SOURCE -D_POSIX4A_DRAFT10_SOURCE -U_OSF_SOURCE  conftest.c -pthread  -lintl   >&5
configure:41380: $? = 0
configure:41408: result: sched_yield
configure:42156: checking size of pthread_mutex_t
configure:42497: result: 24
configure:42504: checking byte contents of PTHREAD_MUTEX_INITIALIZER
configure:42570: result: no
configure:42589: checking for clock_gettime
configure:42674: result: yes
configure:42766: checking for monotonic clocks
configure:42816: result: yes
configure:42828: checking whether to use assembler code for atomic operations
configure:43046: result: none
configure:43067: checking value of POLLIN
configure:43393: result: 1
configure:43396: checking value of POLLOUT
configure:43722: result: 4
configure:43725: checking value of POLLPRI
configure:44051: result: 2
configure:44054: checking value of POLLERR
configure:44380: result: 8
configure:44383: checking value of POLLHUP
configure:44709: result: 16
configure:44712: checking value of POLLNVAL
configure:45038: result: 32
configure:45055: checking for broken poll
configure:45127: result: no (cross compiling)
configure:45494: checking whether compiler understands -Wno-pointer-sign
configure:45519: mipsel-linux-gcc -c -g -O2 -Wall -Wno-pointer-sign  -DG_DISABLE_SINGLE_INCLUDES -pthread conftest.c >&5
configure:45526: $? = 0
configure:45532: result: yes
configure:45573: checking for EILSEQ
configure:45600: mipsel-linux-gcc -c -g -O2 -Wall  -DG_DISABLE_SINGLE_INCLUDES -pthread conftest.c >&5
conftest.c: In function 'main':
conftest.c:176: warning: unused variable 'error'
configure:45607: $? = 0
configure:45621: result: yes
configure:45637: checking for glib-genmarshal
configure:45668: result: /usr/bin/glib-genmarshal
configure:45719: checking whether to build gtk-doc documentation
configure:45721: result: no
configure:45728: checking for gtkdoc-check
configure:45761: result: no
configure:46308: creating ./config.status

## ---------------------- ##
## Running config.status. ##
## ---------------------- ##

This file was extended by glib config.status 2.22.2, which was
generated by GNU Autoconf 2.63.  Invocation command line was

  CONFIG_FILES    = 
  CONFIG_HEADERS  = 
  CONFIG_LINKS    = 
  CONFIG_COMMANDS = 
  $ ./config.status 

on Gforce

config.status:1758: creating glib-2.0.pc
config.status:1758: creating glib-2.0-uninstalled.pc
config.status:1758: creating gmodule-2.0.pc
config.status:1758: creating gmodule-export-2.0.pc
config.status:1758: creating gmodule-no-export-2.0.pc
config.status:1758: creating gmodule-2.0-uninstalled.pc
config.status:1758: creating gmodule-no-export-2.0-uninstalled.pc
config.status:1758: creating gthread-2.0.pc
config.status:1758: creating gthread-2.0-uninstalled.pc
config.status:1758: creating gobject-2.0.pc
config.status:1758: creating gobject-2.0-uninstalled.pc
config.status:1758: creating gio-2.0.pc
config.status:1758: creating gio-unix-2.0.pc
config.status:1758: creating gio-2.0-uninstalled.pc
config.status:1758: creating gio-unix-2.0-uninstalled.pc
config.status:1758: creating glib-zip
config.status:1758: creating glib-gettextize
config.status:1758: creating Makefile
config.status:1758: creating build/Makefile
config.status:1758: creating build/win32/Makefile
config.status:1758: creating build/win32/dirent/Makefile
config.status:1758: creating build/win32/vs8/Makefile
config.status:1758: creating build/win32/vs9/Makefile
config.status:1758: creating glib/Makefile
config.status:1758: creating glib/libcharset/Makefile
config.status:1758: creating glib/gnulib/Makefile
config.status:1758: creating glib/pcre/Makefile
config.status:1758: creating glib/update-pcre/Makefile
config.status:1758: creating glib/tests/Makefile
config.status:1758: creating gmodule/Makefile
config.status:1758: creating gmodule/gmoduleconf.h
config.status:1758: creating gobject/Makefile
config.status:1758: creating gobject/glib-mkenums
config.status:1758: creating gobject/tests/Makefile
config.status:1758: creating gthread/Makefile
config.status:1758: creating gio/Makefile
config.status:1758: creating gio/xdgmime/Makefile
config.status:1758: creating gio/inotify/Makefile
config.status:1758: creating gio/libasyncns/Makefile
config.status:1758: creating gio/fen/Makefile
config.status:1758: creating gio/fam/Makefile
config.status:1758: creating gio/win32/Makefile
config.status:1758: creating gio/tests/Makefile
config.status:1758: creating po/Makefile.in
config.status:1758: creating docs/Makefile
config.status:1758: creating docs/reference/Makefile
config.status:1758: creating docs/reference/glib/Makefile
config.status:1758: creating docs/reference/glib/version.xml
config.status:1758: creating docs/reference/gobject/Makefile
config.status:1758: creating docs/reference/gobject/version.xml
config.status:1758: creating docs/reference/gio/Makefile
config.status:1758: creating docs/reference/gio/version.xml
config.status:1758: creating tests/Makefile
config.status:1758: creating tests/gobject/Makefile
config.status:1758: creating tests/refcount/Makefile
config.status:1758: creating m4macros/Makefile
config.status:1758: creating config.h
config.status:2032: executing depfiles commands
config.status:2032: executing default-1 commands
config.status:2032: executing libtool commands
config.status:2032: executing glibconfig.h commands
config.status:3352: glibconfig.h is unchanged
config.status:2032: executing chmod-scripts commands

## ---------------- ##
## Cache variables. ##
## ---------------- ##

ac_cv_build=i686-pc-linux-gnu
ac_cv_c_bigendian=no
ac_cv_c_compiler_gnu=yes
ac_cv_c_const=yes
ac_cv_cxx_compiler_gnu=yes
ac_cv_env_CCC_set=
ac_cv_env_CCC_value=
ac_cv_env_CC_set=
ac_cv_env_CC_value=
ac_cv_env_CFLAGS_set=
ac_cv_env_CFLAGS_value=
ac_cv_env_CPPFLAGS_set=
ac_cv_env_CPPFLAGS_value=
ac_cv_env_CPP_set=
ac_cv_env_CPP_value=
ac_cv_env_CXXCPP_set=
ac_cv_env_CXXCPP_value=
ac_cv_env_CXXFLAGS_set=
ac_cv_env_CXXFLAGS_value=
ac_cv_env_CXX_set=
ac_cv_env_CXX_value=
ac_cv_env_LDFLAGS_set=
ac_cv_env_LDFLAGS_value=
ac_cv_env_LIBS_set=
ac_cv_env_LIBS_value=
ac_cv_env_PCRE_CFLAGS_set=
ac_cv_env_PCRE_CFLAGS_value=
ac_cv_env_PCRE_LIBS_set=
ac_cv_env_PCRE_LIBS_value=
ac_cv_env_PKG_CONFIG_set=
ac_cv_env_PKG_CONFIG_value=
ac_cv_env_build_alias_set=
ac_cv_env_build_alias_value=
ac_cv_env_host_alias_set=set
ac_cv_env_host_alias_value=mipsel-linux
ac_cv_env_target_alias_set=set
ac_cv_env_target_alias_value=mipsel-linux
ac_cv_func_NSLinkModule=no
ac_cv_func__NSGetEnviron=no
ac_cv_func__doprnt=no
ac_cv_func_alloca_works=yes
ac_cv_func_atexit=yes
ac_cv_func_bind_textdomain_codeset=yes
ac_cv_func_chown=yes
ac_cv_func_clock_gettime=yes
ac_cv_func_dcgettext=yes
ac_cv_func_dlerror=yes
ac_cv_func_dlopen=no
ac_cv_func_endmntent=yes
ac_cv_func_endservent=yes
ac_cv_func_fchmod=yes
ac_cv_func_fchown=yes
ac_cv_func_fdwalk=no
ac_cv_func_fsync=yes
ac_cv_func_getc_unlocked=yes
ac_cv_func_getcwd=yes
ac_cv_func_getgrgid=yes
ac_cv_func_getmntent_r=yes
ac_cv_func_getmntinfo=no
ac_cv_func_getprotobyname_r=yes
ac_cv_func_getpwuid=yes
ac_cv_func_gmtime_r=yes
ac_cv_func_hasmntopt=yes
ac_cv_func_iconv_open=no
ac_cv_func_inotify_init1=no
ac_cv_func_lchmod=no
ac_cv_func_lchown=yes
ac_cv_func_link=yes
ac_cv_func_localtime_r=yes
ac_cv_func_lstat=yes
ac_cv_func_memalign=yes
ac_cv_func_memmove=yes
ac_cv_func_mmap=yes
ac_cv_func_nanosleep=yes
ac_cv_func_nsleep=no
ac_cv_func_on_exit=yes
ac_cv_func_pipe2=no
ac_cv_func_poll=yes
ac_cv_func_posix_getgrgid_r=yes
ac_cv_func_posix_getpwuid_r=yes
ac_cv_func_posix_memalign=yes
ac_cv_func_printf_unix98=no
ac_cv_func_readlink=yes
ac_cv_func_res_query=no
ac_cv_func_setenv=yes
ac_cv_func_setlocale=yes
ac_cv_func_setmntent=yes
ac_cv_func_setresuid=yes
ac_cv_func_setreuid=yes
ac_cv_func_snprintf=yes
ac_cv_func_snprintf_c99=no
ac_cv_func_statfs=yes
ac_cv_func_statvfs=yes
ac_cv_func_stpcpy=yes
ac_cv_func_strcasecmp=yes
ac_cv_func_strerror=yes
ac_cv_func_strncasecmp=yes
ac_cv_func_strndup=yes
ac_cv_func_strsignal=yes
ac_cv_func_symlink=yes
ac_cv_func_timegm=yes
ac_cv_func_unsetenv=yes
ac_cv_func_utimes=yes
ac_cv_func_valloc=yes
ac_cv_func_vasprintf=yes
ac_cv_func_vprintf=yes
ac_cv_func_vsnprintf=yes
ac_cv_func_vsnprintf_c99=no
ac_cv_func_wcslen=no
ac_cv_gnu_library_2_1=yes
ac_cv_header_arpa_nameser_compat_h=yes
ac_cv_header_crt_externs_h=no
ac_cv_header_dirent_h=yes
ac_cv_header_dlfcn_h=yes
ac_cv_header_float_h=yes
ac_cv_header_fstab_h=no
ac_cv_header_grp_h=yes
ac_cv_header_inttypes_h=yes
ac_cv_header_libintl_h=yes
ac_cv_header_limits_h=yes
ac_cv_header_locale_h=yes
ac_cv_header_malloc_h=yes
ac_cv_header_memory_h=yes
ac_cv_header_mntent_h=yes
ac_cv_header_mswsock_h=no
ac_cv_header_netdb_h=yes
ac_cv_header_pwd_h=yes
ac_cv_header_sched_h=yes
ac_cv_header_stdc=yes
ac_cv_header_stddef_h=yes
ac_cv_header_stdint_h=yes
ac_cv_header_stdlib_h=yes
ac_cv_header_string_h=yes
ac_cv_header_strings_h=yes
ac_cv_header_sys_inotify_h=yes
ac_cv_header_sys_mntctl_h=no
ac_cv_header_sys_mnttab_h=no
ac_cv_header_sys_mount_h=yes
ac_cv_header_sys_param_h=yes
ac_cv_header_sys_poll_h=yes
ac_cv_header_sys_prctl_h=yes
ac_cv_header_sys_resource_h=yes
ac_cv_header_sys_select_h=yes
ac_cv_header_sys_stat_h=yes
ac_cv_header_sys_statfs_h=yes
ac_cv_header_sys_statvfs_h=yes
ac_cv_header_sys_sysctl_h=yes
ac_cv_header_sys_time_h=yes
ac_cv_header_sys_times_h=yes
ac_cv_header_sys_types_h=yes
ac_cv_header_sys_uio_h=yes
ac_cv_header_sys_vfs_h=yes
ac_cv_header_sys_vfstab_h=no
ac_cv_header_sys_vmount_h=no
ac_cv_header_sys_wait_h=yes
ac_cv_header_unistd_h=yes
ac_cv_header_values_h=yes
ac_cv_header_winsock2_h=no
ac_cv_host=mipsel-unknown-linux-gnu
ac_cv_lib_attr_getxattr=no
ac_cv_lib_c_getxattr=no
ac_cv_lib_dl_dlopen=yes
ac_cv_lib_dl_dlsym=yes
ac_cv_lib_fam_FAMOpen=no
ac_cv_lib_iconv_libiconv_open=yes
ac_cv_lib_intl_bindtextdomain=yes
ac_cv_lib_intl_dgettext=yes
ac_cv_lib_intl_ngettext=yes
ac_cv_lib_resolv_res_query=no
ac_cv_lib_selinux_is_selinux_enabled=no
ac_cv_member_struct_stat_st_atim_tv_nsec=no
ac_cv_member_struct_stat_st_atimensec=yes
ac_cv_member_struct_stat_st_blksize=yes
ac_cv_member_struct_stat_st_blocks=yes
ac_cv_member_struct_stat_st_ctim_tv_nsec=no
ac_cv_member_struct_stat_st_ctimensec=yes
ac_cv_member_struct_stat_st_mtim_tv_nsec=no
ac_cv_member_struct_stat_st_mtimensec=yes
ac_cv_member_struct_statfs_f_bavail=yes
ac_cv_member_struct_statfs_f_fstypename=no
ac_cv_member_struct_statvfs_f_basetype=no
ac_cv_objext=o
ac_cv_path_EGREP='/bin/grep -E'
ac_cv_path_FGREP='/bin/grep -F'
ac_cv_path_GLIB_GENMARSHAL=/usr/bin/glib-genmarshal
ac_cv_path_GMSGFMT=/usr/bin/msgfmt
ac_cv_path_GREP=/bin/grep
ac_cv_path_MSGFMT=/usr/bin/msgfmt
ac_cv_path_PERL_PATH=/usr/bin/perl
ac_cv_path_PKG_CONFIG=/usr/bin/pkg-config
ac_cv_path_PYTHON=/usr/bin/python
ac_cv_path_SED=/bin/sed
ac_cv_path_XGETTEXT=/usr/bin/xgettext
ac_cv_path_install='/usr/bin/install -c'
ac_cv_path_mkdir=/bin/mkdir
ac_cv_prog_AR=mipsel-linux-ar
ac_cv_prog_AWK=gawk
ac_cv_prog_CC=mipsel-linux-gcc
ac_cv_prog_CPP='mipsel-linux-gcc -E'
ac_cv_prog_CXX=c++
ac_cv_prog_CXXCPP='c++ -E'
ac_cv_prog_OBJDUMP=objdump
ac_cv_prog_PERL=perl
ac_cv_prog_RANLIB=mipsel-linux-ranlib
ac_cv_prog_STRIP=mipsel-linux-strip
ac_cv_prog_cc_c89=
ac_cv_prog_cc_g=yes
ac_cv_prog_cc_mipsel_linux_gcc_c_o=yes
ac_cv_prog_cxx_g=yes
ac_cv_prog_make_make_set=yes
ac_cv_sizeof___int64=0
ac_cv_sizeof_char=1
ac_cv_sizeof_int=4
ac_cv_sizeof_long=4
ac_cv_sizeof_long_long=8
ac_cv_sizeof_short=2
ac_cv_sizeof_size_t=4
ac_cv_sizeof_void_p=4
ac_cv_sys_file_offset_bits=64
ac_cv_sys_largefile_CC=no
ac_cv_type_long_long=yes
ac_cv_type_ptrdiff_t=yes
ac_cv_type_size_t=yes
ac_cv_working_alloca_h=yes
am_cv_CC_dependencies_compiler_type=gcc3
am_cv_CXX_dependencies_compiler_type=gcc3
am_cv_langinfo_codeset=yes
am_cv_pathless_PYTHON=python
am_cv_prog_cc_stdc=
am_cv_python_platform=linux2
am_cv_python_pyexecdir='${exec_prefix}/lib/python2.5/site-packages'
am_cv_python_pythondir='${prefix}/lib/python2.5/site-packages'
am_cv_python_version=2.5
am_cv_val_LC_MESSAGES=yes
bh_cv_c_signed=yes
g_cv_support_dowhile_macros=yes
glib_cv___va_copy=yes
glib_cv_byte_contents_gmutex=no
glib_cv_compliant_posix_memalign=0
glib_cv_has__inline=yes
glib_cv_has__inline__=yes
glib_cv_hasinline=yes
glib_cv_have_strlcpy=no
glib_cv_langinfo_codeset=yes
glib_cv_long_long_format=ll
glib_cv_monotonic_clock=yes
glib_cv_rtldglobal_broken=no
glib_cv_sane_realloc=yes
glib_cv_sizeof_gmutex=24
glib_cv_sizeof_system_thread=4
glib_cv_uscore=no
glib_cv_va_copy=yes
glib_cv_va_val_copy=yes
glib_cv_value_AF_INET6=10
glib_cv_value_AF_INET=2
glib_cv_value_AF_UNIX=1
glib_cv_value_MSG_DONTROUTE=4
glib_cv_value_MSG_OOB=1
glib_cv_value_MSG_PEEK=2
glib_cv_value_POLLERR=8
glib_cv_value_POLLHUP=16
glib_cv_value_POLLIN=1
glib_cv_value_POLLNVAL=32
glib_cv_value_POLLOUT=4
glib_cv_value_POLLPRI=2
gt_cv_c_long_double=yes
gt_cv_c_wchar_t=yes
gt_cv_c_wint_t=no
gt_cv_func_dgettext_libc=no
gt_cv_func_dgettext_libintl=yes
gt_cv_func_ngettext_libc=no
gt_cv_have_gettext=yes
jm_ac_cv_header_inttypes_h=yes
jm_ac_cv_header_stdint_h=yes
lt_cv_deplibs_check_method=pass_all
lt_cv_file_magic_cmd='$MAGIC_CMD'
lt_cv_file_magic_test_file=
lt_cv_ld_reload_flag=-r
lt_cv_nm_interface='BSD nm'
lt_cv_objdir=.libs
lt_cv_path_LD=/opt/mipsel-linux-uclibc/usr/mipsel-linux-uclibc/bin/ld
lt_cv_path_LDCXX=/opt/mipsel-linux-uclibc/usr/mipsel-linux-uclibc/bin/ld
lt_cv_path_NM='/opt/mipsel-linux-uclibc/usr/bin//mipsel-linux-nm -B'
lt_cv_prog_compiler_c_o=yes
lt_cv_prog_compiler_c_o_CXX=yes
lt_cv_prog_compiler_pic_works=yes
lt_cv_prog_compiler_pic_works_CXX=yes
lt_cv_prog_compiler_rtti_exceptions=no
lt_cv_prog_compiler_static_works=yes
lt_cv_prog_compiler_static_works_CXX=no
lt_cv_prog_gnu_ld=yes
lt_cv_prog_gnu_ldcxx=yes
lt_cv_sys_global_symbol_pipe='sed -n -e '\''s/^.*[	 ]\([ABCDGIRSTW][ABCDGIRSTW]*\)[	 ][	 ]*\([_A-Za-z][_A-Za-z0-9]*\)$/\1 \2 \2/p'\'''
lt_cv_sys_global_symbol_to_c_name_address='sed -n -e '\''s/^: \([^ ]*\) $/  {\"\1\", (void *) 0},/p'\'' -e '\''s/^[ABCDGIRSTW]* \([^ ]*\) \([^ ]*\)$/  {"\2", (void *) \&\2},/p'\'''
lt_cv_sys_global_symbol_to_c_name_address_lib_prefix='sed -n -e '\''s/^: \([^ ]*\) $/  {\"\1\", (void *) 0},/p'\'' -e '\''s/^[ABCDGIRSTW]* \([^ ]*\) \(lib[^ ]*\)$/  {"\2", (void *) \&\2},/p'\'' -e '\''s/^[ABCDGIRSTW]* \([^ ]*\) \([^ ]*\)$/  {"lib\2", (void *) \&\2},/p'\'''
lt_cv_sys_global_symbol_to_cdecl='sed -n -e '\''s/^T .* \(.*\)$/extern int \1();/p'\'' -e '\''s/^[ABCDGIRSTW]* .* \(.*\)$/extern char \1;/p'\'''
lt_cv_sys_max_cmd_len=1572864

## ----------------- ##
## Output variables. ##
## ----------------- ##

ABS_GLIB_RUNTIME_LIBDIR=''
ACLOCAL='${SHELL} /media/Data/dingoo/dingux/dev/openwrt/trunk/build_dir/target-_-/glib-2.22.2/missing --run aclocal-1.11'
ALLOCA=''
AMDEPBACKSLASH='\'
AMDEP_FALSE='#'
AMDEP_TRUE=''
AMTAR='${SHELL} /media/Data/dingoo/dingux/dev/openwrt/trunk/build_dir/target-_-/glib-2.22.2/missing --run tar'
AM_BACKSLASH='\'
AM_DEFAULT_VERBOSITY='1'
AR='mipsel-linux-ar'
AS='as'
AUTOCONF='${SHELL} /media/Data/dingoo/dingux/dev/openwrt/trunk/build_dir/target-_-/glib-2.22.2/missing --run autoconf'
AUTOHEADER='${SHELL} /media/Data/dingoo/dingux/dev/openwrt/trunk/build_dir/target-_-/glib-2.22.2/missing --run autoheader'
AUTOMAKE='${SHELL} /media/Data/dingoo/dingux/dev/openwrt/trunk/build_dir/target-_-/glib-2.22.2/missing --run automake-1.11'
AWK='gawk'
CATALOGS=' am.gmo ar.gmo as.gmo az.gmo be.gmo be@latin.gmo bg.gmo bn.gmo bn_IN.gmo bs.gmo ca.gmo ca@valencia.gmo cs.gmo cy.gmo da.gmo de.gmo dz.gmo el.gmo en_CA.gmo en_GB.gmo eo.gmo es.gmo et.gmo eu.gmo fa.gmo fi.gmo fr.gmo ga.gmo gl.gmo gu.gmo he.gmo hi.gmo hr.gmo hu.gmo hy.gmo id.gmo is.gmo it.gmo ja.gmo ka.gmo kn.gmo ko.gmo ku.gmo lt.gmo lv.gmo mai.gmo mg.gmo mk.gmo ml.gmo mn.gmo mr.gmo ms.gmo nb.gmo ne.gmo nl.gmo nn.gmo oc.gmo or.gmo pa.gmo pl.gmo ps.gmo pt.gmo pt_BR.gmo ro.gmo ru.gmo rw.gmo si.gmo sk.gmo sl.gmo sq.gmo sr.gmo sr@latin.gmo sr@ije.gmo sv.gmo ta.gmo te.gmo th.gmo tl.gmo tr.gmo tt.gmo uk.gmo vi.gmo wa.gmo xh.gmo yi.gmo zh_CN.gmo zh_HK.gmo zh_TW.gmo'
CATOBJEXT='.gmo'
CC='mipsel-linux-gcc'
CCDEPMODE='depmode=gcc3'
CFLAGS='-g -O2 -Wall'
CONFIG_STATUS_DEPENDENCIES='$(top_srcdir)/po/LINGUAS'
CPP='mipsel-linux-gcc -E'
CPPFLAGS=' -DG_DISABLE_SINGLE_INCLUDES -pthread'
CROSS_COMPILING_FALSE='#'
CROSS_COMPILING_TRUE=''
CXX='c++'
CXXCPP='c++ -E'
CXXDEPMODE='depmode=gcc3'
CXXFLAGS='-g -O2'
CYGPATH_W='echo'
DATADIRNAME='share'
DEFS='-DHAVE_CONFIG_H'
DEPDIR='.deps'
DISABLE_MEM_POOLS=''
DLLTOOL='dlltool'
DSYMUTIL=''
DUMPBIN=''
ECHO_C=''
ECHO_N='-n'
ECHO_T=''
EGREP='/bin/grep -E'
ENABLE_GTK_DOC_FALSE=''
ENABLE_GTK_DOC_TRUE='#'
ENABLE_MAN_FALSE=''
ENABLE_MAN_TRUE='#'
ENABLE_REGEX_FALSE='#'
ENABLE_REGEX_TRUE=''
ENABLE_TIMELOOP_FALSE='#'
ENABLE_TIMELOOP_TRUE=''
EXEEXT=''
FAM_LIBS=''
FGREP='/bin/grep -F'
GETTEXT_PACKAGE='glib20'
GIO='giounix.lo'
GIO_MODULE_DIR='${libdir}/gio/modules'
GLIBC21='yes'
GLIB_BINARY_AGE='2202'
GLIB_DEBUG_FLAGS='-DG_DISABLE_CAST_CHECKS'
GLIB_EXTRA_CFLAGS=''
GLIB_GENMARSHAL='/usr/bin/glib-genmarshal'
GLIB_INTERFACE_AGE='2'
GLIB_MAJOR_VERSION='2'
GLIB_MICRO_VERSION='2'
GLIB_MINOR_VERSION='22'
GLIB_RUNTIME_LIBDIR=''
GLIB_VERSION='2.22.2'
GLIB_WIN32_STATIC_COMPILATION_DEFINE=''
GMOFILES=' am.gmo ar.gmo as.gmo az.gmo be.gmo be@latin.gmo bg.gmo bn.gmo bn_IN.gmo bs.gmo ca.gmo ca@valencia.gmo cs.gmo cy.gmo da.gmo de.gmo dz.gmo el.gmo en_CA.gmo en_GB.gmo eo.gmo es.gmo et.gmo eu.gmo fa.gmo fi.gmo fr.gmo ga.gmo gl.gmo gu.gmo he.gmo hi.gmo hr.gmo hu.gmo hy.gmo id.gmo is.gmo it.gmo ja.gmo ka.gmo kn.gmo ko.gmo ku.gmo lt.gmo lv.gmo mai.gmo mg.gmo mk.gmo ml.gmo mn.gmo mr.gmo ms.gmo nb.gmo ne.gmo nl.gmo nn.gmo oc.gmo or.gmo pa.gmo pl.gmo ps.gmo pt.gmo pt_BR.gmo ro.gmo ru.gmo rw.gmo si.gmo sk.gmo sl.gmo sq.gmo sr.gmo sr@latin.gmo sr@ije.gmo sv.gmo ta.gmo te.gmo th.gmo tl.gmo tr.gmo tt.gmo uk.gmo vi.gmo wa.gmo xh.gmo yi.gmo zh_CN.gmo zh_HK.gmo zh_TW.gmo'
GMSGFMT='/usr/bin/msgfmt'
GREP='/bin/grep'
GSPAWN='gspawn.lo'
GTHREAD_COMPILE_IMPL_DEFINES='-D_POSIX4_DRAFT_SOURCE -D_POSIX4A_DRAFT10_SOURCE -U_OSF_SOURCE'
GTKDOC_CHECK=''
GTK_DOC_USE_LIBTOOL_FALSE='#'
GTK_DOC_USE_LIBTOOL_TRUE=''
G_LIBS_EXTRA=''
G_MODULE_BROKEN_RTLD_GLOBAL='0'
G_MODULE_HAVE_DLERROR='1'
G_MODULE_IMPL='G_MODULE_IMPL_DL'
G_MODULE_LDFLAGS='-Wl,--export-dynamic'
G_MODULE_LIBS='-ldl'
G_MODULE_LIBS_EXTRA=''
G_MODULE_NEED_USCORE='0'
G_MODULE_PLUGIN_LIBS=''
G_MODULE_SUPPORTED='true'
G_THREAD_CFLAGS='-pthread'
G_THREAD_LIBS='-pthread '
G_THREAD_LIBS_EXTRA=''
G_THREAD_LIBS_FOR_GTHREAD='-lpthread'
HAVE_CXX_FALSE='#'
HAVE_CXX_TRUE=''
HAVE_FAM_FALSE=''
HAVE_FAM_TRUE='#'
HAVE_FEN_FALSE=''
HAVE_FEN_TRUE='#'
HAVE_GLIB_RUNTIME_LIBDIR_FALSE=''
HAVE_GLIB_RUNTIME_LIBDIR_TRUE='#'
HAVE_GNUC_VISIBILITY_FALSE='#'
HAVE_GNUC_VISIBILITY_TRUE=''
HAVE_GOOD_PRINTF_FALSE=''
HAVE_GOOD_PRINTF_TRUE='#'
HAVE_INOTIFY_FALSE='#'
HAVE_INOTIFY_TRUE=''
HAVE_SUNSTUDIO_VISIBILITY_FALSE=''
HAVE_SUNSTUDIO_VISIBILITY_TRUE='#'
HTML_DIR='${datadir}/gtk-doc/html'
ICONV_LIBS='-liconv'
INDENT=''
INSTALL_DATA='${INSTALL} -m 644'
INSTALL_PROGRAM='${INSTALL}'
INSTALL_SCRIPT='${INSTALL}'
INSTALL_STRIP_PROGRAM='$(install_sh) -c -s'
INSTOBJEXT='.mo'
INTLLIBS='-lintl '
LD='/opt/mipsel-linux-uclibc/usr/mipsel-linux-uclibc/bin/ld'
LDFLAGS=''
LIBASYNCNS_LIBADD='-lresolv'
LIBOBJS=''
LIBS='-lintl  '
LIBTOOL='$(SHELL) $(top_builddir)/libtool'
LIBTOOL_EXPORT_OPTIONS='-export-symbols-regex "^g.*"'
LIB_EXE_MACHINE_FLAG='X86'
LIPO=''
LN_S='ln -s'
LTLIBOBJS=''
LT_AGE='2200'
LT_CURRENT='2200'
LT_CURRENT_MINUS_AGE='0'
LT_RELEASE='2.22'
LT_REVISION='2'
MAINT='#'
MAINTAINER_MODE_FALSE=''
MAINTAINER_MODE_TRUE='#'
MAKEINFO='${SHELL} /media/Data/dingoo/dingux/dev/openwrt/trunk/build_dir/target-_-/glib-2.22.2/missing --run makeinfo'
MKDIR_P='/bin/mkdir -p'
MKINSTALLDIRS='./mkinstalldirs'
MSGFMT='/usr/bin/msgfmt'
MSGFMT_OPTS='-c'
MS_LIB_AVAILABLE_FALSE=''
MS_LIB_AVAILABLE_TRUE='#'
NM='/opt/mipsel-linux-uclibc/usr/bin//mipsel-linux-nm -B'
NMEDIT=''
OBJDUMP='objdump'
OBJEXT='o'
OS_CARBON_FALSE=''
OS_CARBON_TRUE='#'
OS_LINUX_FALSE='#'
OS_LINUX_TRUE=''
OS_UNIX_FALSE='#'
OS_UNIX_TRUE=''
OS_WIN32_AND_DLL_COMPILATION_FALSE=''
OS_WIN32_AND_DLL_COMPILATION_TRUE='#'
OS_WIN32_FALSE=''
OS_WIN32_TRUE='#'
OS_WIN32_X64_FALSE=''
OS_WIN32_X64_TRUE='#'
OTOOL64=''
OTOOL=''
PACKAGE='glib'
PACKAGE_BUGREPORT='http://bugzilla.gnome.org/enter_bug.cgi?product=glib'
PACKAGE_NAME='glib'
PACKAGE_STRING='glib 2.22.2'
PACKAGE_TARNAME='glib'
PACKAGE_VERSION='2.22.2'
PATH_SEPARATOR=':'
PCRE_CFLAGS=''
PCRE_LIBS=''
PCRE_REQUIRES=''
PCRE_WARN_CFLAGS=' -Wno-pointer-sign'
PERL='perl'
PERL_PATH='/usr/bin/perl'
PKG_CONFIG='/usr/bin/pkg-config'
PLATFORMDEP=''
PLATFORM_WIN32_FALSE=''
PLATFORM_WIN32_TRUE='#'
POFILES=' am.po ar.po as.po az.po be.po be@latin.po bg.po bn.po bn_IN.po bs.po ca.po ca@valencia.po cs.po cy.po da.po de.po dz.po el.po en_CA.po en_GB.po eo.po es.po et.po eu.po fa.po fi.po fr.po ga.po gl.po gu.po he.po hi.po hr.po hu.po hy.po id.po is.po it.po ja.po ka.po kn.po ko.po ku.po lt.po lv.po mai.po mg.po mk.po ml.po mn.po mr.po ms.po nb.po ne.po nl.po nn.po oc.po or.po pa.po pl.po ps.po pt.po pt_BR.po ro.po ru.po rw.po si.po sk.po sl.po sq.po sr.po sr@latin.po sr@ije.po sv.po ta.po te.po th.po tl.po tr.po tt.po uk.po vi.po wa.po xh.po yi.po zh_CN.po zh_HK.po zh_TW.po'
POSUB='po'
PO_IN_DATADIR_FALSE=''
PO_IN_DATADIR_TRUE=''
PYTHON='/usr/bin/python'
PYTHON_EXEC_PREFIX='${exec_prefix}'
PYTHON_PLATFORM='linux2'
PYTHON_PREFIX='${prefix}'
PYTHON_VERSION='2.5'
RANLIB='mipsel-linux-ranlib'
REBUILD=''
SED='/bin/sed'
SELINUX_LIBS=''
SET_MAKE=''
SHELL='/bin/bash'
STRIP='mipsel-linux-strip'
USE_NLS='yes'
USE_SYSTEM_PCRE_FALSE=''
USE_SYSTEM_PCRE_TRUE='#'
VERSION='2.22.2'
WINDRES=''
XATTR_LIBS=''
XGETTEXT='/usr/bin/xgettext'
XMLCATALOG=''
XML_CATALOG_FILE=''
XSLTPROC=''
ac_ct_CC=''
ac_ct_CXX=''
ac_ct_DUMPBIN=''
am__EXEEXT_FALSE=''
am__EXEEXT_TRUE='#'
am__fastdepCC_FALSE='#'
am__fastdepCC_TRUE=''
am__fastdepCXX_FALSE='#'
am__fastdepCXX_TRUE=''
am__include='include'
am__isrc=''
am__leading_dot='.'
am__quote=''
am__tar='${AMTAR} chof - "$$tardir"'
am__untar='${AMTAR} xf -'
bindir='${exec_prefix}/bin'
build='i686-pc-linux-gnu'
build_alias=''
build_cpu='i686'
build_os='linux-gnu'
build_vendor='pc'
datadir='${datarootdir}'
datarootdir='${prefix}/share'
docdir='${datarootdir}/doc/${PACKAGE_TARNAME}'
dvidir='${docdir}'
exec_prefix='${prefix}'
host='mipsel-unknown-linux-gnu'
host_alias='mipsel-linux'
host_cpu='mipsel'
host_os='linux-gnu'
host_vendor='unknown'
htmldir='${docdir}'
includedir='${prefix}/include'
infodir='${datarootdir}/info'
install_sh='${SHELL} /media/Data/dingoo/dingux/dev/openwrt/trunk/build_dir/target-_-/glib-2.22.2/install-sh'
libdir='${exec_prefix}/lib'
libexecdir='${exec_prefix}/libexec'
localedir='/opt/mipsel-linux-uclibc/usr/share/locale'
localstatedir='${prefix}/var'
lt_ECHO='echo'
mandir='${datarootdir}/man'
mkdir_p='/bin/mkdir -p'
ms_librarian=''
oldincludedir='/usr/include'
pdfdir='${docdir}'
pkgpyexecdir='${pyexecdir}/glib'
pkgpythondir='${pythondir}/glib'
prefix='/opt/mipsel-linux-uclibc/usr'
program_transform_name='s,x,x,'
psdir='${docdir}'
pyexecdir='${exec_prefix}/lib/python2.5/site-packages'
pythondir='${prefix}/lib/python2.5/site-packages'
sbindir='${exec_prefix}/sbin'
sharedstatedir='${prefix}/com'
sysconfdir='${prefix}/etc'
target_alias='mipsel-linux'

## ----------- ##
## confdefs.h. ##
## ----------- ##

#define PACKAGE_NAME "glib"
#define PACKAGE_TARNAME "glib"
#define PACKAGE_VERSION "2.22.2"
#define PACKAGE_STRING "glib 2.22.2"
#define PACKAGE_BUGREPORT "http://bugzilla.gnome.org/enter_bug.cgi?product=glib"
#define GLIB_MAJOR_VERSION 2
#define GLIB_MINOR_VERSION 22
#define GLIB_MICRO_VERSION 2
#define GLIB_INTERFACE_AGE 2
#define GLIB_BINARY_AGE 2202
#define _FILE_OFFSET_BITS 64
#define STDC_HEADERS 1
#define HAVE_SYS_TYPES_H 1
#define HAVE_SYS_STAT_H 1
#define HAVE_STDLIB_H 1
#define HAVE_STRING_H 1
#define HAVE_MEMORY_H 1
#define HAVE_STRINGS_H 1
#define HAVE_INTTYPES_H 1
#define HAVE_STDINT_H 1
#define HAVE_UNISTD_H 1
#define HAVE_LOCALE_H 1
#define HAVE_LC_MESSAGES 1
#define HAVE_BIND_TEXTDOMAIN_CODESET 1
#define HAVE_GETTEXT 1
#define HAVE_DCGETTEXT 1
#define ENABLE_NLS 1
#define GETTEXT_PACKAGE "glib20"
#define GLIB_LOCALE_DIR "/opt/mipsel-linux-uclibc/usr/share/locale"
#define USE_LIBICONV_GNU 1
#define HAVE_DLFCN_H 1
#define LT_OBJDIR ".libs/"
#define STDC_HEADERS 1
#define HAVE_VPRINTF 1
#define HAVE_ALLOCA_H 1
#define HAVE_ALLOCA 1
#define HAVE_MMAP 1
#define HAVE_POSIX_MEMALIGN 1
#define HAVE_MEMALIGN 1
#define HAVE_VALLOC 1
#define HAVE_FSYNC 1
#define HAVE_ATEXIT 1
#define HAVE_ON_EXIT 1
#define HAVE_TIMEGM 1
#define HAVE_GMTIME_R 1
#define SIZEOF_CHAR 1
#define SIZEOF_SHORT 2
#define SIZEOF_LONG 4
#define SIZEOF_INT 4
#define SIZEOF_VOID_P 4
#define SIZEOF_LONG_LONG 8
#define SIZEOF___INT64 0
#define HAVE_LONG_LONG_FORMAT 1
#define SANE_MALLOC_PROTOS 1
#define G_HAVE___INLINE 1
#define G_HAVE___INLINE__ 1
#define G_HAVE_INLINE 1
#define HAVE_DOWHILE_MACROS 1
#define HAVE_DIRENT_H 1
#define HAVE_FLOAT_H 1
#define HAVE_LIMITS_H 1
#define HAVE_PWD_H 1
#define HAVE_GRP_H 1
#define HAVE_SYS_PARAM_H 1
#define HAVE_SYS_POLL_H 1
#define HAVE_SYS_RESOURCE_H 1
#define HAVE_SYS_TIME_H 1
#define HAVE_SYS_TIMES_H 1
#define HAVE_SYS_WAIT_H 1
#define HAVE_UNISTD_H 1
#define HAVE_VALUES_H 1
#define HAVE_SYS_SELECT_H 1
#define HAVE_SYS_TYPES_H 1
#define HAVE_STDINT_H 1
#define HAVE_SCHED_H 1
#define HAVE_MALLOC_H 1
#define HAVE_SYS_VFS_H 1
#define HAVE_SYS_MOUNT_H 1
#define HAVE_SYS_STATFS_H 1
#define HAVE_SYS_STATVFS_H 1
#define HAVE_MNTENT_H 1
#define HAVE_SYS_SYSCTL_H 1
#define HAVE_SYS_UIO_H 1
#define HAVE_STRUCT_STAT_ST_MTIMENSEC 1
#define HAVE_STRUCT_STAT_ST_ATIMENSEC 1
#define HAVE_STRUCT_STAT_ST_CTIMENSEC 1
#define HAVE_STRUCT_STAT_ST_BLKSIZE 1
#define HAVE_STRUCT_STAT_ST_BLOCKS 1
#define HAVE_STRUCT_STATFS_F_BAVAIL 1
#define HAVE_LANGINFO_CODESET 1
#define HAVE_STDDEF_H 1
#define HAVE_STDLIB_H 1
#define HAVE_STRING_H 1
#define HAVE_SETLOCALE 1
#define SIZEOF_SIZE_T 4
#define HAVE_LSTAT 1
#define HAVE_STRERROR 1
#define HAVE_STRSIGNAL 1
#define HAVE_MEMMOVE 1
#define HAVE_VSNPRINTF 1
#define HAVE_STPCPY 1
#define HAVE_STRCASECMP 1
#define HAVE_STRNCASECMP 1
#define HAVE_POLL 1
#define HAVE_GETCWD 1
#define HAVE_VASPRINTF 1
#define HAVE_SETENV 1
#define HAVE_UNSETENV 1
#define HAVE_GETC_UNLOCKED 1
#define HAVE_READLINK 1
#define HAVE_SYMLINK 1
#define HAVE_CHOWN 1
#define HAVE_LCHOWN 1
#define HAVE_FCHMOD 1
#define HAVE_FCHOWN 1
#define HAVE_LINK 1
#define HAVE_STATVFS 1
#define HAVE_STATFS 1
#define HAVE_UTIMES 1
#define HAVE_GETGRGID 1
#define HAVE_GETPWUID 1
#define HAVE_GETMNTENT_R 1
#define HAVE_SETMNTENT 1
#define HAVE_ENDMNTENT 1
#define HAVE_HASMNTOPT 1
#define HAVE_NANOSLEEP 1
#define HAVE_GETPROTOBYNAME_R 1
#define HAVE_ENDSERVENT 1
#define HAVE_NETDB_H 1
#define HAVE_STRNDUP 1
#define HAVE_SETRESUID 1
#define HAVE_SETREUID 1
#define HAVE_SYS_PRCTL_H 1
#define HAVE_ARPA_NAMESER_COMPAT_H 1
#define STATFS_ARGS 2
#define HAVE_VASPRINTF 1
#define HAVE_LONG_LONG 1
#define HAVE_LONG_DOUBLE 1
#define HAVE_WCHAR_T 1
#define HAVE_PTRDIFF_T 1
#define HAVE_INTTYPES_H_WITH_UINTMAX 1
#define HAVE_STDINT_H_WITH_UINTMAX 1
#define HAVE_INTMAX_T 1
#define HAVE_SNPRINTF 1
#define NO_SYS_ERRLIST 1
#define NO_SYS_SIGLIST 1
#define NO_SYS_SIGLIST_DECL 1
#define REALLOC_0_WORKS 1
#define HAVE_CODESET 1
#define G_VA_COPY va_copy
#define HAVE_SYS_INOTIFY_H 1
#define HAVE_LOCALTIME_R 1
#define HAVE_GMTIME_R 1
#define HAVE_POSIX_GETPWUID_R 1
#define HAVE_POSIX_GETGRGID_R 1
#define GLIB_SIZEOF_SYSTEM_THREAD 4
#define HAVE_PTHREAD_ATTR_SETSTACKSIZE 1
#define POSIX_MIN_PRIORITY sched_get_priority_min(SCHED_OTHER)
#define POSIX_MAX_PRIORITY sched_get_priority_max(SCHED_OTHER)
#define POSIX_YIELD_FUNC sched_yield()
#define G_THREAD_SOURCE "gthread-posix.c"
#define GLIB_SIZEOF_GMUTEX 24
#define GLIB_BYTE_CONTENTS_GMUTEX no
#define HAVE_CLOCK_GETTIME 1
#define HAVE_MONOTONIC_CLOCK 1
#define ENABLE_REGEX /**/

configure: exit 0

## ---------------------- ##
## Running config.status. ##
## ---------------------- ##

This file was extended by glib config.status 2.22.2, which was
generated by GNU Autoconf 2.63.  Invocation command line was

  CONFIG_FILES    = 
  CONFIG_HEADERS  = 
  CONFIG_LINKS    = 
  CONFIG_COMMANDS = 
  $ ./config.status glibconfig.h

on Gforce

config.status:2032: executing glibconfig.h commands
config.status:3352: glibconfig.h is unchanged
