This file contains any messages produced by compilers while
running configure, to aid debugging if configure makes a mistake.

It was created by configure, which was
generated by GNU Autoconf 2.61.  Invocation command line was

  $ ./configure --prefix=/opt/mipsel-linux-uclibc/usr --host=mipsel-linux --disable-x11 --disable-osx --with-gfxdrivers=none --with-inputdrivers=keyboard,linuxinput CFLAGS=-I/opt/mipsel-linux-uclibc/usr/include LDFLAGS=-L/opt/mipsel-linux-uclibc/usr/lib

## --------- ##
## Platform. ##
## --------- ##

hostname = Gforce
uname -m = i686
uname -r = 2.6.31-16-generic
uname -s = Linux
uname -v = #52-Ubuntu SMP Thu Dec 3 22:00:22 UTC 2009

/usr/bin/uname -p = unknown
/bin/uname -X     = unknown

/bin/arch              = unknown
/usr/bin/arch -k       = unknown
/usr/convex/getsysinfo = unknown
/usr/bin/hostinfo      = unknown
/bin/machine           = unknown
/usr/bin/oslevel       = unknown
/bin/universe          = unknown

PATH: /usr/local/sbin
PATH: /usr/local/bin
PATH: /usr/sbin
PATH: /usr/bin
PATH: /sbin
PATH: /bin
PATH: /usr/games
PATH: /opt/mipsel-linux-uclibc/usr/bin


## ----------- ##
## Core tests. ##
## ----------- ##

configure:2310: checking build system type
configure:2328: result: i686-pc-linux-gnu
configure:2350: checking host system type
configure:2365: result: mipsel-unknown-linux-gnu
configure:2387: checking target system type
configure:2402: result: mipsel-unknown-linux-gnu
configure:2446: checking for a BSD-compatible install
configure:2502: result: /usr/bin/install -c
configure:2513: checking whether build environment is sane
configure:2556: result: yes
configure:2584: checking for a thread-safe mkdir -p
configure:2623: result: /bin/mkdir -p
configure:2636: checking for gawk
configure:2652: found /usr/bin/gawk
configure:2663: result: gawk
configure:2674: checking whether make sets $(MAKE)
configure:2695: result: yes
configure:2766: checking for mipsel-linux-strip
configure:2782: found /opt/mipsel-linux-uclibc/usr/bin/mipsel-linux-strip
configure:2793: result: mipsel-linux-strip
configure:2880: checking for mipsel-linux-pkg-config
configure:2913: result: no
configure:2923: checking for pkg-config
configure:2941: found /usr/bin/pkg-config
configure:2953: result: /usr/bin/pkg-config
configure:2982: checking pkg-config is at least version 0.9.0
configure:2985: result: yes
configure:2998: checking whether to enable maintainer-specific portions of Makefiles
configure:3007: result: no
configure:3069: checking for mipsel-linux-gcc
configure:3085: found /opt/mipsel-linux-uclibc/usr/bin/mipsel-linux-gcc
configure:3096: result: mipsel-linux-gcc
configure:3374: checking for C compiler version
configure:3381: mipsel-linux-gcc --version >&5
mipsel-linux-gcc (GCC) 4.3.3
Copyright (C) 2008 Free Software Foundation, Inc.
This is free software; see the source for copying conditions.  There is NO
warranty; not even for MERCHANTABILITY or FITNESS FOR A PARTICULAR PURPOSE.

configure:3384: $? = 0
configure:3391: mipsel-linux-gcc -v >&5
Using built-in specs.
Target: mipsel-linux-uclibc
Configured with: /home/iggarpe/A320/dev/dingoo-linux/buildroot-2009.05/toolchain_build_mipsel/gcc-4.3.3/configure --prefix=/usr --build=i386-pc-linux-gnu --host=i386-pc-linux-gnu --target=mipsel-linux-uclibc --enable-languages=c,c++ --with-sysroot=/opt/mipsel-linux-uclibc --with-build-time-tools=/opt/mipsel-linux-uclibc/usr/mipsel-linux-uclibc/bin --disable-__cxa_atexit --enable-target-optspace --with-gnu-ld --disable-libssp --disable-tls --enable-shared --with-gmp=/home/iggarpe/A320/dev/dingoo-linux/buildroot-2009.05/toolchain_build_mipsel/gmp --with-mpfr=/home/iggarpe/A320/dev/dingoo-linux/buildroot-2009.05/toolchain_build_mipsel/mpfr --disable-nls --enable-threads --disable-multilib --disable-decimal-float --with-float=soft --with-abi=32 --with-tune=mips1
Thread model: posix
gcc version 4.3.3 (GCC) 
configure:3394: $? = 0
configure:3401: mipsel-linux-gcc -V >&5
mipsel-linux-gcc: '-V' option must have argument
configure:3404: $? = 1
configure:3427: checking for C compiler default output file name
configure:3454: mipsel-linux-gcc -I/opt/mipsel-linux-uclibc/usr/include  -L/opt/mipsel-linux-uclibc/usr/lib conftest.c  >&5
configure:3457: $? = 0
configure:3495: result: a.out
configure:3512: checking whether the C compiler works
configure:3522: ./a.out
./configure: line 3523: ./a.out: cannot execute binary file
configure:3525: $? = 126
configure:3542: result: yes
configure:3549: checking whether we are cross compiling
configure:3551: result: yes
configure:3554: checking for suffix of executables
configure:3561: mipsel-linux-gcc -o conftest -I/opt/mipsel-linux-uclibc/usr/include  -L/opt/mipsel-linux-uclibc/usr/lib conftest.c  >&5
configure:3564: $? = 0
configure:3588: result: 
configure:3594: checking for suffix of object files
configure:3620: mipsel-linux-gcc -c -I/opt/mipsel-linux-uclibc/usr/include  conftest.c >&5
configure:3623: $? = 0
configure:3646: result: o
configure:3650: checking whether we are using the GNU C compiler
configure:3679: mipsel-linux-gcc -c -I/opt/mipsel-linux-uclibc/usr/include  conftest.c >&5
configure:3685: $? = 0
configure:3702: result: yes
configure:3707: checking whether mipsel-linux-gcc accepts -g
configure:3737: mipsel-linux-gcc -c -g  conftest.c >&5
configure:3743: $? = 0
configure:3842: result: yes
configure:3859: checking for mipsel-linux-gcc option to accept ISO C89
configure:3933: mipsel-linux-gcc  -c -I/opt/mipsel-linux-uclibc/usr/include  conftest.c >&5
configure:3939: $? = 0
configure:3962: result: none needed
configure:3991: checking for style of include used by make
configure:4019: result: GNU
configure:4044: checking dependency style of mipsel-linux-gcc
configure:4135: result: gcc3
configure:4151: checking whether mipsel-linux-gcc and cc understand -c and -o together
configure:4186: mipsel-linux-gcc -c conftest.c -o conftest2.o >&5
configure:4189: $? = 0
configure:4195: mipsel-linux-gcc -c conftest.c -o conftest2.o >&5
configure:4198: $? = 0
configure:4209: cc -c conftest.c >&5
configure:4212: $? = 0
configure:4220: cc -c conftest.c -o conftest2.o >&5
configure:4223: $? = 0
configure:4229: cc -c conftest.c -o conftest2.o >&5
configure:4232: $? = 0
configure:4250: result: yes
configure:4285: checking dependency style of mipsel-linux-gcc
configure:4376: result: gcc3
configure:4439: checking for a sed that does not truncate output
configure:4495: result: /bin/sed
configure:4498: checking for grep that handles long lines and -e
configure:4572: result: /bin/grep
configure:4577: checking for egrep
configure:4655: result: /bin/grep -E
configure:4671: checking for ld used by mipsel-linux-gcc
configure:4738: result: /opt/mipsel-linux-uclibc/usr/mipsel-linux-uclibc/bin/ld
configure:4747: checking if the linker (/opt/mipsel-linux-uclibc/usr/mipsel-linux-uclibc/bin/ld) is GNU ld
configure:4762: result: yes
configure:4767: checking for /opt/mipsel-linux-uclibc/usr/mipsel-linux-uclibc/bin/ld option to reload object files
configure:4774: result: -r
configure:4792: checking for BSD-compatible nm
configure:4841: result: /opt/mipsel-linux-uclibc/usr/bin/mipsel-linux-nm -B
configure:4845: checking whether ln -s works
configure:4849: result: yes
configure:4856: checking how to recognize dependent libraries
configure:5042: result: pass_all
configure:5287: checking how to run the C preprocessor
configure:5327: mipsel-linux-gcc -E  conftest.c
configure:5333: $? = 0
configure:5364: mipsel-linux-gcc -E  conftest.c
conftest.c:9:28: error: ac_nonexistent.h: No such file or directory
configure:5370: $? = 1
configure: failed program was:
| /* confdefs.h.  */
| #define PACKAGE_NAME ""
| #define PACKAGE_TARNAME ""
| #define PACKAGE_VERSION ""
| #define PACKAGE_STRING ""
| #define PACKAGE_BUGREPORT ""
| #define DIRECTFB_VERSION "1.4.2"
| /* end confdefs.h.  */
| #include <ac_nonexistent.h>
configure:5403: result: mipsel-linux-gcc -E
configure:5432: mipsel-linux-gcc -E  conftest.c
configure:5438: $? = 0
configure:5469: mipsel-linux-gcc -E  conftest.c
conftest.c:9:28: error: ac_nonexistent.h: No such file or directory
configure:5475: $? = 1
configure: failed program was:
| /* confdefs.h.  */
| #define PACKAGE_NAME ""
| #define PACKAGE_TARNAME ""
| #define PACKAGE_VERSION ""
| #define PACKAGE_STRING ""
| #define PACKAGE_BUGREPORT ""
| #define DIRECTFB_VERSION "1.4.2"
| /* end confdefs.h.  */
| #include <ac_nonexistent.h>
configure:5513: checking for ANSI C header files
configure:5543: mipsel-linux-gcc -c -I/opt/mipsel-linux-uclibc/usr/include  conftest.c >&5
configure:5549: $? = 0
configure:5677: result: yes
configure:5701: checking for sys/types.h
configure:5722: mipsel-linux-gcc -c -I/opt/mipsel-linux-uclibc/usr/include  conftest.c >&5
configure:5728: $? = 0
configure:5744: result: yes
configure:5701: checking for sys/stat.h
configure:5722: mipsel-linux-gcc -c -I/opt/mipsel-linux-uclibc/usr/include  conftest.c >&5
configure:5728: $? = 0
configure:5744: result: yes
configure:5701: checking for stdlib.h
configure:5722: mipsel-linux-gcc -c -I/opt/mipsel-linux-uclibc/usr/include  conftest.c >&5
configure:5728: $? = 0
configure:5744: result: yes
configure:5701: checking for string.h
configure:5722: mipsel-linux-gcc -c -I/opt/mipsel-linux-uclibc/usr/include  conftest.c >&5
configure:5728: $? = 0
configure:5744: result: yes
configure:5701: checking for memory.h
configure:5722: mipsel-linux-gcc -c -I/opt/mipsel-linux-uclibc/usr/include  conftest.c >&5
configure:5728: $? = 0
configure:5744: result: yes
configure:5701: checking for strings.h
configure:5722: mipsel-linux-gcc -c -I/opt/mipsel-linux-uclibc/usr/include  conftest.c >&5
configure:5728: $? = 0
configure:5744: result: yes
configure:5701: checking for inttypes.h
configure:5722: mipsel-linux-gcc -c -I/opt/mipsel-linux-uclibc/usr/include  conftest.c >&5
configure:5728: $? = 0
configure:5744: result: yes
configure:5701: checking for stdint.h
configure:5722: mipsel-linux-gcc -c -I/opt/mipsel-linux-uclibc/usr/include  conftest.c >&5
configure:5728: $? = 0
configure:5744: result: yes
configure:5701: checking for unistd.h
configure:5722: mipsel-linux-gcc -c -I/opt/mipsel-linux-uclibc/usr/include  conftest.c >&5
configure:5728: $? = 0
configure:5744: result: yes
configure:5771: checking dlfcn.h usability
configure:5788: mipsel-linux-gcc -c -I/opt/mipsel-linux-uclibc/usr/include  conftest.c >&5
configure:5794: $? = 0
configure:5808: result: yes
configure:5812: checking dlfcn.h presence
configure:5827: mipsel-linux-gcc -E  conftest.c
configure:5833: $? = 0
configure:5847: result: yes
configure:5875: checking for dlfcn.h
configure:5883: result: yes
configure:5910: checking for mipsel-linux-g++
configure:5926: found /opt/mipsel-linux-uclibc/usr/bin/mipsel-linux-g++
configure:5937: result: mipsel-linux-g++
configure:6012: checking for C++ compiler version
configure:6019: mipsel-linux-g++ --version >&5
mipsel-linux-g++ (GCC) 4.3.3
Copyright (C) 2008 Free Software Foundation, Inc.
This is free software; see the source for copying conditions.  There is NO
warranty; not even for MERCHANTABILITY or FITNESS FOR A PARTICULAR PURPOSE.

configure:6022: $? = 0
configure:6029: mipsel-linux-g++ -v >&5
Using built-in specs.
Target: mipsel-linux-uclibc
Configured with: /home/iggarpe/A320/dev/dingoo-linux/buildroot-2009.05/toolchain_build_mipsel/gcc-4.3.3/configure --prefix=/usr --build=i386-pc-linux-gnu --host=i386-pc-linux-gnu --target=mipsel-linux-uclibc --enable-languages=c,c++ --with-sysroot=/opt/mipsel-linux-uclibc --with-build-time-tools=/opt/mipsel-linux-uclibc/usr/mipsel-linux-uclibc/bin --disable-__cxa_atexit --enable-target-optspace --with-gnu-ld --disable-libssp --disable-tls --enable-shared --with-gmp=/home/iggarpe/A320/dev/dingoo-linux/buildroot-2009.05/toolchain_build_mipsel/gmp --with-mpfr=/home/iggarpe/A320/dev/dingoo-linux/buildroot-2009.05/toolchain_build_mipsel/mpfr --disable-nls --enable-threads --disable-multilib --disable-decimal-float --with-float=soft --with-abi=32 --with-tune=mips1
Thread model: posix
gcc version 4.3.3 (GCC) 
configure:6032: $? = 0
configure:6039: mipsel-linux-g++ -V >&5
mipsel-linux-g++: '-V' option must have argument
configure:6042: $? = 1
configure:6045: checking whether we are using the GNU C++ compiler
configure:6074: mipsel-linux-g++ -c   conftest.cpp >&5
configure:6080: $? = 0
configure:6097: result: yes
configure:6102: checking whether mipsel-linux-g++ accepts -g
configure:6132: mipsel-linux-g++ -c -g  conftest.cpp >&5
configure:6138: $? = 0
configure:6237: result: yes
configure:6262: checking dependency style of mipsel-linux-g++
configure:6353: result: gcc3
configure:6378: checking how to run the C++ preprocessor
configure:6414: mipsel-linux-g++ -E  conftest.cpp
configure:6420: $? = 0
configure:6451: mipsel-linux-g++ -E  conftest.cpp
conftest.cpp:20:28: error: ac_nonexistent.h: No such file or directory
configure:6457: $? = 1
configure: failed program was:
| /* confdefs.h.  */
| #define PACKAGE_NAME ""
| #define PACKAGE_TARNAME ""
| #define PACKAGE_VERSION ""
| #define PACKAGE_STRING ""
| #define PACKAGE_BUGREPORT ""
| #define DIRECTFB_VERSION "1.4.2"
| #define STDC_HEADERS 1
| #define HAVE_SYS_TYPES_H 1
| #define HAVE_SYS_STAT_H 1
| #define HAVE_STDLIB_H 1
| #define HAVE_STRING_H 1
| #define HAVE_MEMORY_H 1
| #define HAVE_STRINGS_H 1
| #define HAVE_INTTYPES_H 1
| #define HAVE_STDINT_H 1
| #define HAVE_UNISTD_H 1
| #define HAVE_DLFCN_H 1
| /* end confdefs.h.  */
| #include <ac_nonexistent.h>
configure:6490: result: mipsel-linux-g++ -E
configure:6519: mipsel-linux-g++ -E  conftest.cpp
configure:6525: $? = 0
configure:6556: mipsel-linux-g++ -E  conftest.cpp
conftest.cpp:20:28: error: ac_nonexistent.h: No such file or directory
configure:6562: $? = 1
configure: failed program was:
| /* confdefs.h.  */
| #define PACKAGE_NAME ""
| #define PACKAGE_TARNAME ""
| #define PACKAGE_VERSION ""
| #define PACKAGE_STRING ""
| #define PACKAGE_BUGREPORT ""
| #define DIRECTFB_VERSION "1.4.2"
| #define STDC_HEADERS 1
| #define HAVE_SYS_TYPES_H 1
| #define HAVE_SYS_STAT_H 1
| #define HAVE_STDLIB_H 1
| #define HAVE_STRING_H 1
| #define HAVE_MEMORY_H 1
| #define HAVE_STRINGS_H 1
| #define HAVE_INTTYPES_H 1
| #define HAVE_STDINT_H 1
| #define HAVE_UNISTD_H 1
| #define HAVE_DLFCN_H 1
| /* end confdefs.h.  */
| #include <ac_nonexistent.h>
configure:6611: checking for mipsel-linux-g77
configure:6641: result: no
configure:6611: checking for mipsel-linux-xlf
configure:6641: result: no
configure:6611: checking for mipsel-linux-f77
configure:6641: result: no
configure:6611: checking for mipsel-linux-frt
configure:6641: result: no
configure:6611: checking for mipsel-linux-pgf77
configure:6641: result: no
configure:6611: checking for mipsel-linux-cf77
configure:6641: result: no
configure:6611: checking for mipsel-linux-fort77
configure:6641: result: no
configure:6611: checking for mipsel-linux-fl32
configure:6641: result: no
configure:6611: checking for mipsel-linux-af77
configure:6641: result: no
configure:6611: checking for mipsel-linux-xlf90
configure:6641: result: no
configure:6611: checking for mipsel-linux-f90
configure:6641: result: no
configure:6611: checking for mipsel-linux-pgf90
configure:6641: result: no
configure:6611: checking for mipsel-linux-pghpf
configure:6641: result: no
configure:6611: checking for mipsel-linux-epcf90
configure:6641: result: no
configure:6611: checking for mipsel-linux-gfortran
configure:6641: result: no
configure:6611: checking for mipsel-linux-g95
configure:6641: result: no
configure:6611: checking for mipsel-linux-xlf95
configure:6641: result: no
configure:6611: checking for mipsel-linux-f95
configure:6641: result: no
configure:6611: checking for mipsel-linux-fort
configure:6641: result: no
configure:6611: checking for mipsel-linux-ifort
configure:6641: result: no
configure:6611: checking for mipsel-linux-ifc
configure:6641: result: no
configure:6611: checking for mipsel-linux-efc
configure:6641: result: no
configure:6611: checking for mipsel-linux-pgf95
configure:6641: result: no
configure:6611: checking for mipsel-linux-lf95
configure:6641: result: no
configure:6611: checking for mipsel-linux-ftn
configure:6641: result: no
configure:6655: checking for g77
configure:6685: result: no
configure:6655: checking for xlf
configure:6685: result: no
configure:6655: checking for f77
configure:6685: result: no
configure:6655: checking for frt
configure:6685: result: no
configure:6655: checking for pgf77
configure:6685: result: no
configure:6655: checking for cf77
configure:6685: result: no
configure:6655: checking for fort77
configure:6685: result: no
configure:6655: checking for fl32
configure:6685: result: no
configure:6655: checking for af77
configure:6685: result: no
configure:6655: checking for xlf90
configure:6685: result: no
configure:6655: checking for f90
configure:6685: result: no
configure:6655: checking for pgf90
configure:6685: result: no
configure:6655: checking for pghpf
configure:6685: result: no
configure:6655: checking for epcf90
configure:6685: result: no
configure:6655: checking for gfortran
configure:6671: found /usr/bin/gfortran
configure:6682: result: gfortran
configure:6700: WARNING: In the future, Autoconf will not detect cross-tools
whose name does not start with the host triplet.  If you think this
configuration is useful to you, please write to autoconf@gnu.org.
configure:6712: checking for Fortran 77 compiler version
configure:6719: gfortran --version >&5
GNU Fortran (Ubuntu 4.4.1-4ubuntu8) 4.4.1
Copyright (C) 2009 Free Software Foundation, Inc.

GNU Fortran comes with NO WARRANTY, to the extent permitted by law.
You may redistribute copies of GNU Fortran
under the terms of the GNU General Public License.
For more information about these matters, see the file named COPYING

configure:6722: $? = 0
configure:6729: gfortran -v >&5
Using built-in specs.
Target: i486-linux-gnu
Configured with: ../src/configure -v --with-pkgversion='Ubuntu 4.4.1-4ubuntu8' --with-bugurl=file:///usr/share/doc/gcc-4.4/README.Bugs --enable-languages=c,c++,fortran,objc,obj-c++ --prefix=/usr --enable-shared --enable-multiarch --enable-linker-build-id --with-system-zlib --libexecdir=/usr/lib --without-included-gettext --enable-threads=posix --with-gxx-include-dir=/usr/include/c++/4.4 --program-suffix=-4.4 --enable-nls --enable-clocale=gnu --enable-libstdcxx-debug --enable-objc-gc --enable-targets=all --disable-werror --with-arch-32=i486 --with-tune=generic --enable-checking=release --build=i486-linux-gnu --host=i486-linux-gnu --target=i486-linux-gnu
Thread model: posix
gcc version 4.4.1 (Ubuntu 4.4.1-4ubuntu8) 
configure:6732: $? = 0
configure:6739: gfortran -V >&5
gfortran: '-V' option must have argument
configure:6742: $? = 1
configure:6750: checking whether we are using the GNU Fortran 77 compiler
configure:6769: gfortran -c  conftest.F >&5
configure:6775: $? = 0
configure:6792: result: yes
configure:6798: checking whether gfortran accepts -g
configure:6815: gfortran -c -g conftest.f >&5
configure:6821: $? = 0
configure:6837: result: yes
configure:6866: checking the maximum length of command line arguments
configure:6978: result: 1572864
configure:6990: checking command to parse /opt/mipsel-linux-uclibc/usr/bin/mipsel-linux-nm -B output from mipsel-linux-gcc object
configure:7095: mipsel-linux-gcc -c -I/opt/mipsel-linux-uclibc/usr/include  conftest.c >&5
configure:7098: $? = 0
configure:7102: /opt/mipsel-linux-uclibc/usr/bin/mipsel-linux-nm -B conftest.o \| sed -n -e 's/^.*[ 	]\([ABCDGIRSTW][ABCDGIRSTW]*\)[ 	][ 	]*\([_A-Za-z][_A-Za-z0-9]*\)$/\1 \2 \2/p' \> conftest.nm
configure:7105: $? = 0
configure:7157: mipsel-linux-gcc -o conftest -I/opt/mipsel-linux-uclibc/usr/include  -L/opt/mipsel-linux-uclibc/usr/lib conftest.c conftstm.o >&5
configure:7160: $? = 0
configure:7198: result: ok
configure:7202: checking for objdir
configure:7217: result: .libs
configure:7269: checking for mipsel-linux-ar
configure:7285: found /opt/mipsel-linux-uclibc/usr/bin/mipsel-linux-ar
configure:7296: result: mipsel-linux-ar
configure:7365: checking for mipsel-linux-ranlib
configure:7381: found /opt/mipsel-linux-uclibc/usr/bin/mipsel-linux-ranlib
configure:7392: result: mipsel-linux-ranlib
configure:7461: checking for mipsel-linux-strip
configure:7488: result: mipsel-linux-strip
configure:8126: checking if mipsel-linux-gcc supports -fno-rtti -fno-exceptions
configure:8144: mipsel-linux-gcc -c -I/opt/mipsel-linux-uclibc/usr/include  -fno-rtti -fno-exceptions conftest.c >&5
cc1: warning: command line option "-fno-rtti" is valid for C++/ObjC++ but not for C
configure:8148: $? = 0
configure:8161: result: no
configure:8176: checking for mipsel-linux-gcc option to produce PIC
configure:8408: result: -fPIC
configure:8416: checking if mipsel-linux-gcc PIC flag -fPIC works
configure:8434: mipsel-linux-gcc -c -I/opt/mipsel-linux-uclibc/usr/include  -fPIC -DPIC conftest.c >&5
configure:8438: $? = 0
configure:8451: result: yes
configure:8479: checking if mipsel-linux-gcc static flag -static works
configure:8507: result: yes
configure:8517: checking if mipsel-linux-gcc supports -c -o file.o
configure:8538: mipsel-linux-gcc -c -I/opt/mipsel-linux-uclibc/usr/include  -o out/conftest2.o conftest.c >&5
configure:8542: $? = 0
configure:8564: result: yes
configure:8590: checking whether the mipsel-linux-gcc linker (/opt/mipsel-linux-uclibc/usr/mipsel-linux-uclibc/bin/ld) supports shared libraries
configure:9571: result: yes
configure:9592: checking whether -lc should be explicitly linked in
configure:9597: mipsel-linux-gcc -c -I/opt/mipsel-linux-uclibc/usr/include  conftest.c >&5
configure:9600: $? = 0
configure:9615: mipsel-linux-gcc -shared conftest.o  -v -Wl,-soname -Wl,conftest -o conftest 2\>\&1 \| grep  -lc  \>/dev/null 2\>\&1
configure:9618: $? = 0
configure:9630: result: no
configure:9638: checking dynamic linker characteristics
configure:10252: result: GNU/Linux ld.so
configure:10276: checking how to hardcode library paths into programs
configure:10301: result: immediate
configure:10315: checking whether stripping libraries is possible
configure:10320: result: yes
configure:11122: checking if libtool supports shared libraries
configure:11124: result: yes
configure:11127: checking whether to build shared libraries
configure:11148: result: yes
configure:11151: checking whether to build static libraries
configure:11155: result: no
configure:11249: creating libtool
configure:11842: checking for ld used by mipsel-linux-g++
configure:11909: result: /opt/mipsel-linux-uclibc/usr/mipsel-linux-uclibc/bin/ld
configure:11918: checking if the linker (/opt/mipsel-linux-uclibc/usr/mipsel-linux-uclibc/bin/ld) is GNU ld
configure:11933: result: yes
configure:11984: checking whether the mipsel-linux-g++ linker (/opt/mipsel-linux-uclibc/usr/mipsel-linux-uclibc/bin/ld) supports shared libraries
configure:12930: result: yes
configure:12947: mipsel-linux-g++ -c -g -O2  conftest.cpp >&5
configure:12950: $? = 0
configure:13106: checking for mipsel-linux-g++ option to produce PIC
configure:13390: result: -fPIC
configure:13398: checking if mipsel-linux-g++ PIC flag -fPIC works
configure:13416: mipsel-linux-g++ -c -g -O2  -fPIC -DPIC conftest.cpp >&5
configure:13420: $? = 0
configure:13433: result: yes
configure:13461: checking if mipsel-linux-g++ static flag -static works
configure:13489: result: yes
configure:13499: checking if mipsel-linux-g++ supports -c -o file.o
configure:13520: mipsel-linux-g++ -c -g -O2  -o out/conftest2.o conftest.cpp >&5
configure:13524: $? = 0
configure:13546: result: yes
configure:13572: checking whether the mipsel-linux-g++ linker (/opt/mipsel-linux-uclibc/usr/mipsel-linux-uclibc/bin/ld) supports shared libraries
configure:13601: result: yes
configure:13668: checking dynamic linker characteristics
configure:14230: result: GNU/Linux ld.so
configure:14254: checking how to hardcode library paths into programs
configure:14279: result: immediate
configure:14818: checking if libtool supports shared libraries
configure:14820: result: yes
configure:14823: checking whether to build shared libraries
configure:14843: result: yes
configure:14846: checking whether to build static libraries
configure:14850: result: no
configure:14860: checking for gfortran option to produce PIC
configure:15092: result: -fPIC
configure:15100: checking if gfortran PIC flag -fPIC works
configure:15118: gfortran -c -g -O2 -fPIC conftest.f >&5
configure:15122: $? = 0
configure:15135: result: yes
configure:15163: checking if gfortran static flag -static works
/usr/bin/ld: skipping incompatible /opt/mipsel-linux-uclibc/usr/lib/libm.a when searching for -lm
/usr/bin/ld: skipping incompatible /opt/mipsel-linux-uclibc/usr/lib/libc.a when searching for -lc
configure:15191: result: no
configure:15201: checking if gfortran supports -c -o file.o
configure:15222: gfortran -c -g -O2 -o out/conftest2.o conftest.f >&5
configure:15226: $? = 0
configure:15248: result: yes
configure:15274: checking whether the gfortran linker (/opt/mipsel-linux-uclibc/usr/mipsel-linux-uclibc/bin/ld) supports shared libraries
configure:16235: result: yes
configure:16302: checking dynamic linker characteristics
configure:16864: result: GNU/Linux ld.so
configure:16888: checking how to hardcode library paths into programs
configure:16913: result: immediate
configure:20526: checking whether build environment is sane
configure:20569: result: yes
configure:20572: checking for library containing strerror
configure:20613: mipsel-linux-gcc -o conftest -I/opt/mipsel-linux-uclibc/usr/include  -L/opt/mipsel-linux-uclibc/usr/lib conftest.c  >&5
configure:20619: $? = 0
configure:20647: result: none required
configure:20668: checking for a BSD-compatible install
configure:20724: result: /usr/bin/install -c
configure:20735: checking whether make sets $(MAKE)
configure:20756: result: yes
configure:20765: checking for ANSI C header files
configure:20929: result: yes
configure:20939: checking whether byte ordering is bigendian
configure:20972: mipsel-linux-gcc -c -I/opt/mipsel-linux-uclibc/usr/include  conftest.c >&5
configure:20978: $? = 0
configure:21010: mipsel-linux-gcc -c -I/opt/mipsel-linux-uclibc/usr/include  conftest.c >&5
conftest.c: In function 'main':
conftest.c:28: error: 'not' undeclared (first use in this function)
conftest.c:28: error: (Each undeclared identifier is reported only once
conftest.c:28: error: for each function it appears in.)
conftest.c:28: error: expected ';' before 'big'
configure:21016: $? = 1
configure: failed program was:
| /* confdefs.h.  */
| #define PACKAGE_NAME ""
| #define PACKAGE_TARNAME ""
| #define PACKAGE_VERSION ""
| #define PACKAGE_STRING ""
| #define PACKAGE_BUGREPORT ""
| #define DIRECTFB_VERSION "1.4.2"
| #define STDC_HEADERS 1
| #define HAVE_SYS_TYPES_H 1
| #define HAVE_SYS_STAT_H 1
| #define HAVE_STDLIB_H 1
| #define HAVE_STRING_H 1
| #define HAVE_MEMORY_H 1
| #define HAVE_STRINGS_H 1
| #define HAVE_INTTYPES_H 1
| #define HAVE_STDINT_H 1
| #define HAVE_UNISTD_H 1
| #define HAVE_DLFCN_H 1
| #define STDC_HEADERS 1
| /* end confdefs.h.  */
| #include <sys/types.h>
| #include <sys/param.h>
| 
| int
| main ()
| {
| #if BYTE_ORDER != BIG_ENDIAN
|  not big endian
| #endif
| 
|   ;
|   return 0;
| }
configure:21156: result: no
configure:21176: checking for int
configure:21206: mipsel-linux-gcc -c -I/opt/mipsel-linux-uclibc/usr/include  conftest.c >&5
configure:21212: $? = 0
configure:21227: result: yes
configure:21234: checking size of int
configure:21265: mipsel-linux-gcc -c -I/opt/mipsel-linux-uclibc/usr/include  conftest.c >&5
configure:21271: $? = 0
configure:21302: mipsel-linux-gcc -c -I/opt/mipsel-linux-uclibc/usr/include  conftest.c >&5
conftest.c: In function 'main':
conftest.c:58: error: size of array 'test_array' is negative
configure:21308: $? = 1
configure: failed program was:
| /* confdefs.h.  */
| #define PACKAGE_NAME ""
| #define PACKAGE_TARNAME ""
| #define PACKAGE_VERSION ""
| #define PACKAGE_STRING ""
| #define PACKAGE_BUGREPORT ""
| #define DIRECTFB_VERSION "1.4.2"
| #define STDC_HEADERS 1
| #define HAVE_SYS_TYPES_H 1
| #define HAVE_SYS_STAT_H 1
| #define HAVE_STDLIB_H 1
| #define HAVE_STRING_H 1
| #define HAVE_MEMORY_H 1
| #define HAVE_STRINGS_H 1
| #define HAVE_INTTYPES_H 1
| #define HAVE_STDINT_H 1
| #define HAVE_UNISTD_H 1
| #define HAVE_DLFCN_H 1
| #define STDC_HEADERS 1
| /* end confdefs.h.  */
| #include <stdio.h>
| #ifdef HAVE_SYS_TYPES_H
| # include <sys/types.h>
| #endif
| #ifdef HAVE_SYS_STAT_H
| # include <sys/stat.h>
| #endif
| #ifdef STDC_HEADERS
| # include <stdlib.h>
| # include <stddef.h>
| #else
| # ifdef HAVE_STDLIB_H
| #  include <stdlib.h>
| # endif
| #endif
| #ifdef HAVE_STRING_H
| # if !defined STDC_HEADERS && defined HAVE_MEMORY_H
| #  include <memory.h>
| # endif
| # include <string.h>
| #endif
| #ifdef HAVE_STRINGS_H
| # include <strings.h>
| #endif
| #ifdef HAVE_INTTYPES_H
| # include <inttypes.h>
| #endif
| #ifdef HAVE_STDINT_H
| # include <stdint.h>
| #endif
| #ifdef HAVE_UNISTD_H
| # include <unistd.h>
| #endif
|    typedef int ac__type_sizeof_;
| int
| main ()
| {
| static int test_array [1 - 2 * !(((long int) (sizeof (ac__type_sizeof_))) <= 0)];
| test_array [0] = 0
| 
|   ;
|   return 0;
| }
configure:21302: mipsel-linux-gcc -c -I/opt/mipsel-linux-uclibc/usr/include  conftest.c >&5
conftest.c: In function 'main':
conftest.c:58: error: size of array 'test_array' is negative
configure:21308: $? = 1
configure: failed program was:
| /* confdefs.h.  */
| #define PACKAGE_NAME ""
| #define PACKAGE_TARNAME ""
| #define PACKAGE_VERSION ""
| #define PACKAGE_STRING ""
| #define PACKAGE_BUGREPORT ""
| #define DIRECTFB_VERSION "1.4.2"
| #define STDC_HEADERS 1
| #define HAVE_SYS_TYPES_H 1
| #define HAVE_SYS_STAT_H 1
| #define HAVE_STDLIB_H 1
| #define HAVE_STRING_H 1
| #define HAVE_MEMORY_H 1
| #define HAVE_STRINGS_H 1
| #define HAVE_INTTYPES_H 1
| #define HAVE_STDINT_H 1
| #define HAVE_UNISTD_H 1
| #define HAVE_DLFCN_H 1
| #define STDC_HEADERS 1
| /* end confdefs.h.  */
| #include <stdio.h>
| #ifdef HAVE_SYS_TYPES_H
| # include <sys/types.h>
| #endif
| #ifdef HAVE_SYS_STAT_H
| # include <sys/stat.h>
| #endif
| #ifdef STDC_HEADERS
| # include <stdlib.h>
| # include <stddef.h>
| #else
| # ifdef HAVE_STDLIB_H
| #  include <stdlib.h>
| # endif
| #endif
| #ifdef HAVE_STRING_H
| # if !defined STDC_HEADERS && defined HAVE_MEMORY_H
| #  include <memory.h>
| # endif
| # include <string.h>
| #endif
| #ifdef HAVE_STRINGS_H
| # include <strings.h>
| #endif
| #ifdef HAVE_INTTYPES_H
| # include <inttypes.h>
| #endif
| #ifdef HAVE_STDINT_H
| # include <stdint.h>
| #endif
| #ifdef HAVE_UNISTD_H
| # include <unistd.h>
| #endif
|    typedef int ac__type_sizeof_;
| int
| main ()
| {
| static int test_array [1 - 2 * !(((long int) (sizeof (ac__type_sizeof_))) <= 1)];
| test_array [0] = 0
| 
|   ;
|   return 0;
| }
configure:21302: mipsel-linux-gcc -c -I/opt/mipsel-linux-uclibc/usr/include  conftest.c >&5
conftest.c: In function 'main':
conftest.c:58: error: size of array 'test_array' is negative
configure:21308: $? = 1
configure: failed program was:
| /* confdefs.h.  */
| #define PACKAGE_NAME ""
| #define PACKAGE_TARNAME ""
| #define PACKAGE_VERSION ""
| #define PACKAGE_STRING ""
| #define PACKAGE_BUGREPORT ""
| #define DIRECTFB_VERSION "1.4.2"
| #define STDC_HEADERS 1
| #define HAVE_SYS_TYPES_H 1
| #define HAVE_SYS_STAT_H 1
| #define HAVE_STDLIB_H 1
| #define HAVE_STRING_H 1
| #define HAVE_MEMORY_H 1
| #define HAVE_STRINGS_H 1
| #define HAVE_INTTYPES_H 1
| #define HAVE_STDINT_H 1
| #define HAVE_UNISTD_H 1
| #define HAVE_DLFCN_H 1
| #define STDC_HEADERS 1
| /* end confdefs.h.  */
| #include <stdio.h>
| #ifdef HAVE_SYS_TYPES_H
| # include <sys/types.h>
| #endif
| #ifdef HAVE_SYS_STAT_H
| # include <sys/stat.h>
| #endif
| #ifdef STDC_HEADERS
| # include <stdlib.h>
| # include <stddef.h>
| #else
| # ifdef HAVE_STDLIB_H
| #  include <stdlib.h>
| # endif
| #endif
| #ifdef HAVE_STRING_H
| # if !defined STDC_HEADERS && defined HAVE_MEMORY_H
| #  include <memory.h>
| # endif
| # include <string.h>
| #endif
| #ifdef HAVE_STRINGS_H
| # include <strings.h>
| #endif
| #ifdef HAVE_INTTYPES_H
| # include <inttypes.h>
| #endif
| #ifdef HAVE_STDINT_H
| # include <stdint.h>
| #endif
| #ifdef HAVE_UNISTD_H
| # include <unistd.h>
| #endif
|    typedef int ac__type_sizeof_;
| int
| main ()
| {
| static int test_array [1 - 2 * !(((long int) (sizeof (ac__type_sizeof_))) <= 3)];
| test_array [0] = 0
| 
|   ;
|   return 0;
| }
configure:21302: mipsel-linux-gcc -c -I/opt/mipsel-linux-uclibc/usr/include  conftest.c >&5
configure:21308: $? = 0
configure:21457: mipsel-linux-gcc -c -I/opt/mipsel-linux-uclibc/usr/include  conftest.c >&5
configure:21463: $? = 0
configure:21457: mipsel-linux-gcc -c -I/opt/mipsel-linux-uclibc/usr/include  conftest.c >&5
configure:21463: $? = 0
configure:21571: result: 4
configure:21581: checking for long
configure:21611: mipsel-linux-gcc -c -I/opt/mipsel-linux-uclibc/usr/include  conftest.c >&5
configure:21617: $? = 0
configure:21632: result: yes
configure:21639: checking size of long
configure:21670: mipsel-linux-gcc -c -I/opt/mipsel-linux-uclibc/usr/include  conftest.c >&5
configure:21676: $? = 0
configure:21707: mipsel-linux-gcc -c -I/opt/mipsel-linux-uclibc/usr/include  conftest.c >&5
conftest.c: In function 'main':
conftest.c:59: error: size of array 'test_array' is negative
configure:21713: $? = 1
configure: failed program was:
| /* confdefs.h.  */
| #define PACKAGE_NAME ""
| #define PACKAGE_TARNAME ""
| #define PACKAGE_VERSION ""
| #define PACKAGE_STRING ""
| #define PACKAGE_BUGREPORT ""
| #define DIRECTFB_VERSION "1.4.2"
| #define STDC_HEADERS 1
| #define HAVE_SYS_TYPES_H 1
| #define HAVE_SYS_STAT_H 1
| #define HAVE_STDLIB_H 1
| #define HAVE_STRING_H 1
| #define HAVE_MEMORY_H 1
| #define HAVE_STRINGS_H 1
| #define HAVE_INTTYPES_H 1
| #define HAVE_STDINT_H 1
| #define HAVE_UNISTD_H 1
| #define HAVE_DLFCN_H 1
| #define STDC_HEADERS 1
| #define SIZEOF_INT 4
| /* end confdefs.h.  */
| #include <stdio.h>
| #ifdef HAVE_SYS_TYPES_H
| # include <sys/types.h>
| #endif
| #ifdef HAVE_SYS_STAT_H
| # include <sys/stat.h>
| #endif
| #ifdef STDC_HEADERS
| # include <stdlib.h>
| # include <stddef.h>
| #else
| # ifdef HAVE_STDLIB_H
| #  include <stdlib.h>
| # endif
| #endif
| #ifdef HAVE_STRING_H
| # if !defined STDC_HEADERS && defined HAVE_MEMORY_H
| #  include <memory.h>
| # endif
| # include <string.h>
| #endif
| #ifdef HAVE_STRINGS_H
| # include <strings.h>
| #endif
| #ifdef HAVE_INTTYPES_H
| # include <inttypes.h>
| #endif
| #ifdef HAVE_STDINT_H
| # include <stdint.h>
| #endif
| #ifdef HAVE_UNISTD_H
| # include <unistd.h>
| #endif
|    typedef long ac__type_sizeof_;
| int
| main ()
| {
| static int test_array [1 - 2 * !(((long int) (sizeof (ac__type_sizeof_))) <= 0)];
| test_array [0] = 0
| 
|   ;
|   return 0;
| }
configure:21707: mipsel-linux-gcc -c -I/opt/mipsel-linux-uclibc/usr/include  conftest.c >&5
conftest.c: In function 'main':
conftest.c:59: error: size of array 'test_array' is negative
configure:21713: $? = 1
configure: failed program was:
| /* confdefs.h.  */
| #define PACKAGE_NAME ""
| #define PACKAGE_TARNAME ""
| #define PACKAGE_VERSION ""
| #define PACKAGE_STRING ""
| #define PACKAGE_BUGREPORT ""
| #define DIRECTFB_VERSION "1.4.2"
| #define STDC_HEADERS 1
| #define HAVE_SYS_TYPES_H 1
| #define HAVE_SYS_STAT_H 1
| #define HAVE_STDLIB_H 1
| #define HAVE_STRING_H 1
| #define HAVE_MEMORY_H 1
| #define HAVE_STRINGS_H 1
| #define HAVE_INTTYPES_H 1
| #define HAVE_STDINT_H 1
| #define HAVE_UNISTD_H 1
| #define HAVE_DLFCN_H 1
| #define STDC_HEADERS 1
| #define SIZEOF_INT 4
| /* end confdefs.h.  */
| #include <stdio.h>
| #ifdef HAVE_SYS_TYPES_H
| # include <sys/types.h>
| #endif
| #ifdef HAVE_SYS_STAT_H
| # include <sys/stat.h>
| #endif
| #ifdef STDC_HEADERS
| # include <stdlib.h>
| # include <stddef.h>
| #else
| # ifdef HAVE_STDLIB_H
| #  include <stdlib.h>
| # endif
| #endif
| #ifdef HAVE_STRING_H
| # if !defined STDC_HEADERS && defined HAVE_MEMORY_H
| #  include <memory.h>
| # endif
| # include <string.h>
| #endif
| #ifdef HAVE_STRINGS_H
| # include <strings.h>
| #endif
| #ifdef HAVE_INTTYPES_H
| # include <inttypes.h>
| #endif
| #ifdef HAVE_STDINT_H
| # include <stdint.h>
| #endif
| #ifdef HAVE_UNISTD_H
| # include <unistd.h>
| #endif
|    typedef long ac__type_sizeof_;
| int
| main ()
| {
| static int test_array [1 - 2 * !(((long int) (sizeof (ac__type_sizeof_))) <= 1)];
| test_array [0] = 0
| 
|   ;
|   return 0;
| }
configure:21707: mipsel-linux-gcc -c -I/opt/mipsel-linux-uclibc/usr/include  conftest.c >&5
conftest.c: In function 'main':
conftest.c:59: error: size of array 'test_array' is negative
configure:21713: $? = 1
configure: failed program was:
| /* confdefs.h.  */
| #define PACKAGE_NAME ""
| #define PACKAGE_TARNAME ""
| #define PACKAGE_VERSION ""
| #define PACKAGE_STRING ""
| #define PACKAGE_BUGREPORT ""
| #define DIRECTFB_VERSION "1.4.2"
| #define STDC_HEADERS 1
| #define HAVE_SYS_TYPES_H 1
| #define HAVE_SYS_STAT_H 1
| #define HAVE_STDLIB_H 1
| #define HAVE_STRING_H 1
| #define HAVE_MEMORY_H 1
| #define HAVE_STRINGS_H 1
| #define HAVE_INTTYPES_H 1
| #define HAVE_STDINT_H 1
| #define HAVE_UNISTD_H 1
| #define HAVE_DLFCN_H 1
| #define STDC_HEADERS 1
| #define SIZEOF_INT 4
| /* end confdefs.h.  */
| #include <stdio.h>
| #ifdef HAVE_SYS_TYPES_H
| # include <sys/types.h>
| #endif
| #ifdef HAVE_SYS_STAT_H
| # include <sys/stat.h>
| #endif
| #ifdef STDC_HEADERS
| # include <stdlib.h>
| # include <stddef.h>
| #else
| # ifdef HAVE_STDLIB_H
| #  include <stdlib.h>
| # endif
| #endif
| #ifdef HAVE_STRING_H
| # if !defined STDC_HEADERS && defined HAVE_MEMORY_H
| #  include <memory.h>
| # endif
| # include <string.h>
| #endif
| #ifdef HAVE_STRINGS_H
| # include <strings.h>
| #endif
| #ifdef HAVE_INTTYPES_H
| # include <inttypes.h>
| #endif
| #ifdef HAVE_STDINT_H
| # include <stdint.h>
| #endif
| #ifdef HAVE_UNISTD_H
| # include <unistd.h>
| #endif
|    typedef long ac__type_sizeof_;
| int
| main ()
| {
| static int test_array [1 - 2 * !(((long int) (sizeof (ac__type_sizeof_))) <= 3)];
| test_array [0] = 0
| 
|   ;
|   return 0;
| }
configure:21707: mipsel-linux-gcc -c -I/opt/mipsel-linux-uclibc/usr/include  conftest.c >&5
configure:21713: $? = 0
configure:21862: mipsel-linux-gcc -c -I/opt/mipsel-linux-uclibc/usr/include  conftest.c >&5
configure:21868: $? = 0
configure:21862: mipsel-linux-gcc -c -I/opt/mipsel-linux-uclibc/usr/include  conftest.c >&5
configure:21868: $? = 0
configure:21976: result: 4
configure:21986: checking for long long
configure:22016: mipsel-linux-gcc -c -I/opt/mipsel-linux-uclibc/usr/include  conftest.c >&5
configure:22022: $? = 0
configure:22037: result: yes
configure:22044: checking size of long long
configure:22075: mipsel-linux-gcc -c -I/opt/mipsel-linux-uclibc/usr/include  conftest.c >&5
configure:22081: $? = 0
configure:22112: mipsel-linux-gcc -c -I/opt/mipsel-linux-uclibc/usr/include  conftest.c >&5
conftest.c: In function 'main':
conftest.c:60: error: size of array 'test_array' is negative
configure:22118: $? = 1
configure: failed program was:
| /* confdefs.h.  */
| #define PACKAGE_NAME ""
| #define PACKAGE_TARNAME ""
| #define PACKAGE_VERSION ""
| #define PACKAGE_STRING ""
| #define PACKAGE_BUGREPORT ""
| #define DIRECTFB_VERSION "1.4.2"
| #define STDC_HEADERS 1
| #define HAVE_SYS_TYPES_H 1
| #define HAVE_SYS_STAT_H 1
| #define HAVE_STDLIB_H 1
| #define HAVE_STRING_H 1
| #define HAVE_MEMORY_H 1
| #define HAVE_STRINGS_H 1
| #define HAVE_INTTYPES_H 1
| #define HAVE_STDINT_H 1
| #define HAVE_UNISTD_H 1
| #define HAVE_DLFCN_H 1
| #define STDC_HEADERS 1
| #define SIZEOF_INT 4
| #define SIZEOF_LONG 4
| /* end confdefs.h.  */
| #include <stdio.h>
| #ifdef HAVE_SYS_TYPES_H
| # include <sys/types.h>
| #endif
| #ifdef HAVE_SYS_STAT_H
| # include <sys/stat.h>
| #endif
| #ifdef STDC_HEADERS
| # include <stdlib.h>
| # include <stddef.h>
| #else
| # ifdef HAVE_STDLIB_H
| #  include <stdlib.h>
| # endif
| #endif
| #ifdef HAVE_STRING_H
| # if !defined STDC_HEADERS && defined HAVE_MEMORY_H
| #  include <memory.h>
| # endif
| # include <string.h>
| #endif
| #ifdef HAVE_STRINGS_H
| # include <strings.h>
| #endif
| #ifdef HAVE_INTTYPES_H
| # include <inttypes.h>
| #endif
| #ifdef HAVE_STDINT_H
| # include <stdint.h>
| #endif
| #ifdef HAVE_UNISTD_H
| # include <unistd.h>
| #endif
|    typedef long long ac__type_sizeof_;
| int
| main ()
| {
| static int test_array [1 - 2 * !(((long int) (sizeof (ac__type_sizeof_))) <= 0)];
| test_array [0] = 0
| 
|   ;
|   return 0;
| }
configure:22112: mipsel-linux-gcc -c -I/opt/mipsel-linux-uclibc/usr/include  conftest.c >&5
conftest.c: In function 'main':
conftest.c:60: error: size of array 'test_array' is negative
configure:22118: $? = 1
configure: failed program was:
| /* confdefs.h.  */
| #define PACKAGE_NAME ""
| #define PACKAGE_TARNAME ""
| #define PACKAGE_VERSION ""
| #define PACKAGE_STRING ""
| #define PACKAGE_BUGREPORT ""
| #define DIRECTFB_VERSION "1.4.2"
| #define STDC_HEADERS 1
| #define HAVE_SYS_TYPES_H 1
| #define HAVE_SYS_STAT_H 1
| #define HAVE_STDLIB_H 1
| #define HAVE_STRING_H 1
| #define HAVE_MEMORY_H 1
| #define HAVE_STRINGS_H 1
| #define HAVE_INTTYPES_H 1
| #define HAVE_STDINT_H 1
| #define HAVE_UNISTD_H 1
| #define HAVE_DLFCN_H 1
| #define STDC_HEADERS 1
| #define SIZEOF_INT 4
| #define SIZEOF_LONG 4
| /* end confdefs.h.  */
| #include <stdio.h>
| #ifdef HAVE_SYS_TYPES_H
| # include <sys/types.h>
| #endif
| #ifdef HAVE_SYS_STAT_H
| # include <sys/stat.h>
| #endif
| #ifdef STDC_HEADERS
| # include <stdlib.h>
| # include <stddef.h>
| #else
| # ifdef HAVE_STDLIB_H
| #  include <stdlib.h>
| # endif
| #endif
| #ifdef HAVE_STRING_H
| # if !defined STDC_HEADERS && defined HAVE_MEMORY_H
| #  include <memory.h>
| # endif
| # include <string.h>
| #endif
| #ifdef HAVE_STRINGS_H
| # include <strings.h>
| #endif
| #ifdef HAVE_INTTYPES_H
| # include <inttypes.h>
| #endif
| #ifdef HAVE_STDINT_H
| # include <stdint.h>
| #endif
| #ifdef HAVE_UNISTD_H
| # include <unistd.h>
| #endif
|    typedef long long ac__type_sizeof_;
| int
| main ()
| {
| static int test_array [1 - 2 * !(((long int) (sizeof (ac__type_sizeof_))) <= 1)];
| test_array [0] = 0
| 
|   ;
|   return 0;
| }
configure:22112: mipsel-linux-gcc -c -I/opt/mipsel-linux-uclibc/usr/include  conftest.c >&5
conftest.c: In function 'main':
conftest.c:60: error: size of array 'test_array' is negative
configure:22118: $? = 1
configure: failed program was:
| /* confdefs.h.  */
| #define PACKAGE_NAME ""
| #define PACKAGE_TARNAME ""
| #define PACKAGE_VERSION ""
| #define PACKAGE_STRING ""
| #define PACKAGE_BUGREPORT ""
| #define DIRECTFB_VERSION "1.4.2"
| #define STDC_HEADERS 1
| #define HAVE_SYS_TYPES_H 1
| #define HAVE_SYS_STAT_H 1
| #define HAVE_STDLIB_H 1
| #define HAVE_STRING_H 1
| #define HAVE_MEMORY_H 1
| #define HAVE_STRINGS_H 1
| #define HAVE_INTTYPES_H 1
| #define HAVE_STDINT_H 1
| #define HAVE_UNISTD_H 1
| #define HAVE_DLFCN_H 1
| #define STDC_HEADERS 1
| #define SIZEOF_INT 4
| #define SIZEOF_LONG 4
| /* end confdefs.h.  */
| #include <stdio.h>
| #ifdef HAVE_SYS_TYPES_H
| # include <sys/types.h>
| #endif
| #ifdef HAVE_SYS_STAT_H
| # include <sys/stat.h>
| #endif
| #ifdef STDC_HEADERS
| # include <stdlib.h>
| # include <stddef.h>
| #else
| # ifdef HAVE_STDLIB_H
| #  include <stdlib.h>
| # endif
| #endif
| #ifdef HAVE_STRING_H
| # if !defined STDC_HEADERS && defined HAVE_MEMORY_H
| #  include <memory.h>
| # endif
| # include <string.h>
| #endif
| #ifdef HAVE_STRINGS_H
| # include <strings.h>
| #endif
| #ifdef HAVE_INTTYPES_H
| # include <inttypes.h>
| #endif
| #ifdef HAVE_STDINT_H
| # include <stdint.h>
| #endif
| #ifdef HAVE_UNISTD_H
| # include <unistd.h>
| #endif
|    typedef long long ac__type_sizeof_;
| int
| main ()
| {
| static int test_array [1 - 2 * !(((long int) (sizeof (ac__type_sizeof_))) <= 3)];
| test_array [0] = 0
| 
|   ;
|   return 0;
| }
configure:22112: mipsel-linux-gcc -c -I/opt/mipsel-linux-uclibc/usr/include  conftest.c >&5
conftest.c: In function 'main':
conftest.c:60: error: size of array 'test_array' is negative
configure:22118: $? = 1
configure: failed program was:
| /* confdefs.h.  */
| #define PACKAGE_NAME ""
| #define PACKAGE_TARNAME ""
| #define PACKAGE_VERSION ""
| #define PACKAGE_STRING ""
| #define PACKAGE_BUGREPORT ""
| #define DIRECTFB_VERSION "1.4.2"
| #define STDC_HEADERS 1
| #define HAVE_SYS_TYPES_H 1
| #define HAVE_SYS_STAT_H 1
| #define HAVE_STDLIB_H 1
| #define HAVE_STRING_H 1
| #define HAVE_MEMORY_H 1
| #define HAVE_STRINGS_H 1
| #define HAVE_INTTYPES_H 1
| #define HAVE_STDINT_H 1
| #define HAVE_UNISTD_H 1
| #define HAVE_DLFCN_H 1
| #define STDC_HEADERS 1
| #define SIZEOF_INT 4
| #define SIZEOF_LONG 4
| /* end confdefs.h.  */
| #include <stdio.h>
| #ifdef HAVE_SYS_TYPES_H
| # include <sys/types.h>
| #endif
| #ifdef HAVE_SYS_STAT_H
| # include <sys/stat.h>
| #endif
| #ifdef STDC_HEADERS
| # include <stdlib.h>
| # include <stddef.h>
| #else
| # ifdef HAVE_STDLIB_H
| #  include <stdlib.h>
| # endif
| #endif
| #ifdef HAVE_STRING_H
| # if !defined STDC_HEADERS && defined HAVE_MEMORY_H
| #  include <memory.h>
| # endif
| # include <string.h>
| #endif
| #ifdef HAVE_STRINGS_H
| # include <strings.h>
| #endif
| #ifdef HAVE_INTTYPES_H
| # include <inttypes.h>
| #endif
| #ifdef HAVE_STDINT_H
| # include <stdint.h>
| #endif
| #ifdef HAVE_UNISTD_H
| # include <unistd.h>
| #endif
|    typedef long long ac__type_sizeof_;
| int
| main ()
| {
| static int test_array [1 - 2 * !(((long int) (sizeof (ac__type_sizeof_))) <= 7)];
| test_array [0] = 0
| 
|   ;
|   return 0;
| }
configure:22112: mipsel-linux-gcc -c -I/opt/mipsel-linux-uclibc/usr/include  conftest.c >&5
configure:22118: $? = 0
configure:22267: mipsel-linux-gcc -c -I/opt/mipsel-linux-uclibc/usr/include  conftest.c >&5
configure:22273: $? = 0
configure:22267: mipsel-linux-gcc -c -I/opt/mipsel-linux-uclibc/usr/include  conftest.c >&5
configure:22273: $? = 0
configure:22267: mipsel-linux-gcc -c -I/opt/mipsel-linux-uclibc/usr/include  conftest.c >&5
configure:22273: $? = 0
configure:22381: result: 8
configure:22403: checking for perl5
configure:22436: result: no
configure:22403: checking for perl
configure:22421: found /usr/bin/perl
configure:22433: result: /usr/bin/perl
configure:22447: checking for man2html
configure:22478: result: no
configure:22841: checking linux/compiler.h usability
configure:22858: mipsel-linux-gcc -c -I/opt/mipsel-linux-uclibc/usr/include  conftest.c >&5
conftest.c:57:28: error: linux/compiler.h: No such file or directory
configure:22864: $? = 1
configure: failed program was:
| /* confdefs.h.  */
| #define PACKAGE_NAME ""
| #define PACKAGE_TARNAME ""
| #define PACKAGE_VERSION ""
| #define PACKAGE_STRING ""
| #define PACKAGE_BUGREPORT ""
| #define DIRECTFB_VERSION "1.4.2"
| #define STDC_HEADERS 1
| #define HAVE_SYS_TYPES_H 1
| #define HAVE_SYS_STAT_H 1
| #define HAVE_STDLIB_H 1
| #define HAVE_STRING_H 1
| #define HAVE_MEMORY_H 1
| #define HAVE_STRINGS_H 1
| #define HAVE_INTTYPES_H 1
| #define HAVE_STDINT_H 1
| #define HAVE_UNISTD_H 1
| #define HAVE_DLFCN_H 1
| #define STDC_HEADERS 1
| #define SIZEOF_INT 4
| #define SIZEOF_LONG 4
| #define SIZEOF_LONG_LONG 8
| /* end confdefs.h.  */
| #include <stdio.h>
| #ifdef HAVE_SYS_TYPES_H
| # include <sys/types.h>
| #endif
| #ifdef HAVE_SYS_STAT_H
| # include <sys/stat.h>
| #endif
| #ifdef STDC_HEADERS
| # include <stdlib.h>
| # include <stddef.h>
| #else
| # ifdef HAVE_STDLIB_H
| #  include <stdlib.h>
| # endif
| #endif
| #ifdef HAVE_STRING_H
| # if !defined STDC_HEADERS && defined HAVE_MEMORY_H
| #  include <memory.h>
| # endif
| # include <string.h>
| #endif
| #ifdef HAVE_STRINGS_H
| # include <strings.h>
| #endif
| #ifdef HAVE_INTTYPES_H
| # include <inttypes.h>
| #endif
| #ifdef HAVE_STDINT_H
| # include <stdint.h>
| #endif
| #ifdef HAVE_UNISTD_H
| # include <unistd.h>
| #endif
| #include <linux/compiler.h>
configure:22878: result: no
configure:22882: checking linux/compiler.h presence
configure:22897: mipsel-linux-gcc -E  conftest.c
conftest.c:24:28: error: linux/compiler.h: No such file or directory
configure:22903: $? = 1
configure: failed program was:
| /* confdefs.h.  */
| #define PACKAGE_NAME ""
| #define PACKAGE_TARNAME ""
| #define PACKAGE_VERSION ""
| #define PACKAGE_STRING ""
| #define PACKAGE_BUGREPORT ""
| #define DIRECTFB_VERSION "1.4.2"
| #define STDC_HEADERS 1
| #define HAVE_SYS_TYPES_H 1
| #define HAVE_SYS_STAT_H 1
| #define HAVE_STDLIB_H 1
| #define HAVE_STRING_H 1
| #define HAVE_MEMORY_H 1
| #define HAVE_STRINGS_H 1
| #define HAVE_INTTYPES_H 1
| #define HAVE_STDINT_H 1
| #define HAVE_UNISTD_H 1
| #define HAVE_DLFCN_H 1
| #define STDC_HEADERS 1
| #define SIZEOF_INT 4
| #define SIZEOF_LONG 4
| #define SIZEOF_LONG_LONG 8
| /* end confdefs.h.  */
| #include <linux/compiler.h>
configure:22917: result: no
configure:22945: checking for linux/compiler.h
configure:22953: result: no
configure:22841: checking linux/unistd.h usability
configure:22858: mipsel-linux-gcc -c -I/opt/mipsel-linux-uclibc/usr/include  conftest.c >&5
configure:22864: $? = 0
configure:22878: result: yes
configure:22882: checking linux/unistd.h presence
configure:22897: mipsel-linux-gcc -E  conftest.c
configure:22903: $? = 0
configure:22917: result: yes
configure:22945: checking for linux/unistd.h
configure:22953: result: yes
configure:22841: checking asm/page.h usability
configure:22858: mipsel-linux-gcc -c -I/opt/mipsel-linux-uclibc/usr/include  conftest.c >&5
configure:22864: $? = 0
configure:22878: result: yes
configure:22882: checking asm/page.h presence
configure:22897: mipsel-linux-gcc -E  conftest.c
configure:22903: $? = 0
configure:22917: result: yes
configure:22945: checking for asm/page.h
configure:22953: result: yes
configure:23254: checking for pthread_attr_init in -lpthread
configure:23289: mipsel-linux-gcc -o conftest -O3 -ffast-math -pipe -I/opt/mipsel-linux-uclibc/usr/include  -L/opt/mipsel-linux-uclibc/usr/lib conftest.c -lpthread   >&5
configure:23295: $? = 0
configure:23313: result: yes
configure:23334: checking whether PTHREAD_MUTEX_RECURSIVE is declared
configure:23366: mipsel-linux-gcc -c -O3 -ffast-math -pipe -I/opt/mipsel-linux-uclibc/usr/include  conftest.c >&5
configure:23372: $? = 0
configure:23387: result: yes
configure:23409: checking whether PTHREAD_RECURSIVE_MUTEX_INITIALIZER_NP is declared
configure:23441: mipsel-linux-gcc -c -O3 -ffast-math -pipe -I/opt/mipsel-linux-uclibc/usr/include  conftest.c >&5
configure:23447: $? = 0
configure:23462: result: yes
configure:23494: checking for dlopen in -ldl
configure:23529: mipsel-linux-gcc -o conftest -O3 -ffast-math -pipe -I/opt/mipsel-linux-uclibc/usr/include -D_REENTRANT  -L/opt/mipsel-linux-uclibc/usr/lib conftest.c -ldl  -lpthread  >&5
configure:23535: $? = 0
configure:23553: result: yes
configure:23794: checking stdbool.h usability
configure:23811: mipsel-linux-gcc -c -O3 -ffast-math -pipe -I/opt/mipsel-linux-uclibc/usr/include -D_REENTRANT  conftest.c >&5
configure:23817: $? = 0
configure:23831: result: yes
configure:23835: checking stdbool.h presence
configure:23850: mipsel-linux-gcc -E -D_REENTRANT  conftest.c
configure:23856: $? = 0
configure:23870: result: yes
configure:23898: checking for stdbool.h
configure:23905: result: yes
configure:24404: checking for libvncserver-config
configure:24435: result: no
configure:24446: WARNING:
*** libvncserver-config not found -- building without VNC support. See http://libvncserver.sourceforge.net
configure:24481: checking for sysfs_get_mnt_path in -lsysfs
configure:24516: mipsel-linux-gcc -o conftest -O3 -ffast-math -pipe -I/opt/mipsel-linux-uclibc/usr/include -D_REENTRANT  -L/opt/mipsel-linux-uclibc/usr/lib conftest.c -lsysfs  -ldl -lpthread  >&5
configure:24522: $? = 0
configure:24540: result: yes
configure:24554: checking sysfs/libsysfs.h usability
configure:24571: mipsel-linux-gcc -c -O3 -ffast-math -pipe -I/opt/mipsel-linux-uclibc/usr/include -D_REENTRANT  conftest.c >&5
configure:24577: $? = 0
configure:24591: result: yes
configure:24595: checking sysfs/libsysfs.h presence
configure:24610: mipsel-linux-gcc -E -D_REENTRANT  conftest.c
configure:24616: $? = 0
configure:24630: result: yes
configure:24658: checking for sysfs/libsysfs.h
configure:24665: result: yes
configure:24710: checking for jpeg_destroy_decompress in -ljpeg
configure:24745: mipsel-linux-gcc -o conftest -O3 -ffast-math -pipe -I/opt/mipsel-linux-uclibc/usr/include -D_REENTRANT  -L/opt/mipsel-linux-uclibc/usr/lib conftest.c -ljpeg  -ldl -lpthread  >&5
configure:24751: $? = 0
configure:24769: result: yes
configure:24788: checking jpeglib.h usability
configure:24805: mipsel-linux-gcc -c -O3 -ffast-math -pipe -I/opt/mipsel-linux-uclibc/usr/include -D_REENTRANT  conftest.c >&5
configure:24811: $? = 0
configure:24825: result: yes
configure:24829: checking jpeglib.h presence
configure:24844: mipsel-linux-gcc -E -D_REENTRANT  conftest.c
configure:24850: $? = 0
configure:24864: result: yes
configure:24892: checking for jpeglib.h
configure:24899: result: yes
configure:25190: checking for gzsetparams in -lz
configure:25225: mipsel-linux-gcc -o conftest -O3 -ffast-math -pipe -I/opt/mipsel-linux-uclibc/usr/include -D_REENTRANT  -L/opt/mipsel-linux-uclibc/usr/lib conftest.c -lz  -ldl -lpthread  >&5
configure:25231: $? = 0
configure:25249: result: yes
configure:25263: checking zlib.h usability
configure:25280: mipsel-linux-gcc -c -O3 -ffast-math -pipe -I/opt/mipsel-linux-uclibc/usr/include -D_REENTRANT  conftest.c >&5
configure:25286: $? = 0
configure:25300: result: yes
configure:25304: checking zlib.h presence
configure:25319: mipsel-linux-gcc -E -D_REENTRANT  conftest.c
configure:25325: $? = 0
configure:25339: result: yes
configure:25367: checking for zlib.h
configure:25374: result: yes
configure:25403: checking for libpng-config
configure:25421: found /usr/bin/libpng-config
configure:25434: result: /usr/bin/libpng-config
configure:25781: checking for FREETYPE
configure:25789: $PKG_CONFIG --exists --print-errors "freetype2"
configure:25792: $? = 0
configure:25807: $PKG_CONFIG --exists --print-errors "freetype2"
configure:25810: $? = 0
configure:25850: result: yes
configure:25944: checking which gfxdrivers should be built
configure:26440: checking which inputdrivers should be built
configure:26542: result: keyboard linuxinput
configure:27132: checking linux/input.h usability
configure:27149: mipsel-linux-gcc -c -O3 -ffast-math -pipe -I/opt/mipsel-linux-uclibc/usr/include -D_REENTRANT  conftest.c >&5
configure:27155: $? = 0
configure:27169: result: yes
configure:27173: checking linux/input.h presence
configure:27188: mipsel-linux-gcc -E -D_REENTRANT  conftest.c
configure:27194: $? = 0
configure:27208: result: yes
configure:27236: checking for linux/input.h
configure:27243: result: yes
configure:27258: checking for struct input_absinfo in linux/input.h
configure:27281: mipsel-linux-gcc -c -O3 -ffast-math -pipe -I/opt/mipsel-linux-uclibc/usr/include -D_REENTRANT  conftest.c >&5
configure:27287: $? = 0
configure:27297: result: yes
configure:28988: creating ./config.status

## ---------------------- ##
## Running config.status. ##
## ---------------------- ##

This file was extended by config.status, which was
generated by GNU Autoconf 2.61.  Invocation command line was

  CONFIG_FILES    = 
  CONFIG_HEADERS  = 
  CONFIG_LINKS    = 
  CONFIG_COMMANDS = 
  $ ./config.status 

on Gforce

config.status:991: creating directfb-config
config.status:991: creating directfb.pc
config.status:991: creating directfb-internal.pc
config.status:991: creating directfb.spec
config.status:991: creating Makefile
config.status:991: creating include/Makefile
config.status:991: creating include/directfb_version.h
config.status:991: creating lib/Makefile
config.status:991: creating lib/direct/Makefile
config.status:991: creating lib/direct/build.h
config.status:991: creating lib/direct/direct.pc
config.status:991: creating lib/fusion/Makefile
config.status:991: creating lib/fusion/build.h
config.status:991: creating lib/fusion/fusion.pc
config.status:991: creating lib/fusion/shm/Makefile
config.status:991: creating lib/voodoo/Makefile
config.status:991: creating lib/voodoo/build.h
config.status:991: creating lib/voodoo/voodoo.pc
config.status:991: creating patches/Makefile
config.status:991: creating proxy/Makefile
config.status:991: creating proxy/dispatcher/Makefile
config.status:991: creating proxy/requestor/Makefile
config.status:991: creating rules/Makefile
config.status:991: creating src/Makefile
config.status:991: creating src/core/Makefile
config.status:991: creating src/display/Makefile
config.status:991: creating src/gfx/Makefile
config.status:991: creating src/gfx/generic/Makefile
config.status:991: creating src/input/Makefile
config.status:991: creating src/media/Makefile
config.status:991: creating src/misc/Makefile
config.status:991: creating src/windows/Makefile
config.status:991: creating systems/Makefile
config.status:991: creating systems/devmem/Makefile
config.status:991: creating systems/fbdev/Makefile
config.status:991: creating systems/x11/Makefile
config.status:991: creating systems/osx/Makefile
config.status:991: creating systems/sdl/Makefile
config.status:991: creating systems/vnc/Makefile
config.status:991: creating wm/Makefile
config.status:991: creating wm/default/Makefile
config.status:991: creating wm/unique/Makefile
config.status:991: creating wm/unique/classes/Makefile
config.status:991: creating wm/unique/data/Makefile
config.status:991: creating wm/unique/devices/Makefile
config.status:991: creating gfxdrivers/Makefile
config.status:991: creating gfxdrivers/ati128/Makefile
config.status:991: creating gfxdrivers/cle266/Makefile
config.status:991: creating gfxdrivers/cyber5k/Makefile
config.status:991: creating gfxdrivers/davinci/Makefile
config.status:991: creating gfxdrivers/ep9x/Makefile
config.status:991: creating gfxdrivers/gl/Makefile
config.status:991: creating gfxdrivers/i810/Makefile
config.status:991: creating gfxdrivers/i830/Makefile
config.status:991: creating gfxdrivers/mach64/Makefile
config.status:991: creating gfxdrivers/matrox/Makefile
config.status:991: creating gfxdrivers/neomagic/Makefile
config.status:991: creating gfxdrivers/nsc/Makefile
config.status:991: creating gfxdrivers/nsc/include/Makefile
config.status:991: creating gfxdrivers/nvidia/Makefile
config.status:991: creating gfxdrivers/omap/Makefile
config.status:991: creating gfxdrivers/pxa3xx/Makefile
config.status:991: creating gfxdrivers/radeon/Makefile
config.status:991: creating gfxdrivers/savage/Makefile
config.status:991: creating gfxdrivers/sh772x/Makefile
config.status:991: creating gfxdrivers/sis315/Makefile
config.status:991: creating gfxdrivers/tdfx/Makefile
config.status:991: creating gfxdrivers/unichrome/Makefile
config.status:991: creating gfxdrivers/vmware/Makefile
config.status:991: creating inputdrivers/Makefile
config.status:991: creating inputdrivers/dbox2remote/Makefile
config.status:991: creating inputdrivers/dreamboxremote/Makefile
config.status:991: creating inputdrivers/dynapro/Makefile
config.status:991: creating inputdrivers/elo/Makefile
config.status:991: creating inputdrivers/gunze/Makefile
config.status:991: creating inputdrivers/h3600_ts/Makefile
config.status:991: creating inputdrivers/joystick/Makefile
config.status:991: creating inputdrivers/keyboard/Makefile
config.status:991: creating inputdrivers/linux_input/Makefile
config.status:991: creating inputdrivers/lirc/Makefile
config.status:991: creating inputdrivers/mutouch/Makefile
config.status:991: creating inputdrivers/zytronic/Makefile
config.status:991: creating inputdrivers/penmount/Makefile
config.status:991: creating inputdrivers/ps2mouse/Makefile
config.status:991: creating inputdrivers/serialmouse/Makefile
config.status:991: creating inputdrivers/sonypi/Makefile
config.status:991: creating inputdrivers/tslib/Makefile
config.status:991: creating inputdrivers/ucb1x00_ts/Makefile
config.status:991: creating inputdrivers/wm97xx_ts/Makefile
config.status:991: creating interfaces/Makefile
config.status:991: creating interfaces/IDirectFBFont/Makefile
config.status:991: creating interfaces/IDirectFBImageProvider/Makefile
config.status:991: creating interfaces/IDirectFBVideoProvider/Makefile
config.status:991: creating data/Makefile
config.status:991: creating tests/Makefile
config.status:991: creating tools/Makefile
config.status:991: creating docs/Makefile
config.status:991: creating docs/dfbg.1
config.status:991: creating docs/directfb-csource.1
config.status:991: creating docs/directfbrc.5
config.status:991: creating docs/html/Makefile
config.status:991: creating config.h
config.status:1232: config.h is unchanged
config.status:1279: executing depfiles commands
config.status:1279: executing default commands
configure:30732: result:
Build options:
  Version                   1.4.2
  Linux powered             yes
  Install prefix            /opt/mipsel-linux-uclibc/usr
  Config files in           /opt/mipsel-linux-uclibc/usr/etc
  Build shared libs         yes
  Build static libs         no
  Module directory          ${exec_prefix}/lib/directfb-1.4-0
  CPPFLAGS                  -D_REENTRANT 
  CFLAGS                    -O3 -ffast-math -pipe -I/opt/mipsel-linux-uclibc/usr/include -D_GNU_SOURCE  -Werror-implicit-function-declaration
  LDFLAGS                   -L/opt/mipsel-linux-uclibc/usr/lib
  LIBS                      -ldl -lpthread 
  DYNLIB                    -ldl
  THREADFLAGS               -D_REENTRANT
  THREADLIBS                

Misc options:
  Multi Application Core    no
  Fusion Kernel Device      N/A
  Fusion message size       1024
  Voodoo (network support)  no
  Debug supported           yes
  Debug enabled             no
  Trace support             no
  MMX support               no
  SSE support               no
  Network support           yes
  Include all strings       yes
  Software Rendering        yes
  Smooth SW Scaling         no
  16bit Dithering           none
  zlib compression          no                 -lz
  sysfs support             yes                 -lsysfs

Building Tests              no
Building Tools              yes

Building System Modules:
  Linux FBDev support       yes
  Generic /dev/mem support  yes
  X11 support               no                     
  OSX support               no                     
  SDL support               no                     
  VNC support               no                     

Building Window Manager Modules:
  Default                   yes
  UniQuE                    no

Building Image Provider Modules:
  GIF                       yes
  JPEG                      yes                 -ljpeg
  PNG                       yes                 -I/usr/include/libpng12	-lpng12

Building Video Provider Modules:
  GIF                       yes
  Video4Linux               yes (v2: no)

Building Font Modules:
  FreeType2                 yes                 -I/opt/mipsel-linux-uclibc/usr/include/freetype2 -I/opt/mipsel-linux-uclibc/usr/include      -L/opt/mipsel-linux-uclibc/usr/lib -lfreetype  
  Default font              yes
configure:30841: result:
Building Graphics Drivers:
  3Dfx Voodoo               no
  ATI Mach64                no
  ATI Rage 128              no
  ATI Radeon                no
  Cirrus EP9X               no
  Intel i810                no
  Intel i830                no
  Matrox                    no
  NeoMagic                  no
  NSC Geode                 no
  nVidia                    no
  PXA 3xx                   no
  Renesas SH7722/SH7723     no
  S3 Savage                 no
  SiS 315                   no
  TI Davinci                no
  TI OMAP                   no
  TVIA CyberPro             no
  VIA CLE266                no
  VIA UniChrome             no
  VMWare                    no
  --
  OpenGL                    no (GLX: no)

Building Input Drivers:
  DBox2 Remote              no
  DreamBox Remote           no
  Dynapro Touchscreen       no
  ELO Touchscreen           no
  Gunze Touchscreen         no
  H3600 Touchscreen         no
  Joystick                  no
  Keyboard                  yes
  Linux Input               yes
  LiRC                      no
  MuTouch touchscreen       no
  Zytronic touchscreen      no
  PS/2 Mouse                no
  Serial Mouse              no
  SonyPI Jogdial            no
  tslib                     no                      
  ucb1x00 Touchscreen       no
  WM97xx Touchscreen        no
configure:30890: result:    


## ---------------- ##
## Cache variables. ##
## ---------------- ##

ac_cv_build=i686-pc-linux-gnu
ac_cv_c_bigendian=no
ac_cv_c_compiler_gnu=yes
ac_cv_cxx_compiler_gnu=yes
ac_cv_env_CCASFLAGS_set=
ac_cv_env_CCASFLAGS_value=
ac_cv_env_CCAS_set=
ac_cv_env_CCAS_value=
ac_cv_env_CCC_set=
ac_cv_env_CCC_value=
ac_cv_env_CC_set=
ac_cv_env_CC_value=
ac_cv_env_CFLAGS_set=set
ac_cv_env_CFLAGS_value=-I/opt/mipsel-linux-uclibc/usr/include
ac_cv_env_CPPFLAGS_set=
ac_cv_env_CPPFLAGS_value=
ac_cv_env_CPP_set=
ac_cv_env_CPP_value=
ac_cv_env_CXXCPP_set=
ac_cv_env_CXXCPP_value=
ac_cv_env_CXXFLAGS_set=
ac_cv_env_CXXFLAGS_value=
ac_cv_env_CXX_set=
ac_cv_env_CXX_value=
ac_cv_env_F77_set=
ac_cv_env_F77_value=
ac_cv_env_FFLAGS_set=
ac_cv_env_FFLAGS_value=
ac_cv_env_FREETYPE_CFLAGS_set=
ac_cv_env_FREETYPE_CFLAGS_value=
ac_cv_env_FREETYPE_LIBS_set=
ac_cv_env_FREETYPE_LIBS_value=
ac_cv_env_LDFLAGS_set=set
ac_cv_env_LDFLAGS_value=-L/opt/mipsel-linux-uclibc/usr/lib
ac_cv_env_LIBS_set=
ac_cv_env_LIBS_value=
ac_cv_env_PKG_CONFIG_set=
ac_cv_env_PKG_CONFIG_value=
ac_cv_env_SDL_CFLAGS_set=
ac_cv_env_SDL_CFLAGS_value=
ac_cv_env_SDL_LIBS_set=
ac_cv_env_SDL_LIBS_value=
ac_cv_env_TSLIB_CFLAGS_set=
ac_cv_env_TSLIB_CFLAGS_value=
ac_cv_env_TSLIB_LIBS_set=
ac_cv_env_TSLIB_LIBS_value=
ac_cv_env_build_alias_set=
ac_cv_env_build_alias_value=
ac_cv_env_host_alias_set=set
ac_cv_env_host_alias_value=mipsel-linux
ac_cv_env_target_alias_set=
ac_cv_env_target_alias_value=
ac_cv_f77_compiler_gnu=yes
ac_cv_have_decl_PTHREAD_MUTEX_RECURSIVE=yes
ac_cv_have_decl_PTHREAD_RECURSIVE_MUTEX_INITIALIZER_NP=yes
ac_cv_header_asm_page_h=yes
ac_cv_header_dlfcn_h=yes
ac_cv_header_inttypes_h=yes
ac_cv_header_jpeglib_h=yes
ac_cv_header_linux_compiler_h=no
ac_cv_header_linux_input_h=yes
ac_cv_header_linux_unistd_h=yes
ac_cv_header_memory_h=yes
ac_cv_header_stdbool_h=yes
ac_cv_header_stdc=yes
ac_cv_header_stdint_h=yes
ac_cv_header_stdlib_h=yes
ac_cv_header_string_h=yes
ac_cv_header_strings_h=yes
ac_cv_header_sys_stat_h=yes
ac_cv_header_sys_types_h=yes
ac_cv_header_sysfs_libsysfs_h=yes
ac_cv_header_unistd_h=yes
ac_cv_header_zlib_h=yes
ac_cv_host=mipsel-unknown-linux-gnu
ac_cv_lib_dl_dlopen=yes
ac_cv_lib_jpeg_jpeg_destroy_decompress=yes
ac_cv_lib_pthread_pthread_attr_init=yes
ac_cv_lib_sysfs_sysfs_get_mnt_path=yes
ac_cv_lib_z_gzsetparams=yes
ac_cv_objext=o
ac_cv_path_EGREP='/bin/grep -E'
ac_cv_path_GREP=/bin/grep
ac_cv_path_LIBPNG_CONFIG=/usr/bin/libpng-config
ac_cv_path_MAN2HTML=no
ac_cv_path_PERL=/usr/bin/perl
ac_cv_path_VNC_CONFIG=no
ac_cv_path_ac_pt_PKG_CONFIG=/usr/bin/pkg-config
ac_cv_path_install='/usr/bin/install -c'
ac_cv_path_mkdir=/bin/mkdir
ac_cv_prog_AR=mipsel-linux-ar
ac_cv_prog_AWK=gawk
ac_cv_prog_CC=mipsel-linux-gcc
ac_cv_prog_CPP='mipsel-linux-gcc -E'
ac_cv_prog_CXX=mipsel-linux-g++
ac_cv_prog_CXXCPP='mipsel-linux-g++ -E'
ac_cv_prog_RANLIB=mipsel-linux-ranlib
ac_cv_prog_STRIP=mipsel-linux-strip
ac_cv_prog_ac_ct_F77=gfortran
ac_cv_prog_cc_c89=
ac_cv_prog_cc_g=yes
ac_cv_prog_cc_mipsel_linux_gcc_c_o=yes
ac_cv_prog_cxx_g=yes
ac_cv_prog_f77_g=yes
ac_cv_prog_make_make_set=yes
ac_cv_search_strerror='none required'
ac_cv_sizeof_int=4
ac_cv_sizeof_long=4
ac_cv_sizeof_long_long=8
ac_cv_target=mipsel-unknown-linux-gnu
ac_cv_type_int=yes
ac_cv_type_long=yes
ac_cv_type_long_long=yes
am_cv_CCAS_dependencies_compiler_type=gcc3
am_cv_CC_dependencies_compiler_type=gcc3
am_cv_CXX_dependencies_compiler_type=gcc3
lt_cv_deplibs_check_method=pass_all
lt_cv_file_magic_cmd='$MAGIC_CMD'
lt_cv_file_magic_test_file=
lt_cv_ld_reload_flag=-r
lt_cv_objdir=.libs
lt_cv_path_LD=/opt/mipsel-linux-uclibc/usr/mipsel-linux-uclibc/bin/ld
lt_cv_path_LDCXX=/opt/mipsel-linux-uclibc/usr/mipsel-linux-uclibc/bin/ld
lt_cv_path_NM='/opt/mipsel-linux-uclibc/usr/bin/mipsel-linux-nm -B'
lt_cv_path_SED=/bin/sed
lt_cv_prog_compiler_c_o=yes
lt_cv_prog_compiler_c_o_CXX=yes
lt_cv_prog_compiler_c_o_F77=yes
lt_cv_prog_compiler_pic_works=yes
lt_cv_prog_compiler_pic_works_CXX=yes
lt_cv_prog_compiler_pic_works_F77=yes
lt_cv_prog_compiler_rtti_exceptions=no
lt_cv_prog_compiler_static_works=yes
lt_cv_prog_compiler_static_works_CXX=yes
lt_cv_prog_compiler_static_works_F77=no
lt_cv_prog_gnu_ld=yes
lt_cv_prog_gnu_ldcxx=yes
lt_cv_sys_global_symbol_pipe='sed -n -e '\''s/^.*[ 	]\([ABCDGIRSTW][ABCDGIRSTW]*\)[ 	][ 	]*\([_A-Za-z][_A-Za-z0-9]*\)$/\1 \2 \2/p'\'''
lt_cv_sys_global_symbol_to_c_name_address='sed -n -e '\''s/^: \([^ ]*\) $/  {\"\1\", (lt_ptr) 0},/p'\'' -e '\''s/^[BCDEGRST] \([^ ]*\) \([^ ]*\)$/  {"\2", (lt_ptr) \&\2},/p'\'''
lt_cv_sys_global_symbol_to_cdecl='sed -n -e '\''s/^. .* \(.*\)$/extern int \1;/p'\'''
lt_cv_sys_lib_dlsearch_path_spec='/lib /usr/lib /usr/lib/atlas /lib/i486-linux-gnu /usr/lib/i486-linux-gnu /usr/lib/alsa-lib /usr/local/lib '
lt_cv_sys_lib_search_path_spec='/opt/mipsel-linux-uclibc/usr/lib/gcc/mipsel-linux-uclibc/4.3.3 /opt/mipsel-linux-uclibc/usr/lib/gcc /opt/mipsel-linux-uclibc/usr/mipsel-linux-uclibc/lib /opt/mipsel-linux-uclibc/lib /opt/mipsel-linux-uclibc/usr/lib'
lt_cv_sys_max_cmd_len=1572864
lt_lt_cv_prog_compiler_c_o='"yes"'
lt_lt_cv_prog_compiler_c_o_CXX='"yes"'
lt_lt_cv_prog_compiler_c_o_F77='"yes"'
lt_lt_cv_sys_global_symbol_pipe='"sed -n -e '\''s/^.*[ 	]\\([ABCDGIRSTW][ABCDGIRSTW]*\\)[ 	][ 	]*\\([_A-Za-z][_A-Za-z0-9]*\\)\$/\\1 \\2 \\2/p'\''"'
lt_lt_cv_sys_global_symbol_to_c_name_address='"sed -n -e '\''s/^: \\([^ ]*\\) \$/  {\\\"\\1\\\", (lt_ptr) 0},/p'\'' -e '\''s/^[BCDEGRST] \\([^ ]*\\) \\([^ ]*\\)\$/  {\"\\2\", (lt_ptr) \\&\\2},/p'\''"'
lt_lt_cv_sys_global_symbol_to_cdecl='"sed -n -e '\''s/^. .* \\(.*\\)\$/extern int \\1;/p'\''"'
pkg_cv_FREETYPE_CFLAGS='-I/opt/mipsel-linux-uclibc/usr/include/freetype2 -I/opt/mipsel-linux-uclibc/usr/include  '
pkg_cv_FREETYPE_LIBS='-L/opt/mipsel-linux-uclibc/usr/lib -lfreetype  '

## ----------------- ##
## Output variables. ##
## ----------------- ##

ACLOCAL='${SHELL} /media/Data/dingoo/dingux/dev/openwrt/trunk/build_dir/target-_-/DirectFB-1.4.2/missing --run aclocal-1.10 '
AMDEPBACKSLASH='\'
AMDEP_FALSE='#'
AMDEP_TRUE=''
AMTAR='${SHELL} /media/Data/dingoo/dingux/dev/openwrt/trunk/build_dir/target-_-/DirectFB-1.4.2/missing --run tar'
AR='mipsel-linux-ar'
AS='as'
ASFLAGS=''
AUTOCONF='${SHELL} /media/Data/dingoo/dingux/dev/openwrt/trunk/build_dir/target-_-/DirectFB-1.4.2/missing --run autoconf'
AUTOHEADER='${SHELL} /media/Data/dingoo/dingux/dev/openwrt/trunk/build_dir/target-_-/DirectFB-1.4.2/missing --run autoheader'
AUTOMAKE='${SHELL} /media/Data/dingoo/dingux/dev/openwrt/trunk/build_dir/target-_-/DirectFB-1.4.2/missing --run automake-1.10'
AWK='gawk'
BUILDARMASM_FALSE=''
BUILDARMASM_TRUE='#'
BUILDMMX_FALSE=''
BUILDMMX_TRUE='#'
BUILDPPCASM_FALSE=''
BUILDPPCASM_TRUE='#'
BUILD_DIRECTFB_CSOURCE_FALSE='#'
BUILD_DIRECTFB_CSOURCE_TRUE=''
BUILD_SHARED_FALSE='#'
BUILD_SHARED_TRUE=''
BUILD_STATIC_FALSE=''
BUILD_STATIC_TRUE='#'
BUILD_TESTS_FALSE=''
BUILD_TESTS_TRUE='#'
BUILD_TOOLS_FALSE='#'
BUILD_TOOLS_TRUE=''
CC='mipsel-linux-gcc'
CCAS='mipsel-linux-gcc'
CCASDEPMODE='depmode=gcc3'
CCASFLAGS='-I/opt/mipsel-linux-uclibc/usr/include'
CCDEPMODE='depmode=gcc3'
CFLAGS='-O3 -ffast-math -pipe -I/opt/mipsel-linux-uclibc/usr/include -D_GNU_SOURCE  -Werror-implicit-function-declaration'
CPP='mipsel-linux-gcc -E'
CPPFLAGS='-D_REENTRANT '
CROSS_COMPILING_FALSE='#'
CROSS_COMPILING_TRUE=''
CXX='mipsel-linux-g++'
CXXCPP='mipsel-linux-g++ -E'
CXXDEPMODE='depmode=gcc3'
CXXFLAGS='-g -O2'
CYGPATH_W='echo'
DATADIR='${datarootdir}/directfb-1.4.2'
DBOX2REMOTE_FALSE=''
DBOX2REMOTE_TRUE='#'
DEFS='-DHAVE_CONFIG_H'
DEPDIR='.deps'
DEVMEM_CORE_FALSE='#'
DEVMEM_CORE_TRUE=''
DFB_CFLAGS_OMIT_FRAME_POINTER='-fomit-frame-pointer'
DFB_INTERNAL_CFLAGS='-D_GNU_SOURCE '
DFB_LDFLAGS='-L/opt/mipsel-linux-uclibc/usr/lib -lz'
DFB_SMOOTH_SCALING=''
DIRECTFB_BINARY_AGE='2'
DIRECTFB_CSOURCE=''
DIRECTFB_INTERFACE_AGE='0'
DIRECTFB_MAJOR_VERSION='1'
DIRECTFB_MICRO_VERSION='2'
DIRECTFB_MINOR_VERSION='4'
DIRECTFB_VERSION='1.4.2'
DIRECT_BUILD_DEBUG='0'
DIRECT_BUILD_DEBUGS='1'
DIRECT_BUILD_GETTID='1'
DIRECT_BUILD_NETWORK='1'
DIRECT_BUILD_STDBOOL='1'
DIRECT_BUILD_TEXT='1'
DIRECT_BUILD_TRACE='0'
DREAMBOXREMOTE_FALSE=''
DREAMBOXREMOTE_TRUE='#'
DSYMUTIL=''
DYNAPRO_INPUT_FALSE=''
DYNAPRO_INPUT_TRUE='#'
DYNLIB='-ldl'
ECHO='echo'
ECHO_C=''
ECHO_N='-n'
ECHO_T=''
EGREP='/bin/grep -E'
ELO_INPUT_FALSE=''
ELO_INPUT_TRUE='#'
ENABLE_DEBUGS_FALSE='#'
ENABLE_DEBUGS_TRUE=''
ENABLE_DEBUG_FALSE=''
ENABLE_DEBUG_TRUE='#'
ENABLE_MULTI_FALSE=''
ENABLE_MULTI_TRUE='#'
ENABLE_TRACE_FALSE=''
ENABLE_TRACE_TRUE='#'
ENABLE_UNIQUE_FALSE=''
ENABLE_UNIQUE_TRUE='#'
ENABLE_VOODOO_FALSE=''
ENABLE_VOODOO_TRUE='#'
EXEEXT=''
F77='gfortran'
FBDEV_CORE_FALSE='#'
FBDEV_CORE_TRUE=''
FFLAGS='-g -O2'
FREETYPE_CFLAGS='-I/opt/mipsel-linux-uclibc/usr/include/freetype2 -I/opt/mipsel-linux-uclibc/usr/include  '
FREETYPE_LIBS='-L/opt/mipsel-linux-uclibc/usr/lib -lfreetype  '
FREETYPE_PROVIDER=''
FREETYPE_PROVIDER_FALSE='#'
FREETYPE_PROVIDER_TRUE=''
FUSION_BUILD_KERNEL='0'
FUSION_BUILD_MULTI='0'
FUSION_MESSAGE_SIZE='1024'
GFX_ATI128_FALSE=''
GFX_ATI128_TRUE='#'
GFX_CLE266_FALSE=''
GFX_CLE266_TRUE='#'
GFX_CYBER5K_FALSE=''
GFX_CYBER5K_TRUE='#'
GFX_DAVINCI_FALSE=''
GFX_DAVINCI_TRUE='#'
GFX_EP9X_FALSE=''
GFX_EP9X_TRUE='#'
GFX_GLX_FALSE=''
GFX_GLX_TRUE='#'
GFX_GL_FALSE=''
GFX_GL_TRUE='#'
GFX_I810_FALSE=''
GFX_I810_TRUE='#'
GFX_I830_FALSE=''
GFX_I830_TRUE='#'
GFX_MACH64_FALSE=''
GFX_MACH64_TRUE='#'
GFX_MATROX_FALSE=''
GFX_MATROX_TRUE='#'
GFX_NEOMAGIC_FALSE=''
GFX_NEOMAGIC_TRUE='#'
GFX_NSC_FALSE=''
GFX_NSC_TRUE='#'
GFX_NVIDIA_FALSE=''
GFX_NVIDIA_TRUE='#'
GFX_OMAP_FALSE=''
GFX_OMAP_TRUE='#'
GFX_PXA3XX_FALSE=''
GFX_PXA3XX_TRUE='#'
GFX_RADEON_FALSE=''
GFX_RADEON_TRUE='#'
GFX_SAVAGE_FALSE=''
GFX_SAVAGE_TRUE='#'
GFX_SH772X_FALSE=''
GFX_SH772X_TRUE='#'
GFX_SIS315_FALSE=''
GFX_SIS315_TRUE='#'
GFX_TDFX_FALSE=''
GFX_TDFX_TRUE='#'
GFX_UNICHROME_FALSE=''
GFX_UNICHROME_TRUE='#'
GFX_VMWARE_FALSE=''
GFX_VMWARE_TRUE='#'
GIF_PROVIDER=''
GIF_PROVIDER_FALSE='#'
GIF_PROVIDER_TRUE=''
GREP='/bin/grep'
GUNZE_INPUT_FALSE=''
GUNZE_INPUT_TRUE='#'
H3600_TS_FALSE=''
H3600_TS_TRUE='#'
HAVE_LINUX=''
HAVE_LINUX_FALSE='#'
HAVE_LINUX_TRUE=''
HAVE_MAN2HTML_FALSE=''
HAVE_MAN2HTML_TRUE='#'
INCLUDEDIR='${prefix}/include/directfb'
INSTALL_DATA='${INSTALL} -m 644'
INSTALL_PROGRAM='${INSTALL}'
INSTALL_SCRIPT='${INSTALL}'
INSTALL_STRIP_PROGRAM='$(install_sh) -c -s'
INTERNALINCLUDEDIR='${prefix}/include/directfb-internal'
JOYSTICK_INPUT_FALSE=''
JOYSTICK_INPUT_TRUE='#'
JPEG_PROVIDER=''
JPEG_PROVIDER_FALSE='#'
JPEG_PROVIDER_TRUE=''
KEYBOARD_INPUT_FALSE='#'
KEYBOARD_INPUT_TRUE=''
LD='/opt/mipsel-linux-uclibc/usr/mipsel-linux-uclibc/bin/ld'
LDFLAGS='-L/opt/mipsel-linux-uclibc/usr/lib'
LIBJPEG='-ljpeg'
LIBOBJS=''
LIBPNG_CFLAGS='-I/usr/include/libpng12'
LIBPNG_CONFIG='/usr/bin/libpng-config'
LIBPNG_LIBS='-lpng12'
LIBS='-ldl -lpthread '
LIBTOOL='$(SHELL) $(top_builddir)/libtool'
LINUX_INPUT_FALSE='#'
LINUX_INPUT_TRUE=''
LIRC_INPUT_FALSE=''
LIRC_INPUT_TRUE='#'
LN_S='ln -s'
LTLIBOBJS=''
LT_AGE='2'
LT_BINARY='0'
LT_CURRENT='2'
LT_RELEASE='1.4'
LT_REVISION='0'
MAINT='#'
MAINTAINER_MODE_FALSE=''
MAINTAINER_MODE_TRUE='#'
MAKEINFO='${SHELL} /media/Data/dingoo/dingux/dev/openwrt/trunk/build_dir/target-_-/DirectFB-1.4.2/missing --run makeinfo'
MAN2HTML='no'
MODULEDIR='${exec_prefix}/lib/directfb-1.4-0'
MODULEDIRNAME='directfb-1.4-0'
MUTOUCH_TS_FALSE=''
MUTOUCH_TS_TRUE='#'
NMEDIT=''
OBJEXT='o'
OSX_CORE_FALSE=''
OSX_CORE_TRUE='#'
OSX_LIBS=''
PACKAGE='DirectFB'
PACKAGE_BUGREPORT=''
PACKAGE_NAME=''
PACKAGE_STRING=''
PACKAGE_TARNAME=''
PACKAGE_VERSION=''
PATH_SEPARATOR=':'
PENMOUNT_TS_FALSE=''
PENMOUNT_TS_TRUE='#'
PERL='/usr/bin/perl'
PKG_CONFIG='/usr/bin/pkg-config'
PNG_PROVIDER=''
PNG_PROVIDER_FALSE='#'
PNG_PROVIDER_TRUE=''
PS2MOUSE_INPUT_FALSE=''
PS2MOUSE_INPUT_TRUE='#'
RANLIB='mipsel-linux-ranlib'
RUNTIME_SYSROOT=''
SDL_CFLAGS=''
SDL_CORE_FALSE=''
SDL_CORE_TRUE='#'
SDL_LIBS=''
SED='/bin/sed'
SERIAL_MOUSE_INPUT_FALSE=''
SERIAL_MOUSE_INPUT_TRUE='#'
SET_MAKE=''
SHELL='/bin/bash'
SOFTWARE_RENDERING_FALSE='#'
SOFTWARE_RENDERING_TRUE=''
SONYPI_FALSE=''
SONYPI_TRUE='#'
SOPATH='${exec_prefix}/lib/libdirectfb-1.4.so.2'
STRIP='mipsel-linux-strip'
SYSCONFDIR='/opt/mipsel-linux-uclibc/usr/etc'
SYSFS_LIBS='-lsysfs'
THREADFLAGS='-D_REENTRANT'
THREADLIB='-lpthread'
TSLIB_CFLAGS=''
TSLIB_FALSE=''
TSLIB_LIBS=''
TSLIB_TRUE='#'
UCB1X00_TS_FALSE=''
UCB1X00_TS_TRUE='#'
V4L_PROVIDER_FALSE='#'
V4L_PROVIDER_TRUE=''
VERSION='1.4.2'
VNC_CFLAGS=''
VNC_CONFIG='no'
VNC_CORE_FALSE=''
VNC_CORE_TRUE='#'
VNC_LIBS=''
WM97XX_TS_FALSE=''
WM97XX_TS_TRUE='#'
X11_CFLAGS=''
X11_CORE_FALSE=''
X11_CORE_TRUE='#'
X11_LIBS=''
ZLIB_LIBS='-lz'
ZYTRONIC_TS_FALSE=''
ZYTRONIC_TS_TRUE='#'
ac_ct_CC=''
ac_ct_CXX=''
ac_ct_F77='gfortran'
am__fastdepCCAS_FALSE='#'
am__fastdepCCAS_TRUE=''
am__fastdepCC_FALSE='#'
am__fastdepCC_TRUE=''
am__fastdepCXX_FALSE='#'
am__fastdepCXX_TRUE=''
am__include='include'
am__isrc=''
am__leading_dot='.'
am__quote=''
am__tar='${AMTAR} chof - "$$tardir"'
am__untar='${AMTAR} xf -'
bindir='${exec_prefix}/bin'
build='i686-pc-linux-gnu'
build_alias=''
build_cpu='i686'
build_os='linux-gnu'
build_vendor='pc'
datadir='${datarootdir}'
datarootdir='${prefix}/share'
docdir='${datarootdir}/doc/${PACKAGE}'
dvidir='${docdir}'
exec_prefix='${prefix}'
host='mipsel-unknown-linux-gnu'
host_alias='mipsel-linux'
host_cpu='mipsel'
host_os='linux-gnu'
host_vendor='unknown'
htmldir='${docdir}'
includedir='${prefix}/include'
infodir='${datarootdir}/info'
install_sh='$(SHELL) /media/Data/dingoo/dingux/dev/openwrt/trunk/build_dir/target-_-/DirectFB-1.4.2/install-sh'
libdir='${exec_prefix}/lib'
libexecdir='${exec_prefix}/libexec'
localedir='${datarootdir}/locale'
localstatedir='${prefix}/var'
mandir='${datarootdir}/man'
mkdir_p='/bin/mkdir -p'
oldincludedir='/usr/include'
pdfdir='${docdir}'
prefix='/opt/mipsel-linux-uclibc/usr'
program_transform_name='s,x,x,'
psdir='${docdir}'
sbindir='${exec_prefix}/sbin'
sharedstatedir='${prefix}/com'
sysconfdir='${prefix}/etc'
target='mipsel-unknown-linux-gnu'
target_alias=''
target_cpu='mipsel'
target_os='linux-gnu'
target_vendor='unknown'

## ----------- ##
## confdefs.h. ##
## ----------- ##

#define PACKAGE_NAME ""
#define PACKAGE_TARNAME ""
#define PACKAGE_VERSION ""
#define PACKAGE_STRING ""
#define PACKAGE_BUGREPORT ""
#define DIRECTFB_VERSION "1.4.2"
#define STDC_HEADERS 1
#define HAVE_SYS_TYPES_H 1
#define HAVE_SYS_STAT_H 1
#define HAVE_STDLIB_H 1
#define HAVE_STRING_H 1
#define HAVE_MEMORY_H 1
#define HAVE_STRINGS_H 1
#define HAVE_INTTYPES_H 1
#define HAVE_STDINT_H 1
#define HAVE_UNISTD_H 1
#define HAVE_DLFCN_H 1
#define STDC_HEADERS 1
#define SIZEOF_INT 4
#define SIZEOF_LONG 4
#define SIZEOF_LONG_LONG 8
#define HAVE_LINUX_UNISTD_H 1
#define HAVE_ASM_PAGE_H 1
#define HAVE_LIBPTHREAD 1
#define HAVE_DECL_PTHREAD_MUTEX_RECURSIVE 1
#define HAVE_DECL_PTHREAD_RECURSIVE_MUTEX_INITIALIZER_NP 1
#define HAVE_LIBDL 1
#define LINUX_INPUT_USE_FBDEV 1
#define USE_SYSFS 1
#define HAVE_INPUT_ABSINFO 1
#define DFB_DITHER_SIMPLE 1
#define DFB_DITHER_ADVANCED 2

configure: exit 0
