This file contains any messages produced by compilers while
running configure, to aid debugging if configure makes a mistake.

It was created by pango configure 1.16.4, which was
generated by GNU Autoconf 2.59.  Invocation command line was

  $ ./configure --prefix=/opt/mipsel-linux-uclibc/usr --host=mipsel-linux --without-x LDFLAGS=-L/opt/mipsel-linux-uclibc/usr/lib -lxml2

## --------- ##
## Platform. ##
## --------- ##

hostname = Gforce
uname -m = i686
uname -r = 2.6.31-16-generic
uname -s = Linux
uname -v = #52-Ubuntu SMP Thu Dec 3 22:00:22 UTC 2009

/usr/bin/uname -p = unknown
/bin/uname -X     = unknown

/bin/arch              = unknown
/usr/bin/arch -k       = unknown
/usr/convex/getsysinfo = unknown
hostinfo               = unknown
/bin/machine           = unknown
/usr/bin/oslevel       = unknown
/bin/universe          = unknown

PATH: /usr/local/sbin
PATH: /usr/local/bin
PATH: /usr/sbin
PATH: /usr/bin
PATH: /sbin
PATH: /bin
PATH: /usr/games
PATH: /opt/mipsel-linux-uclibc/usr/bin


## ----------- ##
## Core tests. ##
## ----------- ##

configure:1637: checking for a BSD-compatible install
configure:1692: result: /usr/bin/install -c
configure:1703: checking whether build environment is sane
configure:1746: result: yes
configure:1811: checking for gawk
configure:1827: found /usr/bin/gawk
configure:1837: result: gawk
configure:1847: checking whether make sets $(MAKE)
configure:1867: result: yes
configure:1943: checking for mipsel-linux-strip
configure:1959: found /opt/mipsel-linux-uclibc/usr/bin/mipsel-linux-strip
configure:1969: result: mipsel-linux-strip
configure:2103: checking build system type
configure:2121: result: i686-pc-linux-gnu
configure:2129: checking host system type
configure:2143: result: mipsel-unknown-linux-gnu
configure:2152: checking for native Win32
configure:2162: result: no
configure:2183: checking for mipsel-linux-gcc
configure:2199: found /opt/mipsel-linux-uclibc/usr/bin/mipsel-linux-gcc
configure:2209: result: mipsel-linux-gcc
configure:2491: checking for C compiler version
configure:2494: mipsel-linux-gcc --version </dev/null >&5
mipsel-linux-gcc (GCC) 4.3.3
Copyright (C) 2008 Free Software Foundation, Inc.
This is free software; see the source for copying conditions.  There is NO
warranty; not even for MERCHANTABILITY or FITNESS FOR A PARTICULAR PURPOSE.

configure:2497: $? = 0
configure:2499: mipsel-linux-gcc -v </dev/null >&5
Using built-in specs.
Target: mipsel-linux-uclibc
Configured with: /home/iggarpe/A320/dev/dingoo-linux/buildroot-2009.05/toolchain_build_mipsel/gcc-4.3.3/configure --prefix=/usr --build=i386-pc-linux-gnu --host=i386-pc-linux-gnu --target=mipsel-linux-uclibc --enable-languages=c,c++ --with-sysroot=/opt/mipsel-linux-uclibc --with-build-time-tools=/opt/mipsel-linux-uclibc/usr/mipsel-linux-uclibc/bin --disable-__cxa_atexit --enable-target-optspace --with-gnu-ld --disable-libssp --disable-tls --enable-shared --with-gmp=/home/iggarpe/A320/dev/dingoo-linux/buildroot-2009.05/toolchain_build_mipsel/gmp --with-mpfr=/home/iggarpe/A320/dev/dingoo-linux/buildroot-2009.05/toolchain_build_mipsel/mpfr --disable-nls --enable-threads --disable-multilib --disable-decimal-float --with-float=soft --with-abi=32 --with-tune=mips1
Thread model: posix
gcc version 4.3.3 (GCC) 
configure:2502: $? = 0
configure:2504: mipsel-linux-gcc -V </dev/null >&5
mipsel-linux-gcc: '-V' option must have argument
configure:2507: $? = 1
configure:2530: checking for C compiler default output file name
configure:2533: mipsel-linux-gcc   -L/opt/mipsel-linux-uclibc/usr/lib -lxml2 conftest.c  >&5
configure:2536: $? = 0
configure:2582: result: a.out
configure:2587: checking whether the C compiler works
configure:2593: ./a.out
./configure: line 2594: ./a.out: cannot execute binary file
configure:2596: $? = 126
configure:2613: result: yes
configure:2620: checking whether we are cross compiling
configure:2622: result: yes
configure:2625: checking for suffix of executables
configure:2627: mipsel-linux-gcc -o conftest   -L/opt/mipsel-linux-uclibc/usr/lib -lxml2 conftest.c  >&5
configure:2630: $? = 0
configure:2655: result: 
configure:2661: checking for suffix of object files
configure:2682: mipsel-linux-gcc -c   conftest.c >&5
configure:2685: $? = 0
configure:2707: result: o
configure:2711: checking whether we are using the GNU C compiler
configure:2735: mipsel-linux-gcc -c   conftest.c >&5
configure:2741: $? = 0
configure:2745: test -z 
			 || test ! -s conftest.err
configure:2748: $? = 0
configure:2751: test -s conftest.o
configure:2754: $? = 0
configure:2767: result: yes
configure:2773: checking whether mipsel-linux-gcc accepts -g
configure:2794: mipsel-linux-gcc -c -g  conftest.c >&5
configure:2800: $? = 0
configure:2804: test -z 
			 || test ! -s conftest.err
configure:2807: $? = 0
configure:2810: test -s conftest.o
configure:2813: $? = 0
configure:2824: result: yes
configure:2841: checking for mipsel-linux-gcc option to accept ANSI C
configure:2911: mipsel-linux-gcc  -c -g -O2  conftest.c >&5
configure:2917: $? = 0
configure:2921: test -z 
			 || test ! -s conftest.err
configure:2924: $? = 0
configure:2927: test -s conftest.o
configure:2930: $? = 0
configure:2948: result: none needed
configure:2966: mipsel-linux-gcc -c -g -O2  conftest.c >&5
conftest.c:2: error: expected '=', ',', ';', 'asm' or '__attribute__' before 'me'
configure:2972: $? = 1
configure: failed program was:
| #ifndef __cplusplus
|   choke me
| #endif
configure:3116: checking for style of include used by make
configure:3144: result: GNU
configure:3172: checking dependency style of mipsel-linux-gcc
configure:3262: result: gcc3
configure:3284: checking for c++
configure:3300: found /usr/bin/c++
configure:3310: result: c++
configure:3339: checking for mipsel-linux-g++
configure:3365: result: c++
configure:3423: checking for C++ compiler version
configure:3426: c++ --version </dev/null >&5
c++ (Ubuntu 4.4.1-4ubuntu8) 4.4.1
Copyright (C) 2009 Free Software Foundation, Inc.
This is free software; see the source for copying conditions.  There is NO
warranty; not even for MERCHANTABILITY or FITNESS FOR A PARTICULAR PURPOSE.

configure:3429: $? = 0
configure:3431: c++ -v </dev/null >&5
Using built-in specs.
Target: i486-linux-gnu
Configured with: ../src/configure -v --with-pkgversion='Ubuntu 4.4.1-4ubuntu8' --with-bugurl=file:///usr/share/doc/gcc-4.4/README.Bugs --enable-languages=c,c++,fortran,objc,obj-c++ --prefix=/usr --enable-shared --enable-multiarch --enable-linker-build-id --with-system-zlib --libexecdir=/usr/lib --without-included-gettext --enable-threads=posix --with-gxx-include-dir=/usr/include/c++/4.4 --program-suffix=-4.4 --enable-nls --enable-clocale=gnu --enable-libstdcxx-debug --enable-objc-gc --enable-targets=all --disable-werror --with-arch-32=i486 --with-tune=generic --enable-checking=release --build=i486-linux-gnu --host=i486-linux-gnu --target=i486-linux-gnu
Thread model: posix
gcc version 4.4.1 (Ubuntu 4.4.1-4ubuntu8) 
configure:3434: $? = 0
configure:3436: c++ -V </dev/null >&5
c++: '-V' option must have argument
configure:3439: $? = 1
configure:3442: checking whether we are using the GNU C++ compiler
configure:3466: c++ -c   conftest.cc >&5
configure:3472: $? = 0
configure:3476: test -z 
			 || test ! -s conftest.err
configure:3479: $? = 0
configure:3482: test -s conftest.o
configure:3485: $? = 0
configure:3498: result: yes
configure:3504: checking whether c++ accepts -g
configure:3525: c++ -c -g  conftest.cc >&5
configure:3531: $? = 0
configure:3535: test -z 
			 || test ! -s conftest.err
configure:3538: $? = 0
configure:3541: test -s conftest.o
configure:3544: $? = 0
configure:3555: result: yes
configure:3597: c++ -c -g -O2  conftest.cc >&5
configure:3603: $? = 0
configure:3607: test -z 
			 || test ! -s conftest.err
configure:3610: $? = 0
configure:3613: test -s conftest.o
configure:3616: $? = 0
configure:3642: c++ -c -g -O2  conftest.cc >&5
conftest.cc: In function 'int main()':
conftest.cc:21: error: 'exit' was not declared in this scope
configure:3648: $? = 1
configure: failed program was:
| /* confdefs.h.  */
| 
| #define PACKAGE_NAME "pango"
| #define PACKAGE_TARNAME "pango"
| #define PACKAGE_VERSION "1.16.4"
| #define PACKAGE_STRING "pango 1.16.4"
| #define PACKAGE_BUGREPORT "http://bugzilla.gnome.org/enter_bug.cgi?product=pango"
| #define PACKAGE "pango"
| #define VERSION "1.16.4"
| #define MODULE_VERSION "1.6.0"
| #define PANGO_BINARY_AGE 1604
| #define PANGO_INTERFACE_AGE 4
| #define PANGO_VERSION_MAJOR 1
| #define PANGO_VERSION_MINOR 16
| #define PANGO_VERSION_MICRO 4
| /* end confdefs.h.  */
| 
| int
| main ()
| {
| exit (42);
|   ;
|   return 0;
| }
configure:3597: c++ -c -g -O2  conftest.cc >&5
conftest.cc:17: error: 'void std::exit(int)' should have been declared inside 'std'
configure:3603: $? = 1
configure: failed program was:
| /* confdefs.h.  */
| 
| #define PACKAGE_NAME "pango"
| #define PACKAGE_TARNAME "pango"
| #define PACKAGE_VERSION "1.16.4"
| #define PACKAGE_STRING "pango 1.16.4"
| #define PACKAGE_BUGREPORT "http://bugzilla.gnome.org/enter_bug.cgi?product=pango"
| #define PACKAGE "pango"
| #define VERSION "1.16.4"
| #define MODULE_VERSION "1.6.0"
| #define PANGO_BINARY_AGE 1604
| #define PANGO_INTERFACE_AGE 4
| #define PANGO_VERSION_MAJOR 1
| #define PANGO_VERSION_MINOR 16
| #define PANGO_VERSION_MICRO 4
| /* end confdefs.h.  */
| extern "C" void std::exit (int) throw (); using std::exit;
| #include <stdlib.h>
| int
| main ()
| {
| exit (42);
|   ;
|   return 0;
| }
configure:3597: c++ -c -g -O2  conftest.cc >&5
conftest.cc:17: error: 'void std::exit(int)' should have been declared inside 'std'
In file included from conftest.cc:18:
/usr/include/stdlib.h:543: error: declaration of 'void std::exit(int) throw ()' throws different exceptions
conftest.cc:17: error: from previous declaration 'void std::exit(int)'
configure:3603: $? = 1
configure: failed program was:
| /* confdefs.h.  */
| 
| #define PACKAGE_NAME "pango"
| #define PACKAGE_TARNAME "pango"
| #define PACKAGE_VERSION "1.16.4"
| #define PACKAGE_STRING "pango 1.16.4"
| #define PACKAGE_BUGREPORT "http://bugzilla.gnome.org/enter_bug.cgi?product=pango"
| #define PACKAGE "pango"
| #define VERSION "1.16.4"
| #define MODULE_VERSION "1.6.0"
| #define PANGO_BINARY_AGE 1604
| #define PANGO_INTERFACE_AGE 4
| #define PANGO_VERSION_MAJOR 1
| #define PANGO_VERSION_MINOR 16
| #define PANGO_VERSION_MICRO 4
| /* end confdefs.h.  */
| extern "C" void std::exit (int); using std::exit;
| #include <stdlib.h>
| int
| main ()
| {
| exit (42);
|   ;
|   return 0;
| }
configure:3597: c++ -c -g -O2  conftest.cc >&5
configure:3603: $? = 0
configure:3607: test -z 
			 || test ! -s conftest.err
configure:3610: $? = 0
configure:3613: test -s conftest.o
configure:3616: $? = 0
configure:3642: c++ -c -g -O2  conftest.cc >&5
configure:3648: $? = 0
configure:3652: test -z 
			 || test ! -s conftest.err
configure:3655: $? = 0
configure:3658: test -s conftest.o
configure:3661: $? = 0
configure:3686: checking dependency style of c++
configure:3776: result: gcc3
configure:3810: c++ -c -g -O2  conftest.cc >&5
configure:3816: $? = 0
configure:3820: test -z 
			 || test ! -s conftest.err
configure:3823: $? = 0
configure:3826: test -s conftest.o
configure:3829: $? = 0
configure:3945: checking for a sed that does not truncate output
configure:4001: result: /bin/sed
configure:4004: checking for egrep
configure:4014: result: grep -E
configure:4030: checking for ld used by mipsel-linux-gcc
configure:4097: result: /opt/mipsel-linux-uclibc/usr/mipsel-linux-uclibc/bin/ld
configure:4106: checking if the linker (/opt/mipsel-linux-uclibc/usr/mipsel-linux-uclibc/bin/ld) is GNU ld
configure:4121: result: yes
configure:4126: checking for /opt/mipsel-linux-uclibc/usr/mipsel-linux-uclibc/bin/ld option to reload object files
configure:4133: result: -r
configure:4151: checking for BSD-compatible nm
configure:4200: result: /opt/mipsel-linux-uclibc/usr/bin/mipsel-linux-nm -B
configure:4204: checking whether ln -s works
configure:4208: result: yes
configure:4215: checking how to recognise dependent libraries
configure:4391: result: pass_all
configure:4870: checking how to run the C preprocessor
configure:4905: mipsel-linux-gcc -E  conftest.c
configure:4911: $? = 0
configure:4943: mipsel-linux-gcc -E  conftest.c
conftest.c:20:28: error: ac_nonexistent.h: No such file or directory
configure:4949: $? = 1
configure: failed program was:
| /* confdefs.h.  */
| 
| #define PACKAGE_NAME "pango"
| #define PACKAGE_TARNAME "pango"
| #define PACKAGE_VERSION "1.16.4"
| #define PACKAGE_STRING "pango 1.16.4"
| #define PACKAGE_BUGREPORT "http://bugzilla.gnome.org/enter_bug.cgi?product=pango"
| #define PACKAGE "pango"
| #define VERSION "1.16.4"
| #define MODULE_VERSION "1.6.0"
| #define PANGO_BINARY_AGE 1604
| #define PANGO_INTERFACE_AGE 4
| #define PANGO_VERSION_MAJOR 1
| #define PANGO_VERSION_MINOR 16
| #define PANGO_VERSION_MICRO 4
| #ifdef __cplusplus
| extern "C" void exit (int) throw ();
| #endif
| /* end confdefs.h.  */
| #include <ac_nonexistent.h>
configure:4988: result: mipsel-linux-gcc -E
configure:5012: mipsel-linux-gcc -E  conftest.c
configure:5018: $? = 0
configure:5050: mipsel-linux-gcc -E  conftest.c
conftest.c:20:28: error: ac_nonexistent.h: No such file or directory
configure:5056: $? = 1
configure: failed program was:
| /* confdefs.h.  */
| 
| #define PACKAGE_NAME "pango"
| #define PACKAGE_TARNAME "pango"
| #define PACKAGE_VERSION "1.16.4"
| #define PACKAGE_STRING "pango 1.16.4"
| #define PACKAGE_BUGREPORT "http://bugzilla.gnome.org/enter_bug.cgi?product=pango"
| #define PACKAGE "pango"
| #define VERSION "1.16.4"
| #define MODULE_VERSION "1.6.0"
| #define PANGO_BINARY_AGE 1604
| #define PANGO_INTERFACE_AGE 4
| #define PANGO_VERSION_MAJOR 1
| #define PANGO_VERSION_MINOR 16
| #define PANGO_VERSION_MICRO 4
| #ifdef __cplusplus
| extern "C" void exit (int) throw ();
| #endif
| /* end confdefs.h.  */
| #include <ac_nonexistent.h>
configure:5100: checking for ANSI C header files
configure:5125: mipsel-linux-gcc -c -g -O2  conftest.c >&5
configure:5131: $? = 0
configure:5135: test -z 
			 || test ! -s conftest.err
configure:5138: $? = 0
configure:5141: test -s conftest.o
configure:5144: $? = 0
configure:5256: result: yes
configure:5280: checking for sys/types.h
configure:5296: mipsel-linux-gcc -c -g -O2  conftest.c >&5
configure:5302: $? = 0
configure:5306: test -z 
			 || test ! -s conftest.err
configure:5309: $? = 0
configure:5312: test -s conftest.o
configure:5315: $? = 0
configure:5326: result: yes
configure:5280: checking for sys/stat.h
configure:5296: mipsel-linux-gcc -c -g -O2  conftest.c >&5
configure:5302: $? = 0
configure:5306: test -z 
			 || test ! -s conftest.err
configure:5309: $? = 0
configure:5312: test -s conftest.o
configure:5315: $? = 0
configure:5326: result: yes
configure:5280: checking for stdlib.h
configure:5296: mipsel-linux-gcc -c -g -O2  conftest.c >&5
configure:5302: $? = 0
configure:5306: test -z 
			 || test ! -s conftest.err
configure:5309: $? = 0
configure:5312: test -s conftest.o
configure:5315: $? = 0
configure:5326: result: yes
configure:5280: checking for string.h
configure:5296: mipsel-linux-gcc -c -g -O2  conftest.c >&5
configure:5302: $? = 0
configure:5306: test -z 
			 || test ! -s conftest.err
configure:5309: $? = 0
configure:5312: test -s conftest.o
configure:5315: $? = 0
configure:5326: result: yes
configure:5280: checking for memory.h
configure:5296: mipsel-linux-gcc -c -g -O2  conftest.c >&5
configure:5302: $? = 0
configure:5306: test -z 
			 || test ! -s conftest.err
configure:5309: $? = 0
configure:5312: test -s conftest.o
configure:5315: $? = 0
configure:5326: result: yes
configure:5280: checking for strings.h
configure:5296: mipsel-linux-gcc -c -g -O2  conftest.c >&5
configure:5302: $? = 0
configure:5306: test -z 
			 || test ! -s conftest.err
configure:5309: $? = 0
configure:5312: test -s conftest.o
configure:5315: $? = 0
configure:5326: result: yes
configure:5280: checking for inttypes.h
configure:5296: mipsel-linux-gcc -c -g -O2  conftest.c >&5
configure:5302: $? = 0
configure:5306: test -z 
			 || test ! -s conftest.err
configure:5309: $? = 0
configure:5312: test -s conftest.o
configure:5315: $? = 0
configure:5326: result: yes
configure:5280: checking for stdint.h
configure:5296: mipsel-linux-gcc -c -g -O2  conftest.c >&5
configure:5302: $? = 0
configure:5306: test -z 
			 || test ! -s conftest.err
configure:5309: $? = 0
configure:5312: test -s conftest.o
configure:5315: $? = 0
configure:5326: result: yes
configure:5280: checking for unistd.h
configure:5296: mipsel-linux-gcc -c -g -O2  conftest.c >&5
configure:5302: $? = 0
configure:5306: test -z 
			 || test ! -s conftest.err
configure:5309: $? = 0
configure:5312: test -s conftest.o
configure:5315: $? = 0
configure:5326: result: yes
configure:5352: checking dlfcn.h usability
configure:5364: mipsel-linux-gcc -c -g -O2  conftest.c >&5
configure:5370: $? = 0
configure:5374: test -z 
			 || test ! -s conftest.err
configure:5377: $? = 0
configure:5380: test -s conftest.o
configure:5383: $? = 0
configure:5393: result: yes
configure:5397: checking dlfcn.h presence
configure:5407: mipsel-linux-gcc -E  conftest.c
configure:5413: $? = 0
configure:5433: result: yes
configure:5468: checking for dlfcn.h
configure:5475: result: yes
configure:5498: checking how to run the C++ preprocessor
configure:5529: c++ -E  conftest.cc
configure:5535: $? = 0
configure:5567: c++ -E  conftest.cc
conftest.cc:31:28: error: ac_nonexistent.h: No such file or directory
configure:5573: $? = 1
configure: failed program was:
| /* confdefs.h.  */
| 
| #define PACKAGE_NAME "pango"
| #define PACKAGE_TARNAME "pango"
| #define PACKAGE_VERSION "1.16.4"
| #define PACKAGE_STRING "pango 1.16.4"
| #define PACKAGE_BUGREPORT "http://bugzilla.gnome.org/enter_bug.cgi?product=pango"
| #define PACKAGE "pango"
| #define VERSION "1.16.4"
| #define MODULE_VERSION "1.6.0"
| #define PANGO_BINARY_AGE 1604
| #define PANGO_INTERFACE_AGE 4
| #define PANGO_VERSION_MAJOR 1
| #define PANGO_VERSION_MINOR 16
| #define PANGO_VERSION_MICRO 4
| #ifdef __cplusplus
| extern "C" void exit (int) throw ();
| #endif
| #define STDC_HEADERS 1
| #define HAVE_SYS_TYPES_H 1
| #define HAVE_SYS_STAT_H 1
| #define HAVE_STDLIB_H 1
| #define HAVE_STRING_H 1
| #define HAVE_MEMORY_H 1
| #define HAVE_STRINGS_H 1
| #define HAVE_INTTYPES_H 1
| #define HAVE_STDINT_H 1
| #define HAVE_UNISTD_H 1
| #define HAVE_DLFCN_H 1
| /* end confdefs.h.  */
| #include <ac_nonexistent.h>
configure:5612: result: c++ -E
configure:5636: c++ -E  conftest.cc
configure:5642: $? = 0
configure:5674: c++ -E  conftest.cc
conftest.cc:31:28: error: ac_nonexistent.h: No such file or directory
configure:5680: $? = 1
configure: failed program was:
| /* confdefs.h.  */
| 
| #define PACKAGE_NAME "pango"
| #define PACKAGE_TARNAME "pango"
| #define PACKAGE_VERSION "1.16.4"
| #define PACKAGE_STRING "pango 1.16.4"
| #define PACKAGE_BUGREPORT "http://bugzilla.gnome.org/enter_bug.cgi?product=pango"
| #define PACKAGE "pango"
| #define VERSION "1.16.4"
| #define MODULE_VERSION "1.6.0"
| #define PANGO_BINARY_AGE 1604
| #define PANGO_INTERFACE_AGE 4
| #define PANGO_VERSION_MAJOR 1
| #define PANGO_VERSION_MINOR 16
| #define PANGO_VERSION_MICRO 4
| #ifdef __cplusplus
| extern "C" void exit (int) throw ();
| #endif
| #define STDC_HEADERS 1
| #define HAVE_SYS_TYPES_H 1
| #define HAVE_SYS_STAT_H 1
| #define HAVE_STDLIB_H 1
| #define HAVE_STRING_H 1
| #define HAVE_MEMORY_H 1
| #define HAVE_STRINGS_H 1
| #define HAVE_INTTYPES_H 1
| #define HAVE_STDINT_H 1
| #define HAVE_UNISTD_H 1
| #define HAVE_DLFCN_H 1
| /* end confdefs.h.  */
| #include <ac_nonexistent.h>
configure:5734: checking for mipsel-linux-g77
configure:5763: result: no
configure:5734: checking for mipsel-linux-f77
configure:5763: result: no
configure:5734: checking for mipsel-linux-xlf
configure:5763: result: no
configure:5734: checking for mipsel-linux-frt
configure:5763: result: no
configure:5734: checking for mipsel-linux-pgf77
configure:5763: result: no
configure:5734: checking for mipsel-linux-fort77
configure:5763: result: no
configure:5734: checking for mipsel-linux-fl32
configure:5763: result: no
configure:5734: checking for mipsel-linux-af77
configure:5763: result: no
configure:5734: checking for mipsel-linux-f90
configure:5763: result: no
configure:5734: checking for mipsel-linux-xlf90
configure:5763: result: no
configure:5734: checking for mipsel-linux-pgf90
configure:5763: result: no
configure:5734: checking for mipsel-linux-epcf90
configure:5763: result: no
configure:5734: checking for mipsel-linux-f95
configure:5763: result: no
configure:5734: checking for mipsel-linux-fort
configure:5763: result: no
configure:5734: checking for mipsel-linux-xlf95
configure:5763: result: no
configure:5734: checking for mipsel-linux-ifc
configure:5763: result: no
configure:5734: checking for mipsel-linux-efc
configure:5763: result: no
configure:5734: checking for mipsel-linux-pgf95
configure:5763: result: no
configure:5734: checking for mipsel-linux-lf95
configure:5763: result: no
configure:5734: checking for mipsel-linux-gfortran
configure:5763: result: no
configure:5776: checking for g77
configure:5805: result: no
configure:5776: checking for f77
configure:5805: result: no
configure:5776: checking for xlf
configure:5805: result: no
configure:5776: checking for frt
configure:5805: result: no
configure:5776: checking for pgf77
configure:5805: result: no
configure:5776: checking for fort77
configure:5805: result: no
configure:5776: checking for fl32
configure:5805: result: no
configure:5776: checking for af77
configure:5805: result: no
configure:5776: checking for f90
configure:5805: result: no
configure:5776: checking for xlf90
configure:5805: result: no
configure:5776: checking for pgf90
configure:5805: result: no
configure:5776: checking for epcf90
configure:5805: result: no
configure:5776: checking for f95
configure:5792: found /usr/bin/f95
configure:5802: result: f95
configure:5817: checking for Fortran 77 compiler version
configure:5820: f95 --version </dev/null >&5
GNU Fortran (Ubuntu 4.4.1-4ubuntu8) 4.4.1
Copyright (C) 2009 Free Software Foundation, Inc.

GNU Fortran comes with NO WARRANTY, to the extent permitted by law.
You may redistribute copies of GNU Fortran
under the terms of the GNU General Public License.
For more information about these matters, see the file named COPYING

configure:5823: $? = 0
configure:5825: f95 -v </dev/null >&5
Using built-in specs.
Target: i486-linux-gnu
Configured with: ../src/configure -v --with-pkgversion='Ubuntu 4.4.1-4ubuntu8' --with-bugurl=file:///usr/share/doc/gcc-4.4/README.Bugs --enable-languages=c,c++,fortran,objc,obj-c++ --prefix=/usr --enable-shared --enable-multiarch --enable-linker-build-id --with-system-zlib --libexecdir=/usr/lib --without-included-gettext --enable-threads=posix --with-gxx-include-dir=/usr/include/c++/4.4 --program-suffix=-4.4 --enable-nls --enable-clocale=gnu --enable-libstdcxx-debug --enable-objc-gc --enable-targets=all --disable-werror --with-arch-32=i486 --with-tune=generic --enable-checking=release --build=i486-linux-gnu --host=i486-linux-gnu --target=i486-linux-gnu
Thread model: posix
gcc version 4.4.1 (Ubuntu 4.4.1-4ubuntu8) 
configure:5828: $? = 0
configure:5830: f95 -V </dev/null >&5
f95: '-V' option must have argument
configure:5833: $? = 1
configure:5841: checking whether we are using the GNU Fortran 77 compiler
configure:5855: f95 -c  conftest.F >&5
configure:5861: $? = 0
configure:5865: test -z 
			 || test ! -s conftest.err
configure:5868: $? = 0
configure:5871: test -s conftest.o
configure:5874: $? = 0
configure:5887: result: yes
configure:5893: checking whether f95 accepts -g
configure:5905: f95 -c -g conftest.f >&5
configure:5911: $? = 0
configure:5915: test -z 
			 || test ! -s conftest.err
configure:5918: $? = 0
configure:5921: test -s conftest.o
configure:5924: $? = 0
configure:5936: result: yes
configure:5966: checking the maximum length of command line arguments
configure:6075: result: 32768
configure:6086: checking command to parse /opt/mipsel-linux-uclibc/usr/bin/mipsel-linux-nm -B output from mipsel-linux-gcc object
configure:6191: mipsel-linux-gcc -c -g -O2  conftest.c >&5
configure:6194: $? = 0
configure:6198: /opt/mipsel-linux-uclibc/usr/bin/mipsel-linux-nm -B conftest.o \| sed -n -e 's/^.*[ 	]\([ABCDGIRSTW][ABCDGIRSTW]*\)[ 	][ 	]*\([_A-Za-z][_A-Za-z0-9]*\)$/\1 \2 \2/p' \> conftest.nm
configure:6201: $? = 0
configure:6253: mipsel-linux-gcc -o conftest -g -O2  -L/opt/mipsel-linux-uclibc/usr/lib -lxml2 conftest.c conftstm.o >&5
configure:6256: $? = 0
configure:6294: result: ok
configure:6298: checking for objdir
configure:6313: result: .libs
configure:6365: checking for mipsel-linux-ar
configure:6381: found /opt/mipsel-linux-uclibc/usr/bin/mipsel-linux-ar
configure:6391: result: mipsel-linux-ar
configure:6445: checking for mipsel-linux-ranlib
configure:6461: found /opt/mipsel-linux-uclibc/usr/bin/mipsel-linux-ranlib
configure:6471: result: mipsel-linux-ranlib
configure:6525: checking for mipsel-linux-strip
configure:6551: result: mipsel-linux-strip
configure:6862: checking if mipsel-linux-gcc supports -fno-rtti -fno-exceptions
configure:6880: mipsel-linux-gcc -c -g -O2  -fno-rtti -fno-exceptions conftest.c >&5
cc1: warning: command line option "-fno-rtti" is valid for C++/ObjC++ but not for C
configure:6884: $? = 0
configure:6897: result: no
configure:6912: checking for mipsel-linux-gcc option to produce PIC
configure:7122: result: -fPIC
configure:7130: checking if mipsel-linux-gcc PIC flag -fPIC works
configure:7148: mipsel-linux-gcc -c -g -O2  -fPIC -DPIC conftest.c >&5
configure:7152: $? = 0
configure:7165: result: yes
configure:7193: checking if mipsel-linux-gcc static flag -static works
configure:7221: result: yes
configure:7231: checking if mipsel-linux-gcc supports -c -o file.o
configure:7252: mipsel-linux-gcc -c -g -O2  -o out/conftest2.o conftest.c >&5
configure:7256: $? = 0
configure:7278: result: yes
configure:7304: checking whether the mipsel-linux-gcc linker (/opt/mipsel-linux-uclibc/usr/mipsel-linux-uclibc/bin/ld) supports shared libraries
configure:8262: result: yes
configure:8283: checking whether -lc should be explicitly linked in
configure:8288: mipsel-linux-gcc -c -g -O2  conftest.c >&5
configure:8291: $? = 0
configure:8306: mipsel-linux-gcc -shared conftest.o  -v -Wl,-soname -Wl,conftest -o conftest 2\>\&1 \| grep  -lc  \>/dev/null 2\>\&1
configure:8309: $? = 0
configure:8321: result: no
configure:8329: checking dynamic linker characteristics
configure:8938: result: GNU/Linux ld.so
configure:8947: checking how to hardcode library paths into programs
configure:8972: result: immediate
configure:8986: checking whether stripping libraries is possible
configure:8991: result: yes
configure:9825: checking if libtool supports shared libraries
configure:9827: result: yes
configure:9830: checking whether to build shared libraries
configure:9851: result: yes
configure:9854: checking whether to build static libraries
configure:9858: result: no
configure:9950: creating libtool
configure:10541: checking for ld used by c++
configure:10608: result: /opt/mipsel-linux-uclibc/usr/mipsel-linux-uclibc/bin/ld
configure:10617: checking if the linker (/opt/mipsel-linux-uclibc/usr/mipsel-linux-uclibc/bin/ld) is GNU ld
configure:10632: result: yes
configure:10683: checking whether the c++ linker (/opt/mipsel-linux-uclibc/usr/mipsel-linux-uclibc/bin/ld) supports shared libraries
configure:11621: result: yes
configure:11639: c++ -c -g -O2  conftest.cpp >&5
configure:11642: $? = 0
configure:11761: checking for c++ option to produce PIC
configure:12035: result: -fPIC
configure:12043: checking if c++ PIC flag -fPIC works
configure:12061: c++ -c -g -O2  -fPIC -DPIC conftest.cpp >&5
configure:12065: $? = 0
configure:12078: result: yes
configure:12106: checking if c++ static flag -static works
configure:12134: result: no
configure:12144: checking if c++ supports -c -o file.o
configure:12165: c++ -c -g -O2  -o out/conftest2.o conftest.cpp >&5
configure:12169: $? = 0
configure:12191: result: yes
configure:12217: checking whether the c++ linker (/opt/mipsel-linux-uclibc/usr/mipsel-linux-uclibc/bin/ld) supports shared libraries
configure:12242: result: yes
configure:12309: checking dynamic linker characteristics
configure:12918: result: GNU/Linux ld.so
configure:12927: checking how to hardcode library paths into programs
configure:12952: result: immediate
configure:13481: checking if libtool supports shared libraries
configure:13483: result: yes
configure:13486: checking whether to build shared libraries
configure:13506: result: yes
configure:13509: checking whether to build static libraries
configure:13513: result: no
configure:13523: checking for f95 option to produce PIC
configure:13733: result: -fPIC
configure:13741: checking if f95 PIC flag -fPIC works
configure:13759: f95 -c -g -O2 -fPIC conftest.f >&5
configure:13763: $? = 0
configure:13776: result: yes
configure:13804: checking if f95 static flag -static works
configure:13832: result: no
configure:13842: checking if f95 supports -c -o file.o
configure:13863: f95 -c -g -O2 -o out/conftest2.o conftest.f >&5
configure:13867: $? = 0
configure:13889: result: yes
configure:13915: checking whether the f95 linker (/opt/mipsel-linux-uclibc/usr/mipsel-linux-uclibc/bin/ld) supports shared libraries
configure:14853: result: yes
configure:14920: checking dynamic linker characteristics
configure:15529: result: GNU/Linux ld.so
configure:15538: checking how to hardcode library paths into programs
configure:15563: result: immediate
configure:19157: checking for some Win32 platform
configure:19167: result: no
configure:19370: checking for perl5
configure:19399: result: no
configure:19370: checking for perl
configure:19386: found /usr/bin/perl
configure:19396: result: perl
configure:19417: checking for X
configure:19637: result: disabled
configure:20807: WARNING: X development libraries not found
configure:20844: checking for mipsel-linux-pkg-config
configure:20877: result: no
configure:20886: checking for pkg-config
configure:20904: found /usr/bin/pkg-config
configure:20916: result: /usr/bin/pkg-config
configure:20931: checking pkg-config is at least version 0.9.0
configure:20934: result: yes
configure:20945: checking for FONTCONFIG
configure:20953: $PKG_CONFIG --exists --print-errors "fontconfig >= 1.0.1"
configure:20956: $? = 0
configure:20971: $PKG_CONFIG --exists --print-errors "fontconfig >= 1.0.1"
configure:20974: $? = 0
configure:21012: result: yes
configure:21025: checking for freetype-config
configure:21043: found /usr/bin/freetype-config
configure:21056: result: /usr/bin/freetype-config
configure:21069: checking for FT_Get_Next_Char in -lfreetype
configure:21099: mipsel-linux-gcc -o conftest -g -O2 -Wall  -L/opt/mipsel-linux-uclibc/usr/lib -lxml2 -lfreetype -lz conftest.c -lfreetype   >&5
configure:21105: $? = 0
configure:21109: test -z 
			 || test ! -s conftest.err
configure:21112: $? = 0
configure:21115: test -s conftest
configure:21118: $? = 0
configure:21131: result: yes
configure:21345: checking Carbon/Carbon.h usability
configure:21357: mipsel-linux-gcc -c -g -O2 -Wall  conftest.c >&5
conftest.c:67:27: error: Carbon/Carbon.h: No such file or directory
configure:21363: $? = 1
configure: failed program was:
| /* confdefs.h.  */
| 
| #define PACKAGE_NAME "pango"
| #define PACKAGE_TARNAME "pango"
| #define PACKAGE_VERSION "1.16.4"
| #define PACKAGE_STRING "pango 1.16.4"
| #define PACKAGE_BUGREPORT "http://bugzilla.gnome.org/enter_bug.cgi?product=pango"
| #define PACKAGE "pango"
| #define VERSION "1.16.4"
| #define MODULE_VERSION "1.6.0"
| #define PANGO_BINARY_AGE 1604
| #define PANGO_INTERFACE_AGE 4
| #define PANGO_VERSION_MAJOR 1
| #define PANGO_VERSION_MINOR 16
| #define PANGO_VERSION_MICRO 4
| #ifdef __cplusplus
| extern "C" void exit (int) throw ();
| #endif
| #define STDC_HEADERS 1
| #define HAVE_SYS_TYPES_H 1
| #define HAVE_SYS_STAT_H 1
| #define HAVE_STDLIB_H 1
| #define HAVE_STRING_H 1
| #define HAVE_MEMORY_H 1
| #define HAVE_STRINGS_H 1
| #define HAVE_INTTYPES_H 1
| #define HAVE_STDINT_H 1
| #define HAVE_UNISTD_H 1
| #define HAVE_DLFCN_H 1
| #define X_DISPLAY_MISSING 1
| #define HAVE_FREETYPE 1
| /* end confdefs.h.  */
| #include <stdio.h>
| #if HAVE_SYS_TYPES_H
| # include <sys/types.h>
| #endif
| #if HAVE_SYS_STAT_H
| # include <sys/stat.h>
| #endif
| #if STDC_HEADERS
| # include <stdlib.h>
| # include <stddef.h>
| #else
| # if HAVE_STDLIB_H
| #  include <stdlib.h>
| # endif
| #endif
| #if HAVE_STRING_H
| # if !STDC_HEADERS && HAVE_MEMORY_H
| #  include <memory.h>
| # endif
| # include <string.h>
| #endif
| #if HAVE_STRINGS_H
| # include <strings.h>
| #endif
| #if HAVE_INTTYPES_H
| # include <inttypes.h>
| #else
| # if HAVE_STDINT_H
| #  include <stdint.h>
| # endif
| #endif
| #if HAVE_UNISTD_H
| # include <unistd.h>
| #endif
| #include <Carbon/Carbon.h>
configure:21386: result: no
configure:21390: checking Carbon/Carbon.h presence
configure:21400: mipsel-linux-gcc -E  conftest.c
conftest.c:33:27: error: Carbon/Carbon.h: No such file or directory
configure:21406: $? = 1
configure: failed program was:
| /* confdefs.h.  */
| 
| #define PACKAGE_NAME "pango"
| #define PACKAGE_TARNAME "pango"
| #define PACKAGE_VERSION "1.16.4"
| #define PACKAGE_STRING "pango 1.16.4"
| #define PACKAGE_BUGREPORT "http://bugzilla.gnome.org/enter_bug.cgi?product=pango"
| #define PACKAGE "pango"
| #define VERSION "1.16.4"
| #define MODULE_VERSION "1.6.0"
| #define PANGO_BINARY_AGE 1604
| #define PANGO_INTERFACE_AGE 4
| #define PANGO_VERSION_MAJOR 1
| #define PANGO_VERSION_MINOR 16
| #define PANGO_VERSION_MICRO 4
| #ifdef __cplusplus
| extern "C" void exit (int) throw ();
| #endif
| #define STDC_HEADERS 1
| #define HAVE_SYS_TYPES_H 1
| #define HAVE_SYS_STAT_H 1
| #define HAVE_STDLIB_H 1
| #define HAVE_STRING_H 1
| #define HAVE_MEMORY_H 1
| #define HAVE_STRINGS_H 1
| #define HAVE_INTTYPES_H 1
| #define HAVE_STDINT_H 1
| #define HAVE_UNISTD_H 1
| #define HAVE_DLFCN_H 1
| #define X_DISPLAY_MISSING 1
| #define HAVE_FREETYPE 1
| /* end confdefs.h.  */
| #include <Carbon/Carbon.h>
configure:21426: result: no
configure:21461: checking for Carbon/Carbon.h
configure:21468: result: no
configure:21494: checking for CAIRO
configure:21502: $PKG_CONFIG --exists --print-errors "cairo >= 1.2.6"
configure:21505: $? = 0
configure:21520: $PKG_CONFIG --exists --print-errors "cairo >= 1.2.6"
configure:21523: $? = 0
configure:21561: result: yes
configure:21573: checking for cairo_surface_write_to_png in -lcairo
configure:21603: mipsel-linux-gcc -o conftest -g -O2 -Wall  -L/opt/mipsel-linux-uclibc/usr/lib -lxml2 -L/opt/mipsel-linux-uclibc/usr/lib -lcairo   conftest.c -lcairo   >&5
configure:21609: $? = 0
configure:21613: test -z 
			 || test ! -s conftest.err
configure:21616: $? = 0
configure:21619: test -s conftest
configure:21622: $? = 0
configure:21635: result: yes
configure:21651: checking for cairo_ps_surface_create in -lcairo
configure:21681: mipsel-linux-gcc -o conftest -g -O2 -Wall  -L/opt/mipsel-linux-uclibc/usr/lib -lxml2 -L/opt/mipsel-linux-uclibc/usr/lib -lcairo   conftest.c -lcairo   >&5
configure:21687: $? = 0
configure:21691: test -z 
			 || test ! -s conftest.err
configure:21694: $? = 0
configure:21697: test -s conftest
configure:21700: $? = 0
configure:21713: result: yes
configure:21729: checking for cairo_pdf_surface_create in -lcairo
configure:21759: mipsel-linux-gcc -o conftest -g -O2 -Wall  -L/opt/mipsel-linux-uclibc/usr/lib -lxml2 -L/opt/mipsel-linux-uclibc/usr/lib -lcairo   conftest.c -lcairo   >&5
configure:21765: $? = 0
configure:21769: test -z 
			 || test ! -s conftest.err
configure:21772: $? = 0
configure:21775: test -s conftest
configure:21778: $? = 0
configure:21791: result: yes
configure:21807: checking for cairo_xlib_surface_create in -lcairo
configure:21837: mipsel-linux-gcc -o conftest -g -O2 -Wall  -L/opt/mipsel-linux-uclibc/usr/lib -lxml2 -L/opt/mipsel-linux-uclibc/usr/lib -lcairo   conftest.c -lcairo   >&5
/tmp/cc4sUi3Z.o: In function `main':
/media/Data/dingoo/dingux/dev/openwrt/trunk/build_dir/target-_-/pango-1.16.4/conftest.c:47: undefined reference to `cairo_xlib_surface_create'
collect2: ld returned 1 exit status
configure:21843: $? = 1
configure: failed program was:
| /* confdefs.h.  */
| 
| #define PACKAGE_NAME "pango"
| #define PACKAGE_TARNAME "pango"
| #define PACKAGE_VERSION "1.16.4"
| #define PACKAGE_STRING "pango 1.16.4"
| #define PACKAGE_BUGREPORT "http://bugzilla.gnome.org/enter_bug.cgi?product=pango"
| #define PACKAGE "pango"
| #define VERSION "1.16.4"
| #define MODULE_VERSION "1.6.0"
| #define PANGO_BINARY_AGE 1604
| #define PANGO_INTERFACE_AGE 4
| #define PANGO_VERSION_MAJOR 1
| #define PANGO_VERSION_MINOR 16
| #define PANGO_VERSION_MICRO 4
| #ifdef __cplusplus
| extern "C" void exit (int) throw ();
| #endif
| #define STDC_HEADERS 1
| #define HAVE_SYS_TYPES_H 1
| #define HAVE_SYS_STAT_H 1
| #define HAVE_STDLIB_H 1
| #define HAVE_STRING_H 1
| #define HAVE_MEMORY_H 1
| #define HAVE_STRINGS_H 1
| #define HAVE_INTTYPES_H 1
| #define HAVE_STDINT_H 1
| #define HAVE_UNISTD_H 1
| #define HAVE_DLFCN_H 1
| #define X_DISPLAY_MISSING 1
| #define HAVE_FREETYPE 1
| #define HAVE_CAIRO_PNG 1
| #define HAVE_CAIRO_PS 1
| #define HAVE_CAIRO_PDF 1
| /* end confdefs.h.  */
| 
| /* Override any gcc2 internal prototype to avoid an error.  */
| #ifdef __cplusplus
| extern "C"
| #endif
| /* We use char because int might match the return type of a gcc2
|    builtin and then its argument prototype would still apply.  */
| char cairo_xlib_surface_create ();
| int
| main ()
| {
| cairo_xlib_surface_create ();
|   ;
|   return 0;
| }
configure:21869: result: no
configure:21887: checking for cairo_win32_scaled_font_select_font in -lcairo
configure:21917: mipsel-linux-gcc -o conftest -g -O2 -Wall  -L/opt/mipsel-linux-uclibc/usr/lib -lxml2 -L/opt/mipsel-linux-uclibc/usr/lib -lcairo   conftest.c -lcairo   >&5
/tmp/ccGj3OVn.o: In function `main':
/media/Data/dingoo/dingux/dev/openwrt/trunk/build_dir/target-_-/pango-1.16.4/conftest.c:47: undefined reference to `cairo_win32_scaled_font_select_font'
collect2: ld returned 1 exit status
configure:21923: $? = 1
configure: failed program was:
| /* confdefs.h.  */
| 
| #define PACKAGE_NAME "pango"
| #define PACKAGE_TARNAME "pango"
| #define PACKAGE_VERSION "1.16.4"
| #define PACKAGE_STRING "pango 1.16.4"
| #define PACKAGE_BUGREPORT "http://bugzilla.gnome.org/enter_bug.cgi?product=pango"
| #define PACKAGE "pango"
| #define VERSION "1.16.4"
| #define MODULE_VERSION "1.6.0"
| #define PANGO_BINARY_AGE 1604
| #define PANGO_INTERFACE_AGE 4
| #define PANGO_VERSION_MAJOR 1
| #define PANGO_VERSION_MINOR 16
| #define PANGO_VERSION_MICRO 4
| #ifdef __cplusplus
| extern "C" void exit (int) throw ();
| #endif
| #define STDC_HEADERS 1
| #define HAVE_SYS_TYPES_H 1
| #define HAVE_SYS_STAT_H 1
| #define HAVE_STDLIB_H 1
| #define HAVE_STRING_H 1
| #define HAVE_MEMORY_H 1
| #define HAVE_STRINGS_H 1
| #define HAVE_INTTYPES_H 1
| #define HAVE_STDINT_H 1
| #define HAVE_UNISTD_H 1
| #define HAVE_DLFCN_H 1
| #define X_DISPLAY_MISSING 1
| #define HAVE_FREETYPE 1
| #define HAVE_CAIRO_PNG 1
| #define HAVE_CAIRO_PS 1
| #define HAVE_CAIRO_PDF 1
| /* end confdefs.h.  */
| 
| /* Override any gcc2 internal prototype to avoid an error.  */
| #ifdef __cplusplus
| extern "C"
| #endif
| /* We use char because int might match the return type of a gcc2
|    builtin and then its argument prototype would still apply.  */
| char cairo_win32_scaled_font_select_font ();
| int
| main ()
| {
| cairo_win32_scaled_font_select_font ();
|   ;
|   return 0;
| }
configure:21949: result: no
configure:21966: checking for cairo_ft_scaled_font_lock_face in -lcairo
configure:21996: mipsel-linux-gcc -o conftest -g -O2 -Wall  -L/opt/mipsel-linux-uclibc/usr/lib -lxml2 -L/opt/mipsel-linux-uclibc/usr/lib -lcairo   conftest.c -lcairo   >&5
configure:22002: $? = 0
configure:22006: test -z 
			 || test ! -s conftest.err
configure:22009: $? = 0
configure:22012: test -s conftest
configure:22015: $? = 0
configure:22028: result: yes
configure:22045: checking for cairo_atsui_font_face_create_for_atsu_font_id in -lcairo
configure:22075: mipsel-linux-gcc -o conftest -g -O2 -Wall  -L/opt/mipsel-linux-uclibc/usr/lib -lxml2 -L/opt/mipsel-linux-uclibc/usr/lib -lcairo   conftest.c -lcairo   >&5
/tmp/ccUnwvDO.o: In function `main':
/media/Data/dingoo/dingux/dev/openwrt/trunk/build_dir/target-_-/pango-1.16.4/conftest.c:48: undefined reference to `cairo_atsui_font_face_create_for_atsu_font_id'
collect2: ld returned 1 exit status
configure:22081: $? = 1
configure: failed program was:
| /* confdefs.h.  */
| 
| #define PACKAGE_NAME "pango"
| #define PACKAGE_TARNAME "pango"
| #define PACKAGE_VERSION "1.16.4"
| #define PACKAGE_STRING "pango 1.16.4"
| #define PACKAGE_BUGREPORT "http://bugzilla.gnome.org/enter_bug.cgi?product=pango"
| #define PACKAGE "pango"
| #define VERSION "1.16.4"
| #define MODULE_VERSION "1.6.0"
| #define PANGO_BINARY_AGE 1604
| #define PANGO_INTERFACE_AGE 4
| #define PANGO_VERSION_MAJOR 1
| #define PANGO_VERSION_MINOR 16
| #define PANGO_VERSION_MICRO 4
| #ifdef __cplusplus
| extern "C" void exit (int) throw ();
| #endif
| #define STDC_HEADERS 1
| #define HAVE_SYS_TYPES_H 1
| #define HAVE_SYS_STAT_H 1
| #define HAVE_STDLIB_H 1
| #define HAVE_STRING_H 1
| #define HAVE_MEMORY_H 1
| #define HAVE_STRINGS_H 1
| #define HAVE_INTTYPES_H 1
| #define HAVE_STDINT_H 1
| #define HAVE_UNISTD_H 1
| #define HAVE_DLFCN_H 1
| #define X_DISPLAY_MISSING 1
| #define HAVE_FREETYPE 1
| #define HAVE_CAIRO_PNG 1
| #define HAVE_CAIRO_PS 1
| #define HAVE_CAIRO_PDF 1
| #define HAVE_CAIRO_FREETYPE 1
| /* end confdefs.h.  */
| 
| /* Override any gcc2 internal prototype to avoid an error.  */
| #ifdef __cplusplus
| extern "C"
| #endif
| /* We use char because int might match the return type of a gcc2
|    builtin and then its argument prototype would still apply.  */
| char cairo_atsui_font_face_create_for_atsu_font_id ();
| int
| main ()
| {
| cairo_atsui_font_face_create_for_atsu_font_id ();
|   ;
|   return 0;
| }
configure:22107: result: no
configure:22230: checking for GLIB
configure:22238: $PKG_CONFIG --exists --print-errors "$GLIB_MODULES"
configure:22241: $? = 0
configure:22256: $PKG_CONFIG --exists --print-errors "$GLIB_MODULES"
configure:22259: $? = 0
configure:22307: result: yes
configure:22330: checking for LIBTHAI
configure:22338: $PKG_CONFIG --exists --print-errors "libthai >= $LIBTHAI_REQUIRED_VERSION"
Package libthai was not found in the pkg-config search path.
Perhaps you should add the directory containing `libthai.pc'
to the PKG_CONFIG_PATH environment variable
No package 'libthai' found
configure:22341: $? = 1
configure:22356: $PKG_CONFIG --exists --print-errors "libthai >= $LIBTHAI_REQUIRED_VERSION"
Package libthai was not found in the pkg-config search path.
Perhaps you should add the directory containing `libthai.pc'
to the PKG_CONFIG_PATH environment variable
No package 'libthai' found
configure:22359: $? = 1
No package 'libthai' found
configure:22387: result: no
configure:22389: result: no
configure:22424: checking modules to link statically
configure:22440: result: 
configure:22456: checking dynamic modules to build
configure:22472: result: arabic-fc,arabic-lang,basic-fc,basic-win32,basic-x,basic-atsui,hangul-fc,hebrew-fc,indic-fc,indic-lang,khmer-fc,syriac-fc,thai-fc,tibetan-fc (those built into Pango will be excluded)
configure:22830: checking for flockfile
configure:22887: mipsel-linux-gcc -o conftest -g -O2 -Wall  -L/opt/mipsel-linux-uclibc/usr/lib -lxml2 conftest.c  >&5
configure:22893: $? = 0
configure:22897: test -z 
			 || test ! -s conftest.err
configure:22900: $? = 0
configure:22903: test -s conftest
configure:22906: $? = 0
configure:22918: result: yes
configure:22830: checking for strtok_r
configure:22887: mipsel-linux-gcc -o conftest -g -O2 -Wall  -L/opt/mipsel-linux-uclibc/usr/lib -lxml2 conftest.c  >&5
configure:22893: $? = 0
configure:22897: test -z 
			 || test ! -s conftest.err
configure:22900: $? = 0
configure:22903: test -s conftest
configure:22906: $? = 0
configure:22918: result: yes
configure:23290: checking Whether to write dependencies into .pc files
configure:23309: result: no
configure:23373: checking for dirent.h that defines DIR
configure:23397: mipsel-linux-gcc -c -g -O2 -Wall  conftest.c >&5
configure:23403: $? = 0
configure:23407: test -z 
			 || test ! -s conftest.err
configure:23410: $? = 0
configure:23413: test -s conftest.o
configure:23416: $? = 0
configure:23427: result: yes
configure:23440: checking for library containing opendir
configure:23470: mipsel-linux-gcc -o conftest -g -O2 -Wall  -L/opt/mipsel-linux-uclibc/usr/lib -lxml2 conftest.c  >&5
configure:23476: $? = 0
configure:23480: test -z 
			 || test ! -s conftest.err
configure:23483: $? = 0
configure:23486: test -s conftest
configure:23489: $? = 0
configure:23559: result: none required
configure:23700: checking for unistd.h
configure:23705: result: yes
configure:24351: creating ./config.status

## ---------------------- ##
## Running config.status. ##
## ---------------------- ##

This file was extended by pango config.status 1.16.4, which was
generated by GNU Autoconf 2.59.  Invocation command line was

  CONFIG_FILES    = 
  CONFIG_HEADERS  = 
  CONFIG_LINKS    = 
  CONFIG_COMMANDS = 
  $ ./config.status 

on Gforce

config.status:934: creating Makefile
config.status:934: creating pango/Makefile
config.status:934: creating pango/mini-fribidi/Makefile
config.status:934: creating pango/opentype/Makefile
config.status:934: creating pango/pango.rc
config.status:934: creating pango/pangoft2.rc
config.status:934: creating pango/pangowin32.rc
config.status:934: creating pango-view/Makefile
config.status:934: creating modules/Makefile
config.status:934: creating modules/arabic/Makefile
config.status:934: creating modules/basic/Makefile
config.status:934: creating modules/hangul/Makefile
config.status:934: creating modules/hebrew/Makefile
config.status:934: creating modules/indic/Makefile
config.status:934: creating modules/khmer/Makefile
config.status:934: creating modules/syriac/Makefile
config.status:934: creating modules/thai/Makefile
config.status:934: creating modules/tibetan/Makefile
config.status:934: creating examples/Makefile
config.status:934: creating docs/Makefile
config.status:934: creating docs/version.xml
config.status:934: creating tools/Makefile
config.status:934: creating tests/Makefile
config.status:934: creating pango.pc
config.status:934: creating pangox.pc
config.status:934: creating pangowin32.pc
config.status:934: creating pangoft2.pc
config.status:934: creating pangoxft.pc
config.status:934: creating pangocairo.pc
config.status:934: creating pango-uninstalled.pc
config.status:934: creating pangox-uninstalled.pc
config.status:934: creating pangowin32-uninstalled.pc
config.status:934: creating pangoft2-uninstalled.pc
config.status:934: creating pangoxft-uninstalled.pc
config.status:934: creating pangocairo-uninstalled.pc
config.status:934: creating pango-zip.sh
config.status:934: creating tests/runtests.sh
config.status:1042: creating config.h
config.status:1362: executing depfiles commands
config.status:1362: executing pango/module-defs.h commands
config.status:1362: executing pango/module-defs-x.c commands
config.status:1362: executing pango/module-defs-fc.c commands
config.status:1362: executing pango/module-defs-win32.c commands
config.status:1362: executing pango/module-defs-atsui.c commands
config.status:1362: executing pango/module-defs-lang.c commands
config.status:1362: executing pango/pango-features.h commands
config.status:1609: creating pango/pango-features.h
config.status:1629: pango/pango-features.h is unchanged

## ---------------- ##
## Cache variables. ##
## ---------------- ##

ac_cv_build=i686-pc-linux-gnu
ac_cv_build_alias=i686-pc-linux-gnu
ac_cv_c_compiler_gnu=yes
ac_cv_cxx_compiler_gnu=yes
ac_cv_env_CAIRO_CFLAGS_set=
ac_cv_env_CAIRO_CFLAGS_value=
ac_cv_env_CAIRO_LIBS_set=
ac_cv_env_CAIRO_LIBS_value=
ac_cv_env_CC_set=
ac_cv_env_CC_value=
ac_cv_env_CFLAGS_set=
ac_cv_env_CFLAGS_value=
ac_cv_env_CPPFLAGS_set=
ac_cv_env_CPPFLAGS_value=
ac_cv_env_CPP_set=
ac_cv_env_CPP_value=
ac_cv_env_CXXCPP_set=
ac_cv_env_CXXCPP_value=
ac_cv_env_CXXFLAGS_set=
ac_cv_env_CXXFLAGS_value=
ac_cv_env_CXX_set=
ac_cv_env_CXX_value=
ac_cv_env_F77_set=
ac_cv_env_F77_value=
ac_cv_env_FFLAGS_set=
ac_cv_env_FFLAGS_value=
ac_cv_env_FONTCONFIG_CFLAGS_set=
ac_cv_env_FONTCONFIG_CFLAGS_value=
ac_cv_env_FONTCONFIG_LIBS_set=
ac_cv_env_FONTCONFIG_LIBS_value=
ac_cv_env_GLIB_CFLAGS_set=
ac_cv_env_GLIB_CFLAGS_value=
ac_cv_env_GLIB_LIBS_set=
ac_cv_env_GLIB_LIBS_value=
ac_cv_env_LDFLAGS_set=set
ac_cv_env_LDFLAGS_value='-L/opt/mipsel-linux-uclibc/usr/lib -lxml2'
ac_cv_env_LIBTHAI_CFLAGS_set=
ac_cv_env_LIBTHAI_CFLAGS_value=
ac_cv_env_LIBTHAI_LIBS_set=
ac_cv_env_LIBTHAI_LIBS_value=
ac_cv_env_PKG_CONFIG_set=
ac_cv_env_PKG_CONFIG_value=
ac_cv_env_XFT_CFLAGS_set=
ac_cv_env_XFT_CFLAGS_value=
ac_cv_env_XFT_LIBS_set=
ac_cv_env_XFT_LIBS_value=
ac_cv_env_build_alias_set=
ac_cv_env_build_alias_value=
ac_cv_env_host_alias_set=set
ac_cv_env_host_alias_value=mipsel-linux
ac_cv_env_target_alias_set=
ac_cv_env_target_alias_value=
ac_cv_exeext=
ac_cv_f77_compiler_gnu=yes
ac_cv_func_flockfile=yes
ac_cv_func_strtok_r=yes
ac_cv_header_Carbon_Carbon_h=no
ac_cv_header_dirent_dirent_h=yes
ac_cv_header_dlfcn_h=yes
ac_cv_header_inttypes_h=yes
ac_cv_header_memory_h=yes
ac_cv_header_stdc=yes
ac_cv_header_stdint_h=yes
ac_cv_header_stdlib_h=yes
ac_cv_header_string_h=yes
ac_cv_header_strings_h=yes
ac_cv_header_sys_stat_h=yes
ac_cv_header_sys_types_h=yes
ac_cv_header_unistd_h=yes
ac_cv_host=mipsel-unknown-linux-gnu
ac_cv_host_alias=mipsel-linux
ac_cv_lib_cairo_cairo_atsui_font_face_create_for_atsu_font_id=no
ac_cv_lib_cairo_cairo_ft_scaled_font_lock_face=yes
ac_cv_lib_cairo_cairo_pdf_surface_create=yes
ac_cv_lib_cairo_cairo_ps_surface_create=yes
ac_cv_lib_cairo_cairo_surface_write_to_png=yes
ac_cv_lib_cairo_cairo_win32_scaled_font_select_font=no
ac_cv_lib_cairo_cairo_xlib_surface_create=no
ac_cv_lib_freetype_FT_Get_Next_Char=yes
ac_cv_objext=o
ac_cv_path_FREETYPE_CONFIG=/usr/bin/freetype-config
ac_cv_path_ac_pt_PKG_CONFIG=/usr/bin/pkg-config
ac_cv_path_install='/usr/bin/install -c'
ac_cv_prog_AR=mipsel-linux-ar
ac_cv_prog_AWK=gawk
ac_cv_prog_CC=mipsel-linux-gcc
ac_cv_prog_CPP='mipsel-linux-gcc -E'
ac_cv_prog_CXX=c++
ac_cv_prog_CXXCPP='c++ -E'
ac_cv_prog_PERL=perl
ac_cv_prog_RANLIB=mipsel-linux-ranlib
ac_cv_prog_STRIP=mipsel-linux-strip
ac_cv_prog_ac_ct_F77=f95
ac_cv_prog_cc_g=yes
ac_cv_prog_cc_stdc=
ac_cv_prog_cxx_g=yes
ac_cv_prog_egrep='grep -E'
ac_cv_prog_f77_g=yes
ac_cv_prog_make_make_set=yes
ac_cv_search_opendir='none required'
am_cv_CC_dependencies_compiler_type=gcc3
am_cv_CXX_dependencies_compiler_type=gcc3
lt_cv_deplibs_check_method=pass_all
lt_cv_file_magic_cmd='$MAGIC_CMD'
lt_cv_file_magic_test_file=
lt_cv_ld_reload_flag=-r
lt_cv_objdir=.libs
lt_cv_path_LD=/opt/mipsel-linux-uclibc/usr/mipsel-linux-uclibc/bin/ld
lt_cv_path_LDCXX=/opt/mipsel-linux-uclibc/usr/mipsel-linux-uclibc/bin/ld
lt_cv_path_NM='/opt/mipsel-linux-uclibc/usr/bin/mipsel-linux-nm -B'
lt_cv_path_SED=/bin/sed
lt_cv_prog_compiler_c_o=yes
lt_cv_prog_compiler_c_o_CXX=yes
lt_cv_prog_compiler_c_o_F77=yes
lt_cv_prog_compiler_rtti_exceptions=no
lt_cv_prog_gnu_ld=yes
lt_cv_prog_gnu_ldcxx=yes
lt_cv_sys_global_symbol_pipe='sed -n -e '\''s/^.*[ 	]\([ABCDGIRSTW][ABCDGIRSTW]*\)[ 	][ 	]*\([_A-Za-z][_A-Za-z0-9]*\)$/\1 \2 \2/p'\'''
lt_cv_sys_global_symbol_to_c_name_address='sed -n -e '\''s/^: \([^ ]*\) $/  {\"\1\", (lt_ptr) 0},/p'\'' -e '\''s/^[BCDEGRST] \([^ ]*\) \([^ ]*\)$/  {"\2", (lt_ptr) \&\2},/p'\'''
lt_cv_sys_global_symbol_to_cdecl='sed -n -e '\''s/^. .* \(.*\)$/extern int \1;/p'\'''
lt_cv_sys_max_cmd_len=32768
lt_lt_cv_prog_compiler_c_o='"yes"'
lt_lt_cv_prog_compiler_c_o_CXX='"yes"'
lt_lt_cv_prog_compiler_c_o_F77='"yes"'
lt_lt_cv_sys_global_symbol_pipe='"sed -n -e '\''s/^.*[ 	]\\([ABCDGIRSTW][ABCDGIRSTW]*\\)[ 	][ 	]*\\([_A-Za-z][_A-Za-z0-9]*\\)\$/\\1 \\2 \\2/p'\''"'
lt_lt_cv_sys_global_symbol_to_c_name_address='"sed -n -e '\''s/^: \\([^ ]*\\) \$/  {\\\"\\1\\\", (lt_ptr) 0},/p'\'' -e '\''s/^[BCDEGRST] \\([^ ]*\\) \\([^ ]*\\)\$/  {\"\\2\", (lt_ptr) \\&\\2},/p'\''"'
lt_lt_cv_sys_global_symbol_to_cdecl='"sed -n -e '\''s/^. .* \\(.*\\)\$/extern int \\1;/p'\''"'
pkg_cv_CAIRO_CFLAGS='-D_REENTRANT -I/opt/mipsel-linux-uclibc/usr/include/cairo -I/opt/mipsel-linux-uclibc/usr/include/pixman-1 -I/opt/mipsel-linux-uclibc/usr/include/freetype2 -I/opt/mipsel-linux-uclibc/usr/include -I/opt/mipsel-linux-uclibc/usr/include/directfb -I/usr/include/libpng12  '
pkg_cv_CAIRO_LIBS='-L/opt/mipsel-linux-uclibc/usr/lib -lcairo  '
pkg_cv_FONTCONFIG_CFLAGS='-I/opt/mipsel-linux-uclibc/usr/include  '
pkg_cv_FONTCONFIG_LIBS='-L/opt/mipsel-linux-uclibc/usr/lib -lfontconfig  '
pkg_cv_GLIB_CFLAGS='-I/opt/mipsel-linux-uclibc/usr/include/glib-2.0 -I/opt/mipsel-linux-uclibc/usr/lib/glib-2.0/include  '
pkg_cv_GLIB_LIBS='-L/opt/mipsel-linux-uclibc/usr/lib -lgobject-2.0 -lgmodule-2.0 -lglib-2.0 -lintl -liconv  '

## ----------------- ##
## Output variables. ##
## ----------------- ##

ACLOCAL='${SHELL} /media/Data/dingoo/dingux/dev/openwrt/trunk/build_dir/target-_-/pango-1.16.4/missing --run aclocal-1.9 '
AMDEPBACKSLASH='\'
AMDEP_FALSE='#'
AMDEP_TRUE=''
AMTAR='${SHELL} /media/Data/dingoo/dingux/dev/openwrt/trunk/build_dir/target-_-/pango-1.16.4/missing --run tar'
AR='mipsel-linux-ar'
AS='as'
AUTOCONF='${SHELL} /media/Data/dingoo/dingux/dev/openwrt/trunk/build_dir/target-_-/pango-1.16.4/missing --run autoconf'
AUTOHEADER='${SHELL} /media/Data/dingoo/dingux/dev/openwrt/trunk/build_dir/target-_-/pango-1.16.4/missing --run autoheader'
AUTOMAKE='${SHELL} /media/Data/dingoo/dingux/dev/openwrt/trunk/build_dir/target-_-/pango-1.16.4/missing --run automake-1.9'
AWK='gawk'
CAIRO_CFLAGS='-D_REENTRANT -I/opt/mipsel-linux-uclibc/usr/include/cairo -I/opt/mipsel-linux-uclibc/usr/include/pixman-1 -I/opt/mipsel-linux-uclibc/usr/include/freetype2 -I/opt/mipsel-linux-uclibc/usr/include -I/opt/mipsel-linux-uclibc/usr/include/directfb -I/usr/include/libpng12  '
CAIRO_LIBS='-L/opt/mipsel-linux-uclibc/usr/lib -lcairo  '
CAIRO_PREFIX='/opt/mipsel-linux-uclibc/usr'
CC='mipsel-linux-gcc'
CCDEPMODE='depmode=gcc3'
CFLAGS='-g -O2 -Wall'
CPP='mipsel-linux-gcc -E'
CPPFLAGS=''
CROSS_COMPILING_FALSE='#'
CROSS_COMPILING_TRUE=''
CXX='c++'
CXXCPP='c++ -E'
CXXDEPMODE='depmode=gcc3'
CXXFLAGS='-g -O2'
CYGPATH_W='echo'
DEFS='-DHAVE_CONFIG_H'
DEPDIR='.deps'
DISABLE_EXPLICIT_DEPS_FALSE='#'
DISABLE_EXPLICIT_DEPS_TRUE=''
DLLTOOL='dlltool'
DYNAMIC_ARABIC_FC_FALSE='#'
DYNAMIC_ARABIC_FC_TRUE=''
DYNAMIC_ARABIC_LANG_FALSE='#'
DYNAMIC_ARABIC_LANG_TRUE=''
DYNAMIC_BASIC_ATSUI_FALSE='#'
DYNAMIC_BASIC_ATSUI_TRUE=''
DYNAMIC_BASIC_FC_FALSE='#'
DYNAMIC_BASIC_FC_TRUE=''
DYNAMIC_BASIC_WIN32_FALSE='#'
DYNAMIC_BASIC_WIN32_TRUE=''
DYNAMIC_BASIC_X_FALSE='#'
DYNAMIC_BASIC_X_TRUE=''
DYNAMIC_HANGUL_FC_FALSE='#'
DYNAMIC_HANGUL_FC_TRUE=''
DYNAMIC_HEBREW_FC_FALSE='#'
DYNAMIC_HEBREW_FC_TRUE=''
DYNAMIC_INDIC_FC_FALSE='#'
DYNAMIC_INDIC_FC_TRUE=''
DYNAMIC_INDIC_LANG_FALSE='#'
DYNAMIC_INDIC_LANG_TRUE=''
DYNAMIC_KHMER_FC_FALSE='#'
DYNAMIC_KHMER_FC_TRUE=''
DYNAMIC_SYRIAC_FC_FALSE='#'
DYNAMIC_SYRIAC_FC_TRUE=''
DYNAMIC_THAI_FC_FALSE='#'
DYNAMIC_THAI_FC_TRUE=''
DYNAMIC_THAI_LANG_FALSE=''
DYNAMIC_THAI_LANG_TRUE='#'
DYNAMIC_TIBETAN_FC_FALSE='#'
DYNAMIC_TIBETAN_FC_TRUE=''
ECHO='echo'
ECHO_C=''
ECHO_N='-n'
ECHO_T=''
EGREP='grep -E'
ENABLE_DOC_CROSS_REFERENCES_FALSE='#'
ENABLE_DOC_CROSS_REFERENCES_TRUE=''
ENABLE_GTK_DOC_FALSE=''
ENABLE_GTK_DOC_TRUE='#'
ENABLE_MAN_FALSE=''
ENABLE_MAN_TRUE='#'
EXEEXT=''
F77='f95'
FFLAGS='-g -O2'
FONTCONFIG_CFLAGS='-I/opt/mipsel-linux-uclibc/usr/include  '
FONTCONFIG_LIBS='-L/opt/mipsel-linux-uclibc/usr/lib -lfontconfig  '
FREETYPE_CFLAGS='-I/opt/mipsel-linux-uclibc/usr/include   -I/usr/include/freetype2'
FREETYPE_CONFIG='/usr/bin/freetype-config'
FREETYPE_LIBS='-L/opt/mipsel-linux-uclibc/usr/lib -lfontconfig   -lfreetype -lz'
GLIB_CFLAGS='-pthread -I/opt/mipsel-linux-uclibc/usr/include/glib-2.0 -I/opt/mipsel-linux-uclibc/usr/lib/glib-2.0/include  '
GLIB_LIBS='-L/opt/mipsel-linux-uclibc/usr/lib -lgobject-2.0 -lgmodule-2.0 -lglib-2.0 -lintl -liconv  '
GLIB_PREFIX='/opt/mipsel-linux-uclibc/usr'
GTK_DOC_USE_LIBTOOL_FALSE='#'
GTK_DOC_USE_LIBTOOL_TRUE=''
HAVE_CAIRO_ATSUI_FALSE=''
HAVE_CAIRO_ATSUI_TRUE='#'
HAVE_CAIRO_FALSE='#'
HAVE_CAIRO_FREETYPE_FALSE='#'
HAVE_CAIRO_FREETYPE_TRUE=''
HAVE_CAIRO_PDF_FALSE='#'
HAVE_CAIRO_PDF_TRUE=''
HAVE_CAIRO_PNG_FALSE='#'
HAVE_CAIRO_PNG_TRUE=''
HAVE_CAIRO_PS_FALSE='#'
HAVE_CAIRO_PS_TRUE=''
HAVE_CAIRO_TRUE=''
HAVE_CAIRO_WIN32_FALSE=''
HAVE_CAIRO_WIN32_TRUE='#'
HAVE_CAIRO_XLIB_FALSE=''
HAVE_CAIRO_XLIB_TRUE='#'
HAVE_CXX_FALSE='#'
HAVE_CXX_TRUE=''
HAVE_DYNAMIC_MODULES_FALSE='#'
HAVE_DYNAMIC_MODULES_TRUE=''
HAVE_FREETYPE_FALSE='#'
HAVE_FREETYPE_TRUE=''
HAVE_INCLUDED_MODULES_FALSE=''
HAVE_INCLUDED_MODULES_TRUE='#'
HAVE_WIN32_FALSE=''
HAVE_WIN32_TRUE='#'
HAVE_XFT_FALSE=''
HAVE_XFT_TRUE='#'
HAVE_X_FALSE=''
HAVE_X_TRUE='#'
HTML_DIR='${datadir}/gtk-doc/html'
INCLUDED_ATSUI_MODULES=''
INCLUDED_FC_MODULES=''
INCLUDED_LANG_MODULES=''
INCLUDED_WIN32_MODULES=''
INCLUDED_X_MODULES=''
INCLUDE_ARABIC_FC_FALSE=''
INCLUDE_ARABIC_FC_TRUE='#'
INCLUDE_ARABIC_LANG_FALSE=''
INCLUDE_ARABIC_LANG_TRUE='#'
INCLUDE_BASIC_ATSUI_FALSE=''
INCLUDE_BASIC_ATSUI_TRUE='#'
INCLUDE_BASIC_FC_FALSE=''
INCLUDE_BASIC_FC_TRUE='#'
INCLUDE_BASIC_WIN32_FALSE=''
INCLUDE_BASIC_WIN32_TRUE='#'
INCLUDE_BASIC_X_FALSE=''
INCLUDE_BASIC_X_TRUE='#'
INCLUDE_HANGUL_FC_FALSE=''
INCLUDE_HANGUL_FC_TRUE='#'
INCLUDE_HEBREW_FC_FALSE=''
INCLUDE_HEBREW_FC_TRUE='#'
INCLUDE_INDIC_FC_FALSE=''
INCLUDE_INDIC_FC_TRUE='#'
INCLUDE_INDIC_LANG_FALSE=''
INCLUDE_INDIC_LANG_TRUE='#'
INCLUDE_KHMER_FC_FALSE=''
INCLUDE_KHMER_FC_TRUE='#'
INCLUDE_SYRIAC_FC_FALSE=''
INCLUDE_SYRIAC_FC_TRUE='#'
INCLUDE_THAI_FC_FALSE=''
INCLUDE_THAI_FC_TRUE='#'
INCLUDE_THAI_LANG_FALSE=''
INCLUDE_THAI_LANG_TRUE='#'
INCLUDE_TIBETAN_FC_FALSE=''
INCLUDE_TIBETAN_FC_TRUE='#'
INSTALL_DATA='${INSTALL} -m 644'
INSTALL_PROGRAM='${INSTALL}'
INSTALL_SCRIPT='${INSTALL}'
INSTALL_STRIP_PROGRAM='${SHELL} $(install_sh) -c -s'
LDFLAGS='-L/opt/mipsel-linux-uclibc/usr/lib -lxml2'
LIBOBJS=''
LIBRARY_LIBTOOL_OPTIONS='-version-info 1600:4:1600 -export-symbols-regex "^pango_.*"'
LIBS=''
LIBTHAI_CFLAGS=''
LIBTHAI_LIBS=''
LIBTOOL='$(SHELL) $(top_builddir)/libtool'
LN_S='ln -s'
LTLIBOBJS=''
MAKEINFO='${SHELL} /media/Data/dingoo/dingux/dev/openwrt/trunk/build_dir/target-_-/pango-1.16.4/missing --run makeinfo'
MODULE_LIBTOOL_OPTIONS='-export-dynamic -avoid-version -export-symbols-regex "^script_engine_.*"'
MS_LIB_AVAILABLE_FALSE=''
MS_LIB_AVAILABLE_TRUE='#'
OBJDUMP='objdump'
OBJEXT='o'
OS_WIN32_FALSE=''
OS_WIN32_TRUE='#'
PACKAGE='pango'
PACKAGE_BUGREPORT='http://bugzilla.gnome.org/enter_bug.cgi?product=pango'
PACKAGE_NAME='pango'
PACKAGE_STRING='pango 1.16.4'
PACKAGE_TARNAME='pango'
PACKAGE_VERSION='1.16.4'
PANGO_API_VERSION='1.0'
PANGO_BINARY_AGE='1604'
PANGO_CURRENT_MINUS_AGE='0'
PANGO_DEBUG_FLAGS='-DG_DISABLE_CAST_CHECKS'
PANGO_INTERFACE_AGE='4'
PANGO_MODULE_VERSION='1.6.0'
PANGO_VERSION='1.16.4'
PANGO_VERSION_MAJOR='1'
PANGO_VERSION_MICRO='4'
PANGO_VERSION_MINOR='16'
PATH_SEPARATOR=':'
PERL='perl'
PKGCONFIG_CAIRO_LIBS=''
PKGCONFIG_CAIRO_REQUIRES=''
PKGCONFIG_FREETYPE_LIBS=''
PKGCONFIG_MATH_LIBS=''
PKGCONFIG_XFT_LIBS=''
PKGCONFIG_X_LIBS=''
PKG_CONFIG='/usr/bin/pkg-config'
PLATFORM_WIN32_FALSE=''
PLATFORM_WIN32_TRUE='#'
RANLIB='mipsel-linux-ranlib'
REBUILD=''
SED='/bin/sed'
SET_MAKE=''
SHELL='/bin/bash'
STRIP='mipsel-linux-strip'
VERSION='1.16.4'
WIN32_LIBS=''
WINDRES=''
XFT_CFLAGS=''
XFT_LIBS=''
XMLCATALOG=''
XML_CATALOG_FILE=''
XSLTPROC=''
X_CFLAGS=''
X_EXTRA_LIBS=''
X_LIBS=''
X_PRE_LIBS=''
ac_ct_AR=''
ac_ct_AS=''
ac_ct_CC=''
ac_ct_CXX=''
ac_ct_DLLTOOL=''
ac_ct_F77='f95'
ac_ct_OBJDUMP=''
ac_ct_RANLIB=''
ac_ct_STRIP=''
ac_ct_WINDRES=''
ac_pt_PKG_CONFIG='/usr/bin/pkg-config'
am__fastdepCC_FALSE='#'
am__fastdepCC_TRUE=''
am__fastdepCXX_FALSE='#'
am__fastdepCXX_TRUE=''
am__include='include'
am__leading_dot='.'
am__quote=''
am__tar='${AMTAR} chof - "$$tardir"'
am__untar='${AMTAR} xf -'
bindir='${exec_prefix}/bin'
build='i686-pc-linux-gnu'
build_alias=''
build_cpu='i686'
build_os='linux-gnu'
build_vendor='pc'
datadir='${prefix}/share'
exec_prefix='${prefix}'
host='mipsel-unknown-linux-gnu'
host_alias='mipsel-linux'
host_cpu='mipsel'
host_os='linux-gnu'
host_vendor='unknown'
includedir='${prefix}/include'
infodir='${prefix}/info'
install_sh='/media/Data/dingoo/dingux/dev/openwrt/trunk/build_dir/target-_-/pango-1.16.4/install-sh'
libdir='${exec_prefix}/lib'
libexecdir='${exec_prefix}/libexec'
localstatedir='${prefix}/var'
mandir='${prefix}/man'
mkdir_p='mkdir -p --'
ms_librarian=''
oldincludedir='/usr/include'
prefix='/opt/mipsel-linux-uclibc/usr'
program_transform_name='s,x,x,'
sbindir='${exec_prefix}/sbin'
sharedstatedir='${prefix}/com'
sysconfdir='${prefix}/etc'
target_alias=''

## ----------- ##
## confdefs.h. ##
## ----------- ##

#define HAVE_CAIRO_FREETYPE 1
#define HAVE_CAIRO_PDF 1
#define HAVE_CAIRO_PNG 1
#define HAVE_CAIRO_PS 1
#define HAVE_DIRENT_H 1
#define HAVE_DLFCN_H 1
#define HAVE_FLOCKFILE 1
#define HAVE_FREETYPE 1
#define HAVE_INTTYPES_H 1
#define HAVE_MEMORY_H 1
#define HAVE_STDINT_H 1
#define HAVE_STDLIB_H 1
#define HAVE_STRINGS_H 1
#define HAVE_STRING_H 1
#define HAVE_STRTOK_R 1
#define HAVE_SYS_STAT_H 1
#define HAVE_SYS_TYPES_H 1
#define HAVE_UNISTD_H 1
#define HAVE_UNISTD_H 1
#define MODULE_VERSION "1.6.0"
#define PACKAGE "pango"
#define PACKAGE_BUGREPORT "http://bugzilla.gnome.org/enter_bug.cgi?product=pango"
#define PACKAGE_NAME "pango"
#define PACKAGE_STRING "pango 1.16.4"
#define PACKAGE_TARNAME "pango"
#define PACKAGE_VERSION "1.16.4"
#define PANGO_BINARY_AGE 1604
#define PANGO_INTERFACE_AGE 4
#define PANGO_VERSION_MAJOR 1
#define PANGO_VERSION_MICRO 4
#define PANGO_VERSION_MINOR 16
#define STDC_HEADERS 1
#define VERSION "1.16.4"
#define X_DISPLAY_MISSING 1
#endif
#ifdef __cplusplus
extern "C" void exit (int) throw ();

configure: exit 0
