This file contains any messages produced by compilers while
running configure, to aid debugging if configure makes a mistake.

It was created by configure, which was
generated by GNU Autoconf 2.61.  Invocation command line was

  $ ./configure --prefix=/opt/mipsel-linux-uclibc/usr --host=mipsel-linux --target=mipsel-linux host_alias=mipsel-linux target_alias=mipsel-linux --cache-file=/dev/null --srcdir=.

## --------- ##
## Platform. ##
## --------- ##

hostname = Gforce
uname -m = i686
uname -r = 2.6.31-16-generic
uname -s = Linux
uname -v = #52-Ubuntu SMP Thu Dec 3 22:00:22 UTC 2009

/usr/bin/uname -p = unknown
/bin/uname -X     = unknown

/bin/arch              = unknown
/usr/bin/arch -k       = unknown
/usr/convex/getsysinfo = unknown
/usr/bin/hostinfo      = unknown
/bin/machine           = unknown
/usr/bin/oslevel       = unknown
/bin/universe          = unknown

PATH: /usr/local/sbin
PATH: /usr/local/bin
PATH: /usr/sbin
PATH: /usr/bin
PATH: /sbin
PATH: /bin
PATH: /usr/games
PATH: /opt/mipsel-linux-uclibc/usr/bin


## ----------- ##
## Core tests. ##
## ----------- ##

configure:1696: checking for a BSD-compatible install
configure:1752: result: /usr/bin/install -c
configure:1763: checking whether build environment is sane
configure:1806: result: yes
configure:1834: checking for a thread-safe mkdir -p
configure:1873: result: /bin/mkdir -p
configure:1886: checking for gawk
configure:1902: found /usr/bin/gawk
configure:1913: result: gawk
configure:1924: checking whether make sets $(MAKE)
configure:1945: result: yes
configure:2025: checking for mipsel-linux-strip
configure:2041: found /opt/mipsel-linux-uclibc/usr/bin/mipsel-linux-strip
configure:2052: result: mipsel-linux-strip
configure:2137: checking whether NLS is requested
configure:2146: result: yes
configure:2184: checking for msgfmt
configure: trying /usr/bin/msgfmt...
0 translated messages.
configure:2216: result: /usr/bin/msgfmt
configure:2225: checking for gmsgfmt
configure:2256: result: /usr/bin/msgfmt
configure:2307: checking for xgettext
configure: trying /usr/bin/xgettext...
/usr/bin/xgettext: warning: file `/dev/null' extension `' is unknown; will try C
configure:2339: result: /usr/bin/xgettext
configure:2385: checking for msgmerge
configure: trying /usr/bin/msgmerge...
configure:2416: result: /usr/bin/msgmerge
configure:2571: creating ./config.status

## ---------------------- ##
## Running config.status. ##
## ---------------------- ##

This file was extended by config.status, which was
generated by GNU Autoconf 2.61.  Invocation command line was

  CONFIG_FILES    = 
  CONFIG_HEADERS  = 
  CONFIG_LINKS    = 
  CONFIG_COMMANDS = 
  $ ./config.status 

on Gforce

config.status:616: creating Makefile
config.status:616: creating installpaths
config.status:616: creating po/Makefile
config.status:807: executing po-directories commands

## ---------------- ##
## Cache variables. ##
## ---------------- ##

ac_cv_env_build_alias_set=
ac_cv_env_build_alias_value=
ac_cv_env_host_alias_set=set
ac_cv_env_host_alias_value=mipsel-linux
ac_cv_env_target_alias_set=set
ac_cv_env_target_alias_value=mipsel-linux
ac_cv_path_GMSGFMT=/usr/bin/msgfmt
ac_cv_path_MSGFMT=/usr/bin/msgfmt
ac_cv_path_MSGMERGE=/usr/bin/msgmerge
ac_cv_path_XGETTEXT=/usr/bin/xgettext
ac_cv_path_install='/usr/bin/install -c'
ac_cv_path_mkdir=/bin/mkdir
ac_cv_prog_AWK=gawk
ac_cv_prog_STRIP=mipsel-linux-strip
ac_cv_prog_make_make_set=yes

## ----------------- ##
## Output variables. ##
## ----------------- ##

ACLOCAL='${SHELL} /media/Data/dingoo/dingux/dev/openwrt/trunk/build_dir/target-_-/gettext-0.16.1/build-aux/missing --run aclocal-1.10'
AMTAR='${SHELL} /media/Data/dingoo/dingux/dev/openwrt/trunk/build_dir/target-_-/gettext-0.16.1/build-aux/missing --run tar'
AUTOCONF='${SHELL} /media/Data/dingoo/dingux/dev/openwrt/trunk/build_dir/target-_-/gettext-0.16.1/build-aux/missing --run autoconf'
AUTOHEADER='${SHELL} /media/Data/dingoo/dingux/dev/openwrt/trunk/build_dir/target-_-/gettext-0.16.1/build-aux/missing --run autoheader'
AUTOMAKE='${SHELL} /media/Data/dingoo/dingux/dev/openwrt/trunk/build_dir/target-_-/gettext-0.16.1/build-aux/missing --run automake-1.10'
AWK='gawk'
CYGPATH_W='echo'
DEFS='-DPACKAGE_NAME=\"\" -DPACKAGE_TARNAME=\"\" -DPACKAGE_VERSION=\"\" -DPACKAGE_STRING=\"\" -DPACKAGE_BUGREPORT=\"\" -DPACKAGE=\"gettext-examples\" -DVERSION=\"0.16.1\"'
ECHO_C=''
ECHO_N='-n'
ECHO_T=''
GMSGFMT='/usr/bin/msgfmt'
GMSGFMT_015='/usr/bin/msgfmt'
INSTALL_DATA='${INSTALL} -m 644'
INSTALL_PROGRAM='${INSTALL}'
INSTALL_SCRIPT='${INSTALL}'
INSTALL_STRIP_PROGRAM='$(install_sh) -c -s'
LIBOBJS=''
LIBS=''
LTLIBOBJS=''
MAKEINFO='${SHELL} /media/Data/dingoo/dingux/dev/openwrt/trunk/build_dir/target-_-/gettext-0.16.1/build-aux/missing --run makeinfo'
MSGFMT='/usr/bin/msgfmt'
MSGFMT_015='/usr/bin/msgfmt'
MSGMERGE='/usr/bin/msgmerge'
PACKAGE='gettext-examples'
PACKAGE_BUGREPORT=''
PACKAGE_NAME=''
PACKAGE_STRING=''
PACKAGE_TARNAME=''
PACKAGE_VERSION=''
PATH_SEPARATOR=':'
SET_MAKE=''
SHELL='/bin/bash'
STRIP='mipsel-linux-strip'
USE_NLS='yes'
VERSION='0.16.1'
XGETTEXT='/usr/bin/xgettext'
XGETTEXT_015='/usr/bin/xgettext'
aclocaldir='${datadir}/aclocal'
am__isrc=''
am__leading_dot='.'
am__tar='${AMTAR} chof - "$$tardir"'
am__untar='${AMTAR} xf -'
bindir='${exec_prefix}/bin'
build_alias=''
datadir='${datarootdir}'
datarootdir='${prefix}/share'
docdir='${datarootdir}/doc/gettext'
dvidir='${docdir}'
exec_prefix='${prefix}'
host_alias='mipsel-linux'
htmldir='${docdir}'
includedir='${prefix}/include'
infodir='${datarootdir}/info'
install_sh='$(SHELL) /media/Data/dingoo/dingux/dev/openwrt/trunk/build_dir/target-_-/gettext-0.16.1/build-aux/install-sh'
libdir='${exec_prefix}/lib'
libexecdir='${exec_prefix}/libexec'
localedir='${datarootdir}/locale'
localstatedir='${prefix}/var'
mandir='${datarootdir}/man'
mkdir_p='/bin/mkdir -p'
oldincludedir='/usr/include'
pdfdir='${docdir}'
prefix='/opt/mipsel-linux-uclibc/usr'
program_transform_name='s,x,x,'
psdir='${docdir}'
sbindir='${exec_prefix}/sbin'
sharedstatedir='${prefix}/com'
sysconfdir='${prefix}/etc'
target_alias='mipsel-linux'

## ----------- ##
## confdefs.h. ##
## ----------- ##

#define PACKAGE_NAME ""
#define PACKAGE_TARNAME ""
#define PACKAGE_VERSION ""
#define PACKAGE_STRING ""
#define PACKAGE_BUGREPORT ""
#define PACKAGE "gettext-examples"
#define VERSION "0.16.1"

configure: exit 0
