This file contains any messages produced by compilers while
running configure, to aid debugging if configure makes a mistake.

It was created by gtk+ configure 2.17.0, which was
generated by GNU Autoconf 2.63.  Invocation command line was

  $ ./configure --prefix=/opt/mipsel-linux-uclibc/usr --host=mipsel-linux --with-gdktarget=directfb --without-x CFLAGS=-I/opt/mipsel-linux-uclibc/usr/include LDFLAGS=-L/opt/mipsel-linux-uclibc/usr/lib

## --------- ##
## Platform. ##
## --------- ##

hostname = Gforce
uname -m = i686
uname -r = 2.6.31-15-generic
uname -s = Linux
uname -v = #50-Ubuntu SMP Tue Nov 10 14:54:29 UTC 2009

/usr/bin/uname -p = unknown
/bin/uname -X     = unknown

/bin/arch              = unknown
/usr/bin/arch -k       = unknown
/usr/convex/getsysinfo = unknown
/usr/bin/hostinfo      = unknown
/bin/machine           = unknown
/usr/bin/oslevel       = unknown
/bin/universe          = unknown

PATH: /usr/local/sbin
PATH: /usr/local/bin
PATH: /usr/sbin
PATH: /usr/bin
PATH: /sbin
PATH: /bin
PATH: /usr/games
PATH: /opt/mipsel-linux-uclibc/usr/bin


## ----------- ##
## Core tests. ##
## ----------- ##

configure:2392: checking for a BSD-compatible install
configure:2460: result: /usr/bin/install -c
configure:2471: checking whether build environment is sane
configure:2514: result: yes
configure:2544: checking for gawk
configure:2560: found /usr/bin/gawk
configure:2571: result: gawk
configure:2582: checking whether make sets $(MAKE)
configure:2604: result: yes
configure:2674: checking for mipsel-linux-strip
configure:2690: found /opt/mipsel-linux-uclibc/usr/bin/mipsel-linux-strip
configure:2701: result: mipsel-linux-strip
configure:2855: checking build system type
configure:2873: result: i686-pc-linux-gnu
configure:2895: checking host system type
configure:2910: result: mipsel-unknown-linux-gnu
configure:2934: checking for native Win32
configure:2952: result: no
configure:2971: checking for mipsel-linux-gcc
configure:2987: found /opt/mipsel-linux-uclibc/usr/bin/mipsel-linux-gcc
configure:2998: result: mipsel-linux-gcc
configure:3270: checking for C compiler version
configure:3278: mipsel-linux-gcc --version >&5
mipsel-linux-gcc (GCC) 4.3.3
Copyright (C) 2008 Free Software Foundation, Inc.
This is free software; see the source for copying conditions.  There is NO
warranty; not even for MERCHANTABILITY or FITNESS FOR A PARTICULAR PURPOSE.

configure:3282: $? = 0
configure:3289: mipsel-linux-gcc -v >&5
Using built-in specs.
Target: mipsel-linux-uclibc
Configured with: /home/iggarpe/A320/dev/dingoo-linux/buildroot-2009.05/toolchain_build_mipsel/gcc-4.3.3/configure --prefix=/usr --build=i386-pc-linux-gnu --host=i386-pc-linux-gnu --target=mipsel-linux-uclibc --enable-languages=c,c++ --with-sysroot=/opt/mipsel-linux-uclibc --with-build-time-tools=/opt/mipsel-linux-uclibc/usr/mipsel-linux-uclibc/bin --disable-__cxa_atexit --enable-target-optspace --with-gnu-ld --disable-libssp --disable-tls --enable-shared --with-gmp=/home/iggarpe/A320/dev/dingoo-linux/buildroot-2009.05/toolchain_build_mipsel/gmp --with-mpfr=/home/iggarpe/A320/dev/dingoo-linux/buildroot-2009.05/toolchain_build_mipsel/mpfr --disable-nls --enable-threads --disable-multilib --disable-decimal-float --with-float=soft --with-abi=32 --with-tune=mips1
Thread model: posix
gcc version 4.3.3 (GCC) 
configure:3293: $? = 0
configure:3300: mipsel-linux-gcc -V >&5
mipsel-linux-gcc: '-V' option must have argument
configure:3304: $? = 1
configure:3327: checking for C compiler default output file name
configure:3349: mipsel-linux-gcc -I/opt/mipsel-linux-uclibc/usr/include  -L/opt/mipsel-linux-uclibc/usr/lib conftest.c  >&5
configure:3353: $? = 0
configure:3391: result: a.out
configure:3410: checking whether the C compiler works
configure:3420: ./a.out
./configure: line 3422: ./a.out: cannot execute binary file
configure:3424: $? = 126
configure:3443: result: yes
configure:3450: checking whether we are cross compiling
configure:3452: result: yes
configure:3455: checking for suffix of executables
configure:3462: mipsel-linux-gcc -o conftest -I/opt/mipsel-linux-uclibc/usr/include  -L/opt/mipsel-linux-uclibc/usr/lib conftest.c  >&5
configure:3466: $? = 0
configure:3492: result: 
configure:3498: checking for suffix of object files
configure:3524: mipsel-linux-gcc -c -I/opt/mipsel-linux-uclibc/usr/include  conftest.c >&5
configure:3528: $? = 0
configure:3553: result: o
configure:3557: checking whether we are using the GNU C compiler
configure:3586: mipsel-linux-gcc -c -I/opt/mipsel-linux-uclibc/usr/include  conftest.c >&5
configure:3593: $? = 0
configure:3610: result: yes
configure:3619: checking whether mipsel-linux-gcc accepts -g
configure:3649: mipsel-linux-gcc -c -g  conftest.c >&5
configure:3656: $? = 0
configure:3757: result: yes
configure:3774: checking for mipsel-linux-gcc option to accept ISO C89
configure:3848: mipsel-linux-gcc  -c -I/opt/mipsel-linux-uclibc/usr/include  conftest.c >&5
configure:3855: $? = 0
configure:3878: result: none needed
configure:3907: checking for style of include used by make
configure:3935: result: GNU
configure:3963: checking dependency style of mipsel-linux-gcc
configure:4046: result: gcc3
configure:4100: checking for mipsel-linux-c++
configure:4116: found /opt/mipsel-linux-uclibc/usr/bin/mipsel-linux-c++
configure:4127: result: mipsel-linux-c++
configure:4315: checking for C++ compiler version
configure:4323: mipsel-linux-c++ --version >&5
mipsel-linux-c++ (GCC) 4.3.3
Copyright (C) 2008 Free Software Foundation, Inc.
This is free software; see the source for copying conditions.  There is NO
warranty; not even for MERCHANTABILITY or FITNESS FOR A PARTICULAR PURPOSE.

configure:4327: $? = 0
configure:4334: mipsel-linux-c++ -v >&5
Using built-in specs.
Target: mipsel-linux-uclibc
Configured with: /home/iggarpe/A320/dev/dingoo-linux/buildroot-2009.05/toolchain_build_mipsel/gcc-4.3.3/configure --prefix=/usr --build=i386-pc-linux-gnu --host=i386-pc-linux-gnu --target=mipsel-linux-uclibc --enable-languages=c,c++ --with-sysroot=/opt/mipsel-linux-uclibc --with-build-time-tools=/opt/mipsel-linux-uclibc/usr/mipsel-linux-uclibc/bin --disable-__cxa_atexit --enable-target-optspace --with-gnu-ld --disable-libssp --disable-tls --enable-shared --with-gmp=/home/iggarpe/A320/dev/dingoo-linux/buildroot-2009.05/toolchain_build_mipsel/gmp --with-mpfr=/home/iggarpe/A320/dev/dingoo-linux/buildroot-2009.05/toolchain_build_mipsel/mpfr --disable-nls --enable-threads --disable-multilib --disable-decimal-float --with-float=soft --with-abi=32 --with-tune=mips1
Thread model: posix
gcc version 4.3.3 (GCC) 
configure:4338: $? = 0
configure:4345: mipsel-linux-c++ -V >&5
mipsel-linux-c++: '-V' option must have argument
configure:4349: $? = 1
configure:4352: checking whether we are using the GNU C++ compiler
configure:4381: mipsel-linux-c++ -c   conftest.cpp >&5
configure:4388: $? = 0
configure:4405: result: yes
configure:4414: checking whether mipsel-linux-c++ accepts -g
configure:4444: mipsel-linux-c++ -c -g  conftest.cpp >&5
configure:4451: $? = 0
configure:4552: result: yes
configure:4577: checking dependency style of mipsel-linux-c++
configure:4660: result: gcc3
configure:4699: mipsel-linux-c++ -c -g -O2  conftest.cpp >&5
configure:4706: $? = 0
configure:4754: mipsel-linux-c++ -c -g -O2 -x objective-c++  conftest.cpp >&5
mipsel-linux-c++: language objective-c++ not recognized
mipsel-linux-c++: language objective-c++ not recognized
mipsel-linux-c++: conftest.cpp: linker input file unused because linking not done
configure:4761: $? = 0
configure: failed program was:
| /* confdefs.h.  */
| #define PACKAGE_NAME "gtk+"
| #define PACKAGE_TARNAME "gtk+"
| #define PACKAGE_VERSION "2.17.0"
| #define PACKAGE_STRING "gtk+ 2.17.0"
| #define PACKAGE_BUGREPORT "http://bugzilla.gnome.org/enter_bug.cgi?product=gtk%2B"
| #define GETTEXT_PACKAGE "gtk20"
| /* end confdefs.h.  */
| @interface Foo @end
| int
| main ()
| {
| 
|   ;
|   return 0;
| }
configure:5134: checking for a sed that does not truncate output
configure:5200: result: /bin/sed
configure:5218: checking for grep that handles long lines and -e
configure:5278: result: /bin/grep
configure:5283: checking for egrep
configure:5347: result: /bin/grep -E
configure:5352: checking for fgrep
configure:5416: result: /bin/grep -F
configure:5451: checking for ld used by mipsel-linux-gcc
configure:5518: result: /opt/mipsel-linux-uclibc/usr/mipsel-linux-uclibc/bin/ld
configure:5527: checking if the linker (/opt/mipsel-linux-uclibc/usr/mipsel-linux-uclibc/bin/ld) is GNU ld
configure:5542: result: yes
configure:5554: checking for BSD- or MS-compatible name lister (nm)
configure:5603: result: /opt/mipsel-linux-uclibc/usr/bin/mipsel-linux-nm -B
configure:5721: checking the name lister (/opt/mipsel-linux-uclibc/usr/bin/mipsel-linux-nm -B) interface
configure:5728: mipsel-linux-gcc -c -I/opt/mipsel-linux-uclibc/usr/include  conftest.c >&5
configure:5731: /opt/mipsel-linux-uclibc/usr/bin/mipsel-linux-nm -B "conftest.o"
configure:5734: output
00000000 B some_variable
configure:5741: result: BSD nm
configure:5744: checking whether ln -s works
configure:5748: result: yes
configure:5756: checking the maximum length of command line arguments
configure:5876: result: 1572864
configure:5893: checking whether the shell understands some XSI constructs
configure:5903: result: yes
configure:5907: checking whether the shell understands "+="
configure:5913: result: yes
configure:5948: checking for /opt/mipsel-linux-uclibc/usr/mipsel-linux-uclibc/bin/ld option to reload object files
configure:5955: result: -r
configure:5984: checking for mipsel-linux-objdump
configure:6011: result: objdump
configure:6080: checking how to recognize dependent libraries
configure:6276: result: pass_all
configure:6296: checking for mipsel-linux-ar
configure:6312: found /opt/mipsel-linux-uclibc/usr/bin/mipsel-linux-ar
configure:6323: result: mipsel-linux-ar
configure:6401: checking for mipsel-linux-strip
configure:6428: result: mipsel-linux-strip
configure:6500: checking for mipsel-linux-ranlib
configure:6516: found /opt/mipsel-linux-uclibc/usr/bin/mipsel-linux-ranlib
configure:6527: result: mipsel-linux-ranlib
configure:6657: checking command to parse /opt/mipsel-linux-uclibc/usr/bin/mipsel-linux-nm -B output from mipsel-linux-gcc object
configure:6775: mipsel-linux-gcc -c -I/opt/mipsel-linux-uclibc/usr/include  conftest.c >&5
configure:6778: $? = 0
configure:6782: /opt/mipsel-linux-uclibc/usr/bin/mipsel-linux-nm -B conftest.o \| sed -n -e 's/^.*[	 ]\([ABCDGIRSTW][ABCDGIRSTW]*\)[	 ][	 ]*\([_A-Za-z][_A-Za-z0-9]*\)$/\1 \2 \2/p' \> conftest.nm
configure:6785: $? = 0
configure:6839: mipsel-linux-gcc -o conftest -I/opt/mipsel-linux-uclibc/usr/include  -L/opt/mipsel-linux-uclibc/usr/lib conftest.c conftstm.o >&5
configure:6842: $? = 0
configure:6880: result: ok
configure:7747: checking how to run the C preprocessor
configure:7787: mipsel-linux-gcc -E  conftest.c
configure:7794: $? = 0
configure:7825: mipsel-linux-gcc -E  conftest.c
conftest.c:9:28: error: ac_nonexistent.h: No such file or directory
configure:7832: $? = 1
configure: failed program was:
| /* confdefs.h.  */
| #define PACKAGE_NAME "gtk+"
| #define PACKAGE_TARNAME "gtk+"
| #define PACKAGE_VERSION "2.17.0"
| #define PACKAGE_STRING "gtk+ 2.17.0"
| #define PACKAGE_BUGREPORT "http://bugzilla.gnome.org/enter_bug.cgi?product=gtk%2B"
| #define GETTEXT_PACKAGE "gtk20"
| /* end confdefs.h.  */
| #include <ac_nonexistent.h>
configure:7865: result: mipsel-linux-gcc -E
configure:7894: mipsel-linux-gcc -E  conftest.c
configure:7901: $? = 0
configure:7932: mipsel-linux-gcc -E  conftest.c
conftest.c:9:28: error: ac_nonexistent.h: No such file or directory
configure:7939: $? = 1
configure: failed program was:
| /* confdefs.h.  */
| #define PACKAGE_NAME "gtk+"
| #define PACKAGE_TARNAME "gtk+"
| #define PACKAGE_VERSION "2.17.0"
| #define PACKAGE_STRING "gtk+ 2.17.0"
| #define PACKAGE_BUGREPORT "http://bugzilla.gnome.org/enter_bug.cgi?product=gtk%2B"
| #define GETTEXT_PACKAGE "gtk20"
| /* end confdefs.h.  */
| #include <ac_nonexistent.h>
configure:7979: checking for ANSI C header files
configure:8009: mipsel-linux-gcc -c -I/opt/mipsel-linux-uclibc/usr/include  conftest.c >&5
configure:8016: $? = 0
configure:8147: result: yes
configure:8171: checking for sys/types.h
configure:8192: mipsel-linux-gcc -c -I/opt/mipsel-linux-uclibc/usr/include  conftest.c >&5
configure:8199: $? = 0
configure:8216: result: yes
configure:8171: checking for sys/stat.h
configure:8192: mipsel-linux-gcc -c -I/opt/mipsel-linux-uclibc/usr/include  conftest.c >&5
configure:8199: $? = 0
configure:8216: result: yes
configure:8171: checking for stdlib.h
configure:8192: mipsel-linux-gcc -c -I/opt/mipsel-linux-uclibc/usr/include  conftest.c >&5
configure:8199: $? = 0
configure:8216: result: yes
configure:8171: checking for string.h
configure:8192: mipsel-linux-gcc -c -I/opt/mipsel-linux-uclibc/usr/include  conftest.c >&5
configure:8199: $? = 0
configure:8216: result: yes
configure:8171: checking for memory.h
configure:8192: mipsel-linux-gcc -c -I/opt/mipsel-linux-uclibc/usr/include  conftest.c >&5
configure:8199: $? = 0
configure:8216: result: yes
configure:8171: checking for strings.h
configure:8192: mipsel-linux-gcc -c -I/opt/mipsel-linux-uclibc/usr/include  conftest.c >&5
configure:8199: $? = 0
configure:8216: result: yes
configure:8171: checking for inttypes.h
configure:8192: mipsel-linux-gcc -c -I/opt/mipsel-linux-uclibc/usr/include  conftest.c >&5
configure:8199: $? = 0
configure:8216: result: yes
configure:8171: checking for stdint.h
configure:8192: mipsel-linux-gcc -c -I/opt/mipsel-linux-uclibc/usr/include  conftest.c >&5
configure:8199: $? = 0
configure:8216: result: yes
configure:8171: checking for unistd.h
configure:8192: mipsel-linux-gcc -c -I/opt/mipsel-linux-uclibc/usr/include  conftest.c >&5
configure:8199: $? = 0
configure:8216: result: yes
configure:8234: checking for dlfcn.h
configure:8255: mipsel-linux-gcc -c -I/opt/mipsel-linux-uclibc/usr/include  conftest.c >&5
configure:8262: $? = 0
configure:8279: result: yes
configure:8406: checking for C++ compiler version
configure:8414: mipsel-linux-c++ --version >&5
mipsel-linux-c++ (GCC) 4.3.3
Copyright (C) 2008 Free Software Foundation, Inc.
This is free software; see the source for copying conditions.  There is NO
warranty; not even for MERCHANTABILITY or FITNESS FOR A PARTICULAR PURPOSE.

configure:8418: $? = 0
configure:8425: mipsel-linux-c++ -v >&5
Using built-in specs.
Target: mipsel-linux-uclibc
Configured with: /home/iggarpe/A320/dev/dingoo-linux/buildroot-2009.05/toolchain_build_mipsel/gcc-4.3.3/configure --prefix=/usr --build=i386-pc-linux-gnu --host=i386-pc-linux-gnu --target=mipsel-linux-uclibc --enable-languages=c,c++ --with-sysroot=/opt/mipsel-linux-uclibc --with-build-time-tools=/opt/mipsel-linux-uclibc/usr/mipsel-linux-uclibc/bin --disable-__cxa_atexit --enable-target-optspace --with-gnu-ld --disable-libssp --disable-tls --enable-shared --with-gmp=/home/iggarpe/A320/dev/dingoo-linux/buildroot-2009.05/toolchain_build_mipsel/gmp --with-mpfr=/home/iggarpe/A320/dev/dingoo-linux/buildroot-2009.05/toolchain_build_mipsel/mpfr --disable-nls --enable-threads --disable-multilib --disable-decimal-float --with-float=soft --with-abi=32 --with-tune=mips1
Thread model: posix
gcc version 4.3.3 (GCC) 
configure:8429: $? = 0
configure:8436: mipsel-linux-c++ -V >&5
mipsel-linux-c++: '-V' option must have argument
configure:8440: $? = 1
configure:8443: checking whether we are using the GNU C++ compiler
configure:8496: result: yes
configure:8505: checking whether mipsel-linux-c++ accepts -g
configure:8643: result: yes
configure:8668: checking dependency style of mipsel-linux-c++
configure:8751: result: gcc3
configure:8776: checking how to run the C++ preprocessor
configure:8812: mipsel-linux-c++ -E  conftest.cpp
configure:8819: $? = 0
configure:8850: mipsel-linux-c++ -E  conftest.cpp
conftest.cpp:20:28: error: ac_nonexistent.h: No such file or directory
configure:8857: $? = 1
configure: failed program was:
| /* confdefs.h.  */
| #define PACKAGE_NAME "gtk+"
| #define PACKAGE_TARNAME "gtk+"
| #define PACKAGE_VERSION "2.17.0"
| #define PACKAGE_STRING "gtk+ 2.17.0"
| #define PACKAGE_BUGREPORT "http://bugzilla.gnome.org/enter_bug.cgi?product=gtk%2B"
| #define GETTEXT_PACKAGE "gtk20"
| #define STDC_HEADERS 1
| #define HAVE_SYS_TYPES_H 1
| #define HAVE_SYS_STAT_H 1
| #define HAVE_STDLIB_H 1
| #define HAVE_STRING_H 1
| #define HAVE_MEMORY_H 1
| #define HAVE_STRINGS_H 1
| #define HAVE_INTTYPES_H 1
| #define HAVE_STDINT_H 1
| #define HAVE_UNISTD_H 1
| #define HAVE_DLFCN_H 1
| /* end confdefs.h.  */
| #include <ac_nonexistent.h>
configure:8890: result: mipsel-linux-c++ -E
configure:8919: mipsel-linux-c++ -E  conftest.cpp
configure:8926: $? = 0
configure:8957: mipsel-linux-c++ -E  conftest.cpp
conftest.cpp:20:28: error: ac_nonexistent.h: No such file or directory
configure:8964: $? = 1
configure: failed program was:
| /* confdefs.h.  */
| #define PACKAGE_NAME "gtk+"
| #define PACKAGE_TARNAME "gtk+"
| #define PACKAGE_VERSION "2.17.0"
| #define PACKAGE_STRING "gtk+ 2.17.0"
| #define PACKAGE_BUGREPORT "http://bugzilla.gnome.org/enter_bug.cgi?product=gtk%2B"
| #define GETTEXT_PACKAGE "gtk20"
| #define STDC_HEADERS 1
| #define HAVE_SYS_TYPES_H 1
| #define HAVE_SYS_STAT_H 1
| #define HAVE_STDLIB_H 1
| #define HAVE_STRING_H 1
| #define HAVE_MEMORY_H 1
| #define HAVE_STRINGS_H 1
| #define HAVE_INTTYPES_H 1
| #define HAVE_STDINT_H 1
| #define HAVE_UNISTD_H 1
| #define HAVE_DLFCN_H 1
| /* end confdefs.h.  */
| #include <ac_nonexistent.h>
configure:9145: checking for objdir
configure:9160: result: .libs
configure:9452: checking if mipsel-linux-gcc supports -fno-rtti -fno-exceptions
configure:9470: mipsel-linux-gcc -c -I/opt/mipsel-linux-uclibc/usr/include  -fno-rtti -fno-exceptions conftest.c >&5
cc1: warning: command line option "-fno-rtti" is valid for C++/ObjC++ but not for C
configure:9474: $? = 0
configure:9487: result: no
configure:9507: checking for mipsel-linux-gcc option to produce PIC
configure:9779: result: -fPIC -DPIC
configure:9791: checking if mipsel-linux-gcc PIC flag -fPIC -DPIC works
configure:9809: mipsel-linux-gcc -c -I/opt/mipsel-linux-uclibc/usr/include  -fPIC -DPIC -DPIC conftest.c >&5
configure:9813: $? = 0
configure:9826: result: yes
configure:9850: checking if mipsel-linux-gcc static flag -static works
configure:9878: result: yes
configure:9893: checking if mipsel-linux-gcc supports -c -o file.o
configure:9914: mipsel-linux-gcc -c -I/opt/mipsel-linux-uclibc/usr/include  -o out/conftest2.o conftest.c >&5
configure:9918: $? = 0
configure:9940: result: yes
configure:9948: checking if mipsel-linux-gcc supports -c -o file.o
configure:9995: result: yes
configure:10028: checking whether the mipsel-linux-gcc linker (/opt/mipsel-linux-uclibc/usr/mipsel-linux-uclibc/bin/ld) supports shared libraries
configure:11102: result: yes
configure:11139: checking whether -lc should be explicitly linked in
configure:11144: mipsel-linux-gcc -c -I/opt/mipsel-linux-uclibc/usr/include  conftest.c >&5
configure:11147: $? = 0
configure:11162: mipsel-linux-gcc -shared conftest.o  -v -Wl,-soname -Wl,conftest -o conftest 2\>\&1 \| /bin/grep  -lc  \>/dev/null 2\>\&1
configure:11165: $? = 0
configure:11177: result: no
configure:11341: checking dynamic linker characteristics
configure:11784: mipsel-linux-gcc -o conftest -I/opt/mipsel-linux-uclibc/usr/include  -L/opt/mipsel-linux-uclibc/usr/lib -Wl,-rpath -Wl,/foo conftest.c  >&5
configure:11791: $? = 0
configure:12027: result: GNU/Linux ld.so
configure:12129: checking how to hardcode library paths into programs
configure:12154: result: immediate
configure:12987: checking whether stripping libraries is possible
configure:12992: result: yes
configure:13027: checking if libtool supports shared libraries
configure:13029: result: yes
configure:13032: checking whether to build shared libraries
configure:13053: result: yes
configure:13056: checking whether to build static libraries
configure:13060: result: no
configure:13210: checking for ld used by mipsel-linux-c++
configure:13277: result: /opt/mipsel-linux-uclibc/usr/mipsel-linux-uclibc/bin/ld
configure:13286: checking if the linker (/opt/mipsel-linux-uclibc/usr/mipsel-linux-uclibc/bin/ld) is GNU ld
configure:13301: result: yes
configure:13356: checking whether the mipsel-linux-c++ linker (/opt/mipsel-linux-uclibc/usr/mipsel-linux-uclibc/bin/ld) supports shared libraries
configure:14331: result: yes
configure:14359: mipsel-linux-c++ -c -g -O2  conftest.cpp >&5
configure:14362: $? = 0
configure:14544: checking for mipsel-linux-c++ option to produce PIC
configure:14861: result: -fPIC -DPIC
configure:14870: checking if mipsel-linux-c++ PIC flag -fPIC -DPIC works
configure:14888: mipsel-linux-c++ -c -g -O2  -fPIC -DPIC -DPIC conftest.cpp >&5
configure:14892: $? = 0
configure:14905: result: yes
configure:14926: checking if mipsel-linux-c++ static flag -static works
configure:14954: result: yes
configure:14966: checking if mipsel-linux-c++ supports -c -o file.o
configure:14987: mipsel-linux-c++ -c -g -O2  -o out/conftest2.o conftest.cpp >&5
configure:14991: $? = 0
configure:15013: result: yes
configure:15018: checking if mipsel-linux-c++ supports -c -o file.o
configure:15065: result: yes
configure:15095: checking whether the mipsel-linux-c++ linker (/opt/mipsel-linux-uclibc/usr/mipsel-linux-uclibc/bin/ld) supports shared libraries
configure:15121: result: yes
configure:15258: checking dynamic linker characteristics
configure:15649: mipsel-linux-c++ -o conftest -g -O2  -L/opt/mipsel-linux-uclibc/usr/lib -Wl,-rpath -Wl,/foo conftest.cpp  >&5
configure:15656: $? = 0
configure:15892: result: GNU/Linux ld.so
configure:15943: checking how to hardcode library paths into programs
configure:15968: result: immediate
configure:16027: creating ./config.lt

## ------------------ ##
## Running config.lt. ##
## ------------------ ##
config.lt:606: creating libtool
configure:17593: checking for special C compiler options needed for large files
configure:17688: result: no
configure:17694: checking for _FILE_OFFSET_BITS value needed for large files
configure:17729: mipsel-linux-gcc -c -I/opt/mipsel-linux-uclibc/usr/include  conftest.c >&5
conftest.c:27: warning: left shift count >= width of type
conftest.c:27: warning: left shift count >= width of type
conftest.c:29: error: size of array 'off_t_is_large' is negative
configure:17736: $? = 1
configure: failed program was:
| /* confdefs.h.  */
| #define PACKAGE_NAME "gtk+"
| #define PACKAGE_TARNAME "gtk+"
| #define PACKAGE_VERSION "2.17.0"
| #define PACKAGE_STRING "gtk+ 2.17.0"
| #define PACKAGE_BUGREPORT "http://bugzilla.gnome.org/enter_bug.cgi?product=gtk%2B"
| #define GETTEXT_PACKAGE "gtk20"
| #define STDC_HEADERS 1
| #define HAVE_SYS_TYPES_H 1
| #define HAVE_SYS_STAT_H 1
| #define HAVE_STDLIB_H 1
| #define HAVE_STRING_H 1
| #define HAVE_MEMORY_H 1
| #define HAVE_STRINGS_H 1
| #define HAVE_INTTYPES_H 1
| #define HAVE_STDINT_H 1
| #define HAVE_UNISTD_H 1
| #define HAVE_DLFCN_H 1
| #define LT_OBJDIR ".libs/"
| /* end confdefs.h.  */
| #include <sys/types.h>
|  /* Check that off_t can represent 2**63 - 1 correctly.
|     We can't simply define LARGE_OFF_T to be 9223372036854775807,
|     since some C++ compilers masquerading as C compilers
|     incorrectly reject 9223372036854775807.  */
| #define LARGE_OFF_T (((off_t) 1 << 62) - 1 + ((off_t) 1 << 62))
|   int off_t_is_large[(LARGE_OFF_T % 2147483629 == 721
| 		       && LARGE_OFF_T % 2147483647 == 1)
| 		      ? 1 : -1];
| int
| main ()
| {
| 
|   ;
|   return 0;
| }
configure:17780: mipsel-linux-gcc -c -I/opt/mipsel-linux-uclibc/usr/include  conftest.c >&5
configure:17787: $? = 0
configure:17805: result: 64
configure:17952: checking for nm
configure:17983: result: /opt/mipsel-linux-uclibc/usr/bin/mipsel-linux-nm -B
configure:17992: checking whether to enable maintainer-specific portions of Makefiles
configure:18001: result: no
configure:18017: checking for some Win32 platform
configure:18027: result: no
configure:18323: checking whether build environment is sane
configure:18366: result: yes
configure:18370: checking for library containing strerror
configure:18411: mipsel-linux-gcc -o conftest -I/opt/mipsel-linux-uclibc/usr/include  -L/opt/mipsel-linux-uclibc/usr/lib conftest.c  >&5
configure:18418: $? = 0
configure:18449: result: none required
configure:18460: checking for mipsel-linux-gcc option to accept ANSI C
configure:18528: mipsel-linux-gcc  -c -I/opt/mipsel-linux-uclibc/usr/include  conftest.c >&5
configure:18535: $? = 0
configure:18555: result: none needed
configure:18580: checking for a BSD-compatible install
configure:18648: result: /usr/bin/install -c
configure:18659: checking whether make sets $(MAKE)
configure:18681: result: yes
configure:18766: checking for mipsel-linux-pkg-config
configure:18799: result: no
configure:18809: checking for pkg-config
configure:18827: found /usr/bin/pkg-config
configure:18839: result: /usr/bin/pkg-config
configure:18851: WARNING: using cross tools not prefixed with host triplet
configure:18864: checking pkg-config is at least version 0.9.0
configure:18867: result: yes
configure:18878: checking for BASE_DEPENDENCIES
configure:18885: $PKG_CONFIG --exists --print-errors "glib-2.0 >= 2.19.7    atk >= 1.13.0    pango >= 1.20    cairo >= 1.6"
Requested 'pango >= 1.20' but version of Pango is 1.16.4
configure:18888: $? = 1
configure:18901: $PKG_CONFIG --exists --print-errors "glib-2.0 >= 2.19.7    atk >= 1.13.0    pango >= 1.20    cairo >= 1.6"
Requested 'pango >= 1.20' but version of Pango is 1.16.4
configure:18904: $? = 1
Requested 'pango >= 1.20' but version of Pango is 1.16.4
configure:18941: error: Package requirements (glib-2.0 >= 2.19.7    atk >= 1.13.0    pango >= 1.20    cairo >= 1.6) were not met:

Requested 'pango >= 1.20' but version of Pango is 1.16.4

Consider adjusting the PKG_CONFIG_PATH environment variable if you
installed software in a non-standard prefix.

Alternatively, you may set the environment variables BASE_DEPENDENCIES_CFLAGS
and BASE_DEPENDENCIES_LIBS to avoid the need to call pkg-config.
See the pkg-config man page for more details.


## ---------------- ##
## Cache variables. ##
## ---------------- ##

ac_cv_build=i686-pc-linux-gnu
ac_cv_c_compiler_gnu=yes
ac_cv_cxx_compiler_gnu=yes
ac_cv_env_BASE_DEPENDENCIES_CFLAGS_set=
ac_cv_env_BASE_DEPENDENCIES_CFLAGS_value=
ac_cv_env_BASE_DEPENDENCIES_LIBS_set=
ac_cv_env_BASE_DEPENDENCIES_LIBS_value=
ac_cv_env_CCC_set=
ac_cv_env_CCC_value=
ac_cv_env_CC_set=
ac_cv_env_CC_value=
ac_cv_env_CFLAGS_set=set
ac_cv_env_CFLAGS_value=-I/opt/mipsel-linux-uclibc/usr/include
ac_cv_env_CPPFLAGS_set=
ac_cv_env_CPPFLAGS_value=
ac_cv_env_CPP_set=
ac_cv_env_CPP_value=
ac_cv_env_CXXCPP_set=
ac_cv_env_CXXCPP_value=
ac_cv_env_CXXFLAGS_set=
ac_cv_env_CXXFLAGS_value=
ac_cv_env_CXX_set=
ac_cv_env_CXX_value=
ac_cv_env_LDFLAGS_set=set
ac_cv_env_LDFLAGS_value=-L/opt/mipsel-linux-uclibc/usr/lib
ac_cv_env_LIBS_set=
ac_cv_env_LIBS_value=
ac_cv_env_PKG_CONFIG_set=
ac_cv_env_PKG_CONFIG_value=
ac_cv_env_XMKMF_set=
ac_cv_env_XMKMF_value=
ac_cv_env_build_alias_set=
ac_cv_env_build_alias_value=
ac_cv_env_host_alias_set=set
ac_cv_env_host_alias_value=mipsel-linux
ac_cv_env_target_alias_set=
ac_cv_env_target_alias_value=
ac_cv_header_dlfcn_h=yes
ac_cv_header_inttypes_h=yes
ac_cv_header_memory_h=yes
ac_cv_header_stdc=yes
ac_cv_header_stdint_h=yes
ac_cv_header_stdlib_h=yes
ac_cv_header_string_h=yes
ac_cv_header_strings_h=yes
ac_cv_header_sys_stat_h=yes
ac_cv_header_sys_types_h=yes
ac_cv_header_unistd_h=yes
ac_cv_host=mipsel-unknown-linux-gnu
ac_cv_objext=o
ac_cv_path_EGREP='/bin/grep -E'
ac_cv_path_FGREP='/bin/grep -F'
ac_cv_path_GREP=/bin/grep
ac_cv_path_NM='/opt/mipsel-linux-uclibc/usr/bin/mipsel-linux-nm -B'
ac_cv_path_SED=/bin/sed
ac_cv_path_ac_pt_PKG_CONFIG=/usr/bin/pkg-config
ac_cv_path_install='/usr/bin/install -c'
ac_cv_prog_AR=mipsel-linux-ar
ac_cv_prog_AWK=gawk
ac_cv_prog_CC=mipsel-linux-gcc
ac_cv_prog_CPP='mipsel-linux-gcc -E'
ac_cv_prog_CXX=mipsel-linux-c++
ac_cv_prog_CXXCPP='mipsel-linux-c++ -E'
ac_cv_prog_OBJDUMP=objdump
ac_cv_prog_RANLIB=mipsel-linux-ranlib
ac_cv_prog_STRIP=mipsel-linux-strip
ac_cv_prog_cc_c89=
ac_cv_prog_cc_g=yes
ac_cv_prog_cxx_g=yes
ac_cv_prog_make_make_set=yes
ac_cv_search_strerror='none required'
ac_cv_sys_file_offset_bits=64
ac_cv_sys_largefile_CC=no
am_cv_CC_dependencies_compiler_type=gcc3
am_cv_CXX_dependencies_compiler_type=gcc3
am_cv_prog_cc_stdc=
lt_cv_deplibs_check_method=pass_all
lt_cv_file_magic_cmd='$MAGIC_CMD'
lt_cv_file_magic_test_file=
lt_cv_ld_reload_flag=-r
lt_cv_nm_interface='BSD nm'
lt_cv_objdir=.libs
lt_cv_path_LD=/opt/mipsel-linux-uclibc/usr/mipsel-linux-uclibc/bin/ld
lt_cv_path_LDCXX=/opt/mipsel-linux-uclibc/usr/mipsel-linux-uclibc/bin/ld
lt_cv_path_NM='/opt/mipsel-linux-uclibc/usr/bin/mipsel-linux-nm -B'
lt_cv_prog_compiler_c_o=yes
lt_cv_prog_compiler_c_o_CXX=yes
lt_cv_prog_compiler_pic_works=yes
lt_cv_prog_compiler_pic_works_CXX=yes
lt_cv_prog_compiler_rtti_exceptions=no
lt_cv_prog_compiler_static_works=yes
lt_cv_prog_compiler_static_works_CXX=yes
lt_cv_prog_gnu_ld=yes
lt_cv_prog_gnu_ldcxx=yes
lt_cv_sys_global_symbol_pipe='sed -n -e '\''s/^.*[	 ]\([ABCDGIRSTW][ABCDGIRSTW]*\)[	 ][	 ]*\([_A-Za-z][_A-Za-z0-9]*\)$/\1 \2 \2/p'\'''
lt_cv_sys_global_symbol_to_c_name_address='sed -n -e '\''s/^: \([^ ]*\) $/  {\"\1\", (void *) 0},/p'\'' -e '\''s/^[ABCDGIRSTW]* \([^ ]*\) \([^ ]*\)$/  {"\2", (void *) \&\2},/p'\'''
lt_cv_sys_global_symbol_to_c_name_address_lib_prefix='sed -n -e '\''s/^: \([^ ]*\) $/  {\"\1\", (void *) 0},/p'\'' -e '\''s/^[ABCDGIRSTW]* \([^ ]*\) \(lib[^ ]*\)$/  {"\2", (void *) \&\2},/p'\'' -e '\''s/^[ABCDGIRSTW]* \([^ ]*\) \([^ ]*\)$/  {"lib\2", (void *) \&\2},/p'\'''
lt_cv_sys_global_symbol_to_cdecl='sed -n -e '\''s/^T .* \(.*\)$/extern int \1();/p'\'' -e '\''s/^[ABCDGIRSTW]* .* \(.*\)$/extern char \1;/p'\'''
lt_cv_sys_max_cmd_len=1572864

## ----------------- ##
## Output variables. ##
## ----------------- ##

ACLOCAL='${SHELL} /media/Data/dingoo/dingux/dev/openwrt/trunk/build_dir/target-_-/gtk+-2.17.0/missing --run aclocal-1.7 '
AMDEPBACKSLASH='\'
AMDEP_FALSE='#'
AMDEP_TRUE=''
AMTAR='${SHELL} /media/Data/dingoo/dingux/dev/openwrt/trunk/build_dir/target-_-/gtk+-2.17.0/missing --run tar'
AR='mipsel-linux-ar'
AS='as'
ATK_PREFIX=''
AUTOCONF='${SHELL} /media/Data/dingoo/dingux/dev/openwrt/trunk/build_dir/target-_-/gtk+-2.17.0/missing --run autoconf'
AUTOHEADER='${SHELL} /media/Data/dingoo/dingux/dev/openwrt/trunk/build_dir/target-_-/gtk+-2.17.0/missing --run autoheader'
AUTOMAKE='${SHELL} /media/Data/dingoo/dingux/dev/openwrt/trunk/build_dir/target-_-/gtk+-2.17.0/missing --run automake-1.7'
AWK='gawk'
BASE_DEPENDENCIES_CFLAGS=''
BASE_DEPENDENCIES_LIBS=''
BUILD_DYNAMIC_MODULES_FALSE=''
BUILD_DYNAMIC_MODULES_TRUE=''
BUILD_GDIPLUS_LOADERS_FALSE=''
BUILD_GDIPLUS_LOADERS_TRUE=''
CAIRO_PREFIX=''
CATALOGS=''
CATOBJEXT=''
CC='mipsel-linux-gcc'
CCAS='$(CC)'
CCASFLAGS='$(CFLAGS)'
CCDEPMODE='depmode=gcc3'
CFLAGS='-I/opt/mipsel-linux-uclibc/usr/include -Wall'
CPP='mipsel-linux-gcc -E'
CPPFLAGS=' -DG_DISABLE_SINGLE_INCLUDES -DATK_DISABLE_SINGLE_INCLUDES -DGDK_PIXBUF_DISABLE_SINGLE_INCLUDES -DGTK_DISABLE_SINGLE_INCLUDES'
CROSS_COMPILING_FALSE=''
CROSS_COMPILING_TRUE=''
CUPS_API_MAJOR=''
CUPS_API_MINOR=''
CUPS_CFLAGS=''
CUPS_CONFIG=''
CUPS_LIBS=''
CXX='mipsel-linux-c++'
CXXCPP='mipsel-linux-c++ -E'
CXXDEPMODE='depmode=gcc3'
CXXFLAGS='-g -O2'
CYGPATH_W='echo'
DATADIRNAME=''
DB2HTML=''
DEFS=''
DEPDIR='.deps'
DISABLE_EXPLICIT_DEPS_FALSE=''
DISABLE_EXPLICIT_DEPS_TRUE=''
DLLTOOL='dlltool'
DSYMUTIL=''
DUMPBIN=''
ECHO_C=''
ECHO_N='-n'
ECHO_T=''
EGREP='/bin/grep -E'
ENABLE_GTK_DOC_FALSE=''
ENABLE_GTK_DOC_TRUE=''
ENABLE_MAN_FALSE=''
ENABLE_MAN_TRUE=''
EXEEXT=''
FGREP='/bin/grep -F'
GAIL_INET_LIBS=''
GAIL_LT_CURRENT_MINUS_AGE='18'
GAIL_LT_VERSION_INFO='18:1:0'
GDK_DEP_CFLAGS=''
GDK_DEP_LIBS=''
GDK_EXTRA_CFLAGS=''
GDK_EXTRA_LIBS=''
GDK_PACKAGES=''
GDK_PIXBUF_CSOURCE=''
GDK_PIXBUF_DEP_CFLAGS=''
GDK_PIXBUF_DEP_LIBS=''
GDK_PIXBUF_EXTRA_CFLAGS=''
GDK_PIXBUF_EXTRA_LIBS=''
GDK_PIXBUF_MAJOR='2'
GDK_PIXBUF_MICRO='0'
GDK_PIXBUF_MINOR='17'
GDK_PIXBUF_PACKAGES=''
GDK_PIXBUF_VERSION='2.17.0'
GDK_PIXBUF_XLIB_DEP_CFLAGS=''
GDK_PIXBUF_XLIB_DEP_LIBS=''
GDK_PIXBUF_XLIB_EXTRA_CFLAGS=''
GDK_PIXBUF_XLIB_EXTRA_LIBS=''
GDK_PIXBUF_XLIB_PACKAGES=''
GDK_WLIBS=''
GETTEXT_PACKAGE='gtk20'
GLIB_CFLAGS=''
GLIB_GENMARSHAL=''
GLIB_LIBS=''
GLIB_MKENUMS=''
GLIB_PREFIX=''
GMOFILES=''
GMSGFMT=''
GOBJECT_QUERY=''
GREP='/bin/grep'
GTKDOC_CHECK=''
GTK_API_VERSION='2.0'
GTK_BINARY_AGE='1700'
GTK_BINARY_VERSION='2.10.0'
GTK_DEBUG_FLAGS='-DG_ENABLE_DEBUG -DG_ERRORCHECK_MUTEXES'
GTK_DEP_CFLAGS=''
GTK_DEP_LIBS=''
GTK_DOC_USE_LIBTOOL_FALSE=''
GTK_DOC_USE_LIBTOOL_TRUE=''
GTK_EXTRA_CFLAGS=''
GTK_EXTRA_LIBS=''
GTK_INTERFACE_AGE='0'
GTK_MAJOR_VERSION='2'
GTK_MICRO_VERSION='0'
GTK_MINOR_VERSION='17'
GTK_PACKAGES=''
GTK_UPDATE_ICON_CACHE=''
GTK_VERSION='2.17.0'
GTK_XIM_FLAGS=''
HAVE_CUPS_FALSE=''
HAVE_CUPS_TRUE=''
HAVE_CXX_FALSE='#'
HAVE_CXX_TRUE=''
HAVE_DOCBOOK_FALSE=''
HAVE_DOCBOOK_TRUE=''
HAVE_HTTP_AUTHSTRING=''
HAVE_INCLUDED_IMMMODULES_FALSE=''
HAVE_INCLUDED_IMMMODULES_TRUE=''
HAVE_JASPER_FALSE=''
HAVE_JASPER_TRUE=''
HAVE_JPEG_FALSE=''
HAVE_JPEG_TRUE=''
HAVE_OBJC_FALSE=''
HAVE_OBJC_TRUE='#'
HAVE_PNG_FALSE=''
HAVE_PNG_TRUE=''
HAVE_TIFF_FALSE=''
HAVE_TIFF_TRUE=''
HAVE_X11R6_FALSE=''
HAVE_X11R6_TRUE=''
HTML_DIR=''
INCLUDED_IMMODULE_DEFINE=''
INCLUDED_IMMODULE_OBJ=''
INCLUDED_LOADER_DEFINE=''
INCLUDED_LOADER_OBJ=''
INCLUDE_ANI_FALSE=''
INCLUDE_ANI_TRUE=''
INCLUDE_BMP_FALSE=''
INCLUDE_BMP_TRUE=''
INCLUDE_GDIPLUS_FALSE=''
INCLUDE_GDIPLUS_TRUE=''
INCLUDE_GIF_FALSE=''
INCLUDE_GIF_TRUE=''
INCLUDE_ICNS_FALSE=''
INCLUDE_ICNS_TRUE=''
INCLUDE_ICO_FALSE=''
INCLUDE_ICO_TRUE=''
INCLUDE_IM_AM_ET_FALSE=''
INCLUDE_IM_AM_ET_TRUE=''
INCLUDE_IM_CEDILLA_FALSE=''
INCLUDE_IM_CEDILLA_TRUE=''
INCLUDE_IM_CYRILLIC_TRANSLIT_FALSE=''
INCLUDE_IM_CYRILLIC_TRANSLIT_TRUE=''
INCLUDE_IM_IME_FALSE=''
INCLUDE_IM_IME_TRUE=''
INCLUDE_IM_INUKTITUT_FALSE=''
INCLUDE_IM_INUKTITUT_TRUE=''
INCLUDE_IM_IPA_FALSE=''
INCLUDE_IM_IPA_TRUE=''
INCLUDE_IM_MULTIPRESS_FALSE=''
INCLUDE_IM_MULTIPRESS_TRUE=''
INCLUDE_IM_THAI_FALSE=''
INCLUDE_IM_THAI_TRUE=''
INCLUDE_IM_TI_ER_FALSE=''
INCLUDE_IM_TI_ER_TRUE=''
INCLUDE_IM_TI_ET_FALSE=''
INCLUDE_IM_TI_ET_TRUE=''
INCLUDE_IM_VIQR_FALSE=''
INCLUDE_IM_VIQR_TRUE=''
INCLUDE_IM_XIM_FALSE=''
INCLUDE_IM_XIM_TRUE=''
INCLUDE_JASPER_FALSE=''
INCLUDE_JASPER_TRUE=''
INCLUDE_JPEG_FALSE=''
INCLUDE_JPEG_TRUE=''
INCLUDE_PCX_FALSE=''
INCLUDE_PCX_TRUE=''
INCLUDE_PNG_FALSE=''
INCLUDE_PNG_TRUE=''
INCLUDE_PNM_FALSE=''
INCLUDE_PNM_TRUE=''
INCLUDE_RAS_FALSE=''
INCLUDE_RAS_TRUE=''
INCLUDE_TGA_FALSE=''
INCLUDE_TGA_TRUE=''
INCLUDE_TIFF_FALSE=''
INCLUDE_TIFF_TRUE=''
INCLUDE_WBMP_FALSE=''
INCLUDE_WBMP_TRUE=''
INCLUDE_XBM_FALSE=''
INCLUDE_XBM_TRUE=''
INCLUDE_XPM_FALSE=''
INCLUDE_XPM_TRUE=''
INDENT=''
INSTALL_DATA='${INSTALL} -m 644'
INSTALL_PROGRAM='${INSTALL}'
INSTALL_SCRIPT='${INSTALL}'
INSTALL_STRIP_PROGRAM='${SHELL} $(install_sh) -c -s'
INSTOBJEXT=''
INTLLIBS=''
LD='/opt/mipsel-linux-uclibc/usr/mipsel-linux-uclibc/bin/ld'
LDFLAGS='-L/opt/mipsel-linux-uclibc/usr/lib'
LIBJASPER=''
LIBJPEG=''
LIBOBJS=''
LIBPNG=''
LIBS=''
LIBTIFF=''
LIBTOOL='$(SHELL) $(top_builddir)/libtool'
LIBTOOL_EXPORT_OPTIONS=''
LIB_EXE_MACHINE_FLAG='X86'
LIPO=''
LN_S='ln -s'
LTLIBOBJS=''
LT_CURRENT_MINUS_AGE='0'
LT_VERSION_INFO='1700:0:1700'
MAINT='#'
MAINTAINER_MODE_FALSE=''
MAINTAINER_MODE_TRUE='#'
MAKEINFO='${SHELL} /media/Data/dingoo/dingux/dev/openwrt/trunk/build_dir/target-_-/gtk+-2.17.0/missing --run makeinfo'
MKINSTALLDIRS=''
MSGFMT=''
MSGFMT_OPTS=''
MS_LIB_AVAILABLE_FALSE=''
MS_LIB_AVAILABLE_TRUE='#'
NM='/opt/mipsel-linux-uclibc/usr/bin/mipsel-linux-nm -B'
NMEDIT=''
OBJDUMP='objdump'
OBJEXT='o'
OS_LINUX_FALSE='#'
OS_LINUX_TRUE=''
OS_UNIX_FALSE='#'
OS_UNIX_TRUE=''
OS_WIN32_FALSE=''
OS_WIN32_TRUE='#'
OTOOL64=''
OTOOL=''
PACKAGE='gtk+'
PACKAGE_BUGREPORT='http://bugzilla.gnome.org/enter_bug.cgi?product=gtk%2B'
PACKAGE_NAME='gtk+'
PACKAGE_STRING='gtk+ 2.17.0'
PACKAGE_TARNAME='gtk+'
PACKAGE_VERSION='2.17.0'
PANGO_PREFIX=''
PATH_SEPARATOR=':'
PERL=''
PKG_CONFIG='/usr/bin/pkg-config'
PLATFORM_WIN32_FALSE=''
PLATFORM_WIN32_TRUE='#'
POFILES=''
POSUB=''
PO_IN_DATADIR_FALSE=''
PO_IN_DATADIR_TRUE=''
RANLIB='mipsel-linux-ranlib'
REBUILD=''
REBUILD_PNGS=''
SED='/bin/sed'
SET_MAKE=''
SHELL='/bin/bash'
STRIP='mipsel-linux-strip'
TEST_PRINT_BACKEND_FALSE=''
TEST_PRINT_BACKEND_TRUE=''
USE_DIRECTFB_FALSE=''
USE_DIRECTFB_TRUE=''
USE_MEDIALIB25_FALSE=''
USE_MEDIALIB25_TRUE=''
USE_MEDIALIB_FALSE=''
USE_MEDIALIB_TRUE=''
USE_MMX_FALSE=''
USE_MMX_TRUE=''
USE_NLS=''
USE_QUARTZ_FALSE=''
USE_QUARTZ_TRUE=''
USE_WIN32_FALSE=''
USE_WIN32_TRUE=''
USE_X11_FALSE=''
USE_X11_TRUE=''
VERSION='2.17.0'
WINDRES=''
XGETTEXT=''
XINPUT_XFREE_FALSE=''
XINPUT_XFREE_TRUE=''
XMKMF=''
XMLCATALOG=''
XML_CATALOG_FILE=''
XSLTPROC=''
X_CFLAGS=''
X_EXTRA_LIBS=''
X_LIBS=''
X_PRE_LIBS=''
ac_ct_CC=''
ac_ct_CXX=''
ac_ct_DUMPBIN=''
am__fastdepCC_FALSE='#'
am__fastdepCC_TRUE=''
am__fastdepCXX_FALSE='#'
am__fastdepCXX_TRUE=''
am__include='include'
am__leading_dot='.'
am__quote=''
bindir='${exec_prefix}/bin'
build='i686-pc-linux-gnu'
build_alias=''
build_cpu='i686'
build_os='linux-gnu'
build_vendor='pc'
datadir='${datarootdir}'
datarootdir='${prefix}/share'
docdir='${datarootdir}/doc/${PACKAGE_TARNAME}'
dvidir='${docdir}'
exec_prefix='NONE'
gdktarget='directfb'
gdktargetlib='libgdk-directfb-2.0.la'
gtktargetlib='libgtk-directfb-2.0.la'
host='mipsel-unknown-linux-gnu'
host_alias='mipsel-linux'
host_cpu='mipsel'
host_os='linux-gnu'
host_vendor='unknown'
htmldir='${docdir}'
includedir='${prefix}/include'
infodir='${datarootdir}/info'
install_sh='/media/Data/dingoo/dingux/dev/openwrt/trunk/build_dir/target-_-/gtk+-2.17.0/install-sh'
libdir='${exec_prefix}/lib'
libexecdir='${exec_prefix}/libexec'
localedir='${datarootdir}/locale'
localstatedir='${prefix}/var'
lt_ECHO='echo'
mandir='${datarootdir}/man'
ms_librarian=''
oldincludedir='/usr/include'
pdfdir='${docdir}'
prefix='/opt/mipsel-linux-uclibc/usr'
program_transform_name='s,x,x,'
psdir='${docdir}'
sbindir='${exec_prefix}/sbin'
sharedstatedir='${prefix}/com'
sysconfdir='${prefix}/etc'
target_alias=''

## ----------- ##
## confdefs.h. ##
## ----------- ##

#define PACKAGE_NAME "gtk+"
#define PACKAGE_TARNAME "gtk+"
#define PACKAGE_VERSION "2.17.0"
#define PACKAGE_STRING "gtk+ 2.17.0"
#define PACKAGE_BUGREPORT "http://bugzilla.gnome.org/enter_bug.cgi?product=gtk%2B"
#define GETTEXT_PACKAGE "gtk20"
#define STDC_HEADERS 1
#define HAVE_SYS_TYPES_H 1
#define HAVE_SYS_STAT_H 1
#define HAVE_STDLIB_H 1
#define HAVE_STRING_H 1
#define HAVE_MEMORY_H 1
#define HAVE_STRINGS_H 1
#define HAVE_INTTYPES_H 1
#define HAVE_STDINT_H 1
#define HAVE_UNISTD_H 1
#define HAVE_DLFCN_H 1
#define LT_OBJDIR ".libs/"
#define _FILE_OFFSET_BITS 64
#define GTK_COMPILED_WITH_DEBUGGING "yes"

configure: exit 1
